d:\metin2 server files\mainline\kraizy updated edition\client\source\metin2client\mileslib\release\mileslib.pch
d:\metin2 server files\mainline\kraizy updated edition\client\source\metin2client\mileslib\release\mileslib.pdb
d:\metin2 server files\mainline\kraizy updated edition\client\source\metin2client\mileslib\release\stdafx.obj
d:\metin2 server files\mainline\kraizy updated edition\client\source\metin2client\mileslib\release\soundbase.obj
d:\metin2 server files\mainline\kraizy updated edition\client\source\metin2client\mileslib\release\soundmanager2d.obj
d:\metin2 server files\mainline\kraizy updated edition\client\source\metin2client\mileslib\release\type.obj
d:\metin2 server files\mainline\kraizy updated edition\client\source\metin2client\mileslib\release\soundinstance2d.obj
d:\metin2 server files\mainline\kraizy updated edition\client\source\metin2client\mileslib\release\soundinstancestream.obj
d:\metin2 server files\mainline\kraizy updated edition\client\source\metin2client\mileslib\release\soundmanagerstream.obj
d:\metin2 server files\mainline\kraizy updated edition\client\source\metin2client\mileslib\release\soundmanager.obj
d:\metin2 server files\mainline\kraizy updated edition\client\source\metin2client\mileslib\release\soundmanager3d.obj
d:\metin2 server files\mainline\kraizy updated edition\client\source\metin2client\mileslib\release\soundinstance3d.obj
d:\metin2 server files\mainline\kraizy updated edition\client\source\metin2client\mileslib\release\sounddata.obj
d:\metin2 server files\mainline\kraizy updated edition\client\source\metin2client\mileslib\release\mileslib.lib
d:\metin2 server files\mainline\kraizy updated edition\client\source\metin2client\mileslib\release\mileslib.tlog\cl.command.1.tlog
d:\metin2 server files\mainline\kraizy updated edition\client\source\metin2client\mileslib\release\mileslib.tlog\cl.read.1.tlog
d:\metin2 server files\mainline\kraizy updated edition\client\source\metin2client\mileslib\release\mileslib.tlog\cl.write.1.tlog
d:\metin2 server files\mainline\kraizy updated edition\client\source\metin2client\mileslib\release\mileslib.tlog\lib-link.read.1.tlog
d:\metin2 server files\mainline\kraizy updated edition\client\source\metin2client\mileslib\release\mileslib.tlog\lib-link.write.1.tlog
d:\metin2 server files\mainline\kraizy updated edition\client\source\metin2client\mileslib\release\mileslib.tlog\lib.command.1.tlog
