d:\metin2 server files\mainline\src_2014\metin2client\eterpythonlib\distribute\eterpythonlib.pch
d:\metin2 server files\mainline\src_2014\metin2client\eterpythonlib\distribute\eterpythonlib.pdb
d:\metin2 server files\mainline\src_2014\metin2client\eterpythonlib\distribute\stdafx.obj
d:\metin2 server files\mainline\src_2014\metin2client\eterpythonlib\distribute\stdafx.cod
d:\metin2 server files\mainline\src_2014\metin2client\eterpythonlib\distribute\pythongraphictextmodule.obj
d:\metin2 server files\mainline\src_2014\metin2client\eterpythonlib\distribute\pythongraphictextmodule.cod
d:\metin2 server files\mainline\src_2014\metin2client\eterpythonlib\distribute\pythonslotwindow.obj
d:\metin2 server files\mainline\src_2014\metin2client\eterpythonlib\distribute\pythonslotwindow.cod
d:\metin2 server files\mainline\src_2014\metin2client\eterpythonlib\distribute\pythongraphic.obj
d:\metin2 server files\mainline\src_2014\metin2client\eterpythonlib\distribute\pythongraphic.cod
d:\metin2 server files\mainline\src_2014\metin2client\eterpythonlib\distribute\pythongraphicmodule.obj
d:\metin2 server files\mainline\src_2014\metin2client\eterpythonlib\distribute\pythongraphicmodule.cod
d:\metin2 server files\mainline\src_2014\metin2client\eterpythonlib\distribute\pythonwindowmanagermodule.obj
d:\metin2 server files\mainline\src_2014\metin2client\eterpythonlib\distribute\pythonwindowmanagermodule.cod
d:\metin2 server files\mainline\src_2014\metin2client\eterpythonlib\distribute\pythonwindow.obj
d:\metin2 server files\mainline\src_2014\metin2client\eterpythonlib\distribute\pythonwindow.cod
d:\metin2 server files\mainline\src_2014\metin2client\eterpythonlib\distribute\pythongraphicthingmodule.obj
d:\metin2 server files\mainline\src_2014\metin2client\eterpythonlib\distribute\pythongraphicthingmodule.cod
d:\metin2 server files\mainline\src_2014\metin2client\eterpythonlib\distribute\pythonwindowmanager.obj
d:\metin2 server files\mainline\src_2014\metin2client\eterpythonlib\distribute\pythonwindowmanager.cod
d:\metin2 server files\mainline\src_2014\metin2client\eterpythonlib\distribute\pythongraphicimagemodule.obj
d:\metin2 server files\mainline\src_2014\metin2client\eterpythonlib\distribute\pythongraphicimagemodule.cod
d:\metin2 server files\mainline\src_2014\metin2client\eterpythonlib\distribute\pythongridslotwindow.obj
d:\metin2 server files\mainline\src_2014\metin2client\eterpythonlib\distribute\pythongridslotwindow.cod
d:\metin2 server files\mainline\src_2014\metin2client\eterpythonlib\distribute\eterpythonlib.lib
d:\metin2 server files\mainline\kraizy updated edition\source\metin2client\eterpythonlib\distribute\pythongraphic.obj
d:\metin2 server files\mainline\kraizy updated edition\source\metin2client\eterpythonlib\distribute\pythongraphicimagemodule.obj
d:\metin2 server files\mainline\kraizy updated edition\source\metin2client\eterpythonlib\distribute\pythongraphicmodule.obj
d:\metin2 server files\mainline\kraizy updated edition\source\metin2client\eterpythonlib\distribute\pythongraphictextmodule.obj
d:\metin2 server files\mainline\kraizy updated edition\source\metin2client\eterpythonlib\distribute\pythongraphicthingmodule.obj
d:\metin2 server files\mainline\kraizy updated edition\source\metin2client\eterpythonlib\distribute\pythongridslotwindow.obj
d:\metin2 server files\mainline\kraizy updated edition\source\metin2client\eterpythonlib\distribute\pythonslotwindow.obj
d:\metin2 server files\mainline\kraizy updated edition\source\metin2client\eterpythonlib\distribute\pythonwindow.obj
d:\metin2 server files\mainline\kraizy updated edition\source\metin2client\eterpythonlib\distribute\pythonwindowmanager.obj
d:\metin2 server files\mainline\kraizy updated edition\source\metin2client\eterpythonlib\distribute\pythonwindowmanagermodule.obj
d:\metin2 server files\mainline\kraizy updated edition\source\metin2client\eterpythonlib\distribute\stdafx.obj
d:\metin2 server files\mainline\kraizy updated edition\source\metin2client\eterpythonlib\distribute\eterpythonlib.pch
d:\metin2 server files\mainline\kraizy updated edition\source\metin2client\eterpythonlib\distribute\eterpythonlib.pdb
d:\metin2 server files\mainline\kraizy updated edition\source\metin2client\eterpythonlib\distribute\eterpythonlib.lib
d:\metin2 server files\mainline\kraizy updated edition\source\metin2client\eterpythonlib\distribute\eterpythonlib.tlog\cl.command.1.tlog
d:\metin2 server files\mainline\kraizy updated edition\source\metin2client\eterpythonlib\distribute\eterpythonlib.tlog\cl.read.1.tlog
d:\metin2 server files\mainline\kraizy updated edition\source\metin2client\eterpythonlib\distribute\eterpythonlib.tlog\cl.write.1.tlog
d:\metin2 server files\mainline\kraizy updated edition\source\metin2client\eterpythonlib\distribute\eterpythonlib.tlog\lib-link.read.1.tlog
d:\metin2 server files\mainline\kraizy updated edition\source\metin2client\eterpythonlib\distribute\eterpythonlib.tlog\lib-link.write.1.tlog
d:\metin2 server files\mainline\kraizy updated edition\source\metin2client\eterpythonlib\distribute\eterpythonlib.tlog\lib.command.1.tlog
