d:\metin2 server files\mainline\kraizy updated edition\client\source\metin2client\eterlib\release\eterlib.pch
d:\metin2 server files\mainline\kraizy updated edition\client\source\metin2client\eterlib\release\eterlib.pdb
d:\metin2 server files\mainline\kraizy updated edition\client\source\metin2client\eterlib\release\stdafx.obj
d:\metin2 server files\mainline\kraizy updated edition\client\source\metin2client\eterlib\release\attributeinstance.obj
d:\metin2 server files\mainline\kraizy updated edition\client\source\metin2client\eterlib\release\grpdib.obj
d:\metin2 server files\mainline\kraizy updated edition\client\source\metin2client\eterlib\release\grppixelshader.obj
d:\metin2 server files\mainline\kraizy updated edition\client\source\metin2client\eterlib\release\lensflare.obj
d:\metin2 server files\mainline\kraizy updated edition\client\source\metin2client\eterlib\release\util.obj
d:\metin2 server files\mainline\kraizy updated edition\client\source\metin2client\eterlib\release\ime.obj
d:\metin2 server files\mainline\kraizy updated edition\client\source\metin2client\eterlib\release\fileloaderthread.obj
d:\metin2 server files\mainline\kraizy updated edition\client\source\metin2client\eterlib\release\grpscreen.obj
d:\metin2 server files\mainline\kraizy updated edition\client\source\metin2client\eterlib\release\grpimageinstance.obj
d:\metin2 server files\mainline\kraizy updated edition\client\source\metin2client\eterlib\release\grptexture.obj
d:\metin2 server files\mainline\kraizy updated edition\client\source\metin2client\eterlib\release\grpfonttexture.obj
d:\metin2 server files\mainline\kraizy updated edition\client\source\metin2client\eterlib\release\colortransitionhelper.obj
d:\metin2 server files\mainline\kraizy updated edition\client\source\metin2client\eterlib\release\grpcollisionobject.obj
d:\metin2 server files\mainline\kraizy updated edition\client\source\metin2client\eterlib\release\grpd3dxbuffer.obj
d:\metin2 server files\mainline\kraizy updated edition\client\source\metin2client\eterlib\release\grpvertexbufferstatic.obj
d:\metin2 server files\mainline\kraizy updated edition\client\source\metin2client\eterlib\release\msapplication.obj
d:\metin2 server files\mainline\kraizy updated edition\client\source\metin2client\eterlib\release\thread.obj
d:\metin2 server files\mainline\kraizy updated edition\client\source\metin2client\eterlib\release\grpdetector.obj
d:\metin2 server files\mainline\kraizy updated edition\client\source\metin2client\eterlib\release\grpimagetexture.obj
d:\metin2 server files\mainline\kraizy updated edition\client\source\metin2client\eterlib\release\collisiondata.obj
d:\metin2 server files\mainline\kraizy updated edition\client\source\metin2client\eterlib\release\grpshadowtexture.obj
d:\metin2 server files\mainline\kraizy updated edition\client\source\metin2client\eterlib\release\input.obj
d:\metin2 server files\mainline\kraizy updated edition\client\source\metin2client\eterlib\release\mutex.obj
d:\metin2 server files\mainline\kraizy updated edition\client\source\metin2client\eterlib\release\parser.obj
d:\metin2 server files\mainline\kraizy updated edition\client\source\metin2client\eterlib\release\grpmath.obj
d:\metin2 server files\mainline\kraizy updated edition\client\source\metin2client\eterlib\release\resource.obj
d:\metin2 server files\mainline\kraizy updated edition\client\source\metin2client\eterlib\release\blocktexture.obj
d:\metin2 server files\mainline\kraizy updated edition\client\source\metin2client\eterlib\release\camera.obj
d:\metin2 server files\mainline\kraizy updated edition\client\source\metin2client\eterlib\release\grpratioinstance.obj
d:\metin2 server files\mainline\kraizy updated edition\client\source\metin2client\eterlib\release\grpvertexbufferdynamic.obj
d:\metin2 server files\mainline\kraizy updated edition\client\source\metin2client\eterlib\release\lineintersect_utils.obj
d:\metin2 server files\mainline\kraizy updated edition\client\source\metin2client\eterlib\release\pathstack.obj
d:\metin2 server files\mainline\kraizy updated edition\client\source\metin2client\eterlib\release\screenfilter.obj
d:\metin2 server files\mainline\kraizy updated edition\client\source\metin2client\eterlib\release\cullingmanager.obj
d:\metin2 server files\mainline\kraizy updated edition\client\source\metin2client\eterlib\release\jpegfile.obj
d:\metin2 server files\mainline\kraizy updated edition\client\source\metin2client\eterlib\release\resourcemanager.obj
d:\metin2 server files\mainline\kraizy updated edition\client\source\metin2client\eterlib\release\environmentmap.obj
d:\metin2 server files\mainline\kraizy updated edition\client\source\metin2client\eterlib\release\grpcolorinstance.obj
d:\metin2 server files\mainline\kraizy updated edition\client\source\metin2client\eterlib\release\grpobjectinstance.obj
d:\metin2 server files\mainline\kraizy updated edition\client\source\metin2client\eterlib\release\grpvertexbuffer.obj
d:\metin2 server files\mainline\kraizy updated edition\client\source\metin2client\eterlib\release\referenceobject.obj
d:\metin2 server files\mainline\kraizy updated edition\client\source\metin2client\eterlib\release\targaresource.obj
d:\metin2 server files\mainline\kraizy updated edition\client\source\metin2client\eterlib\release\grpbase.obj
d:\metin2 server files\mainline\kraizy updated edition\client\source\metin2client\eterlib\release\statemanager.obj
d:\metin2 server files\mainline\kraizy updated edition\client\source\metin2client\eterlib\release\grpexpandedimageinstance.obj
d:\metin2 server files\mainline\kraizy updated edition\client\source\metin2client\eterlib\release\grpsubimage.obj
d:\metin2 server files\mainline\kraizy updated edition\client\source\metin2client\eterlib\release\dibbar.obj
d:\metin2 server files\mainline\kraizy updated edition\client\source\metin2client\eterlib\release\textfileloader.obj
d:\metin2 server files\mainline\kraizy updated edition\client\source\metin2client\eterlib\release\decal.obj
d:\metin2 server files\mainline\kraizy updated edition\client\source\metin2client\eterlib\release\grpcolor.obj
d:\metin2 server files\mainline\kraizy updated edition\client\source\metin2client\eterlib\release\grpindexbuffer.obj
d:\metin2 server files\mainline\kraizy updated edition\client\source\metin2client\eterlib\release\grpvertexshader.obj
d:\metin2 server files\mainline\kraizy updated edition\client\source\metin2client\eterlib\release\mswindow.obj
d:\metin2 server files\mainline\kraizy updated edition\client\source\metin2client\eterlib\release\grpdevice.obj
d:\metin2 server files\mainline\kraizy updated edition\client\source\metin2client\eterlib\release\netaddress.obj
d:\metin2 server files\mainline\kraizy updated edition\client\source\metin2client\eterlib\release\netdatagram.obj
d:\metin2 server files\mainline\kraizy updated edition\client\source\metin2client\eterlib\release\netdatagramreceiver.obj
d:\metin2 server files\mainline\kraizy updated edition\client\source\metin2client\eterlib\release\netdevice.obj
d:\metin2 server files\mainline\kraizy updated edition\client\source\metin2client\eterlib\release\netstream.obj
d:\metin2 server files\mainline\kraizy updated edition\client\source\metin2client\eterlib\release\texttag.obj
d:\metin2 server files\mainline\kraizy updated edition\client\source\metin2client\eterlib\release\textbar.obj
d:\metin2 server files\mainline\kraizy updated edition\client\source\metin2client\eterlib\release\attributedata.obj
d:\metin2 server files\mainline\kraizy updated edition\client\source\metin2client\eterlib\release\grplightmanager.obj
d:\metin2 server files\mainline\kraizy updated edition\client\source\metin2client\eterlib\release\skybox.obj
d:\metin2 server files\mainline\kraizy updated edition\client\source\metin2client\eterlib\release\grpimage.obj
d:\metin2 server files\mainline\kraizy updated edition\client\source\metin2client\eterlib\release\grpmarkinstance.obj
d:\metin2 server files\mainline\kraizy updated edition\client\source\metin2client\eterlib\release\netdatagramsender.obj
d:\metin2 server files\mainline\kraizy updated edition\client\source\metin2client\eterlib\release\netpacketheadermap.obj
d:\metin2 server files\mainline\kraizy updated edition\client\source\metin2client\eterlib\release\grptext.obj
d:\metin2 server files\mainline\kraizy updated edition\client\source\metin2client\eterlib\release\grptextinstance.obj
d:\metin2 server files\mainline\kraizy updated edition\client\source\metin2client\eterlib\release\eterlib.lib
d:\metin2 server files\mainline\kraizy updated edition\client\source\metin2client\eterlib\release\eterlib.tlog\cl.command.1.tlog
d:\metin2 server files\mainline\kraizy updated edition\client\source\metin2client\eterlib\release\eterlib.tlog\cl.read.1.tlog
d:\metin2 server files\mainline\kraizy updated edition\client\source\metin2client\eterlib\release\eterlib.tlog\cl.write.1.tlog
d:\metin2 server files\mainline\kraizy updated edition\client\source\metin2client\eterlib\release\eterlib.tlog\lib-link.read.1.tlog
d:\metin2 server files\mainline\kraizy updated edition\client\source\metin2client\eterlib\release\eterlib.tlog\lib-link.write.1.tlog
d:\metin2 server files\mainline\kraizy updated edition\client\source\metin2client\eterlib\release\eterlib.tlog\lib.command.1.tlog
