d:\metin2 server files\mainline\src_2014\metin2client\effectlib\vtune\effectlib.pch
d:\metin2 server files\mainline\src_2014\metin2client\effectlib\vtune\effectlib.pdb
d:\metin2 server files\mainline\src_2014\metin2client\effectlib\vtune\stdafx.obj
d:\metin2 server files\mainline\src_2014\metin2client\effectlib\vtune\stdafx.cod
d:\metin2 server files\mainline\src_2014\metin2client\effectlib\vtune\type.obj
d:\metin2 server files\mainline\src_2014\metin2client\effectlib\vtune\type.cod
d:\metin2 server files\mainline\src_2014\metin2client\effectlib\vtune\simplelightinstance.obj
d:\metin2 server files\mainline\src_2014\metin2client\effectlib\vtune\simplelightinstance.cod
d:\metin2 server files\mainline\src_2014\metin2client\effectlib\vtune\simplelightdata.obj
d:\metin2 server files\mainline\src_2014\metin2client\effectlib\vtune\simplelightdata.cod
d:\metin2 server files\mainline\src_2014\metin2client\effectlib\vtune\particlesysteminstance.obj
d:\metin2 server files\mainline\src_2014\metin2client\effectlib\vtune\particlesysteminstance.cod
d:\metin2 server files\mainline\src_2014\metin2client\effectlib\vtune\particlesystemdata.obj
d:\metin2 server files\mainline\src_2014\metin2client\effectlib\vtune\particlesystemdata.cod
d:\metin2 server files\mainline\src_2014\metin2client\effectlib\vtune\particleproperty.obj
d:\metin2 server files\mainline\src_2014\metin2client\effectlib\vtune\particleproperty.cod
d:\metin2 server files\mainline\src_2014\metin2client\effectlib\vtune\particleinstance.obj
d:\metin2 server files\mainline\src_2014\metin2client\effectlib\vtune\particleinstance.cod
d:\metin2 server files\mainline\src_2014\metin2client\effectlib\vtune\framecontroller.obj
d:\metin2 server files\mainline\src_2014\metin2client\effectlib\vtune\framecontroller.cod
d:\metin2 server files\mainline\src_2014\metin2client\effectlib\vtune\emitterproperty.obj
d:\metin2 server files\mainline\src_2014\metin2client\effectlib\vtune\emitterproperty.cod
d:\metin2 server files\mainline\src_2014\metin2client\effectlib\vtune\effectupdatedecorator.obj
d:\metin2 server files\mainline\src_2014\metin2client\effectlib\vtune\effectupdatedecorator.cod
d:\metin2 server files\mainline\src_2014\metin2client\effectlib\vtune\effectmeshinstance.obj
d:\metin2 server files\mainline\src_2014\metin2client\effectlib\vtune\effectmeshinstance.cod
d:\metin2 server files\mainline\src_2014\metin2client\effectlib\vtune\effectmesh.obj
d:\metin2 server files\mainline\src_2014\metin2client\effectlib\vtune\effectmesh.cod
d:\metin2 server files\mainline\src_2014\metin2client\effectlib\vtune\effectmanager.obj
d:\metin2 server files\mainline\src_2014\metin2client\effectlib\vtune\effectmanager.cod
d:\metin2 server files\mainline\src_2014\metin2client\effectlib\vtune\effectinstance.obj
d:\metin2 server files\mainline\src_2014\metin2client\effectlib\vtune\effectinstance.cod
d:\metin2 server files\mainline\src_2014\metin2client\effectlib\vtune\effectelementbaseinstance.obj
d:\metin2 server files\mainline\src_2014\metin2client\effectlib\vtune\effectelementbaseinstance.cod
d:\metin2 server files\mainline\src_2014\metin2client\effectlib\vtune\effectelementbase.obj
d:\metin2 server files\mainline\src_2014\metin2client\effectlib\vtune\effectelementbase.cod
d:\metin2 server files\mainline\src_2014\metin2client\effectlib\vtune\effectdata.obj
d:\metin2 server files\mainline\src_2014\metin2client\effectlib\vtune\effectdata.cod
d:\metin2 server files\mainline\src_2014\metin2client\effectlib\vtune\effectlib.lib
d:\metin2 server files\mainline\kraizy updated edition\source\metin2client\effectlib\vtune\effectdata.obj
d:\metin2 server files\mainline\kraizy updated edition\source\metin2client\effectlib\vtune\effectelementbase.obj
d:\metin2 server files\mainline\kraizy updated edition\source\metin2client\effectlib\vtune\effectelementbaseinstance.obj
d:\metin2 server files\mainline\kraizy updated edition\source\metin2client\effectlib\vtune\effectinstance.obj
d:\metin2 server files\mainline\kraizy updated edition\source\metin2client\effectlib\vtune\effectmanager.obj
d:\metin2 server files\mainline\kraizy updated edition\source\metin2client\effectlib\vtune\effectmesh.obj
d:\metin2 server files\mainline\kraizy updated edition\source\metin2client\effectlib\vtune\effectmeshinstance.obj
d:\metin2 server files\mainline\kraizy updated edition\source\metin2client\effectlib\vtune\effectupdatedecorator.obj
d:\metin2 server files\mainline\kraizy updated edition\source\metin2client\effectlib\vtune\emitterproperty.obj
d:\metin2 server files\mainline\kraizy updated edition\source\metin2client\effectlib\vtune\framecontroller.obj
d:\metin2 server files\mainline\kraizy updated edition\source\metin2client\effectlib\vtune\particleinstance.obj
d:\metin2 server files\mainline\kraizy updated edition\source\metin2client\effectlib\vtune\particleproperty.obj
d:\metin2 server files\mainline\kraizy updated edition\source\metin2client\effectlib\vtune\particlesystemdata.obj
d:\metin2 server files\mainline\kraizy updated edition\source\metin2client\effectlib\vtune\particlesysteminstance.obj
d:\metin2 server files\mainline\kraizy updated edition\source\metin2client\effectlib\vtune\simplelightdata.obj
d:\metin2 server files\mainline\kraizy updated edition\source\metin2client\effectlib\vtune\simplelightinstance.obj
d:\metin2 server files\mainline\kraizy updated edition\source\metin2client\effectlib\vtune\stdafx.obj
d:\metin2 server files\mainline\kraizy updated edition\source\metin2client\effectlib\vtune\type.obj
d:\metin2 server files\mainline\kraizy updated edition\source\metin2client\effectlib\vtune\effectlib.pch
d:\metin2 server files\mainline\kraizy updated edition\source\metin2client\effectlib\vtune\effectlib.pdb
d:\metin2 server files\mainline\kraizy updated edition\source\metin2client\effectlib\vtune\effectlib.lib
d:\metin2 server files\mainline\kraizy updated edition\source\metin2client\effectlib\vtune\effectlib.tlog\cl.command.1.tlog
d:\metin2 server files\mainline\kraizy updated edition\source\metin2client\effectlib\vtune\effectlib.tlog\cl.read.1.tlog
d:\metin2 server files\mainline\kraizy updated edition\source\metin2client\effectlib\vtune\effectlib.tlog\cl.write.1.tlog
d:\metin2 server files\mainline\kraizy updated edition\source\metin2client\effectlib\vtune\effectlib.tlog\lib-link.read.1.tlog
d:\metin2 server files\mainline\kraizy updated edition\source\metin2client\effectlib\vtune\effectlib.tlog\lib-link.write.1.tlog
d:\metin2 server files\mainline\kraizy updated edition\source\metin2client\effectlib\vtune\effectlib.tlog\lib.command.1.tlog
