d:\metin2 server files\mainline\src_2014\metin2client\prterrainlib\vtune\prterrainlib.pch
d:\metin2 server files\mainline\src_2014\metin2client\prterrainlib\vtune\prterrainlib.pdb
d:\metin2 server files\mainline\src_2014\metin2client\prterrainlib\vtune\stdafx.obj
d:\metin2 server files\mainline\src_2014\metin2client\prterrainlib\vtune\stdafx.cod
d:\metin2 server files\mainline\src_2014\metin2client\prterrainlib\vtune\textureset.obj
d:\metin2 server files\mainline\src_2014\metin2client\prterrainlib\vtune\textureset.cod
d:\metin2 server files\mainline\src_2014\metin2client\prterrainlib\vtune\terrain.obj
d:\metin2 server files\mainline\src_2014\metin2client\prterrainlib\vtune\terrain.cod
d:\metin2 server files\mainline\src_2014\metin2client\prterrainlib\vtune\prterrainlib.lib
d:\metin2 server files\mainline\kraizy updated edition\source\metin2client\prterrainlib\vtune\stdafx.obj
d:\metin2 server files\mainline\kraizy updated edition\source\metin2client\prterrainlib\vtune\terrain.obj
d:\metin2 server files\mainline\kraizy updated edition\source\metin2client\prterrainlib\vtune\textureset.obj
d:\metin2 server files\mainline\kraizy updated edition\source\metin2client\prterrainlib\vtune\prterrainlib.pch
d:\metin2 server files\mainline\kraizy updated edition\source\metin2client\prterrainlib\vtune\prterrainlib.pdb
d:\metin2 server files\mainline\kraizy updated edition\source\metin2client\prterrainlib\vtune\prterrainlib.lib
d:\metin2 server files\mainline\kraizy updated edition\source\metin2client\prterrainlib\vtune\prterrainlib.tlog\cl.command.1.tlog
d:\metin2 server files\mainline\kraizy updated edition\source\metin2client\prterrainlib\vtune\prterrainlib.tlog\cl.read.1.tlog
d:\metin2 server files\mainline\kraizy updated edition\source\metin2client\prterrainlib\vtune\prterrainlib.tlog\cl.write.1.tlog
d:\metin2 server files\mainline\kraizy updated edition\source\metin2client\prterrainlib\vtune\prterrainlib.tlog\lib-link.read.1.tlog
d:\metin2 server files\mainline\kraizy updated edition\source\metin2client\prterrainlib\vtune\prterrainlib.tlog\lib-link.write.1.tlog
d:\metin2 server files\mainline\kraizy updated edition\source\metin2client\prterrainlib\vtune\prterrainlib.tlog\lib.command.1.tlog
