d:\metin2 server files\mainline\src_2014\metin2dumpproto\lzo\debug\lzo.pch
d:\metin2 server files\mainline\src_2014\metin2dumpproto\lzo\debug\lzo.pdb
d:\metin2 server files\mainline\src_2014\metin2dumpproto\lzo\debug\lzo.idb
d:\metin2 server files\mainline\src_2014\metin2dumpproto\lzo\debug\stdafx.obj
d:\metin2 server files\mainline\src_2014\metin2dumpproto\lzo\debug\lzo1y_1.obj
d:\metin2 server files\mainline\src_2014\metin2dumpproto\lzo\debug\lzo1y_9x.obj
d:\metin2 server files\mainline\src_2014\metin2dumpproto\lzo\debug\lzo1y_d1.obj
d:\metin2 server files\mainline\src_2014\metin2dumpproto\lzo\debug\lzo1y_d2.obj
d:\metin2 server files\mainline\src_2014\metin2dumpproto\lzo\debug\lzo1y_d3.obj
d:\metin2 server files\mainline\src_2014\metin2dumpproto\lzo\debug\lzo1y_o.obj
d:\metin2 server files\mainline\src_2014\metin2dumpproto\lzo\debug\lzo1z_9x.obj
d:\metin2 server files\mainline\src_2014\metin2dumpproto\lzo\debug\lzo1z_d1.obj
d:\metin2 server files\mainline\src_2014\metin2dumpproto\lzo\debug\lzo1z_d2.obj
d:\metin2 server files\mainline\src_2014\metin2dumpproto\lzo\debug\lzo1z_d3.obj
d:\metin2 server files\mainline\src_2014\metin2dumpproto\lzo\debug\lzo1_99.obj
d:\metin2 server files\mainline\src_2014\metin2dumpproto\lzo\debug\lzo2a_9x.obj
d:\metin2 server files\mainline\src_2014\metin2dumpproto\lzo\debug\lzo2a_d1.obj
d:\metin2 server files\mainline\src_2014\metin2dumpproto\lzo\debug\lzo2a_d2.obj
d:\metin2 server files\mainline\src_2014\metin2dumpproto\lzo\debug\lzo_crc.obj
d:\metin2 server files\mainline\src_2014\metin2dumpproto\lzo\debug\lzo_dll.obj
d:\metin2 server files\mainline\src_2014\metin2dumpproto\lzo\debug\lzo_init.obj
d:\metin2 server files\mainline\src_2014\metin2dumpproto\lzo\debug\lzo_ptr.obj
d:\metin2 server files\mainline\src_2014\metin2dumpproto\lzo\debug\lzo_str.obj
d:\metin2 server files\mainline\src_2014\metin2dumpproto\lzo\debug\lzo_util.obj
d:\metin2 server files\mainline\src_2014\metin2dumpproto\lzo\debug\lzo1c_99.obj
d:\metin2 server files\mainline\src_2014\metin2dumpproto\lzo\debug\lzo1c_9x.obj
d:\metin2 server files\mainline\src_2014\metin2dumpproto\lzo\debug\lzo1c_cc.obj
d:\metin2 server files\mainline\src_2014\metin2dumpproto\lzo\debug\lzo1c_d1.obj
d:\metin2 server files\mainline\src_2014\metin2dumpproto\lzo\debug\lzo1c_d2.obj
d:\metin2 server files\mainline\src_2014\metin2dumpproto\lzo\debug\lzo1c_rr.obj
d:\metin2 server files\mainline\src_2014\metin2dumpproto\lzo\debug\lzo1c_xx.obj
d:\metin2 server files\mainline\src_2014\metin2dumpproto\lzo\debug\lzo1f_1.obj
d:\metin2 server files\mainline\src_2014\metin2dumpproto\lzo\debug\lzo1f_9x.obj
d:\metin2 server files\mainline\src_2014\metin2dumpproto\lzo\debug\lzo1f_d1.obj
d:\metin2 server files\mainline\src_2014\metin2dumpproto\lzo\debug\lzo1f_d2.obj
d:\metin2 server files\mainline\src_2014\metin2dumpproto\lzo\debug\lzo1x_1.obj
d:\metin2 server files\mainline\src_2014\metin2dumpproto\lzo\debug\lzo1x_1k.obj
d:\metin2 server files\mainline\src_2014\metin2dumpproto\lzo\debug\lzo1x_1l.obj
d:\metin2 server files\mainline\src_2014\metin2dumpproto\lzo\debug\lzo1x_1o.obj
d:\metin2 server files\mainline\src_2014\metin2dumpproto\lzo\debug\lzo1x_9x.obj
d:\metin2 server files\mainline\src_2014\metin2dumpproto\lzo\debug\lzo1x_d1.obj
d:\metin2 server files\mainline\src_2014\metin2dumpproto\lzo\debug\lzo1x_d2.obj
d:\metin2 server files\mainline\src_2014\metin2dumpproto\lzo\debug\lzo1x_d3.obj
d:\metin2 server files\mainline\src_2014\metin2dumpproto\lzo\debug\lzo1x_o.obj
d:\metin2 server files\mainline\src_2014\metin2dumpproto\lzo\debug\lzo1b_6.obj
d:\metin2 server files\mainline\src_2014\metin2dumpproto\lzo\debug\lzo1b_7.obj
d:\metin2 server files\mainline\src_2014\metin2dumpproto\lzo\debug\lzo1b_8.obj
d:\metin2 server files\mainline\src_2014\metin2dumpproto\lzo\debug\lzo1b_9.obj
d:\metin2 server files\mainline\src_2014\metin2dumpproto\lzo\debug\lzo1b_99.obj
d:\metin2 server files\mainline\src_2014\metin2dumpproto\lzo\debug\lzo1b_9x.obj
d:\metin2 server files\mainline\src_2014\metin2dumpproto\lzo\debug\lzo1b_cc.obj
d:\metin2 server files\mainline\src_2014\metin2dumpproto\lzo\debug\lzo1b_d1.obj
d:\metin2 server files\mainline\src_2014\metin2dumpproto\lzo\debug\lzo1b_d2.obj
d:\metin2 server files\mainline\src_2014\metin2dumpproto\lzo\debug\lzo1b_rr.obj
d:\metin2 server files\mainline\src_2014\metin2dumpproto\lzo\debug\lzo1b_xx.obj
d:\metin2 server files\mainline\src_2014\metin2dumpproto\lzo\debug\lzo1c_1.obj
d:\metin2 server files\mainline\src_2014\metin2dumpproto\lzo\debug\lzo1c_2.obj
d:\metin2 server files\mainline\src_2014\metin2dumpproto\lzo\debug\lzo1c_3.obj
d:\metin2 server files\mainline\src_2014\metin2dumpproto\lzo\debug\lzo1c_4.obj
d:\metin2 server files\mainline\src_2014\metin2dumpproto\lzo\debug\lzo1c_5.obj
d:\metin2 server files\mainline\src_2014\metin2dumpproto\lzo\debug\lzo1c_6.obj
d:\metin2 server files\mainline\src_2014\metin2dumpproto\lzo\debug\lzo1c_7.obj
d:\metin2 server files\mainline\src_2014\metin2dumpproto\lzo\debug\lzo1c_8.obj
d:\metin2 server files\mainline\src_2014\metin2dumpproto\lzo\debug\lzo1c_9.obj
d:\metin2 server files\mainline\src_2014\metin2dumpproto\lzo\debug\alloc.obj
d:\metin2 server files\mainline\src_2014\metin2dumpproto\lzo\debug\io.obj
d:\metin2 server files\mainline\src_2014\metin2dumpproto\lzo\debug\lzo1.obj
d:\metin2 server files\mainline\src_2014\metin2dumpproto\lzo\debug\lzo1a.obj
d:\metin2 server files\mainline\src_2014\metin2dumpproto\lzo\debug\lzo1a_99.obj
d:\metin2 server files\mainline\src_2014\metin2dumpproto\lzo\debug\lzo1b_1.obj
d:\metin2 server files\mainline\src_2014\metin2dumpproto\lzo\debug\lzo1b_2.obj
d:\metin2 server files\mainline\src_2014\metin2dumpproto\lzo\debug\lzo1b_3.obj
d:\metin2 server files\mainline\src_2014\metin2dumpproto\lzo\debug\lzo1b_4.obj
d:\metin2 server files\mainline\src_2014\metin2dumpproto\lzo\debug\lzo1b_5.obj
d:\metin2 server files\mainline\src_2014\metin2dumpproto\debug\lzo.lib
d:\metin2 server files\mainline\kraizy updated edition\source\metin2dumpproto\lzo\debug\alloc.obj
d:\metin2 server files\mainline\kraizy updated edition\source\metin2dumpproto\lzo\debug\io.obj
d:\metin2 server files\mainline\kraizy updated edition\source\metin2dumpproto\lzo\debug\lzo1.obj
d:\metin2 server files\mainline\kraizy updated edition\source\metin2dumpproto\lzo\debug\lzo1a.obj
d:\metin2 server files\mainline\kraizy updated edition\source\metin2dumpproto\lzo\debug\lzo1a_99.obj
d:\metin2 server files\mainline\kraizy updated edition\source\metin2dumpproto\lzo\debug\lzo1b_1.obj
d:\metin2 server files\mainline\kraizy updated edition\source\metin2dumpproto\lzo\debug\lzo1b_2.obj
d:\metin2 server files\mainline\kraizy updated edition\source\metin2dumpproto\lzo\debug\lzo1b_3.obj
d:\metin2 server files\mainline\kraizy updated edition\source\metin2dumpproto\lzo\debug\lzo1b_4.obj
d:\metin2 server files\mainline\kraizy updated edition\source\metin2dumpproto\lzo\debug\lzo1b_5.obj
d:\metin2 server files\mainline\kraizy updated edition\source\metin2dumpproto\lzo\debug\lzo1b_6.obj
d:\metin2 server files\mainline\kraizy updated edition\source\metin2dumpproto\lzo\debug\lzo1b_7.obj
d:\metin2 server files\mainline\kraizy updated edition\source\metin2dumpproto\lzo\debug\lzo1b_8.obj
d:\metin2 server files\mainline\kraizy updated edition\source\metin2dumpproto\lzo\debug\lzo1b_9.obj
d:\metin2 server files\mainline\kraizy updated edition\source\metin2dumpproto\lzo\debug\lzo1b_99.obj
d:\metin2 server files\mainline\kraizy updated edition\source\metin2dumpproto\lzo\debug\lzo1b_9x.obj
d:\metin2 server files\mainline\kraizy updated edition\source\metin2dumpproto\lzo\debug\lzo1b_cc.obj
d:\metin2 server files\mainline\kraizy updated edition\source\metin2dumpproto\lzo\debug\lzo1b_d1.obj
d:\metin2 server files\mainline\kraizy updated edition\source\metin2dumpproto\lzo\debug\lzo1b_d2.obj
d:\metin2 server files\mainline\kraizy updated edition\source\metin2dumpproto\lzo\debug\lzo1b_rr.obj
d:\metin2 server files\mainline\kraizy updated edition\source\metin2dumpproto\lzo\debug\lzo1b_xx.obj
d:\metin2 server files\mainline\kraizy updated edition\source\metin2dumpproto\lzo\debug\lzo1c_1.obj
d:\metin2 server files\mainline\kraizy updated edition\source\metin2dumpproto\lzo\debug\lzo1c_2.obj
d:\metin2 server files\mainline\kraizy updated edition\source\metin2dumpproto\lzo\debug\lzo1c_3.obj
d:\metin2 server files\mainline\kraizy updated edition\source\metin2dumpproto\lzo\debug\lzo1c_4.obj
d:\metin2 server files\mainline\kraizy updated edition\source\metin2dumpproto\lzo\debug\lzo1c_5.obj
d:\metin2 server files\mainline\kraizy updated edition\source\metin2dumpproto\lzo\debug\lzo1c_6.obj
d:\metin2 server files\mainline\kraizy updated edition\source\metin2dumpproto\lzo\debug\lzo1c_7.obj
d:\metin2 server files\mainline\kraizy updated edition\source\metin2dumpproto\lzo\debug\lzo1c_8.obj
d:\metin2 server files\mainline\kraizy updated edition\source\metin2dumpproto\lzo\debug\lzo1c_9.obj
d:\metin2 server files\mainline\kraizy updated edition\source\metin2dumpproto\lzo\debug\lzo1c_99.obj
d:\metin2 server files\mainline\kraizy updated edition\source\metin2dumpproto\lzo\debug\lzo1c_9x.obj
d:\metin2 server files\mainline\kraizy updated edition\source\metin2dumpproto\lzo\debug\lzo1c_cc.obj
d:\metin2 server files\mainline\kraizy updated edition\source\metin2dumpproto\lzo\debug\lzo1c_d1.obj
d:\metin2 server files\mainline\kraizy updated edition\source\metin2dumpproto\lzo\debug\lzo1c_d2.obj
d:\metin2 server files\mainline\kraizy updated edition\source\metin2dumpproto\lzo\debug\lzo1c_rr.obj
d:\metin2 server files\mainline\kraizy updated edition\source\metin2dumpproto\lzo\debug\lzo1c_xx.obj
d:\metin2 server files\mainline\kraizy updated edition\source\metin2dumpproto\lzo\debug\lzo1f_1.obj
d:\metin2 server files\mainline\kraizy updated edition\source\metin2dumpproto\lzo\debug\lzo1f_9x.obj
d:\metin2 server files\mainline\kraizy updated edition\source\metin2dumpproto\lzo\debug\lzo1f_d1.obj
d:\metin2 server files\mainline\kraizy updated edition\source\metin2dumpproto\lzo\debug\lzo1f_d2.obj
d:\metin2 server files\mainline\kraizy updated edition\source\metin2dumpproto\lzo\debug\lzo1x_1.obj
d:\metin2 server files\mainline\kraizy updated edition\source\metin2dumpproto\lzo\debug\lzo1x_1k.obj
d:\metin2 server files\mainline\kraizy updated edition\source\metin2dumpproto\lzo\debug\lzo1x_1l.obj
d:\metin2 server files\mainline\kraizy updated edition\source\metin2dumpproto\lzo\debug\lzo1x_1o.obj
d:\metin2 server files\mainline\kraizy updated edition\source\metin2dumpproto\lzo\debug\lzo1x_9x.obj
d:\metin2 server files\mainline\kraizy updated edition\source\metin2dumpproto\lzo\debug\lzo1x_d1.obj
d:\metin2 server files\mainline\kraizy updated edition\source\metin2dumpproto\lzo\debug\lzo1x_d2.obj
d:\metin2 server files\mainline\kraizy updated edition\source\metin2dumpproto\lzo\debug\lzo1x_d3.obj
d:\metin2 server files\mainline\kraizy updated edition\source\metin2dumpproto\lzo\debug\lzo1x_o.obj
d:\metin2 server files\mainline\kraizy updated edition\source\metin2dumpproto\lzo\debug\lzo1y_1.obj
d:\metin2 server files\mainline\kraizy updated edition\source\metin2dumpproto\lzo\debug\lzo1y_9x.obj
d:\metin2 server files\mainline\kraizy updated edition\source\metin2dumpproto\lzo\debug\lzo1y_d1.obj
d:\metin2 server files\mainline\kraizy updated edition\source\metin2dumpproto\lzo\debug\lzo1y_d2.obj
d:\metin2 server files\mainline\kraizy updated edition\source\metin2dumpproto\lzo\debug\lzo1y_d3.obj
d:\metin2 server files\mainline\kraizy updated edition\source\metin2dumpproto\lzo\debug\lzo1y_o.obj
d:\metin2 server files\mainline\kraizy updated edition\source\metin2dumpproto\lzo\debug\lzo1z_9x.obj
d:\metin2 server files\mainline\kraizy updated edition\source\metin2dumpproto\lzo\debug\lzo1z_d1.obj
d:\metin2 server files\mainline\kraizy updated edition\source\metin2dumpproto\lzo\debug\lzo1z_d2.obj
d:\metin2 server files\mainline\kraizy updated edition\source\metin2dumpproto\lzo\debug\lzo1z_d3.obj
d:\metin2 server files\mainline\kraizy updated edition\source\metin2dumpproto\lzo\debug\lzo1_99.obj
d:\metin2 server files\mainline\kraizy updated edition\source\metin2dumpproto\lzo\debug\lzo2a_9x.obj
d:\metin2 server files\mainline\kraizy updated edition\source\metin2dumpproto\lzo\debug\lzo2a_d1.obj
d:\metin2 server files\mainline\kraizy updated edition\source\metin2dumpproto\lzo\debug\lzo2a_d2.obj
d:\metin2 server files\mainline\kraizy updated edition\source\metin2dumpproto\lzo\debug\lzo_crc.obj
d:\metin2 server files\mainline\kraizy updated edition\source\metin2dumpproto\lzo\debug\lzo_dll.obj
d:\metin2 server files\mainline\kraizy updated edition\source\metin2dumpproto\lzo\debug\lzo_init.obj
d:\metin2 server files\mainline\kraizy updated edition\source\metin2dumpproto\lzo\debug\lzo_ptr.obj
d:\metin2 server files\mainline\kraizy updated edition\source\metin2dumpproto\lzo\debug\lzo_str.obj
d:\metin2 server files\mainline\kraizy updated edition\source\metin2dumpproto\lzo\debug\lzo_util.obj
d:\metin2 server files\mainline\kraizy updated edition\source\metin2dumpproto\lzo\debug\stdafx.obj
d:\metin2 server files\mainline\kraizy updated edition\source\metin2dumpproto\lzo\debug\lzo.pch
d:\metin2 server files\mainline\kraizy updated edition\source\metin2dumpproto\lzo\debug\lzo.idb
d:\metin2 server files\mainline\kraizy updated edition\source\metin2dumpproto\lzo\debug\lzo.pdb
d:\metin2 server files\mainline\kraizy updated edition\source\metin2dumpproto\debug\lzo.pdb
d:\metin2 server files\mainline\kraizy updated edition\source\metin2dumpproto\debug\lzo.lib
d:\metin2 server files\mainline\kraizy updated edition\source\metin2dumpproto\lzo\debug\lzo.tlog\cl.command.1.tlog
d:\metin2 server files\mainline\kraizy updated edition\source\metin2dumpproto\lzo\debug\lzo.tlog\cl.read.1.tlog
d:\metin2 server files\mainline\kraizy updated edition\source\metin2dumpproto\lzo\debug\lzo.tlog\cl.write.1.tlog
d:\metin2 server files\mainline\kraizy updated edition\source\metin2dumpproto\lzo\debug\lzo.tlog\lib-link.read.1.tlog
d:\metin2 server files\mainline\kraizy updated edition\source\metin2dumpproto\lzo\debug\lzo.tlog\lib-link.write.1.tlog
d:\metin2 server files\mainline\kraizy updated edition\source\metin2dumpproto\lzo\debug\lzo.tlog\lib.command.1.tlog
