d:\metin2 server files\mainline\src_2014\metin2client\gamelib\vtune\gamelib.pch
d:\metin2 server files\mainline\src_2014\metin2client\gamelib\vtune\gamelib.pdb
d:\metin2 server files\mainline\src_2014\metin2client\gamelib\vtune\stdafx.obj
d:\metin2 server files\mainline\src_2014\metin2client\gamelib\vtune\stdafx.cod
d:\metin2 server files\mainline\src_2014\metin2client\gamelib\vtune\racemanager.obj
d:\metin2 server files\mainline\src_2014\metin2client\gamelib\vtune\racemanager.cod
d:\metin2 server files\mainline\src_2014\metin2client\gamelib\vtune\racedatafile.obj
d:\metin2 server files\mainline\src_2014\metin2client\gamelib\vtune\racedatafile.cod
d:\metin2 server files\mainline\src_2014\metin2client\gamelib\vtune\racedata.obj
d:\metin2 server files\mainline\src_2014\metin2client\gamelib\vtune\racedata.cod
d:\metin2 server files\mainline\src_2014\metin2client\gamelib\vtune\physicsobject.obj
d:\metin2 server files\mainline\src_2014\metin2client\gamelib\vtune\physicsobject.cod
d:\metin2 server files\mainline\src_2014\metin2client\gamelib\vtune\dungeonblock.obj
d:\metin2 server files\mainline\src_2014\metin2client\gamelib\vtune\dungeonblock.cod
d:\metin2 server files\mainline\src_2014\metin2client\gamelib\vtune\actorinstanceweapontrace.obj
d:\metin2 server files\mainline\src_2014\metin2client\gamelib\vtune\actorinstanceweapontrace.cod
d:\metin2 server files\mainline\src_2014\metin2client\gamelib\vtune\actorinstancesync.obj
d:\metin2 server files\mainline\src_2014\metin2client\gamelib\vtune\actorinstancesync.cod
d:\metin2 server files\mainline\src_2014\metin2client\gamelib\vtune\actorinstancerotation.obj
d:\metin2 server files\mainline\src_2014\metin2client\gamelib\vtune\actorinstancerotation.cod
d:\metin2 server files\mainline\src_2014\metin2client\gamelib\vtune\actorinstancerender.obj
d:\metin2 server files\mainline\src_2014\metin2client\gamelib\vtune\actorinstancerender.cod
d:\metin2 server files\mainline\src_2014\metin2client\gamelib\vtune\actorinstanceposition.obj
d:\metin2 server files\mainline\src_2014\metin2client\gamelib\vtune\actorinstanceposition.cod
d:\metin2 server files\mainline\src_2014\metin2client\gamelib\vtune\actorinstancemotionevent.obj
d:\metin2 server files\mainline\src_2014\metin2client\gamelib\vtune\actorinstancemotionevent.cod
d:\metin2 server files\mainline\src_2014\metin2client\gamelib\vtune\actorinstancemotion.obj
d:\metin2 server files\mainline\src_2014\metin2client\gamelib\vtune\actorinstancemotion.cod
d:\metin2 server files\mainline\src_2014\metin2client\gamelib\vtune\actorinstancefly.obj
d:\metin2 server files\mainline\src_2014\metin2client\gamelib\vtune\actorinstancefly.cod
d:\metin2 server files\mainline\src_2014\metin2client\gamelib\vtune\actorinstanceevent.obj
d:\metin2 server files\mainline\src_2014\metin2client\gamelib\vtune\actorinstanceevent.cod
d:\metin2 server files\mainline\src_2014\metin2client\gamelib\vtune\actorinstancedata.obj
d:\metin2 server files\mainline\src_2014\metin2client\gamelib\vtune\actorinstancedata.cod
d:\metin2 server files\mainline\src_2014\metin2client\gamelib\vtune\actorinstancecollisiondetection.obj
d:\metin2 server files\mainline\src_2014\metin2client\gamelib\vtune\actorinstancecollisiondetection.cod
d:\metin2 server files\mainline\src_2014\metin2client\gamelib\vtune\actorinstanceblend.obj
d:\metin2 server files\mainline\src_2014\metin2client\gamelib\vtune\actorinstanceblend.cod
d:\metin2 server files\mainline\src_2014\metin2client\gamelib\vtune\actorinstancebattle.obj
d:\metin2 server files\mainline\src_2014\metin2client\gamelib\vtune\actorinstancebattle.cod
d:\metin2 server files\mainline\src_2014\metin2client\gamelib\vtune\actorinstanceattach.obj
d:\metin2 server files\mainline\src_2014\metin2client\gamelib\vtune\actorinstanceattach.cod
d:\metin2 server files\mainline\src_2014\metin2client\gamelib\vtune\actorinstance.obj
d:\metin2 server files\mainline\src_2014\metin2client\gamelib\vtune\actorinstance.cod
d:\metin2 server files\mainline\src_2014\metin2client\gamelib\vtune\monsterareainfo.obj
d:\metin2 server files\mainline\src_2014\metin2client\gamelib\vtune\monsterareainfo.cod
d:\metin2 server files\mainline\src_2014\metin2client\gamelib\vtune\maputil.obj
d:\metin2 server files\mainline\src_2014\metin2client\gamelib\vtune\maputil.cod
d:\metin2 server files\mainline\src_2014\metin2client\gamelib\vtune\maptype.obj
d:\metin2 server files\mainline\src_2014\metin2client\gamelib\vtune\maptype.cod
d:\metin2 server files\mainline\src_2014\metin2client\gamelib\vtune\mapoutdoorwater.obj
d:\metin2 server files\mainline\src_2014\metin2client\gamelib\vtune\mapoutdoorwater.cod
d:\metin2 server files\mainline\src_2014\metin2client\gamelib\vtune\mapoutdoorupdate.obj
d:\metin2 server files\mainline\src_2014\metin2client\gamelib\vtune\mapoutdoorupdate.cod
d:\metin2 server files\mainline\src_2014\metin2client\gamelib\vtune\mapoutdoorrenderstp.obj
d:\metin2 server files\mainline\src_2014\metin2client\gamelib\vtune\mapoutdoorrenderstp.cod
d:\metin2 server files\mainline\src_2014\metin2client\gamelib\vtune\mapoutdoorrenderhtp.obj
d:\metin2 server files\mainline\src_2014\metin2client\gamelib\vtune\mapoutdoorrenderhtp.cod
d:\metin2 server files\mainline\src_2014\metin2client\gamelib\vtune\mapoutdoorrender.obj
d:\metin2 server files\mainline\src_2014\metin2client\gamelib\vtune\mapoutdoorrender.cod
d:\metin2 server files\mainline\src_2014\metin2client\gamelib\vtune\mapoutdoorquadtree.obj
d:\metin2 server files\mainline\src_2014\metin2client\gamelib\vtune\mapoutdoorquadtree.cod
d:\metin2 server files\mainline\src_2014\metin2client\gamelib\vtune\mapoutdoorload.obj
d:\metin2 server files\mainline\src_2014\metin2client\gamelib\vtune\mapoutdoorload.cod
d:\metin2 server files\mainline\src_2014\metin2client\gamelib\vtune\mapoutdoorindexbuffer.obj
d:\metin2 server files\mainline\src_2014\metin2client\gamelib\vtune\mapoutdoorindexbuffer.cod
d:\metin2 server files\mainline\src_2014\metin2client\gamelib\vtune\mapoutdoorcharactershadow.obj
d:\metin2 server files\mainline\src_2014\metin2client\gamelib\vtune\mapoutdoorcharactershadow.cod
d:\metin2 server files\mainline\src_2014\metin2client\gamelib\vtune\mapoutdoor.obj
d:\metin2 server files\mainline\src_2014\metin2client\gamelib\vtune\mapoutdoor.cod
d:\metin2 server files\mainline\src_2014\metin2client\gamelib\vtune\mapmanager.obj
d:\metin2 server files\mainline\src_2014\metin2client\gamelib\vtune\mapmanager.cod
d:\metin2 server files\mainline\src_2014\metin2client\gamelib\vtune\mapbase.obj
d:\metin2 server files\mainline\src_2014\metin2client\gamelib\vtune\mapbase.cod
d:\metin2 server files\mainline\src_2014\metin2client\gamelib\vtune\areaterrain.obj
d:\metin2 server files\mainline\src_2014\metin2client\gamelib\vtune\areaterrain.cod
d:\metin2 server files\mainline\src_2014\metin2client\gamelib\vtune\arealoaderthread.obj
d:\metin2 server files\mainline\src_2014\metin2client\gamelib\vtune\arealoaderthread.cod
d:\metin2 server files\mainline\src_2014\metin2client\gamelib\vtune\area.obj
d:\metin2 server files\mainline\src_2014\metin2client\gamelib\vtune\area.cod
d:\metin2 server files\mainline\src_2014\metin2client\gamelib\vtune\weapontrace.obj
d:\metin2 server files\mainline\src_2014\metin2client\gamelib\vtune\weapontrace.cod
d:\metin2 server files\mainline\src_2014\metin2client\gamelib\vtune\racemotiondata.obj
d:\metin2 server files\mainline\src_2014\metin2client\gamelib\vtune\racemotiondata.cod
d:\metin2 server files\mainline\src_2014\metin2client\gamelib\vtune\flytrace.obj
d:\metin2 server files\mainline\src_2014\metin2client\gamelib\vtune\flytrace.cod
d:\metin2 server files\mainline\src_2014\metin2client\gamelib\vtune\flytarget.obj
d:\metin2 server files\mainline\src_2014\metin2client\gamelib\vtune\flytarget.cod
d:\metin2 server files\mainline\src_2014\metin2client\gamelib\vtune\flyingobjectmanager.obj
d:\metin2 server files\mainline\src_2014\metin2client\gamelib\vtune\flyingobjectmanager.cod
d:\metin2 server files\mainline\src_2014\metin2client\gamelib\vtune\flyinginstance.obj
d:\metin2 server files\mainline\src_2014\metin2client\gamelib\vtune\flyinginstance.cod
d:\metin2 server files\mainline\src_2014\metin2client\gamelib\vtune\flyingdata.obj
d:\metin2 server files\mainline\src_2014\metin2client\gamelib\vtune\flyingdata.cod
d:\metin2 server files\mainline\src_2014\metin2client\gamelib\vtune\itemmanager.obj
d:\metin2 server files\mainline\src_2014\metin2client\gamelib\vtune\itemmanager.cod
d:\metin2 server files\mainline\src_2014\metin2client\gamelib\vtune\itemdata.obj
d:\metin2 server files\mainline\src_2014\metin2client\gamelib\vtune\itemdata.cod
d:\metin2 server files\mainline\src_2014\metin2client\gamelib\vtune\gameutil.obj
d:\metin2 server files\mainline\src_2014\metin2client\gamelib\vtune\gameutil.cod
d:\metin2 server files\mainline\src_2014\metin2client\gamelib\vtune\gametype.obj
d:\metin2 server files\mainline\src_2014\metin2client\gamelib\vtune\gametype.cod
d:\metin2 server files\mainline\src_2014\metin2client\gamelib\vtune\gameeventmanager.obj
d:\metin2 server files\mainline\src_2014\metin2client\gamelib\vtune\gameeventmanager.cod
d:\metin2 server files\mainline\src_2014\metin2client\gamelib\vtune\terrainquadtree.obj
d:\metin2 server files\mainline\src_2014\metin2client\gamelib\vtune\terrainquadtree.cod
d:\metin2 server files\mainline\src_2014\metin2client\gamelib\vtune\terrainpatch.obj
d:\metin2 server files\mainline\src_2014\metin2client\gamelib\vtune\terrainpatch.cod
d:\metin2 server files\mainline\src_2014\metin2client\gamelib\vtune\terraindecal.obj
d:\metin2 server files\mainline\src_2014\metin2client\gamelib\vtune\terraindecal.cod
d:\metin2 server files\mainline\src_2014\metin2client\gamelib\vtune\snowparticle.obj
d:\metin2 server files\mainline\src_2014\metin2client\gamelib\vtune\snowparticle.cod
d:\metin2 server files\mainline\src_2014\metin2client\gamelib\vtune\snowenvironment.obj
d:\metin2 server files\mainline\src_2014\metin2client\gamelib\vtune\snowenvironment.cod
d:\metin2 server files\mainline\src_2014\metin2client\gamelib\vtune\propertymanager.obj
d:\metin2 server files\mainline\src_2014\metin2client\gamelib\vtune\propertymanager.cod
d:\metin2 server files\mainline\src_2014\metin2client\gamelib\vtune\propertyloader.obj
d:\metin2 server files\mainline\src_2014\metin2client\gamelib\vtune\propertyloader.cod
d:\metin2 server files\mainline\src_2014\metin2client\gamelib\vtune\property.obj
d:\metin2 server files\mainline\src_2014\metin2client\gamelib\vtune\property.cod
d:\metin2 server files\mainline\src_2014\metin2client\gamelib\vtune\gamelib.lib
d:\metin2 server files\mainline\kraizy updated edition\source\metin2client\gamelib\vtune\actorinstance.obj
d:\metin2 server files\mainline\kraizy updated edition\source\metin2client\gamelib\vtune\actorinstanceattach.obj
d:\metin2 server files\mainline\kraizy updated edition\source\metin2client\gamelib\vtune\actorinstancebattle.obj
d:\metin2 server files\mainline\kraizy updated edition\source\metin2client\gamelib\vtune\actorinstanceblend.obj
d:\metin2 server files\mainline\kraizy updated edition\source\metin2client\gamelib\vtune\actorinstancecollisiondetection.obj
d:\metin2 server files\mainline\kraizy updated edition\source\metin2client\gamelib\vtune\actorinstancedata.obj
d:\metin2 server files\mainline\kraizy updated edition\source\metin2client\gamelib\vtune\actorinstanceevent.obj
d:\metin2 server files\mainline\kraizy updated edition\source\metin2client\gamelib\vtune\actorinstancefly.obj
d:\metin2 server files\mainline\kraizy updated edition\source\metin2client\gamelib\vtune\actorinstancemotion.obj
d:\metin2 server files\mainline\kraizy updated edition\source\metin2client\gamelib\vtune\actorinstancemotionevent.obj
d:\metin2 server files\mainline\kraizy updated edition\source\metin2client\gamelib\vtune\actorinstanceposition.obj
d:\metin2 server files\mainline\kraizy updated edition\source\metin2client\gamelib\vtune\actorinstancerender.obj
d:\metin2 server files\mainline\kraizy updated edition\source\metin2client\gamelib\vtune\actorinstancerotation.obj
d:\metin2 server files\mainline\kraizy updated edition\source\metin2client\gamelib\vtune\actorinstancesync.obj
d:\metin2 server files\mainline\kraizy updated edition\source\metin2client\gamelib\vtune\actorinstanceweapontrace.obj
d:\metin2 server files\mainline\kraizy updated edition\source\metin2client\gamelib\vtune\area.obj
d:\metin2 server files\mainline\kraizy updated edition\source\metin2client\gamelib\vtune\arealoaderthread.obj
d:\metin2 server files\mainline\kraizy updated edition\source\metin2client\gamelib\vtune\areaterrain.obj
d:\metin2 server files\mainline\kraizy updated edition\source\metin2client\gamelib\vtune\dungeonblock.obj
d:\metin2 server files\mainline\kraizy updated edition\source\metin2client\gamelib\vtune\flyingdata.obj
d:\metin2 server files\mainline\kraizy updated edition\source\metin2client\gamelib\vtune\flyinginstance.obj
d:\metin2 server files\mainline\kraizy updated edition\source\metin2client\gamelib\vtune\flyingobjectmanager.obj
d:\metin2 server files\mainline\kraizy updated edition\source\metin2client\gamelib\vtune\flytarget.obj
d:\metin2 server files\mainline\kraizy updated edition\source\metin2client\gamelib\vtune\flytrace.obj
d:\metin2 server files\mainline\kraizy updated edition\source\metin2client\gamelib\vtune\gameeventmanager.obj
d:\metin2 server files\mainline\kraizy updated edition\source\metin2client\gamelib\vtune\gametype.obj
d:\metin2 server files\mainline\kraizy updated edition\source\metin2client\gamelib\vtune\gameutil.obj
d:\metin2 server files\mainline\kraizy updated edition\source\metin2client\gamelib\vtune\itemdata.obj
d:\metin2 server files\mainline\kraizy updated edition\source\metin2client\gamelib\vtune\itemmanager.obj
d:\metin2 server files\mainline\kraizy updated edition\source\metin2client\gamelib\vtune\mapbase.obj
d:\metin2 server files\mainline\kraizy updated edition\source\metin2client\gamelib\vtune\mapmanager.obj
d:\metin2 server files\mainline\kraizy updated edition\source\metin2client\gamelib\vtune\mapoutdoor.obj
d:\metin2 server files\mainline\kraizy updated edition\source\metin2client\gamelib\vtune\mapoutdoorcharactershadow.obj
d:\metin2 server files\mainline\kraizy updated edition\source\metin2client\gamelib\vtune\mapoutdoorindexbuffer.obj
d:\metin2 server files\mainline\kraizy updated edition\source\metin2client\gamelib\vtune\mapoutdoorload.obj
d:\metin2 server files\mainline\kraizy updated edition\source\metin2client\gamelib\vtune\mapoutdoorquadtree.obj
d:\metin2 server files\mainline\kraizy updated edition\source\metin2client\gamelib\vtune\mapoutdoorrender.obj
d:\metin2 server files\mainline\kraizy updated edition\source\metin2client\gamelib\vtune\mapoutdoorrenderhtp.obj
d:\metin2 server files\mainline\kraizy updated edition\source\metin2client\gamelib\vtune\mapoutdoorrenderstp.obj
d:\metin2 server files\mainline\kraizy updated edition\source\metin2client\gamelib\vtune\mapoutdoorupdate.obj
d:\metin2 server files\mainline\kraizy updated edition\source\metin2client\gamelib\vtune\mapoutdoorwater.obj
d:\metin2 server files\mainline\kraizy updated edition\source\metin2client\gamelib\vtune\maptype.obj
d:\metin2 server files\mainline\kraizy updated edition\source\metin2client\gamelib\vtune\maputil.obj
d:\metin2 server files\mainline\kraizy updated edition\source\metin2client\gamelib\vtune\monsterareainfo.obj
d:\metin2 server files\mainline\kraizy updated edition\source\metin2client\gamelib\vtune\physicsobject.obj
d:\metin2 server files\mainline\kraizy updated edition\source\metin2client\gamelib\vtune\property.obj
d:\metin2 server files\mainline\kraizy updated edition\source\metin2client\gamelib\vtune\propertyloader.obj
d:\metin2 server files\mainline\kraizy updated edition\source\metin2client\gamelib\vtune\propertymanager.obj
d:\metin2 server files\mainline\kraizy updated edition\source\metin2client\gamelib\vtune\racedata.obj
d:\metin2 server files\mainline\kraizy updated edition\source\metin2client\gamelib\vtune\racedatafile.obj
d:\metin2 server files\mainline\kraizy updated edition\source\metin2client\gamelib\vtune\racemanager.obj
d:\metin2 server files\mainline\kraizy updated edition\source\metin2client\gamelib\vtune\racemotiondata.obj
d:\metin2 server files\mainline\kraizy updated edition\source\metin2client\gamelib\vtune\snowenvironment.obj
d:\metin2 server files\mainline\kraizy updated edition\source\metin2client\gamelib\vtune\snowparticle.obj
d:\metin2 server files\mainline\kraizy updated edition\source\metin2client\gamelib\vtune\stdafx.obj
d:\metin2 server files\mainline\kraizy updated edition\source\metin2client\gamelib\vtune\terraindecal.obj
d:\metin2 server files\mainline\kraizy updated edition\source\metin2client\gamelib\vtune\terrainpatch.obj
d:\metin2 server files\mainline\kraizy updated edition\source\metin2client\gamelib\vtune\terrainquadtree.obj
d:\metin2 server files\mainline\kraizy updated edition\source\metin2client\gamelib\vtune\weapontrace.obj
d:\metin2 server files\mainline\kraizy updated edition\source\metin2client\gamelib\vtune\gamelib.pch
d:\metin2 server files\mainline\kraizy updated edition\source\metin2client\gamelib\vtune\gamelib.pdb
d:\metin2 server files\mainline\kraizy updated edition\source\metin2client\gamelib\vtune\gamelib.lib
d:\metin2 server files\mainline\kraizy updated edition\source\metin2client\gamelib\vtune\gamelib.tlog\cl.command.1.tlog
d:\metin2 server files\mainline\kraizy updated edition\source\metin2client\gamelib\vtune\gamelib.tlog\cl.read.1.tlog
d:\metin2 server files\mainline\kraizy updated edition\source\metin2client\gamelib\vtune\gamelib.tlog\cl.write.1.tlog
d:\metin2 server files\mainline\kraizy updated edition\source\metin2client\gamelib\vtune\gamelib.tlog\lib-link.read.1.tlog
d:\metin2 server files\mainline\kraizy updated edition\source\metin2client\gamelib\vtune\gamelib.tlog\lib-link.write.1.tlog
d:\metin2 server files\mainline\kraizy updated edition\source\metin2client\gamelib\vtune\gamelib.tlog\lib.command.1.tlog
