d:\metin2 server files\mainline\src_2014\metin2client\eterimagelib\distribute\eterimagelib.pch
d:\metin2 server files\mainline\src_2014\metin2client\eterimagelib\distribute\eterimagelib.pdb
d:\metin2 server files\mainline\src_2014\metin2client\eterimagelib\distribute\stdafx.obj
d:\metin2 server files\mainline\src_2014\metin2client\eterimagelib\distribute\stdafx.cod
d:\metin2 server files\mainline\src_2014\metin2client\eterimagelib\distribute\tgaimage.obj
d:\metin2 server files\mainline\src_2014\metin2client\eterimagelib\distribute\tgaimage.cod
d:\metin2 server files\mainline\src_2014\metin2client\eterimagelib\distribute\image.obj
d:\metin2 server files\mainline\src_2014\metin2client\eterimagelib\distribute\image.cod
d:\metin2 server files\mainline\src_2014\metin2client\eterimagelib\distribute\dxtcimage.obj
d:\metin2 server files\mainline\src_2014\metin2client\eterimagelib\distribute\dxtcimage.cod
d:\metin2 server files\mainline\src_2014\metin2client\eterimagelib\distribute\eterimagelib.lib
d:\metin2 server files\mainline\kraizy updated edition\source\metin2client\eterimagelib\distribute\dxtcimage.obj
d:\metin2 server files\mainline\kraizy updated edition\source\metin2client\eterimagelib\distribute\image.obj
d:\metin2 server files\mainline\kraizy updated edition\source\metin2client\eterimagelib\distribute\stdafx.obj
d:\metin2 server files\mainline\kraizy updated edition\source\metin2client\eterimagelib\distribute\tgaimage.obj
d:\metin2 server files\mainline\kraizy updated edition\source\metin2client\eterimagelib\distribute\eterimagelib.pch
d:\metin2 server files\mainline\kraizy updated edition\source\metin2client\eterimagelib\distribute\eterimagelib.pdb
d:\metin2 server files\mainline\kraizy updated edition\source\metin2client\eterimagelib\distribute\eterimagelib.lib
d:\metin2 server files\mainline\kraizy updated edition\source\metin2client\eterimagelib\distribute\eterimagelib.tlog\cl.command.1.tlog
d:\metin2 server files\mainline\kraizy updated edition\source\metin2client\eterimagelib\distribute\eterimagelib.tlog\cl.read.1.tlog
d:\metin2 server files\mainline\kraizy updated edition\source\metin2client\eterimagelib\distribute\eterimagelib.tlog\cl.write.1.tlog
d:\metin2 server files\mainline\kraizy updated edition\source\metin2client\eterimagelib\distribute\eterimagelib.tlog\lib-link.read.1.tlog
d:\metin2 server files\mainline\kraizy updated edition\source\metin2client\eterimagelib\distribute\eterimagelib.tlog\lib-link.write.1.tlog
d:\metin2 server files\mainline\kraizy updated edition\source\metin2client\eterimagelib\distribute\eterimagelib.tlog\lib.command.1.tlog
