d:\metin2 server files\mainline\src_2014\metin2client\userinterface\vtune\userinterface.pch
d:\metin2 server files\mainline\src_2014\metin2client\userinterface\vtune\vc142.pdb
d:\metin2 server files\mainline\src_2014\metin2client\userinterface\vtune\stdafx.obj
d:\metin2 server files\mainline\src_2014\metin2client\userinterface\vtune\stdafx.cod
d:\metin2 server files\mainline\src_2014\metin2client\userinterface\vtune\pythonitemmodule.obj
d:\metin2 server files\mainline\src_2014\metin2client\userinterface\vtune\pythonitemmodule.cod
d:\metin2 server files\mainline\src_2014\metin2client\userinterface\vtune\pythonitem.obj
d:\metin2 server files\mainline\src_2014\metin2client\userinterface\vtune\pythonitem.cod
d:\metin2 server files\mainline\src_2014\metin2client\userinterface\vtune\pythongameeventmanagermodule.obj
d:\metin2 server files\mainline\src_2014\metin2client\userinterface\vtune\pythongameeventmanagermodule.cod
d:\metin2 server files\mainline\src_2014\metin2client\userinterface\vtune\pythoneventmanagermoudle.obj
d:\metin2 server files\mainline\src_2014\metin2client\userinterface\vtune\pythoneventmanagermoudle.cod
d:\metin2 server files\mainline\src_2014\metin2client\userinterface\vtune\pythoneventmanager.obj
d:\metin2 server files\mainline\src_2014\metin2client\userinterface\vtune\pythoneventmanager.cod
d:\metin2 server files\mainline\src_2014\metin2client\userinterface\vtune\pythoneffectmodule.obj
d:\metin2 server files\mainline\src_2014\metin2client\userinterface\vtune\pythoneffectmodule.cod
d:\metin2 server files\mainline\src_2014\metin2client\userinterface\vtune\pythoncharactermodule.obj
d:\metin2 server files\mainline\src_2014\metin2client\userinterface\vtune\pythoncharactermodule.cod
d:\metin2 server files\mainline\src_2014\metin2client\userinterface\vtune\pythoncharactermanagermodule.obj
d:\metin2 server files\mainline\src_2014\metin2client\userinterface\vtune\pythoncharactermanagermodule.cod
d:\metin2 server files\mainline\src_2014\metin2client\userinterface\vtune\pythoncharactermanager.obj
d:\metin2 server files\mainline\src_2014\metin2client\userinterface\vtune\pythoncharactermanager.cod
d:\metin2 server files\mainline\src_2014\metin2client\userinterface\vtune\pythonbackgroundmodule.obj
d:\metin2 server files\mainline\src_2014\metin2client\userinterface\vtune\pythonbackgroundmodule.cod
d:\metin2 server files\mainline\src_2014\metin2client\userinterface\vtune\pythonbackground.obj
d:\metin2 server files\mainline\src_2014\metin2client\userinterface\vtune\pythonbackground.cod
d:\metin2 server files\mainline\src_2014\metin2client\userinterface\vtune\cameraprocedure.obj
d:\metin2 server files\mainline\src_2014\metin2client\userinterface\vtune\cameraprocedure.cod
d:\metin2 server files\mainline\src_2014\metin2client\userinterface\vtune\instancebasetransform.obj
d:\metin2 server files\mainline\src_2014\metin2client\userinterface\vtune\instancebasetransform.cod
d:\metin2 server files\mainline\src_2014\metin2client\userinterface\vtune\instancebasemovement.obj
d:\metin2 server files\mainline\src_2014\metin2client\userinterface\vtune\instancebasemovement.cod
d:\metin2 server files\mainline\src_2014\metin2client\userinterface\vtune\instancebasemotion.obj
d:\metin2 server files\mainline\src_2014\metin2client\userinterface\vtune\instancebasemotion.cod
d:\metin2 server files\mainline\src_2014\metin2client\userinterface\vtune\instancebaseevent.obj
d:\metin2 server files\mainline\src_2014\metin2client\userinterface\vtune\instancebaseevent.cod
d:\metin2 server files\mainline\src_2014\metin2client\userinterface\vtune\instancebaseeffect.obj
d:\metin2 server files\mainline\src_2014\metin2client\userinterface\vtune\instancebaseeffect.cod
d:\metin2 server files\mainline\src_2014\metin2client\userinterface\vtune\instancebasebattle.obj
d:\metin2 server files\mainline\src_2014\metin2client\userinterface\vtune\instancebasebattle.cod
d:\metin2 server files\mainline\src_2014\metin2client\userinterface\vtune\instancebase.obj
d:\metin2 server files\mainline\src_2014\metin2client\userinterface\vtune\instancebase.cod
d:\metin2 server files\mainline\src_2014\metin2client\userinterface\vtune\affectflagcontainer.obj
d:\metin2 server files\mainline\src_2014\metin2client\userinterface\vtune\affectflagcontainer.cod
d:\metin2 server files\mainline\src_2014\metin2client\userinterface\vtune\pythonminimapmodule.obj
d:\metin2 server files\mainline\src_2014\metin2client\userinterface\vtune\pythonminimapmodule.cod
d:\metin2 server files\mainline\src_2014\metin2client\userinterface\vtune\pythonminimap.obj
d:\metin2 server files\mainline\src_2014\metin2client\userinterface\vtune\pythonminimap.cod
d:\metin2 server files\mainline\src_2014\metin2client\userinterface\vtune\pythonmessenger.obj
d:\metin2 server files\mainline\src_2014\metin2client\userinterface\vtune\pythonmessenger.cod
d:\metin2 server files\mainline\src_2014\metin2client\userinterface\vtune\pythonguild.obj
d:\metin2 server files\mainline\src_2014\metin2client\userinterface\vtune\pythonguild.cod
d:\metin2 server files\mainline\src_2014\metin2client\userinterface\vtune\pythonflymodule.obj
d:\metin2 server files\mainline\src_2014\metin2client\userinterface\vtune\pythonflymodule.cod
d:\metin2 server files\mainline\src_2014\metin2client\userinterface\vtune\pythonexchangemodule.obj
d:\metin2 server files\mainline\src_2014\metin2client\userinterface\vtune\pythonexchangemodule.cod
d:\metin2 server files\mainline\src_2014\metin2client\userinterface\vtune\pythonexchange.obj
d:\metin2 server files\mainline\src_2014\metin2client\userinterface\vtune\pythonexchange.cod
d:\metin2 server files\mainline\src_2014\metin2client\userinterface\vtune\pythonchatmodule.obj
d:\metin2 server files\mainline\src_2014\metin2client\userinterface\vtune\pythonchatmodule.cod
d:\metin2 server files\mainline\src_2014\metin2client\userinterface\vtune\pythonchat.obj
d:\metin2 server files\mainline\src_2014\metin2client\userinterface\vtune\pythonchat.cod
d:\metin2 server files\mainline\src_2014\metin2client\userinterface\vtune\pythonskill.obj
d:\metin2 server files\mainline\src_2014\metin2client\userinterface\vtune\pythonskill.cod
d:\metin2 server files\mainline\src_2014\metin2client\userinterface\vtune\pythonquest.obj
d:\metin2 server files\mainline\src_2014\metin2client\userinterface\vtune\pythonquest.cod
d:\metin2 server files\mainline\src_2014\metin2client\userinterface\vtune\pythonplayerskill.obj
d:\metin2 server files\mainline\src_2014\metin2client\userinterface\vtune\pythonplayerskill.cod
d:\metin2 server files\mainline\src_2014\metin2client\userinterface\vtune\pythonplayermodule.obj
d:\metin2 server files\mainline\src_2014\metin2client\userinterface\vtune\pythonplayermodule.cod
d:\metin2 server files\mainline\src_2014\metin2client\userinterface\vtune\pythonplayerinputmouse.obj
d:\metin2 server files\mainline\src_2014\metin2client\userinterface\vtune\pythonplayerinputmouse.cod
d:\metin2 server files\mainline\src_2014\metin2client\userinterface\vtune\pythonplayerinputkeyboard.obj
d:\metin2 server files\mainline\src_2014\metin2client\userinterface\vtune\pythonplayerinputkeyboard.cod
d:\metin2 server files\mainline\src_2014\metin2client\userinterface\vtune\pythonplayerinput.obj
d:\metin2 server files\mainline\src_2014\metin2client\userinterface\vtune\pythonplayerinput.cod
d:\metin2 server files\mainline\src_2014\metin2client\userinterface\vtune\pythonplayereventhandler.obj
d:\metin2 server files\mainline\src_2014\metin2client\userinterface\vtune\pythonplayereventhandler.cod
d:\metin2 server files\mainline\src_2014\metin2client\userinterface\vtune\pythonplayer.obj
d:\metin2 server files\mainline\src_2014\metin2client\userinterface\vtune\pythonplayer.cod
d:\metin2 server files\mainline\src_2014\metin2client\userinterface\vtune\pythonnonplayermodule.obj
d:\metin2 server files\mainline\src_2014\metin2client\userinterface\vtune\pythonnonplayermodule.cod
d:\metin2 server files\mainline\src_2014\metin2client\userinterface\vtune\pythonnonplayer.obj
d:\metin2 server files\mainline\src_2014\metin2client\userinterface\vtune\pythonnonplayer.cod
d:\metin2 server files\mainline\src_2014\metin2client\userinterface\vtune\pythonsystemmodule.obj
d:\metin2 server files\mainline\src_2014\metin2client\userinterface\vtune\pythonsystemmodule.cod
d:\metin2 server files\mainline\src_2014\metin2client\userinterface\vtune\pythonsystem.obj
d:\metin2 server files\mainline\src_2014\metin2client\userinterface\vtune\pythonsystem.cod
d:\metin2 server files\mainline\src_2014\metin2client\userinterface\vtune\pythonsoundmanagermodule.obj
d:\metin2 server files\mainline\src_2014\metin2client\userinterface\vtune\pythonsoundmanagermodule.cod
d:\metin2 server files\mainline\src_2014\metin2client\userinterface\vtune\pythonprofilermodule.obj
d:\metin2 server files\mainline\src_2014\metin2client\userinterface\vtune\pythonprofilermodule.cod
d:\metin2 server files\mainline\src_2014\metin2client\userinterface\vtune\pythonimemodule.obj
d:\metin2 server files\mainline\src_2014\metin2client\userinterface\vtune\pythonimemodule.cod
d:\metin2 server files\mainline\src_2014\metin2client\userinterface\vtune\pythonime.obj
d:\metin2 server files\mainline\src_2014\metin2client\userinterface\vtune\pythonime.cod
d:\metin2 server files\mainline\src_2014\metin2client\userinterface\vtune\pythonapplicationwebpage.obj
d:\metin2 server files\mainline\src_2014\metin2client\userinterface\vtune\pythonapplicationwebpage.cod
d:\metin2 server files\mainline\src_2014\metin2client\userinterface\vtune\pythonapplicationprocedure.obj
d:\metin2 server files\mainline\src_2014\metin2client\userinterface\vtune\pythonapplicationprocedure.cod
d:\metin2 server files\mainline\src_2014\metin2client\userinterface\vtune\pythonapplicationmodule.obj
d:\metin2 server files\mainline\src_2014\metin2client\userinterface\vtune\pythonapplicationmodule.cod
d:\metin2 server files\mainline\src_2014\metin2client\userinterface\vtune\pythonapplicationlogo.obj
d:\metin2 server files\mainline\src_2014\metin2client\userinterface\vtune\pythonapplicationlogo.cod
d:\metin2 server files\mainline\src_2014\metin2client\userinterface\vtune\pythonapplicationevent.obj
d:\metin2 server files\mainline\src_2014\metin2client\userinterface\vtune\pythonapplicationevent.cod
d:\metin2 server files\mainline\src_2014\metin2client\userinterface\vtune\pythonapplicationcursor.obj
d:\metin2 server files\mainline\src_2014\metin2client\userinterface\vtune\pythonapplicationcursor.cod
d:\metin2 server files\mainline\src_2014\metin2client\userinterface\vtune\pythonapplicationcamera.obj
d:\metin2 server files\mainline\src_2014\metin2client\userinterface\vtune\pythonapplicationcamera.cod
d:\metin2 server files\mainline\src_2014\metin2client\userinterface\vtune\pythonapplication.obj
d:\metin2 server files\mainline\src_2014\metin2client\userinterface\vtune\pythonapplication.cod
d:\metin2 server files\mainline\src_2014\metin2client\userinterface\vtune\processscanner.obj
d:\metin2 server files\mainline\src_2014\metin2client\userinterface\vtune\processscanner.cod
d:\metin2 server files\mainline\src_2014\metin2client\userinterface\vtune\pythonpackmodule.obj
d:\metin2 server files\mainline\src_2014\metin2client\userinterface\vtune\pythonpackmodule.cod
d:\metin2 server files\mainline\src_2014\metin2client\userinterface\vtune\pythontexttailmodule.obj
d:\metin2 server files\mainline\src_2014\metin2client\userinterface\vtune\pythontexttailmodule.cod
d:\metin2 server files\mainline\src_2014\metin2client\userinterface\vtune\pythontexttail.obj
d:\metin2 server files\mainline\src_2014\metin2client\userinterface\vtune\pythontexttail.cod
d:\metin2 server files\mainline\src_2014\metin2client\userinterface\vtune\pythonshop.obj
d:\metin2 server files\mainline\src_2014\metin2client\userinterface\vtune\pythonshop.cod
d:\metin2 server files\mainline\src_2014\metin2client\userinterface\vtune\pythonsafebox.obj
d:\metin2 server files\mainline\src_2014\metin2client\userinterface\vtune\pythonsafebox.cod
d:\metin2 server files\mainline\src_2014\metin2client\userinterface\vtune\pythonnetworkstreamphasehandshake.obj
d:\metin2 server files\mainline\src_2014\metin2client\userinterface\vtune\pythonnetworkstreamphasehandshake.cod
d:\metin2 server files\mainline\src_2014\metin2client\userinterface\vtune\pythonnetworkstreamphasegameitem.obj
d:\metin2 server files\mainline\src_2014\metin2client\userinterface\vtune\pythonnetworkstreamphasegameitem.cod
d:\metin2 server files\mainline\src_2014\metin2client\userinterface\vtune\pythonnetworkstreamphasegameactor.obj
d:\metin2 server files\mainline\src_2014\metin2client\userinterface\vtune\pythonnetworkstreamphasegameactor.cod
d:\metin2 server files\mainline\src_2014\metin2client\userinterface\vtune\pythonnetworkstreamphasegame.obj
d:\metin2 server files\mainline\src_2014\metin2client\userinterface\vtune\pythonnetworkstreamphasegame.cod
d:\metin2 server files\mainline\src_2014\metin2client\userinterface\vtune\pythonnetworkstreammodule.obj
d:\metin2 server files\mainline\src_2014\metin2client\userinterface\vtune\pythonnetworkstreammodule.cod
d:\metin2 server files\mainline\src_2014\metin2client\userinterface\vtune\pythonnetworkstreamevent.obj
d:\metin2 server files\mainline\src_2014\metin2client\userinterface\vtune\pythonnetworkstreamevent.cod
d:\metin2 server files\mainline\src_2014\metin2client\userinterface\vtune\pythonnetworkstreamcommand.obj
d:\metin2 server files\mainline\src_2014\metin2client\userinterface\vtune\pythonnetworkstreamcommand.cod
d:\metin2 server files\mainline\src_2014\metin2client\userinterface\vtune\pythonnetworkstream.obj
d:\metin2 server files\mainline\src_2014\metin2client\userinterface\vtune\pythonnetworkstream.cod
d:\metin2 server files\mainline\src_2014\metin2client\userinterface\vtune\pythonnetworkdatagrammodule.obj
d:\metin2 server files\mainline\src_2014\metin2client\userinterface\vtune\pythonnetworkdatagrammodule.cod
d:\metin2 server files\mainline\src_2014\metin2client\userinterface\vtune\pythonnetworkdatagram.obj
d:\metin2 server files\mainline\src_2014\metin2client\userinterface\vtune\pythonnetworkdatagram.cod
d:\metin2 server files\mainline\src_2014\metin2client\userinterface\vtune\pythonexceptionsender.obj
d:\metin2 server files\mainline\src_2014\metin2client\userinterface\vtune\pythonexceptionsender.cod
d:\metin2 server files\mainline\src_2014\metin2client\userinterface\vtune\processcrc.obj
d:\metin2 server files\mainline\src_2014\metin2client\userinterface\vtune\processcrc.cod
d:\metin2 server files\mainline\src_2014\metin2client\userinterface\vtune\networkactormanager.obj
d:\metin2 server files\mainline\src_2014\metin2client\userinterface\vtune\networkactormanager.cod
d:\metin2 server files\mainline\src_2014\metin2client\userinterface\vtune\insultchecker.obj
d:\metin2 server files\mainline\src_2014\metin2client\userinterface\vtune\insultchecker.cod
d:\metin2 server files\mainline\src_2014\metin2client\userinterface\vtune\accountconnector.obj
d:\metin2 server files\mainline\src_2014\metin2client\userinterface\vtune\accountconnector.cod
d:\metin2 server files\mainline\src_2014\metin2client\userinterface\vtune\locale.obj
d:\metin2 server files\mainline\src_2014\metin2client\userinterface\vtune\locale.cod
d:\metin2 server files\mainline\src_2014\metin2client\userinterface\vtune\markmanager.obj
d:\metin2 server files\mainline\src_2014\metin2client\userinterface\vtune\markmanager.cod
d:\metin2 server files\mainline\src_2014\metin2client\userinterface\vtune\markimage.obj
d:\metin2 server files\mainline\src_2014\metin2client\userinterface\vtune\markimage.cod
d:\metin2 server files\mainline\src_2014\metin2client\userinterface\vtune\guildmarkuploader.obj
d:\metin2 server files\mainline\src_2014\metin2client\userinterface\vtune\guildmarkuploader.cod
d:\metin2 server files\mainline\src_2014\metin2client\userinterface\vtune\guildmarkdownloader.obj
d:\metin2 server files\mainline\src_2014\metin2client\userinterface\vtune\guildmarkdownloader.cod
d:\metin2 server files\mainline\src_2014\metin2client\userinterface\vtune\userinterface.obj
d:\metin2 server files\mainline\src_2014\metin2client\userinterface\vtune\userinterface.cod
d:\metin2 server files\mainline\src_2014\metin2client\userinterface\vtune\movieman.obj
d:\metin2 server files\mainline\src_2014\metin2client\userinterface\vtune\movieman.cod
d:\metin2 server files\mainline\src_2014\metin2client\userinterface\vtune\gametype.obj
d:\metin2 server files\mainline\src_2014\metin2client\userinterface\vtune\gametype.cod
d:\metin2 server files\mainline\src_2014\metin2client\userinterface\vtune\wiselogicxtrap.obj
d:\metin2 server files\mainline\src_2014\metin2client\userinterface\vtune\wiselogicxtrap.cod
d:\metin2 server files\mainline\src_2014\metin2client\userinterface\vtune\nprotectgameguard.obj
d:\metin2 server files\mainline\src_2014\metin2client\userinterface\vtune\nprotectgameguard.cod
d:\metin2 server files\mainline\src_2014\metin2client\userinterface\vtune\hackshield.obj
d:\metin2 server files\mainline\src_2014\metin2client\userinterface\vtune\hackshield.cod
d:\metin2 server files\mainline\src_2014\metin2client\userinterface\vtune\checklatestfiles.obj
d:\metin2 server files\mainline\src_2014\metin2client\userinterface\vtune\checklatestfiles.cod
d:\metin2 server files\mainline\src_2014\metin2client\userinterface\vtune\serverstatecheckermodule.obj
d:\metin2 server files\mainline\src_2014\metin2client\userinterface\vtune\serverstatecheckermodule.cod
d:\metin2 server files\mainline\src_2014\metin2client\userinterface\vtune\serverstatechecker.obj
d:\metin2 server files\mainline\src_2014\metin2client\userinterface\vtune\serverstatechecker.cod
d:\metin2 server files\mainline\src_2014\metin2client\userinterface\vtune\pythonnetworkstreamphaseselect.obj
d:\metin2 server files\mainline\src_2014\metin2client\userinterface\vtune\pythonnetworkstreamphaseselect.cod
d:\metin2 server files\mainline\src_2014\metin2client\userinterface\vtune\pythonnetworkstreamphaseoffline.obj
d:\metin2 server files\mainline\src_2014\metin2client\userinterface\vtune\pythonnetworkstreamphaseoffline.cod
d:\metin2 server files\mainline\src_2014\metin2client\userinterface\vtune\pythonnetworkstreamphaselogin.obj
d:\metin2 server files\mainline\src_2014\metin2client\userinterface\vtune\pythonnetworkstreamphaselogin.cod
d:\metin2 server files\mainline\src_2014\metin2client\userinterface\vtune\pythonnetworkstreamphaseloading.obj
d:\metin2 server files\mainline\src_2014\metin2client\userinterface\vtune\pythonnetworkstreamphaseloading.cod
d:\metin2 server files\mainline\src_2014\m2output\vtunemetin2projectclientfiles.exe
d:\metin2 server files\mainline\src_2014\metin2client\userinterface\vtune\metin2vtuned.map
d:\metin2 server files\mainline\src_2014\m2output\vtunemetin2projectclientfiles.pdb
d:\metin2 server files\mainline\src_2014\metin2client\userinterface\vtune\userinterface.res
d:\metin2 server files\mainline\kraizy updated edition\source\metin2client\userinterface\vtune\accountconnector.obj
d:\metin2 server files\mainline\kraizy updated edition\source\metin2client\userinterface\vtune\affectflagcontainer.obj
d:\metin2 server files\mainline\kraizy updated edition\source\metin2client\userinterface\vtune\cameraprocedure.obj
d:\metin2 server files\mainline\kraizy updated edition\source\metin2client\userinterface\vtune\checklatestfiles.obj
d:\metin2 server files\mainline\kraizy updated edition\source\metin2client\userinterface\vtune\gametype.obj
d:\metin2 server files\mainline\kraizy updated edition\source\metin2client\userinterface\vtune\guildmarkdownloader.obj
d:\metin2 server files\mainline\kraizy updated edition\source\metin2client\userinterface\vtune\guildmarkuploader.obj
d:\metin2 server files\mainline\kraizy updated edition\source\metin2client\userinterface\vtune\hackshield.obj
d:\metin2 server files\mainline\kraizy updated edition\source\metin2client\userinterface\vtune\instancebase.obj
d:\metin2 server files\mainline\kraizy updated edition\source\metin2client\userinterface\vtune\instancebasebattle.obj
d:\metin2 server files\mainline\kraizy updated edition\source\metin2client\userinterface\vtune\instancebaseeffect.obj
d:\metin2 server files\mainline\kraizy updated edition\source\metin2client\userinterface\vtune\instancebaseevent.obj
d:\metin2 server files\mainline\kraizy updated edition\source\metin2client\userinterface\vtune\instancebasemotion.obj
d:\metin2 server files\mainline\kraizy updated edition\source\metin2client\userinterface\vtune\instancebasemovement.obj
d:\metin2 server files\mainline\kraizy updated edition\source\metin2client\userinterface\vtune\instancebasetransform.obj
d:\metin2 server files\mainline\kraizy updated edition\source\metin2client\userinterface\vtune\insultchecker.obj
d:\metin2 server files\mainline\kraizy updated edition\source\metin2client\userinterface\vtune\locale.obj
d:\metin2 server files\mainline\kraizy updated edition\source\metin2client\userinterface\vtune\markimage.obj
d:\metin2 server files\mainline\kraizy updated edition\source\metin2client\userinterface\vtune\markmanager.obj
d:\metin2 server files\mainline\kraizy updated edition\source\metin2client\userinterface\vtune\movieman.obj
d:\metin2 server files\mainline\kraizy updated edition\source\metin2client\userinterface\vtune\networkactormanager.obj
d:\metin2 server files\mainline\kraizy updated edition\source\metin2client\userinterface\vtune\nprotectgameguard.obj
d:\metin2 server files\mainline\kraizy updated edition\source\metin2client\userinterface\vtune\processcrc.obj
d:\metin2 server files\mainline\kraizy updated edition\source\metin2client\userinterface\vtune\processscanner.obj
d:\metin2 server files\mainline\kraizy updated edition\source\metin2client\userinterface\vtune\pythonapplication.obj
d:\metin2 server files\mainline\kraizy updated edition\source\metin2client\userinterface\vtune\pythonapplicationcamera.obj
d:\metin2 server files\mainline\kraizy updated edition\source\metin2client\userinterface\vtune\pythonapplicationcursor.obj
d:\metin2 server files\mainline\kraizy updated edition\source\metin2client\userinterface\vtune\pythonapplicationevent.obj
d:\metin2 server files\mainline\kraizy updated edition\source\metin2client\userinterface\vtune\pythonapplicationlogo.obj
d:\metin2 server files\mainline\kraizy updated edition\source\metin2client\userinterface\vtune\pythonapplicationmodule.obj
d:\metin2 server files\mainline\kraizy updated edition\source\metin2client\userinterface\vtune\pythonapplicationprocedure.obj
d:\metin2 server files\mainline\kraizy updated edition\source\metin2client\userinterface\vtune\pythonapplicationwebpage.obj
d:\metin2 server files\mainline\kraizy updated edition\source\metin2client\userinterface\vtune\pythonbackground.obj
d:\metin2 server files\mainline\kraizy updated edition\source\metin2client\userinterface\vtune\pythonbackgroundmodule.obj
d:\metin2 server files\mainline\kraizy updated edition\source\metin2client\userinterface\vtune\pythoncharactermanager.obj
d:\metin2 server files\mainline\kraizy updated edition\source\metin2client\userinterface\vtune\pythoncharactermanagermodule.obj
d:\metin2 server files\mainline\kraizy updated edition\source\metin2client\userinterface\vtune\pythoncharactermodule.obj
d:\metin2 server files\mainline\kraizy updated edition\source\metin2client\userinterface\vtune\pythonchat.obj
d:\metin2 server files\mainline\kraizy updated edition\source\metin2client\userinterface\vtune\pythonchatmodule.obj
d:\metin2 server files\mainline\kraizy updated edition\source\metin2client\userinterface\vtune\pythoneffectmodule.obj
d:\metin2 server files\mainline\kraizy updated edition\source\metin2client\userinterface\vtune\pythoneventmanager.obj
d:\metin2 server files\mainline\kraizy updated edition\source\metin2client\userinterface\vtune\pythoneventmanagermoudle.obj
d:\metin2 server files\mainline\kraizy updated edition\source\metin2client\userinterface\vtune\pythonexceptionsender.obj
d:\metin2 server files\mainline\kraizy updated edition\source\metin2client\userinterface\vtune\pythonexchange.obj
d:\metin2 server files\mainline\kraizy updated edition\source\metin2client\userinterface\vtune\pythonexchangemodule.obj
d:\metin2 server files\mainline\kraizy updated edition\source\metin2client\userinterface\vtune\pythonflymodule.obj
d:\metin2 server files\mainline\kraizy updated edition\source\metin2client\userinterface\vtune\pythongameeventmanagermodule.obj
d:\metin2 server files\mainline\kraizy updated edition\source\metin2client\userinterface\vtune\pythonguild.obj
d:\metin2 server files\mainline\kraizy updated edition\source\metin2client\userinterface\vtune\pythonime.obj
d:\metin2 server files\mainline\kraizy updated edition\source\metin2client\userinterface\vtune\pythonimemodule.obj
d:\metin2 server files\mainline\kraizy updated edition\source\metin2client\userinterface\vtune\pythonitem.obj
d:\metin2 server files\mainline\kraizy updated edition\source\metin2client\userinterface\vtune\pythonitemmodule.obj
d:\metin2 server files\mainline\kraizy updated edition\source\metin2client\userinterface\vtune\pythonmessenger.obj
d:\metin2 server files\mainline\kraizy updated edition\source\metin2client\userinterface\vtune\pythonminimap.obj
d:\metin2 server files\mainline\kraizy updated edition\source\metin2client\userinterface\vtune\pythonminimapmodule.obj
d:\metin2 server files\mainline\kraizy updated edition\source\metin2client\userinterface\vtune\pythonnetworkdatagram.obj
d:\metin2 server files\mainline\kraizy updated edition\source\metin2client\userinterface\vtune\pythonnetworkdatagrammodule.obj
d:\metin2 server files\mainline\kraizy updated edition\source\metin2client\userinterface\vtune\pythonnetworkstream.obj
d:\metin2 server files\mainline\kraizy updated edition\source\metin2client\userinterface\vtune\pythonnetworkstreamcommand.obj
d:\metin2 server files\mainline\kraizy updated edition\source\metin2client\userinterface\vtune\pythonnetworkstreamevent.obj
d:\metin2 server files\mainline\kraizy updated edition\source\metin2client\userinterface\vtune\pythonnetworkstreammodule.obj
d:\metin2 server files\mainline\kraizy updated edition\source\metin2client\userinterface\vtune\pythonnetworkstreamphasegame.obj
d:\metin2 server files\mainline\kraizy updated edition\source\metin2client\userinterface\vtune\pythonnetworkstreamphasegameactor.obj
d:\metin2 server files\mainline\kraizy updated edition\source\metin2client\userinterface\vtune\pythonnetworkstreamphasegameitem.obj
d:\metin2 server files\mainline\kraizy updated edition\source\metin2client\userinterface\vtune\pythonnetworkstreamphasehandshake.obj
d:\metin2 server files\mainline\kraizy updated edition\source\metin2client\userinterface\vtune\pythonnetworkstreamphaseloading.obj
d:\metin2 server files\mainline\kraizy updated edition\source\metin2client\userinterface\vtune\pythonnetworkstreamphaselogin.obj
d:\metin2 server files\mainline\kraizy updated edition\source\metin2client\userinterface\vtune\pythonnetworkstreamphaseoffline.obj
d:\metin2 server files\mainline\kraizy updated edition\source\metin2client\userinterface\vtune\pythonnetworkstreamphaseselect.obj
d:\metin2 server files\mainline\kraizy updated edition\source\metin2client\userinterface\vtune\pythonnonplayer.obj
d:\metin2 server files\mainline\kraizy updated edition\source\metin2client\userinterface\vtune\pythonnonplayermodule.obj
d:\metin2 server files\mainline\kraizy updated edition\source\metin2client\userinterface\vtune\pythonpackmodule.obj
d:\metin2 server files\mainline\kraizy updated edition\source\metin2client\userinterface\vtune\pythonplayer.obj
d:\metin2 server files\mainline\kraizy updated edition\source\metin2client\userinterface\vtune\pythonplayereventhandler.obj
d:\metin2 server files\mainline\kraizy updated edition\source\metin2client\userinterface\vtune\pythonplayerinput.obj
d:\metin2 server files\mainline\kraizy updated edition\source\metin2client\userinterface\vtune\pythonplayerinputkeyboard.obj
d:\metin2 server files\mainline\kraizy updated edition\source\metin2client\userinterface\vtune\pythonplayerinputmouse.obj
d:\metin2 server files\mainline\kraizy updated edition\source\metin2client\userinterface\vtune\pythonplayermodule.obj
d:\metin2 server files\mainline\kraizy updated edition\source\metin2client\userinterface\vtune\pythonplayerskill.obj
d:\metin2 server files\mainline\kraizy updated edition\source\metin2client\userinterface\vtune\pythonprofilermodule.obj
d:\metin2 server files\mainline\kraizy updated edition\source\metin2client\userinterface\vtune\pythonquest.obj
d:\metin2 server files\mainline\kraizy updated edition\source\metin2client\userinterface\vtune\pythonsafebox.obj
d:\metin2 server files\mainline\kraizy updated edition\source\metin2client\userinterface\vtune\pythonshop.obj
d:\metin2 server files\mainline\kraizy updated edition\source\metin2client\userinterface\vtune\pythonskill.obj
d:\metin2 server files\mainline\kraizy updated edition\source\metin2client\userinterface\vtune\pythonsoundmanagermodule.obj
d:\metin2 server files\mainline\kraizy updated edition\source\metin2client\userinterface\vtune\pythonsystem.obj
d:\metin2 server files\mainline\kraizy updated edition\source\metin2client\userinterface\vtune\pythonsystemmodule.obj
d:\metin2 server files\mainline\kraizy updated edition\source\metin2client\userinterface\vtune\pythontexttail.obj
d:\metin2 server files\mainline\kraizy updated edition\source\metin2client\userinterface\vtune\pythontexttailmodule.obj
d:\metin2 server files\mainline\kraizy updated edition\source\metin2client\userinterface\vtune\serverstatechecker.obj
d:\metin2 server files\mainline\kraizy updated edition\source\metin2client\userinterface\vtune\serverstatecheckermodule.obj
d:\metin2 server files\mainline\kraizy updated edition\source\metin2client\userinterface\vtune\stdafx.obj
d:\metin2 server files\mainline\kraizy updated edition\source\metin2client\userinterface\vtune\userinterface.obj
d:\metin2 server files\mainline\kraizy updated edition\source\metin2client\userinterface\vtune\wiselogicxtrap.obj
d:\metin2 server files\mainline\kraizy updated edition\source\metin2client\userinterface\vtune\userinterface.res
d:\metin2 server files\mainline\kraizy updated edition\source\metin2client\userinterface\vtune\userinterface.pch
d:\metin2 server files\mainline\kraizy updated edition\source\metin2client\userinterface\vtune\vc142.pdb
d:\metin2 server files\mainline\kraizy updated edition\source\metin2client\userinterface\vtune\userinterface.tlog\cl.command.1.tlog
d:\metin2 server files\mainline\kraizy updated edition\source\metin2client\userinterface\vtune\userinterface.tlog\cl.read.1.tlog
d:\metin2 server files\mainline\kraizy updated edition\source\metin2client\userinterface\vtune\userinterface.tlog\cl.write.1.tlog
d:\metin2 server files\mainline\kraizy updated edition\source\metin2client\userinterface\vtune\userinterface.tlog\link.command.1.tlog
d:\metin2 server files\mainline\kraizy updated edition\source\metin2client\userinterface\vtune\userinterface.tlog\link.read.1.tlog
d:\metin2 server files\mainline\kraizy updated edition\source\metin2client\userinterface\vtune\userinterface.tlog\link.write.1.tlog
d:\metin2 server files\mainline\kraizy updated edition\source\metin2client\userinterface\vtune\userinterface.tlog\rc.command.1.tlog
d:\metin2 server files\mainline\kraizy updated edition\source\metin2client\userinterface\vtune\userinterface.tlog\rc.read.1.tlog
d:\metin2 server files\mainline\kraizy updated edition\source\metin2client\userinterface\vtune\userinterface.tlog\rc.write.1.tlog
