d:\metin2 server files\mainline\src_2014\metin2client\effectlib\distribute\effectlib.pch
d:\metin2 server files\mainline\src_2014\metin2client\effectlib\distribute\effectlib.pdb
d:\metin2 server files\mainline\src_2014\metin2client\effectlib\distribute\stdafx.obj
d:\metin2 server files\mainline\src_2014\metin2client\effectlib\distribute\stdafx.cod
d:\metin2 server files\mainline\src_2014\metin2client\effectlib\distribute\type.obj
d:\metin2 server files\mainline\src_2014\metin2client\effectlib\distribute\type.cod
d:\metin2 server files\mainline\src_2014\metin2client\effectlib\distribute\simplelightinstance.obj
d:\metin2 server files\mainline\src_2014\metin2client\effectlib\distribute\simplelightinstance.cod
d:\metin2 server files\mainline\src_2014\metin2client\effectlib\distribute\simplelightdata.obj
d:\metin2 server files\mainline\src_2014\metin2client\effectlib\distribute\simplelightdata.cod
d:\metin2 server files\mainline\src_2014\metin2client\effectlib\distribute\particlesysteminstance.obj
d:\metin2 server files\mainline\src_2014\metin2client\effectlib\distribute\particlesysteminstance.cod
d:\metin2 server files\mainline\src_2014\metin2client\effectlib\distribute\particlesystemdata.obj
d:\metin2 server files\mainline\src_2014\metin2client\effectlib\distribute\particlesystemdata.cod
d:\metin2 server files\mainline\src_2014\metin2client\effectlib\distribute\particleproperty.obj
d:\metin2 server files\mainline\src_2014\metin2client\effectlib\distribute\particleproperty.cod
d:\metin2 server files\mainline\src_2014\metin2client\effectlib\distribute\particleinstance.obj
d:\metin2 server files\mainline\src_2014\metin2client\effectlib\distribute\particleinstance.cod
d:\metin2 server files\mainline\src_2014\metin2client\effectlib\distribute\framecontroller.obj
d:\metin2 server files\mainline\src_2014\metin2client\effectlib\distribute\framecontroller.cod
d:\metin2 server files\mainline\src_2014\metin2client\effectlib\distribute\emitterproperty.obj
d:\metin2 server files\mainline\src_2014\metin2client\effectlib\distribute\emitterproperty.cod
d:\metin2 server files\mainline\src_2014\metin2client\effectlib\distribute\effectupdatedecorator.obj
d:\metin2 server files\mainline\src_2014\metin2client\effectlib\distribute\effectupdatedecorator.cod
d:\metin2 server files\mainline\src_2014\metin2client\effectlib\distribute\effectmeshinstance.obj
d:\metin2 server files\mainline\src_2014\metin2client\effectlib\distribute\effectmeshinstance.cod
d:\metin2 server files\mainline\src_2014\metin2client\effectlib\distribute\effectmesh.obj
d:\metin2 server files\mainline\src_2014\metin2client\effectlib\distribute\effectmesh.cod
d:\metin2 server files\mainline\src_2014\metin2client\effectlib\distribute\effectmanager.obj
d:\metin2 server files\mainline\src_2014\metin2client\effectlib\distribute\effectmanager.cod
d:\metin2 server files\mainline\src_2014\metin2client\effectlib\distribute\effectinstance.obj
d:\metin2 server files\mainline\src_2014\metin2client\effectlib\distribute\effectinstance.cod
d:\metin2 server files\mainline\src_2014\metin2client\effectlib\distribute\effectelementbaseinstance.obj
d:\metin2 server files\mainline\src_2014\metin2client\effectlib\distribute\effectelementbaseinstance.cod
d:\metin2 server files\mainline\src_2014\metin2client\effectlib\distribute\effectelementbase.obj
d:\metin2 server files\mainline\src_2014\metin2client\effectlib\distribute\effectelementbase.cod
d:\metin2 server files\mainline\src_2014\metin2client\effectlib\distribute\effectdata.obj
d:\metin2 server files\mainline\src_2014\metin2client\effectlib\distribute\effectdata.cod
d:\metin2 server files\mainline\src_2014\metin2client\effectlib\distribute\effectlib.lib
d:\metin2 server files\mainline\kraizy updated edition\source\metin2client\effectlib\distribute\effectdata.obj
d:\metin2 server files\mainline\kraizy updated edition\source\metin2client\effectlib\distribute\effectelementbase.obj
d:\metin2 server files\mainline\kraizy updated edition\source\metin2client\effectlib\distribute\effectelementbaseinstance.obj
d:\metin2 server files\mainline\kraizy updated edition\source\metin2client\effectlib\distribute\effectinstance.obj
d:\metin2 server files\mainline\kraizy updated edition\source\metin2client\effectlib\distribute\effectmanager.obj
d:\metin2 server files\mainline\kraizy updated edition\source\metin2client\effectlib\distribute\effectmesh.obj
d:\metin2 server files\mainline\kraizy updated edition\source\metin2client\effectlib\distribute\effectmeshinstance.obj
d:\metin2 server files\mainline\kraizy updated edition\source\metin2client\effectlib\distribute\effectupdatedecorator.obj
d:\metin2 server files\mainline\kraizy updated edition\source\metin2client\effectlib\distribute\emitterproperty.obj
d:\metin2 server files\mainline\kraizy updated edition\source\metin2client\effectlib\distribute\framecontroller.obj
d:\metin2 server files\mainline\kraizy updated edition\source\metin2client\effectlib\distribute\particleinstance.obj
d:\metin2 server files\mainline\kraizy updated edition\source\metin2client\effectlib\distribute\particleproperty.obj
d:\metin2 server files\mainline\kraizy updated edition\source\metin2client\effectlib\distribute\particlesystemdata.obj
d:\metin2 server files\mainline\kraizy updated edition\source\metin2client\effectlib\distribute\particlesysteminstance.obj
d:\metin2 server files\mainline\kraizy updated edition\source\metin2client\effectlib\distribute\simplelightdata.obj
d:\metin2 server files\mainline\kraizy updated edition\source\metin2client\effectlib\distribute\simplelightinstance.obj
d:\metin2 server files\mainline\kraizy updated edition\source\metin2client\effectlib\distribute\stdafx.obj
d:\metin2 server files\mainline\kraizy updated edition\source\metin2client\effectlib\distribute\type.obj
d:\metin2 server files\mainline\kraizy updated edition\source\metin2client\effectlib\distribute\effectlib.pch
d:\metin2 server files\mainline\kraizy updated edition\source\metin2client\effectlib\distribute\effectlib.pdb
d:\metin2 server files\mainline\kraizy updated edition\source\metin2client\effectlib\distribute\effectlib.lib
d:\metin2 server files\mainline\kraizy updated edition\source\metin2client\effectlib\distribute\effectlib.tlog\cl.command.1.tlog
d:\metin2 server files\mainline\kraizy updated edition\source\metin2client\effectlib\distribute\effectlib.tlog\cl.read.1.tlog
d:\metin2 server files\mainline\kraizy updated edition\source\metin2client\effectlib\distribute\effectlib.tlog\cl.write.1.tlog
d:\metin2 server files\mainline\kraizy updated edition\source\metin2client\effectlib\distribute\effectlib.tlog\lib-link.read.1.tlog
d:\metin2 server files\mainline\kraizy updated edition\source\metin2client\effectlib\distribute\effectlib.tlog\lib-link.write.1.tlog
d:\metin2 server files\mainline\kraizy updated edition\source\metin2client\effectlib\distribute\effectlib.tlog\lib.command.1.tlog
