d:\metin2 server files\mainline\kraizy updated edition\client\source\metin2client\etergrnlib\release\etergrnlib.pch
d:\metin2 server files\mainline\kraizy updated edition\client\source\metin2client\etergrnlib\release\etergrnlib.pdb
d:\metin2 server files\mainline\kraizy updated edition\client\source\metin2client\etergrnlib\release\stdafx.obj
d:\metin2 server files\mainline\kraizy updated edition\client\source\metin2client\etergrnlib\release\model.obj
d:\metin2 server files\mainline\kraizy updated edition\client\source\metin2client\etergrnlib\release\motion.obj
d:\metin2 server files\mainline\kraizy updated edition\client\source\metin2client\etergrnlib\release\modelinstancecollisiondetection.obj
d:\metin2 server files\mainline\kraizy updated edition\client\source\metin2client\etergrnlib\release\util.obj
d:\metin2 server files\mainline\kraizy updated edition\client\source\metin2client\etergrnlib\release\modelinstance.obj
d:\metin2 server files\mainline\kraizy updated edition\client\source\metin2client\etergrnlib\release\modelinstanceupdate.obj
d:\metin2 server files\mainline\kraizy updated edition\client\source\metin2client\etergrnlib\release\lodcontroller.obj
d:\metin2 server files\mainline\kraizy updated edition\client\source\metin2client\etergrnlib\release\thing.obj
d:\metin2 server files\mainline\kraizy updated edition\client\source\metin2client\etergrnlib\release\modelinstancemodel.obj
d:\metin2 server files\mainline\kraizy updated edition\client\source\metin2client\etergrnlib\release\thinginstance.obj
d:\metin2 server files\mainline\kraizy updated edition\client\source\metin2client\etergrnlib\release\mesh.obj
d:\metin2 server files\mainline\kraizy updated edition\client\source\metin2client\etergrnlib\release\modelinstancerender.obj
d:\metin2 server files\mainline\kraizy updated edition\client\source\metin2client\etergrnlib\release\material.obj
d:\metin2 server files\mainline\kraizy updated edition\client\source\metin2client\etergrnlib\release\modelinstancemotion.obj
d:\metin2 server files\mainline\kraizy updated edition\client\source\metin2client\etergrnlib\release\etergrnlib.lib
d:\metin2 server files\mainline\kraizy updated edition\client\source\metin2client\etergrnlib\release\etergrnlib.tlog\cl.command.1.tlog
d:\metin2 server files\mainline\kraizy updated edition\client\source\metin2client\etergrnlib\release\etergrnlib.tlog\cl.read.1.tlog
d:\metin2 server files\mainline\kraizy updated edition\client\source\metin2client\etergrnlib\release\etergrnlib.tlog\cl.write.1.tlog
d:\metin2 server files\mainline\kraizy updated edition\client\source\metin2client\etergrnlib\release\etergrnlib.tlog\lib-link.read.1.tlog
d:\metin2 server files\mainline\kraizy updated edition\client\source\metin2client\etergrnlib\release\etergrnlib.tlog\lib-link.write.1.tlog
d:\metin2 server files\mainline\kraizy updated edition\client\source\metin2client\etergrnlib\release\etergrnlib.tlog\lib.command.1.tlog
