d:\metin2 server files\mainline\kraizy updated edition\source\metin2client\eterpack\debug\eterpack.bsc
d:\metin2 server files\mainline\kraizy updated edition\source\metin2client\eterpack\debug\eterpack.pch
d:\metin2 server files\mainline\kraizy updated edition\source\metin2client\eterpack\debug\eterpack.pdb
d:\metin2 server files\mainline\kraizy updated edition\source\metin2client\eterpack\debug\stdafx.sbr
d:\metin2 server files\mainline\kraizy updated edition\source\metin2client\eterpack\debug\stdafx.obj
d:\metin2 server files\mainline\kraizy updated edition\source\metin2client\eterpack\debug\eterpackcursor.sbr
d:\metin2 server files\mainline\kraizy updated edition\source\metin2client\eterpack\debug\eterpackcursor.obj
d:\metin2 server files\mainline\kraizy updated edition\source\metin2client\eterpack\debug\eterpack.sbr
d:\metin2 server files\mainline\kraizy updated edition\source\metin2client\eterpack\debug\eterpack.obj
d:\metin2 server files\mainline\kraizy updated edition\source\metin2client\eterpack\debug\eterpackmanager.sbr
d:\metin2 server files\mainline\kraizy updated edition\source\metin2client\eterpack\debug\eterpackmanager.obj
d:\metin2 server files\mainline\kraizy updated edition\source\metin2client\eterpack\debug\eterpackpolicy_cshybridcrypt.obj
d:\metin2 server files\mainline\kraizy updated edition\source\metin2client\eterpack\debug\md5.obj
d:\metin2 server files\mainline\kraizy updated edition\source\metin2client\eterpack\debug\eterpack.lib
d:\metin2 server files\mainline\kraizy updated edition\source\metin2client\eterpack\debug\eterpack.tlog\bscmake.command.1.tlog
d:\metin2 server files\mainline\kraizy updated edition\source\metin2client\eterpack\debug\eterpack.tlog\bscmake.read.1.tlog
d:\metin2 server files\mainline\kraizy updated edition\source\metin2client\eterpack\debug\eterpack.tlog\bscmake.write.1.tlog
d:\metin2 server files\mainline\kraizy updated edition\source\metin2client\eterpack\debug\eterpack.tlog\cl.command.1.tlog
d:\metin2 server files\mainline\kraizy updated edition\source\metin2client\eterpack\debug\eterpack.tlog\cl.read.1.tlog
d:\metin2 server files\mainline\kraizy updated edition\source\metin2client\eterpack\debug\eterpack.tlog\cl.write.1.tlog
d:\metin2 server files\mainline\kraizy updated edition\source\metin2client\eterpack\debug\eterpack.tlog\lib-link.read.1.tlog
d:\metin2 server files\mainline\kraizy updated edition\source\metin2client\eterpack\debug\eterpack.tlog\lib-link.write.1.tlog
d:\metin2 server files\mainline\kraizy updated edition\source\metin2client\eterpack\debug\eterpack.tlog\lib.command.1.tlog
