d:\metin2 server files\mainline\src_2014\metin2client\etergrnlib\vtune\etergrnlib.pch
d:\metin2 server files\mainline\src_2014\metin2client\etergrnlib\vtune\etergrnlib.pdb
d:\metin2 server files\mainline\src_2014\metin2client\etergrnlib\vtune\stdafx.obj
d:\metin2 server files\mainline\src_2014\metin2client\etergrnlib\vtune\stdafx.cod
d:\metin2 server files\mainline\src_2014\metin2client\etergrnlib\vtune\util.obj
d:\metin2 server files\mainline\src_2014\metin2client\etergrnlib\vtune\util.cod
d:\metin2 server files\mainline\src_2014\metin2client\etergrnlib\vtune\thinginstance.obj
d:\metin2 server files\mainline\src_2014\metin2client\etergrnlib\vtune\thinginstance.cod
d:\metin2 server files\mainline\src_2014\metin2client\etergrnlib\vtune\thing.obj
d:\metin2 server files\mainline\src_2014\metin2client\etergrnlib\vtune\thing.cod
d:\metin2 server files\mainline\src_2014\metin2client\etergrnlib\vtune\motion.obj
d:\metin2 server files\mainline\src_2014\metin2client\etergrnlib\vtune\motion.cod
d:\metin2 server files\mainline\src_2014\metin2client\etergrnlib\vtune\modelinstanceupdate.obj
d:\metin2 server files\mainline\src_2014\metin2client\etergrnlib\vtune\modelinstanceupdate.cod
d:\metin2 server files\mainline\src_2014\metin2client\etergrnlib\vtune\modelinstancerender.obj
d:\metin2 server files\mainline\src_2014\metin2client\etergrnlib\vtune\modelinstancerender.cod
d:\metin2 server files\mainline\src_2014\metin2client\etergrnlib\vtune\modelinstancemotion.obj
d:\metin2 server files\mainline\src_2014\metin2client\etergrnlib\vtune\modelinstancemotion.cod
d:\metin2 server files\mainline\src_2014\metin2client\etergrnlib\vtune\modelinstancemodel.obj
d:\metin2 server files\mainline\src_2014\metin2client\etergrnlib\vtune\modelinstancemodel.cod
d:\metin2 server files\mainline\src_2014\metin2client\etergrnlib\vtune\modelinstancecollisiondetection.obj
d:\metin2 server files\mainline\src_2014\metin2client\etergrnlib\vtune\modelinstancecollisiondetection.cod
d:\metin2 server files\mainline\src_2014\metin2client\etergrnlib\vtune\modelinstance.obj
d:\metin2 server files\mainline\src_2014\metin2client\etergrnlib\vtune\modelinstance.cod
d:\metin2 server files\mainline\src_2014\metin2client\etergrnlib\vtune\model.obj
d:\metin2 server files\mainline\src_2014\metin2client\etergrnlib\vtune\model.cod
d:\metin2 server files\mainline\src_2014\metin2client\etergrnlib\vtune\mesh.obj
d:\metin2 server files\mainline\src_2014\metin2client\etergrnlib\vtune\mesh.cod
d:\metin2 server files\mainline\src_2014\metin2client\etergrnlib\vtune\material.obj
d:\metin2 server files\mainline\src_2014\metin2client\etergrnlib\vtune\material.cod
d:\metin2 server files\mainline\src_2014\metin2client\etergrnlib\vtune\lodcontroller.obj
d:\metin2 server files\mainline\src_2014\metin2client\etergrnlib\vtune\lodcontroller.cod
d:\metin2 server files\mainline\src_2014\metin2client\etergrnlib\vtune\etergrnlib.lib
d:\metin2 server files\mainline\kraizy updated edition\source\metin2client\etergrnlib\vtune\lodcontroller.obj
d:\metin2 server files\mainline\kraizy updated edition\source\metin2client\etergrnlib\vtune\material.obj
d:\metin2 server files\mainline\kraizy updated edition\source\metin2client\etergrnlib\vtune\mesh.obj
d:\metin2 server files\mainline\kraizy updated edition\source\metin2client\etergrnlib\vtune\model.obj
d:\metin2 server files\mainline\kraizy updated edition\source\metin2client\etergrnlib\vtune\modelinstance.obj
d:\metin2 server files\mainline\kraizy updated edition\source\metin2client\etergrnlib\vtune\modelinstancecollisiondetection.obj
d:\metin2 server files\mainline\kraizy updated edition\source\metin2client\etergrnlib\vtune\modelinstancemodel.obj
d:\metin2 server files\mainline\kraizy updated edition\source\metin2client\etergrnlib\vtune\modelinstancemotion.obj
d:\metin2 server files\mainline\kraizy updated edition\source\metin2client\etergrnlib\vtune\modelinstancerender.obj
d:\metin2 server files\mainline\kraizy updated edition\source\metin2client\etergrnlib\vtune\modelinstanceupdate.obj
d:\metin2 server files\mainline\kraizy updated edition\source\metin2client\etergrnlib\vtune\motion.obj
d:\metin2 server files\mainline\kraizy updated edition\source\metin2client\etergrnlib\vtune\stdafx.obj
d:\metin2 server files\mainline\kraizy updated edition\source\metin2client\etergrnlib\vtune\thing.obj
d:\metin2 server files\mainline\kraizy updated edition\source\metin2client\etergrnlib\vtune\thinginstance.obj
d:\metin2 server files\mainline\kraizy updated edition\source\metin2client\etergrnlib\vtune\util.obj
d:\metin2 server files\mainline\kraizy updated edition\source\metin2client\etergrnlib\vtune\etergrnlib.pch
d:\metin2 server files\mainline\kraizy updated edition\source\metin2client\etergrnlib\vtune\etergrnlib.pdb
d:\metin2 server files\mainline\kraizy updated edition\source\metin2client\etergrnlib\vtune\etergrnlib.lib
d:\metin2 server files\mainline\kraizy updated edition\source\metin2client\etergrnlib\vtune\etergrnlib.tlog\cl.command.1.tlog
d:\metin2 server files\mainline\kraizy updated edition\source\metin2client\etergrnlib\vtune\etergrnlib.tlog\cl.read.1.tlog
d:\metin2 server files\mainline\kraizy updated edition\source\metin2client\etergrnlib\vtune\etergrnlib.tlog\cl.write.1.tlog
d:\metin2 server files\mainline\kraizy updated edition\source\metin2client\etergrnlib\vtune\etergrnlib.tlog\lib-link.read.1.tlog
d:\metin2 server files\mainline\kraizy updated edition\source\metin2client\etergrnlib\vtune\etergrnlib.tlog\lib-link.write.1.tlog
d:\metin2 server files\mainline\kraizy updated edition\source\metin2client\etergrnlib\vtune\etergrnlib.tlog\lib.command.1.tlog
