d:\metin2 server files\mainline\kraizy updated edition\client\source\m2output\releasemetin2projectclientfiles.bsc
d:\metin2 server files\mainline\kraizy updated edition\client\source\metin2client\userinterface\release\userinterface.pch
d:\metin2 server files\mainline\kraizy updated edition\client\source\metin2client\userinterface\release\vc142.pdb
d:\metin2 server files\mainline\kraizy updated edition\client\source\metin2client\userinterface\release\stdafx.sbr
d:\metin2 server files\mainline\kraizy updated edition\client\source\metin2client\userinterface\release\stdafx.obj
d:\metin2 server files\mainline\kraizy updated edition\client\source\metin2client\userinterface\release\instancebasetransform.sbr
d:\metin2 server files\mainline\kraizy updated edition\client\source\metin2client\userinterface\release\instancebasetransform.obj
d:\metin2 server files\mainline\kraizy updated edition\client\source\metin2client\userinterface\release\pythoneventmanager.sbr
d:\metin2 server files\mainline\kraizy updated edition\client\source\metin2client\userinterface\release\pythoneventmanager.obj
d:\metin2 server files\mainline\kraizy updated edition\client\source\metin2client\userinterface\release\pythonplayerinputkeyboard.sbr
d:\metin2 server files\mainline\kraizy updated edition\client\source\metin2client\userinterface\release\pythonplayerinputkeyboard.obj
d:\metin2 server files\mainline\kraizy updated edition\client\source\metin2client\userinterface\release\pythonskill.sbr
d:\metin2 server files\mainline\kraizy updated edition\client\source\metin2client\userinterface\release\pythonskill.obj
d:\metin2 server files\mainline\kraizy updated edition\client\source\metin2client\userinterface\release\processscanner.sbr
d:\metin2 server files\mainline\kraizy updated edition\client\source\metin2client\userinterface\release\processscanner.obj
d:\metin2 server files\mainline\kraizy updated edition\client\source\metin2client\userinterface\release\pythonapplicationcamera.sbr
d:\metin2 server files\mainline\kraizy updated edition\client\source\metin2client\userinterface\release\pythonapplicationcamera.obj
d:\metin2 server files\mainline\kraizy updated edition\client\source\metin2client\userinterface\release\pythonime.sbr
d:\metin2 server files\mainline\kraizy updated edition\client\source\metin2client\userinterface\release\pythonime.obj
d:\metin2 server files\mainline\kraizy updated edition\client\source\metin2client\userinterface\release\pythonimemodule.sbr
d:\metin2 server files\mainline\kraizy updated edition\client\source\metin2client\userinterface\release\pythonimemodule.obj
d:\metin2 server files\mainline\kraizy updated edition\client\source\metin2client\userinterface\release\pythonnetworkstreammodule.sbr
d:\metin2 server files\mainline\kraizy updated edition\client\source\metin2client\userinterface\release\pythonnetworkstreammodule.obj
d:\metin2 server files\mainline\kraizy updated edition\client\source\metin2client\userinterface\release\pythonnetworkstreamphaseloading.sbr
d:\metin2 server files\mainline\kraizy updated edition\client\source\metin2client\userinterface\release\pythonnetworkstreamphaseloading.obj
d:\metin2 server files\mainline\kraizy updated edition\client\source\metin2client\userinterface\release\affectflagcontainer.sbr
d:\metin2 server files\mainline\kraizy updated edition\client\source\metin2client\userinterface\release\affectflagcontainer.obj
d:\metin2 server files\mainline\kraizy updated edition\client\source\metin2client\userinterface\release\cameraprocedure.sbr
d:\metin2 server files\mainline\kraizy updated edition\client\source\metin2client\userinterface\release\cameraprocedure.obj
d:\metin2 server files\mainline\kraizy updated edition\client\source\metin2client\userinterface\release\pythonbackground.sbr
d:\metin2 server files\mainline\kraizy updated edition\client\source\metin2client\userinterface\release\pythonbackground.obj
d:\metin2 server files\mainline\kraizy updated edition\client\source\metin2client\userinterface\release\pythonplayereventhandler.sbr
d:\metin2 server files\mainline\kraizy updated edition\client\source\metin2client\userinterface\release\pythonplayereventhandler.obj
d:\metin2 server files\mainline\kraizy updated edition\client\source\metin2client\userinterface\release\pythonchatmodule.sbr
d:\metin2 server files\mainline\kraizy updated edition\client\source\metin2client\userinterface\release\pythonchatmodule.obj
d:\metin2 server files\mainline\kraizy updated edition\client\source\metin2client\userinterface\release\pythonexchange.sbr
d:\metin2 server files\mainline\kraizy updated edition\client\source\metin2client\userinterface\release\pythonexchange.obj
d:\metin2 server files\mainline\kraizy updated edition\client\source\metin2client\userinterface\release\pythonguild.sbr
d:\metin2 server files\mainline\kraizy updated edition\client\source\metin2client\userinterface\release\pythonguild.obj
d:\metin2 server files\mainline\kraizy updated edition\client\source\metin2client\userinterface\release\pythontexttailmodule.sbr
d:\metin2 server files\mainline\kraizy updated edition\client\source\metin2client\userinterface\release\pythontexttailmodule.obj
d:\metin2 server files\mainline\kraizy updated edition\client\source\metin2client\userinterface\release\pythonapplicationlogo.sbr
d:\metin2 server files\mainline\kraizy updated edition\client\source\metin2client\userinterface\release\pythonapplicationlogo.obj
d:\metin2 server files\mainline\kraizy updated edition\client\source\metin2client\userinterface\release\guildmarkuploader.sbr
d:\metin2 server files\mainline\kraizy updated edition\client\source\metin2client\userinterface\release\guildmarkuploader.obj
d:\metin2 server files\mainline\kraizy updated edition\client\source\metin2client\userinterface\release\accountconnector.sbr
d:\metin2 server files\mainline\kraizy updated edition\client\source\metin2client\userinterface\release\accountconnector.obj
d:\metin2 server files\mainline\kraizy updated edition\client\source\metin2client\userinterface\release\pythonnetworkstreamphasegame.sbr
d:\metin2 server files\mainline\kraizy updated edition\client\source\metin2client\userinterface\release\pythonnetworkstreamphasegame.obj
d:\metin2 server files\mainline\kraizy updated edition\client\source\metin2client\userinterface\release\instancebasemotion.sbr
d:\metin2 server files\mainline\kraizy updated edition\client\source\metin2client\userinterface\release\instancebasemotion.obj
d:\metin2 server files\mainline\kraizy updated edition\client\source\metin2client\userinterface\release\pythoncharactermanager.sbr
d:\metin2 server files\mainline\kraizy updated edition\client\source\metin2client\userinterface\release\pythoncharactermanager.obj
d:\metin2 server files\mainline\kraizy updated edition\client\source\metin2client\userinterface\release\pythonnonplayermodule.sbr
d:\metin2 server files\mainline\kraizy updated edition\client\source\metin2client\userinterface\release\pythonnonplayermodule.obj
d:\metin2 server files\mainline\kraizy updated edition\client\source\metin2client\userinterface\release\pythonplayermodule.sbr
d:\metin2 server files\mainline\kraizy updated edition\client\source\metin2client\userinterface\release\pythonplayermodule.obj
d:\metin2 server files\mainline\kraizy updated edition\client\source\metin2client\userinterface\release\pythonapplication.sbr
d:\metin2 server files\mainline\kraizy updated edition\client\source\metin2client\userinterface\release\pythonapplication.obj
d:\metin2 server files\mainline\kraizy updated edition\client\source\metin2client\userinterface\release\pythonprofilermodule.sbr
d:\metin2 server files\mainline\kraizy updated edition\client\source\metin2client\userinterface\release\pythonprofilermodule.obj
d:\metin2 server files\mainline\kraizy updated edition\client\source\metin2client\userinterface\release\pythonsoundmanagermodule.sbr
d:\metin2 server files\mainline\kraizy updated edition\client\source\metin2client\userinterface\release\pythonsoundmanagermodule.obj
d:\metin2 server files\mainline\kraizy updated edition\client\source\metin2client\userinterface\release\pythonexceptionsender.sbr
d:\metin2 server files\mainline\kraizy updated edition\client\source\metin2client\userinterface\release\pythonexceptionsender.obj
d:\metin2 server files\mainline\kraizy updated edition\client\source\metin2client\userinterface\release\pythonnetworkstream.sbr
d:\metin2 server files\mainline\kraizy updated edition\client\source\metin2client\userinterface\release\pythonnetworkstream.obj
d:\metin2 server files\mainline\kraizy updated edition\client\source\metin2client\userinterface\release\pythonnetworkstreamphaselogin.sbr
d:\metin2 server files\mainline\kraizy updated edition\client\source\metin2client\userinterface\release\pythonnetworkstreamphaselogin.obj
d:\metin2 server files\mainline\kraizy updated edition\client\source\metin2client\userinterface\release\serverstatecheckermodule.sbr
d:\metin2 server files\mainline\kraizy updated edition\client\source\metin2client\userinterface\release\serverstatecheckermodule.obj
d:\metin2 server files\mainline\kraizy updated edition\client\source\metin2client\userinterface\release\gametype.sbr
d:\metin2 server files\mainline\kraizy updated edition\client\source\metin2client\userinterface\release\gametype.obj
d:\metin2 server files\mainline\kraizy updated edition\client\source\metin2client\userinterface\release\userinterface.sbr
d:\metin2 server files\mainline\kraizy updated edition\client\source\metin2client\userinterface\release\userinterface.obj
d:\metin2 server files\mainline\kraizy updated edition\client\source\metin2client\userinterface\release\instancebasebattle.sbr
d:\metin2 server files\mainline\kraizy updated edition\client\source\metin2client\userinterface\release\instancebasebattle.obj
d:\metin2 server files\mainline\kraizy updated edition\client\source\metin2client\userinterface\release\pythoncharactermodule.sbr
d:\metin2 server files\mainline\kraizy updated edition\client\source\metin2client\userinterface\release\pythoncharactermodule.obj
d:\metin2 server files\mainline\kraizy updated edition\client\source\metin2client\userinterface\release\pythonitem.sbr
d:\metin2 server files\mainline\kraizy updated edition\client\source\metin2client\userinterface\release\pythonitem.obj
d:\metin2 server files\mainline\kraizy updated edition\client\source\metin2client\userinterface\release\pythonplayerskill.sbr
d:\metin2 server files\mainline\kraizy updated edition\client\source\metin2client\userinterface\release\pythonplayerskill.obj
d:\metin2 server files\mainline\kraizy updated edition\client\source\metin2client\userinterface\release\pythonminimapmodule.sbr
d:\metin2 server files\mainline\kraizy updated edition\client\source\metin2client\userinterface\release\pythonminimapmodule.obj
d:\metin2 server files\mainline\kraizy updated edition\client\source\metin2client\userinterface\release\pythonapplicationcursor.sbr
d:\metin2 server files\mainline\kraizy updated edition\client\source\metin2client\userinterface\release\pythonapplicationcursor.obj
d:\metin2 server files\mainline\kraizy updated edition\client\source\metin2client\userinterface\release\pythonsystemmodule.sbr
d:\metin2 server files\mainline\kraizy updated edition\client\source\metin2client\userinterface\release\pythonsystemmodule.obj
d:\metin2 server files\mainline\kraizy updated edition\client\source\metin2client\userinterface\release\guildmarkdownloader.sbr
d:\metin2 server files\mainline\kraizy updated edition\client\source\metin2client\userinterface\release\guildmarkdownloader.obj
d:\metin2 server files\mainline\kraizy updated edition\client\source\metin2client\userinterface\release\processcrc.sbr
d:\metin2 server files\mainline\kraizy updated edition\client\source\metin2client\userinterface\release\processcrc.obj
d:\metin2 server files\mainline\kraizy updated edition\client\source\metin2client\userinterface\release\pythonnetworkdatagrammodule.sbr
d:\metin2 server files\mainline\kraizy updated edition\client\source\metin2client\userinterface\release\pythonnetworkdatagrammodule.obj
d:\metin2 server files\mainline\kraizy updated edition\client\source\metin2client\userinterface\release\pythonnetworkstreamevent.sbr
d:\metin2 server files\mainline\kraizy updated edition\client\source\metin2client\userinterface\release\pythonnetworkstreamevent.obj
d:\metin2 server files\mainline\kraizy updated edition\client\source\metin2client\userinterface\release\pythonnetworkstreamphasehandshake.sbr
d:\metin2 server files\mainline\kraizy updated edition\client\source\metin2client\userinterface\release\pythonnetworkstreamphasehandshake.obj
d:\metin2 server files\mainline\kraizy updated edition\client\source\metin2client\userinterface\release\instancebase.sbr
d:\metin2 server files\mainline\kraizy updated edition\client\source\metin2client\userinterface\release\instancebase.obj
d:\metin2 server files\mainline\kraizy updated edition\client\source\metin2client\userinterface\release\pythongameeventmanagermodule.sbr
d:\metin2 server files\mainline\kraizy updated edition\client\source\metin2client\userinterface\release\pythongameeventmanagermodule.obj
d:\metin2 server files\mainline\kraizy updated edition\client\source\metin2client\userinterface\release\pythonplayerinput.sbr
d:\metin2 server files\mainline\kraizy updated edition\client\source\metin2client\userinterface\release\pythonplayerinput.obj
d:\metin2 server files\mainline\kraizy updated edition\client\source\metin2client\userinterface\release\pythonflymodule.sbr
d:\metin2 server files\mainline\kraizy updated edition\client\source\metin2client\userinterface\release\pythonflymodule.obj
d:\metin2 server files\mainline\kraizy updated edition\client\source\metin2client\userinterface\release\pythonmessenger.sbr
d:\metin2 server files\mainline\kraizy updated edition\client\source\metin2client\userinterface\release\pythonmessenger.obj
d:\metin2 server files\mainline\kraizy updated edition\client\source\metin2client\userinterface\release\pythonsafebox.sbr
d:\metin2 server files\mainline\kraizy updated edition\client\source\metin2client\userinterface\release\pythonsafebox.obj
d:\metin2 server files\mainline\kraizy updated edition\client\source\metin2client\userinterface\release\pythontexttail.sbr
d:\metin2 server files\mainline\kraizy updated edition\client\source\metin2client\userinterface\release\pythontexttail.obj
d:\metin2 server files\mainline\kraizy updated edition\client\source\metin2client\userinterface\release\pythonapplicationprocedure.sbr
d:\metin2 server files\mainline\kraizy updated edition\client\source\metin2client\userinterface\release\pythonapplicationprocedure.obj
d:\metin2 server files\mainline\kraizy updated edition\client\source\metin2client\userinterface\release\markimage.sbr
d:\metin2 server files\mainline\kraizy updated edition\client\source\metin2client\userinterface\release\markimage.obj
d:\metin2 server files\mainline\kraizy updated edition\client\source\metin2client\userinterface\release\markmanager.sbr
d:\metin2 server files\mainline\kraizy updated edition\client\source\metin2client\userinterface\release\markmanager.obj
d:\metin2 server files\mainline\kraizy updated edition\client\source\metin2client\userinterface\release\insultchecker.sbr
d:\metin2 server files\mainline\kraizy updated edition\client\source\metin2client\userinterface\release\insultchecker.obj
d:\metin2 server files\mainline\kraizy updated edition\client\source\metin2client\userinterface\release\networkactormanager.sbr
d:\metin2 server files\mainline\kraizy updated edition\client\source\metin2client\userinterface\release\networkactormanager.obj
d:\metin2 server files\mainline\kraizy updated edition\client\source\metin2client\userinterface\release\pythonnetworkstreamphasegameitem.sbr
d:\metin2 server files\mainline\kraizy updated edition\client\source\metin2client\userinterface\release\pythonnetworkstreamphasegameitem.obj
d:\metin2 server files\mainline\kraizy updated edition\client\source\metin2client\userinterface\release\pythonnetworkstreamphaseoffline.sbr
d:\metin2 server files\mainline\kraizy updated edition\client\source\metin2client\userinterface\release\pythonnetworkstreamphaseoffline.obj
d:\metin2 server files\mainline\kraizy updated edition\client\source\metin2client\userinterface\release\instancebaseevent.sbr
d:\metin2 server files\mainline\kraizy updated edition\client\source\metin2client\userinterface\release\instancebaseevent.obj
d:\metin2 server files\mainline\kraizy updated edition\client\source\metin2client\userinterface\release\pythonbackgroundmodule.sbr
d:\metin2 server files\mainline\kraizy updated edition\client\source\metin2client\userinterface\release\pythonbackgroundmodule.obj
d:\metin2 server files\mainline\kraizy updated edition\client\source\metin2client\userinterface\release\pythoneffectmodule.sbr
d:\metin2 server files\mainline\kraizy updated edition\client\source\metin2client\userinterface\release\pythoneffectmodule.obj
d:\metin2 server files\mainline\kraizy updated edition\client\source\metin2client\userinterface\release\pythonnonplayer.sbr
d:\metin2 server files\mainline\kraizy updated edition\client\source\metin2client\userinterface\release\pythonnonplayer.obj
d:\metin2 server files\mainline\kraizy updated edition\client\source\metin2client\userinterface\release\pythonquest.sbr
d:\metin2 server files\mainline\kraizy updated edition\client\source\metin2client\userinterface\release\pythonquest.obj
d:\metin2 server files\mainline\kraizy updated edition\client\source\metin2client\userinterface\release\pythonchat.sbr
d:\metin2 server files\mainline\kraizy updated edition\client\source\metin2client\userinterface\release\pythonchat.obj
d:\metin2 server files\mainline\kraizy updated edition\client\source\metin2client\userinterface\release\pythonshop.sbr
d:\metin2 server files\mainline\kraizy updated edition\client\source\metin2client\userinterface\release\pythonshop.obj
d:\metin2 server files\mainline\kraizy updated edition\client\source\metin2client\userinterface\release\pythonapplicationevent.sbr
d:\metin2 server files\mainline\kraizy updated edition\client\source\metin2client\userinterface\release\pythonapplicationevent.obj
d:\metin2 server files\mainline\kraizy updated edition\client\source\metin2client\userinterface\release\pythonsystem.sbr
d:\metin2 server files\mainline\kraizy updated edition\client\source\metin2client\userinterface\release\pythonsystem.obj
d:\metin2 server files\mainline\kraizy updated edition\client\source\metin2client\userinterface\release\pythonnetworkstreamphasegameactor.sbr
d:\metin2 server files\mainline\kraizy updated edition\client\source\metin2client\userinterface\release\pythonnetworkstreamphasegameactor.obj
d:\metin2 server files\mainline\kraizy updated edition\client\source\metin2client\userinterface\release\instancebaseeffect.sbr
d:\metin2 server files\mainline\kraizy updated edition\client\source\metin2client\userinterface\release\instancebaseeffect.obj
d:\metin2 server files\mainline\kraizy updated edition\client\source\metin2client\userinterface\release\pythoncharactermanagermodule.sbr
d:\metin2 server files\mainline\kraizy updated edition\client\source\metin2client\userinterface\release\pythoncharactermanagermodule.obj
d:\metin2 server files\mainline\kraizy updated edition\client\source\metin2client\userinterface\release\pythonplayer.sbr
d:\metin2 server files\mainline\kraizy updated edition\client\source\metin2client\userinterface\release\pythonplayer.obj
d:\metin2 server files\mainline\kraizy updated edition\client\source\metin2client\userinterface\release\pythonexchangemodule.sbr
d:\metin2 server files\mainline\kraizy updated edition\client\source\metin2client\userinterface\release\pythonexchangemodule.obj
d:\metin2 server files\mainline\kraizy updated edition\client\source\metin2client\userinterface\release\pythonminimap.sbr
d:\metin2 server files\mainline\kraizy updated edition\client\source\metin2client\userinterface\release\pythonminimap.obj
d:\metin2 server files\mainline\kraizy updated edition\client\source\metin2client\userinterface\release\pythonapplicationwebpage.sbr
d:\metin2 server files\mainline\kraizy updated edition\client\source\metin2client\userinterface\release\pythonapplicationwebpage.obj
d:\metin2 server files\mainline\kraizy updated edition\client\source\metin2client\userinterface\release\pythonnetworkdatagram.sbr
d:\metin2 server files\mainline\kraizy updated edition\client\source\metin2client\userinterface\release\pythonnetworkdatagram.obj
d:\metin2 server files\mainline\kraizy updated edition\client\source\metin2client\userinterface\release\pythonnetworkstreamcommand.sbr
d:\metin2 server files\mainline\kraizy updated edition\client\source\metin2client\userinterface\release\pythonnetworkstreamcommand.obj
d:\metin2 server files\mainline\kraizy updated edition\client\source\metin2client\userinterface\release\pythonnetworkstreamphaseselect.sbr
d:\metin2 server files\mainline\kraizy updated edition\client\source\metin2client\userinterface\release\pythonnetworkstreamphaseselect.obj
d:\metin2 server files\mainline\kraizy updated edition\client\source\metin2client\userinterface\release\checklatestfiles.sbr
d:\metin2 server files\mainline\kraizy updated edition\client\source\metin2client\userinterface\release\checklatestfiles.obj
d:\metin2 server files\mainline\kraizy updated edition\client\source\metin2client\userinterface\release\hackshield.sbr
d:\metin2 server files\mainline\kraizy updated edition\client\source\metin2client\userinterface\release\hackshield.obj
d:\metin2 server files\mainline\kraizy updated edition\client\source\metin2client\userinterface\release\nprotectgameguard.sbr
d:\metin2 server files\mainline\kraizy updated edition\client\source\metin2client\userinterface\release\nprotectgameguard.obj
d:\metin2 server files\mainline\kraizy updated edition\client\source\metin2client\userinterface\release\wiselogicxtrap.sbr
d:\metin2 server files\mainline\kraizy updated edition\client\source\metin2client\userinterface\release\wiselogicxtrap.obj
d:\metin2 server files\mainline\kraizy updated edition\client\source\metin2client\userinterface\release\instancebasemovement.sbr
d:\metin2 server files\mainline\kraizy updated edition\client\source\metin2client\userinterface\release\instancebasemovement.obj
d:\metin2 server files\mainline\kraizy updated edition\client\source\metin2client\userinterface\release\pythoneventmanagermoudle.sbr
d:\metin2 server files\mainline\kraizy updated edition\client\source\metin2client\userinterface\release\pythoneventmanagermoudle.obj
d:\metin2 server files\mainline\kraizy updated edition\client\source\metin2client\userinterface\release\pythonitemmodule.sbr
d:\metin2 server files\mainline\kraizy updated edition\client\source\metin2client\userinterface\release\pythonitemmodule.obj
d:\metin2 server files\mainline\kraizy updated edition\client\source\metin2client\userinterface\release\pythonplayerinputmouse.sbr
d:\metin2 server files\mainline\kraizy updated edition\client\source\metin2client\userinterface\release\pythonplayerinputmouse.obj
d:\metin2 server files\mainline\kraizy updated edition\client\source\metin2client\userinterface\release\pythonpackmodule.sbr
d:\metin2 server files\mainline\kraizy updated edition\client\source\metin2client\userinterface\release\pythonpackmodule.obj
d:\metin2 server files\mainline\kraizy updated edition\client\source\metin2client\userinterface\release\pythonapplicationmodule.sbr
d:\metin2 server files\mainline\kraizy updated edition\client\source\metin2client\userinterface\release\pythonapplicationmodule.obj
d:\metin2 server files\mainline\kraizy updated edition\client\source\metin2client\userinterface\release\locale.sbr
d:\metin2 server files\mainline\kraizy updated edition\client\source\metin2client\userinterface\release\locale.obj
d:\metin2 server files\mainline\kraizy updated edition\client\source\metin2client\userinterface\release\serverstatechecker.sbr
d:\metin2 server files\mainline\kraizy updated edition\client\source\metin2client\userinterface\release\serverstatechecker.obj
d:\metin2 server files\mainline\kraizy updated edition\client\source\metin2client\userinterface\release\movieman.sbr
d:\metin2 server files\mainline\kraizy updated edition\client\source\metin2client\userinterface\release\movieman.obj
d:\metin2 server files\mainline\kraizy updated edition\client\source\m2output\releasemetin2projectclientfiles.exe
d:\metin2 server files\mainline\kraizy updated edition\client\source\metin2client\userinterface\release\metin2.map
d:\metin2 server files\mainline\kraizy updated edition\client\source\m2output\releasemetin2projectclientfiles.pdb
d:\metin2 server files\mainline\kraizy updated edition\client\source\metin2client\userinterface\release\userinterface.res
d:\metin2 server files\mainline\kraizy updated edition\client\source\metin2client\userinterface\release\userinterface.tlog\bscmake.command.1.tlog
d:\metin2 server files\mainline\kraizy updated edition\client\source\metin2client\userinterface\release\userinterface.tlog\bscmake.read.1.tlog
d:\metin2 server files\mainline\kraizy updated edition\client\source\metin2client\userinterface\release\userinterface.tlog\bscmake.write.1.tlog
d:\metin2 server files\mainline\kraizy updated edition\client\source\metin2client\userinterface\release\userinterface.tlog\cl.command.1.tlog
d:\metin2 server files\mainline\kraizy updated edition\client\source\metin2client\userinterface\release\userinterface.tlog\cl.read.1.tlog
d:\metin2 server files\mainline\kraizy updated edition\client\source\metin2client\userinterface\release\userinterface.tlog\cl.write.1.tlog
d:\metin2 server files\mainline\kraizy updated edition\client\source\metin2client\userinterface\release\userinterface.tlog\link.command.1.tlog
d:\metin2 server files\mainline\kraizy updated edition\client\source\metin2client\userinterface\release\userinterface.tlog\link.read.1.tlog
d:\metin2 server files\mainline\kraizy updated edition\client\source\metin2client\userinterface\release\userinterface.tlog\link.write.1.tlog
d:\metin2 server files\mainline\kraizy updated edition\client\source\metin2client\userinterface\release\userinterface.tlog\rc.command.1.tlog
d:\metin2 server files\mainline\kraizy updated edition\client\source\metin2client\userinterface\release\userinterface.tlog\rc.read.1.tlog
d:\metin2 server files\mainline\kraizy updated edition\client\source\metin2client\userinterface\release\userinterface.tlog\rc.write.1.tlog
