d:\metin2 server files\mainline\kraizy updated edition\source\metin2client\eterbase\debug\poly.obj
d:\metin2 server files\mainline\kraizy updated edition\source\metin2client\eterbase\debug\filedir.obj
d:\metin2 server files\mainline\kraizy updated edition\source\metin2client\eterbase\debug\stl.obj
d:\metin2 server files\mainline\kraizy updated edition\source\metin2client\eterbase\debug\cpostit.obj
d:\metin2 server files\mainline\kraizy updated edition\source\metin2client\eterbase\debug\lzo.obj
d:\metin2 server files\mainline\kraizy updated edition\source\metin2client\eterbase\debug\symtable.obj
d:\metin2 server files\mainline\kraizy updated edition\source\metin2client\eterbase\debug\error.obj
d:\metin2 server files\mainline\kraizy updated edition\source\metin2client\eterbase\debug\stdafx.obj
d:\metin2 server files\mainline\kraizy updated edition\source\metin2client\eterbase\debug\timer.obj
d:\metin2 server files\mainline\kraizy updated edition\source\metin2client\eterbase\debug\crc32.obj
d:\metin2 server files\mainline\kraizy updated edition\source\metin2client\eterbase\debug\random.obj
d:\metin2 server files\mainline\kraizy updated edition\source\metin2client\eterbase\debug\symbol.obj
d:\metin2 server files\mainline\kraizy updated edition\source\metin2client\eterbase\debug\mappedfile.obj
d:\metin2 server files\mainline\kraizy updated edition\source\metin2client\eterbase\debug\tempfile.obj
d:\metin2 server files\mainline\kraizy updated edition\source\metin2client\eterbase\debug\debug.obj
d:\metin2 server files\mainline\kraizy updated edition\source\metin2client\eterbase\debug\fileloader.obj
d:\metin2 server files\mainline\kraizy updated edition\source\metin2client\eterbase\debug\base.obj
d:\metin2 server files\mainline\kraizy updated edition\source\metin2client\eterbase\debug\filebase.obj
d:\metin2 server files\mainline\kraizy updated edition\source\metin2client\eterbase\debug\tea.obj
d:\metin2 server files\mainline\kraizy updated edition\source\metin2client\eterbase\debug\cipher.obj
d:\metin2 server files\mainline\kraizy updated edition\source\metin2client\eterbase\debug\utils.obj
d:\metin2 server files\mainline\kraizy updated edition\source\metin2client\eterbase\debug\eterbase.pdb
d:\metin2 server files\mainline\kraizy updated edition\source\metin2client\eterbase\debug\eterbase.lib
d:\metin2 server files\mainline\kraizy updated edition\source\metin2client\eterbase\debug\eterbase.tlog\cl.13364.write.1.tlog
d:\metin2 server files\mainline\kraizy updated edition\source\metin2client\eterbase\debug\eterbase.tlog\cl.command.1.tlog
d:\metin2 server files\mainline\kraizy updated edition\source\metin2client\eterbase\debug\eterbase.tlog\cl.read.1.tlog
d:\metin2 server files\mainline\kraizy updated edition\source\metin2client\eterbase\debug\eterbase.tlog\lib-link.read.1.tlog
d:\metin2 server files\mainline\kraizy updated edition\source\metin2client\eterbase\debug\eterbase.tlog\lib-link.write.1.tlog
d:\metin2 server files\mainline\kraizy updated edition\source\metin2client\eterbase\debug\eterbase.tlog\lib.command.1.tlog
