d:\metin2 server files\mainline\kraizy updated edition\source\metin2client\effectlib\debug\effectlib.bsc
d:\metin2 server files\mainline\kraizy updated edition\source\metin2client\effectlib\debug\effectlib.pch
d:\metin2 server files\mainline\kraizy updated edition\source\metin2client\effectlib\debug\effectlib.pdb
d:\metin2 server files\mainline\kraizy updated edition\source\metin2client\effectlib\debug\stdafx.sbr
d:\metin2 server files\mainline\kraizy updated edition\source\metin2client\effectlib\debug\stdafx.obj
d:\metin2 server files\mainline\kraizy updated edition\source\metin2client\effectlib\debug\effectdata.sbr
d:\metin2 server files\mainline\kraizy updated edition\source\metin2client\effectlib\debug\effectdata.obj
d:\metin2 server files\mainline\kraizy updated edition\source\metin2client\effectlib\debug\framecontroller.sbr
d:\metin2 server files\mainline\kraizy updated edition\source\metin2client\effectlib\debug\framecontroller.obj
d:\metin2 server files\mainline\kraizy updated edition\source\metin2client\effectlib\debug\particlesystemdata.sbr
d:\metin2 server files\mainline\kraizy updated edition\source\metin2client\effectlib\debug\particlesystemdata.obj
d:\metin2 server files\mainline\kraizy updated edition\source\metin2client\effectlib\debug\effectmeshinstance.sbr
d:\metin2 server files\mainline\kraizy updated edition\source\metin2client\effectlib\debug\effectmeshinstance.obj
d:\metin2 server files\mainline\kraizy updated edition\source\metin2client\effectlib\debug\simplelightdata.sbr
d:\metin2 server files\mainline\kraizy updated edition\source\metin2client\effectlib\debug\simplelightdata.obj
d:\metin2 server files\mainline\kraizy updated edition\source\metin2client\effectlib\debug\effectelementbase.sbr
d:\metin2 server files\mainline\kraizy updated edition\source\metin2client\effectlib\debug\effectelementbase.obj
d:\metin2 server files\mainline\kraizy updated edition\source\metin2client\effectlib\debug\particleinstance.sbr
d:\metin2 server files\mainline\kraizy updated edition\source\metin2client\effectlib\debug\particleinstance.obj
d:\metin2 server files\mainline\kraizy updated edition\source\metin2client\effectlib\debug\effectelementbaseinstance.sbr
d:\metin2 server files\mainline\kraizy updated edition\source\metin2client\effectlib\debug\effectelementbaseinstance.obj
d:\metin2 server files\mainline\kraizy updated edition\source\metin2client\effectlib\debug\emitterproperty.sbr
d:\metin2 server files\mainline\kraizy updated edition\source\metin2client\effectlib\debug\emitterproperty.obj
d:\metin2 server files\mainline\kraizy updated edition\source\metin2client\effectlib\debug\particleproperty.sbr
d:\metin2 server files\mainline\kraizy updated edition\source\metin2client\effectlib\debug\particleproperty.obj
d:\metin2 server files\mainline\kraizy updated edition\source\metin2client\effectlib\debug\type.sbr
d:\metin2 server files\mainline\kraizy updated edition\source\metin2client\effectlib\debug\type.obj
d:\metin2 server files\mainline\kraizy updated edition\source\metin2client\effectlib\debug\effectmanager.sbr
d:\metin2 server files\mainline\kraizy updated edition\source\metin2client\effectlib\debug\effectmanager.obj
d:\metin2 server files\mainline\kraizy updated edition\source\metin2client\effectlib\debug\effectupdatedecorator.sbr
d:\metin2 server files\mainline\kraizy updated edition\source\metin2client\effectlib\debug\effectupdatedecorator.obj
d:\metin2 server files\mainline\kraizy updated edition\source\metin2client\effectlib\debug\particlesysteminstance.sbr
d:\metin2 server files\mainline\kraizy updated edition\source\metin2client\effectlib\debug\particlesysteminstance.obj
d:\metin2 server files\mainline\kraizy updated edition\source\metin2client\effectlib\debug\effectinstance.sbr
d:\metin2 server files\mainline\kraizy updated edition\source\metin2client\effectlib\debug\effectinstance.obj
d:\metin2 server files\mainline\kraizy updated edition\source\metin2client\effectlib\debug\simplelightinstance.sbr
d:\metin2 server files\mainline\kraizy updated edition\source\metin2client\effectlib\debug\simplelightinstance.obj
d:\metin2 server files\mainline\kraizy updated edition\source\metin2client\effectlib\debug\effectmesh.sbr
d:\metin2 server files\mainline\kraizy updated edition\source\metin2client\effectlib\debug\effectmesh.obj
d:\metin2 server files\mainline\kraizy updated edition\source\metin2client\effectlib\debug\effectlib.lib
d:\metin2 server files\mainline\kraizy updated edition\source\metin2client\effectlib\debug\effectlib.tlog\bscmake.command.1.tlog
d:\metin2 server files\mainline\kraizy updated edition\source\metin2client\effectlib\debug\effectlib.tlog\bscmake.read.1.tlog
d:\metin2 server files\mainline\kraizy updated edition\source\metin2client\effectlib\debug\effectlib.tlog\bscmake.write.1.tlog
d:\metin2 server files\mainline\kraizy updated edition\source\metin2client\effectlib\debug\effectlib.tlog\cl.command.1.tlog
d:\metin2 server files\mainline\kraizy updated edition\source\metin2client\effectlib\debug\effectlib.tlog\cl.read.1.tlog
d:\metin2 server files\mainline\kraizy updated edition\source\metin2client\effectlib\debug\effectlib.tlog\cl.write.1.tlog
d:\metin2 server files\mainline\kraizy updated edition\source\metin2client\effectlib\debug\effectlib.tlog\lib-link.read.1.tlog
d:\metin2 server files\mainline\kraizy updated edition\source\metin2client\effectlib\debug\effectlib.tlog\lib-link.write.1.tlog
d:\metin2 server files\mainline\kraizy updated edition\source\metin2client\effectlib\debug\effectlib.tlog\lib.command.1.tlog
