d:\metin2 server files\mainline\src_2014\metin2client\eterlib\vtune\eterlib.pch
d:\metin2 server files\mainline\src_2014\metin2client\eterlib\vtune\eterlib.pdb
d:\metin2 server files\mainline\src_2014\metin2client\eterlib\vtune\stdafx.obj
d:\metin2 server files\mainline\src_2014\metin2client\eterlib\vtune\stdafx.cod
d:\metin2 server files\mainline\src_2014\metin2client\eterlib\vtune\grpvertexbuffer.obj
d:\metin2 server files\mainline\src_2014\metin2client\eterlib\vtune\grpvertexbuffer.cod
d:\metin2 server files\mainline\src_2014\metin2client\eterlib\vtune\grpshadowtexture.obj
d:\metin2 server files\mainline\src_2014\metin2client\eterlib\vtune\grpshadowtexture.cod
d:\metin2 server files\mainline\src_2014\metin2client\eterlib\vtune\grpratioinstance.obj
d:\metin2 server files\mainline\src_2014\metin2client\eterlib\vtune\grpratioinstance.cod
d:\metin2 server files\mainline\src_2014\metin2client\eterlib\vtune\grppixelshader.obj
d:\metin2 server files\mainline\src_2014\metin2client\eterlib\vtune\grppixelshader.cod
d:\metin2 server files\mainline\src_2014\metin2client\eterlib\vtune\grpobjectinstance.obj
d:\metin2 server files\mainline\src_2014\metin2client\eterlib\vtune\grpobjectinstance.cod
d:\metin2 server files\mainline\src_2014\metin2client\eterlib\vtune\grplightmanager.obj
d:\metin2 server files\mainline\src_2014\metin2client\eterlib\vtune\grplightmanager.cod
d:\metin2 server files\mainline\src_2014\metin2client\eterlib\vtune\grpindexbuffer.obj
d:\metin2 server files\mainline\src_2014\metin2client\eterlib\vtune\grpindexbuffer.cod
d:\metin2 server files\mainline\src_2014\metin2client\eterlib\vtune\grpdib.obj
d:\metin2 server files\mainline\src_2014\metin2client\eterlib\vtune\grpdib.cod
d:\metin2 server files\mainline\src_2014\metin2client\eterlib\vtune\grpd3dxbuffer.obj
d:\metin2 server files\mainline\src_2014\metin2client\eterlib\vtune\grpd3dxbuffer.cod
d:\metin2 server files\mainline\src_2014\metin2client\eterlib\vtune\grpcolorinstance.obj
d:\metin2 server files\mainline\src_2014\metin2client\eterlib\vtune\grpcolorinstance.cod
d:\metin2 server files\mainline\src_2014\metin2client\eterlib\vtune\grpcolor.obj
d:\metin2 server files\mainline\src_2014\metin2client\eterlib\vtune\grpcolor.cod
d:\metin2 server files\mainline\src_2014\metin2client\eterlib\vtune\grpcollisionobject.obj
d:\metin2 server files\mainline\src_2014\metin2client\eterlib\vtune\grpcollisionobject.cod
d:\metin2 server files\mainline\src_2014\metin2client\eterlib\vtune\fileloaderthread.obj
d:\metin2 server files\mainline\src_2014\metin2client\eterlib\vtune\fileloaderthread.cod
d:\metin2 server files\mainline\src_2014\metin2client\eterlib\vtune\environmentmap.obj
d:\metin2 server files\mainline\src_2014\metin2client\eterlib\vtune\environmentmap.cod
d:\metin2 server files\mainline\src_2014\metin2client\eterlib\vtune\decal.obj
d:\metin2 server files\mainline\src_2014\metin2client\eterlib\vtune\decal.cod
d:\metin2 server files\mainline\src_2014\metin2client\eterlib\vtune\colortransitionhelper.obj
d:\metin2 server files\mainline\src_2014\metin2client\eterlib\vtune\colortransitionhelper.cod
d:\metin2 server files\mainline\src_2014\metin2client\eterlib\vtune\collisiondata.obj
d:\metin2 server files\mainline\src_2014\metin2client\eterlib\vtune\collisiondata.cod
d:\metin2 server files\mainline\src_2014\metin2client\eterlib\vtune\camera.obj
d:\metin2 server files\mainline\src_2014\metin2client\eterlib\vtune\camera.cod
d:\metin2 server files\mainline\src_2014\metin2client\eterlib\vtune\attributeinstance.obj
d:\metin2 server files\mainline\src_2014\metin2client\eterlib\vtune\attributeinstance.cod
d:\metin2 server files\mainline\src_2014\metin2client\eterlib\vtune\attributedata.obj
d:\metin2 server files\mainline\src_2014\metin2client\eterlib\vtune\attributedata.cod
d:\metin2 server files\mainline\src_2014\metin2client\eterlib\vtune\grpdetector.obj
d:\metin2 server files\mainline\src_2014\metin2client\eterlib\vtune\grpdetector.cod
d:\metin2 server files\mainline\src_2014\metin2client\eterlib\vtune\grpbase.obj
d:\metin2 server files\mainline\src_2014\metin2client\eterlib\vtune\grpbase.cod
d:\metin2 server files\mainline\src_2014\metin2client\eterlib\vtune\cullingmanager.obj
d:\metin2 server files\mainline\src_2014\metin2client\eterlib\vtune\cullingmanager.cod
d:\metin2 server files\mainline\src_2014\metin2client\eterlib\vtune\util.obj
d:\metin2 server files\mainline\src_2014\metin2client\eterlib\vtune\util.cod
d:\metin2 server files\mainline\src_2014\metin2client\eterlib\vtune\thread.obj
d:\metin2 server files\mainline\src_2014\metin2client\eterlib\vtune\thread.cod
d:\metin2 server files\mainline\src_2014\metin2client\eterlib\vtune\targaresource.obj
d:\metin2 server files\mainline\src_2014\metin2client\eterlib\vtune\targaresource.cod
d:\metin2 server files\mainline\src_2014\metin2client\eterlib\vtune\skybox.obj
d:\metin2 server files\mainline\src_2014\metin2client\eterlib\vtune\skybox.cod
d:\metin2 server files\mainline\src_2014\metin2client\eterlib\vtune\screenfilter.obj
d:\metin2 server files\mainline\src_2014\metin2client\eterlib\vtune\screenfilter.cod
d:\metin2 server files\mainline\src_2014\metin2client\eterlib\vtune\referenceobject.obj
d:\metin2 server files\mainline\src_2014\metin2client\eterlib\vtune\referenceobject.cod
d:\metin2 server files\mainline\src_2014\metin2client\eterlib\vtune\pathstack.obj
d:\metin2 server files\mainline\src_2014\metin2client\eterlib\vtune\pathstack.cod
d:\metin2 server files\mainline\src_2014\metin2client\eterlib\vtune\parser.obj
d:\metin2 server files\mainline\src_2014\metin2client\eterlib\vtune\parser.cod
d:\metin2 server files\mainline\src_2014\metin2client\eterlib\vtune\mutex.obj
d:\metin2 server files\mainline\src_2014\metin2client\eterlib\vtune\mutex.cod
d:\metin2 server files\mainline\src_2014\metin2client\eterlib\vtune\mswindow.obj
d:\metin2 server files\mainline\src_2014\metin2client\eterlib\vtune\mswindow.cod
d:\metin2 server files\mainline\src_2014\metin2client\eterlib\vtune\msapplication.obj
d:\metin2 server files\mainline\src_2014\metin2client\eterlib\vtune\msapplication.cod
d:\metin2 server files\mainline\src_2014\metin2client\eterlib\vtune\lineintersect_utils.obj
d:\metin2 server files\mainline\src_2014\metin2client\eterlib\vtune\lineintersect_utils.cod
d:\metin2 server files\mainline\src_2014\metin2client\eterlib\vtune\lensflare.obj
d:\metin2 server files\mainline\src_2014\metin2client\eterlib\vtune\lensflare.cod
d:\metin2 server files\mainline\src_2014\metin2client\eterlib\vtune\input.obj
d:\metin2 server files\mainline\src_2014\metin2client\eterlib\vtune\input.cod
d:\metin2 server files\mainline\src_2014\metin2client\eterlib\vtune\grpvertexshader.obj
d:\metin2 server files\mainline\src_2014\metin2client\eterlib\vtune\grpvertexshader.cod
d:\metin2 server files\mainline\src_2014\metin2client\eterlib\vtune\grpvertexbufferstatic.obj
d:\metin2 server files\mainline\src_2014\metin2client\eterlib\vtune\grpvertexbufferstatic.cod
d:\metin2 server files\mainline\src_2014\metin2client\eterlib\vtune\grpvertexbufferdynamic.obj
d:\metin2 server files\mainline\src_2014\metin2client\eterlib\vtune\grpvertexbufferdynamic.cod
d:\metin2 server files\mainline\src_2014\metin2client\eterlib\vtune\netpacketheadermap.obj
d:\metin2 server files\mainline\src_2014\metin2client\eterlib\vtune\netpacketheadermap.cod
d:\metin2 server files\mainline\src_2014\metin2client\eterlib\vtune\netdevice.obj
d:\metin2 server files\mainline\src_2014\metin2client\eterlib\vtune\netdevice.cod
d:\metin2 server files\mainline\src_2014\metin2client\eterlib\vtune\netdatagramsender.obj
d:\metin2 server files\mainline\src_2014\metin2client\eterlib\vtune\netdatagramsender.cod
d:\metin2 server files\mainline\src_2014\metin2client\eterlib\vtune\netdatagramreceiver.obj
d:\metin2 server files\mainline\src_2014\metin2client\eterlib\vtune\netdatagramreceiver.cod
d:\metin2 server files\mainline\src_2014\metin2client\eterlib\vtune\netdatagram.obj
d:\metin2 server files\mainline\src_2014\metin2client\eterlib\vtune\netdatagram.cod
d:\metin2 server files\mainline\src_2014\metin2client\eterlib\vtune\netaddress.obj
d:\metin2 server files\mainline\src_2014\metin2client\eterlib\vtune\netaddress.cod
d:\metin2 server files\mainline\src_2014\metin2client\eterlib\vtune\grptexture.obj
d:\metin2 server files\mainline\src_2014\metin2client\eterlib\vtune\grptexture.cod
d:\metin2 server files\mainline\src_2014\metin2client\eterlib\vtune\grpsubimage.obj
d:\metin2 server files\mainline\src_2014\metin2client\eterlib\vtune\grpsubimage.cod
d:\metin2 server files\mainline\src_2014\metin2client\eterlib\vtune\grpmarkinstance.obj
d:\metin2 server files\mainline\src_2014\metin2client\eterlib\vtune\grpmarkinstance.cod
d:\metin2 server files\mainline\src_2014\metin2client\eterlib\vtune\grpimagetexture.obj
d:\metin2 server files\mainline\src_2014\metin2client\eterlib\vtune\grpimagetexture.cod
d:\metin2 server files\mainline\src_2014\metin2client\eterlib\vtune\grpimageinstance.obj
d:\metin2 server files\mainline\src_2014\metin2client\eterlib\vtune\grpimageinstance.cod
d:\metin2 server files\mainline\src_2014\metin2client\eterlib\vtune\grpimage.obj
d:\metin2 server files\mainline\src_2014\metin2client\eterlib\vtune\grpimage.cod
d:\metin2 server files\mainline\src_2014\metin2client\eterlib\vtune\grpexpandedimageinstance.obj
d:\metin2 server files\mainline\src_2014\metin2client\eterlib\vtune\grpexpandedimageinstance.cod
d:\metin2 server files\mainline\src_2014\metin2client\eterlib\vtune\resourcemanager.obj
d:\metin2 server files\mainline\src_2014\metin2client\eterlib\vtune\resourcemanager.cod
d:\metin2 server files\mainline\src_2014\metin2client\eterlib\vtune\resource.obj
d:\metin2 server files\mainline\src_2014\metin2client\eterlib\vtune\resource.cod
d:\metin2 server files\mainline\src_2014\metin2client\eterlib\vtune\statemanager.obj
d:\metin2 server files\mainline\src_2014\metin2client\eterlib\vtune\statemanager.cod
d:\metin2 server files\mainline\src_2014\metin2client\eterlib\vtune\jpegfile.obj
d:\metin2 server files\mainline\src_2014\metin2client\eterlib\vtune\jpegfile.cod
d:\metin2 server files\mainline\src_2014\metin2client\eterlib\vtune\grpscreen.obj
d:\metin2 server files\mainline\src_2014\metin2client\eterlib\vtune\grpscreen.cod
d:\metin2 server files\mainline\src_2014\metin2client\eterlib\vtune\grpmath.obj
d:\metin2 server files\mainline\src_2014\metin2client\eterlib\vtune\grpmath.cod
d:\metin2 server files\mainline\src_2014\metin2client\eterlib\vtune\grpdevice.obj
d:\metin2 server files\mainline\src_2014\metin2client\eterlib\vtune\grpdevice.cod
d:\metin2 server files\mainline\src_2014\metin2client\eterlib\vtune\textfileloader.obj
d:\metin2 server files\mainline\src_2014\metin2client\eterlib\vtune\textfileloader.cod
d:\metin2 server files\mainline\src_2014\metin2client\eterlib\vtune\ime.obj
d:\metin2 server files\mainline\src_2014\metin2client\eterlib\vtune\ime.cod
d:\metin2 server files\mainline\src_2014\metin2client\eterlib\vtune\textbar.obj
d:\metin2 server files\mainline\src_2014\metin2client\eterlib\vtune\textbar.cod
d:\metin2 server files\mainline\src_2014\metin2client\eterlib\vtune\dibbar.obj
d:\metin2 server files\mainline\src_2014\metin2client\eterlib\vtune\dibbar.cod
d:\metin2 server files\mainline\src_2014\metin2client\eterlib\vtune\blocktexture.obj
d:\metin2 server files\mainline\src_2014\metin2client\eterlib\vtune\blocktexture.cod
d:\metin2 server files\mainline\src_2014\metin2client\eterlib\vtune\texttag.obj
d:\metin2 server files\mainline\src_2014\metin2client\eterlib\vtune\texttag.cod
d:\metin2 server files\mainline\src_2014\metin2client\eterlib\vtune\grptextinstance.obj
d:\metin2 server files\mainline\src_2014\metin2client\eterlib\vtune\grptextinstance.cod
d:\metin2 server files\mainline\src_2014\metin2client\eterlib\vtune\grptext.obj
d:\metin2 server files\mainline\src_2014\metin2client\eterlib\vtune\grptext.cod
d:\metin2 server files\mainline\src_2014\metin2client\eterlib\vtune\grpfonttexture.obj
d:\metin2 server files\mainline\src_2014\metin2client\eterlib\vtune\grpfonttexture.cod
d:\metin2 server files\mainline\src_2014\metin2client\eterlib\vtune\netstream.obj
d:\metin2 server files\mainline\src_2014\metin2client\eterlib\vtune\netstream.cod
d:\metin2 server files\mainline\src_2014\metin2client\eterlib\vtune\eterlib.lib
d:\metin2 server files\mainline\kraizy updated edition\source\metin2client\eterlib\vtune\attributedata.obj
d:\metin2 server files\mainline\kraizy updated edition\source\metin2client\eterlib\vtune\attributeinstance.obj
d:\metin2 server files\mainline\kraizy updated edition\source\metin2client\eterlib\vtune\blocktexture.obj
d:\metin2 server files\mainline\kraizy updated edition\source\metin2client\eterlib\vtune\camera.obj
d:\metin2 server files\mainline\kraizy updated edition\source\metin2client\eterlib\vtune\collisiondata.obj
d:\metin2 server files\mainline\kraizy updated edition\source\metin2client\eterlib\vtune\colortransitionhelper.obj
d:\metin2 server files\mainline\kraizy updated edition\source\metin2client\eterlib\vtune\cullingmanager.obj
d:\metin2 server files\mainline\kraizy updated edition\source\metin2client\eterlib\vtune\decal.obj
d:\metin2 server files\mainline\kraizy updated edition\source\metin2client\eterlib\vtune\dibbar.obj
d:\metin2 server files\mainline\kraizy updated edition\source\metin2client\eterlib\vtune\environmentmap.obj
d:\metin2 server files\mainline\kraizy updated edition\source\metin2client\eterlib\vtune\fileloaderthread.obj
d:\metin2 server files\mainline\kraizy updated edition\source\metin2client\eterlib\vtune\grpbase.obj
d:\metin2 server files\mainline\kraizy updated edition\source\metin2client\eterlib\vtune\grpcollisionobject.obj
d:\metin2 server files\mainline\kraizy updated edition\source\metin2client\eterlib\vtune\grpcolor.obj
d:\metin2 server files\mainline\kraizy updated edition\source\metin2client\eterlib\vtune\grpcolorinstance.obj
d:\metin2 server files\mainline\kraizy updated edition\source\metin2client\eterlib\vtune\grpd3dxbuffer.obj
d:\metin2 server files\mainline\kraizy updated edition\source\metin2client\eterlib\vtune\grpdetector.obj
d:\metin2 server files\mainline\kraizy updated edition\source\metin2client\eterlib\vtune\grpdevice.obj
d:\metin2 server files\mainline\kraizy updated edition\source\metin2client\eterlib\vtune\grpdib.obj
d:\metin2 server files\mainline\kraizy updated edition\source\metin2client\eterlib\vtune\grpexpandedimageinstance.obj
d:\metin2 server files\mainline\kraizy updated edition\source\metin2client\eterlib\vtune\grpfonttexture.obj
d:\metin2 server files\mainline\kraizy updated edition\source\metin2client\eterlib\vtune\grpimage.obj
d:\metin2 server files\mainline\kraizy updated edition\source\metin2client\eterlib\vtune\grpimageinstance.obj
d:\metin2 server files\mainline\kraizy updated edition\source\metin2client\eterlib\vtune\grpimagetexture.obj
d:\metin2 server files\mainline\kraizy updated edition\source\metin2client\eterlib\vtune\grpindexbuffer.obj
d:\metin2 server files\mainline\kraizy updated edition\source\metin2client\eterlib\vtune\grplightmanager.obj
d:\metin2 server files\mainline\kraizy updated edition\source\metin2client\eterlib\vtune\grpmarkinstance.obj
d:\metin2 server files\mainline\kraizy updated edition\source\metin2client\eterlib\vtune\grpmath.obj
d:\metin2 server files\mainline\kraizy updated edition\source\metin2client\eterlib\vtune\grpobjectinstance.obj
d:\metin2 server files\mainline\kraizy updated edition\source\metin2client\eterlib\vtune\grppixelshader.obj
d:\metin2 server files\mainline\kraizy updated edition\source\metin2client\eterlib\vtune\grpratioinstance.obj
d:\metin2 server files\mainline\kraizy updated edition\source\metin2client\eterlib\vtune\grpscreen.obj
d:\metin2 server files\mainline\kraizy updated edition\source\metin2client\eterlib\vtune\grpshadowtexture.obj
d:\metin2 server files\mainline\kraizy updated edition\source\metin2client\eterlib\vtune\grpsubimage.obj
d:\metin2 server files\mainline\kraizy updated edition\source\metin2client\eterlib\vtune\grptext.obj
d:\metin2 server files\mainline\kraizy updated edition\source\metin2client\eterlib\vtune\grptextinstance.obj
d:\metin2 server files\mainline\kraizy updated edition\source\metin2client\eterlib\vtune\grptexture.obj
d:\metin2 server files\mainline\kraizy updated edition\source\metin2client\eterlib\vtune\grpvertexbuffer.obj
d:\metin2 server files\mainline\kraizy updated edition\source\metin2client\eterlib\vtune\grpvertexbufferdynamic.obj
d:\metin2 server files\mainline\kraizy updated edition\source\metin2client\eterlib\vtune\grpvertexbufferstatic.obj
d:\metin2 server files\mainline\kraizy updated edition\source\metin2client\eterlib\vtune\grpvertexshader.obj
d:\metin2 server files\mainline\kraizy updated edition\source\metin2client\eterlib\vtune\ime.obj
d:\metin2 server files\mainline\kraizy updated edition\source\metin2client\eterlib\vtune\input.obj
d:\metin2 server files\mainline\kraizy updated edition\source\metin2client\eterlib\vtune\jpegfile.obj
d:\metin2 server files\mainline\kraizy updated edition\source\metin2client\eterlib\vtune\lensflare.obj
d:\metin2 server files\mainline\kraizy updated edition\source\metin2client\eterlib\vtune\lineintersect_utils.obj
d:\metin2 server files\mainline\kraizy updated edition\source\metin2client\eterlib\vtune\msapplication.obj
d:\metin2 server files\mainline\kraizy updated edition\source\metin2client\eterlib\vtune\mswindow.obj
d:\metin2 server files\mainline\kraizy updated edition\source\metin2client\eterlib\vtune\mutex.obj
d:\metin2 server files\mainline\kraizy updated edition\source\metin2client\eterlib\vtune\netaddress.obj
d:\metin2 server files\mainline\kraizy updated edition\source\metin2client\eterlib\vtune\netdatagram.obj
d:\metin2 server files\mainline\kraizy updated edition\source\metin2client\eterlib\vtune\netdatagramreceiver.obj
d:\metin2 server files\mainline\kraizy updated edition\source\metin2client\eterlib\vtune\netdatagramsender.obj
d:\metin2 server files\mainline\kraizy updated edition\source\metin2client\eterlib\vtune\netdevice.obj
d:\metin2 server files\mainline\kraizy updated edition\source\metin2client\eterlib\vtune\netpacketheadermap.obj
d:\metin2 server files\mainline\kraizy updated edition\source\metin2client\eterlib\vtune\netstream.obj
d:\metin2 server files\mainline\kraizy updated edition\source\metin2client\eterlib\vtune\parser.obj
d:\metin2 server files\mainline\kraizy updated edition\source\metin2client\eterlib\vtune\pathstack.obj
d:\metin2 server files\mainline\kraizy updated edition\source\metin2client\eterlib\vtune\referenceobject.obj
d:\metin2 server files\mainline\kraizy updated edition\source\metin2client\eterlib\vtune\resource.obj
d:\metin2 server files\mainline\kraizy updated edition\source\metin2client\eterlib\vtune\resourcemanager.obj
d:\metin2 server files\mainline\kraizy updated edition\source\metin2client\eterlib\vtune\screenfilter.obj
d:\metin2 server files\mainline\kraizy updated edition\source\metin2client\eterlib\vtune\skybox.obj
d:\metin2 server files\mainline\kraizy updated edition\source\metin2client\eterlib\vtune\statemanager.obj
d:\metin2 server files\mainline\kraizy updated edition\source\metin2client\eterlib\vtune\stdafx.obj
d:\metin2 server files\mainline\kraizy updated edition\source\metin2client\eterlib\vtune\targaresource.obj
d:\metin2 server files\mainline\kraizy updated edition\source\metin2client\eterlib\vtune\textbar.obj
d:\metin2 server files\mainline\kraizy updated edition\source\metin2client\eterlib\vtune\textfileloader.obj
d:\metin2 server files\mainline\kraizy updated edition\source\metin2client\eterlib\vtune\texttag.obj
d:\metin2 server files\mainline\kraizy updated edition\source\metin2client\eterlib\vtune\thread.obj
d:\metin2 server files\mainline\kraizy updated edition\source\metin2client\eterlib\vtune\util.obj
d:\metin2 server files\mainline\kraizy updated edition\source\metin2client\eterlib\vtune\eterlib.pch
d:\metin2 server files\mainline\kraizy updated edition\source\metin2client\eterlib\vtune\eterlib.pdb
d:\metin2 server files\mainline\kraizy updated edition\source\metin2client\eterlib\vtune\eterlib.lib
d:\metin2 server files\mainline\kraizy updated edition\source\metin2client\eterlib\vtune\eterlib.tlog\cl.command.1.tlog
d:\metin2 server files\mainline\kraizy updated edition\source\metin2client\eterlib\vtune\eterlib.tlog\cl.read.1.tlog
d:\metin2 server files\mainline\kraizy updated edition\source\metin2client\eterlib\vtune\eterlib.tlog\cl.write.1.tlog
d:\metin2 server files\mainline\kraizy updated edition\source\metin2client\eterlib\vtune\eterlib.tlog\lib-link.read.1.tlog
d:\metin2 server files\mainline\kraizy updated edition\source\metin2client\eterlib\vtune\eterlib.tlog\lib-link.write.1.tlog
d:\metin2 server files\mainline\kraizy updated edition\source\metin2client\eterlib\vtune\eterlib.tlog\lib.command.1.tlog
