d:\metin2 server files\mainline\src_2014\metin2client\eterpack\distribute\eterpack.pdb
d:\metin2 server files\mainline\src_2014\metin2client\eterpack\distribute\stdafx.obj
d:\metin2 server files\mainline\src_2014\metin2client\eterpack\distribute\stdafx.cod
d:\metin2 server files\mainline\src_2014\metin2client\eterpack\distribute\eterpackpolicy_cshybridcrypt.obj
d:\metin2 server files\mainline\src_2014\metin2client\eterpack\distribute\eterpackpolicy_cshybridcrypt.cod
d:\metin2 server files\mainline\src_2014\metin2client\eterpack\distribute\eterpackmanager.obj
d:\metin2 server files\mainline\src_2014\metin2client\eterpack\distribute\eterpackmanager.cod
d:\metin2 server files\mainline\src_2014\metin2client\eterpack\distribute\eterpackcursor.obj
d:\metin2 server files\mainline\src_2014\metin2client\eterpack\distribute\eterpackcursor.cod
d:\metin2 server files\mainline\src_2014\metin2client\eterpack\distribute\eterpack.obj
d:\metin2 server files\mainline\src_2014\metin2client\eterpack\distribute\eterpack.cod
d:\metin2 server files\mainline\src_2014\metin2client\eterpack\distribute\md5.obj
d:\metin2 server files\mainline\src_2014\metin2client\eterpack\distribute\md5.cod
d:\metin2 server files\mainline\src_2014\metin2client\eterpack\distribute\eterpack.lib
d:\metin2 server files\mainline\kraizy updated edition\source\metin2client\eterpack\distribute\eterpack.obj
d:\metin2 server files\mainline\kraizy updated edition\source\metin2client\eterpack\distribute\eterpackcursor.obj
d:\metin2 server files\mainline\kraizy updated edition\source\metin2client\eterpack\distribute\eterpackmanager.obj
d:\metin2 server files\mainline\kraizy updated edition\source\metin2client\eterpack\distribute\eterpackpolicy_cshybridcrypt.obj
d:\metin2 server files\mainline\kraizy updated edition\source\metin2client\eterpack\distribute\md5.obj
d:\metin2 server files\mainline\kraizy updated edition\source\metin2client\eterpack\distribute\stdafx.obj
d:\metin2 server files\mainline\kraizy updated edition\source\metin2client\eterpack\distribute\eterpack.pdb
d:\metin2 server files\mainline\kraizy updated edition\source\metin2client\eterpack\distribute\eterpack.lib
d:\metin2 server files\mainline\kraizy updated edition\source\metin2client\eterpack\distribute\eterpack.tlog\cl.command.1.tlog
d:\metin2 server files\mainline\kraizy updated edition\source\metin2client\eterpack\distribute\eterpack.tlog\cl.read.1.tlog
d:\metin2 server files\mainline\kraizy updated edition\source\metin2client\eterpack\distribute\eterpack.tlog\cl.write.1.tlog
d:\metin2 server files\mainline\kraizy updated edition\source\metin2client\eterpack\distribute\eterpack.tlog\lib-link.read.1.tlog
d:\metin2 server files\mainline\kraizy updated edition\source\metin2client\eterpack\distribute\eterpack.tlog\lib-link.write.1.tlog
d:\metin2 server files\mainline\kraizy updated edition\source\metin2client\eterpack\distribute\eterpack.tlog\lib.command.1.tlog
