d:\metin2 server files\mainline\kraizy updated edition\source\metin2client\eterimagelib\debug\eterimagelib.bsc
d:\metin2 server files\mainline\kraizy updated edition\source\metin2client\eterimagelib\debug\eterimagelib.pch
d:\metin2 server files\mainline\kraizy updated edition\source\metin2client\eterimagelib\debug\eterimagelib.pdb
d:\metin2 server files\mainline\kraizy updated edition\source\metin2client\eterimagelib\debug\stdafx.sbr
d:\metin2 server files\mainline\kraizy updated edition\source\metin2client\eterimagelib\debug\stdafx.obj
d:\metin2 server files\mainline\kraizy updated edition\source\metin2client\eterimagelib\debug\image.sbr
d:\metin2 server files\mainline\kraizy updated edition\source\metin2client\eterimagelib\debug\image.obj
d:\metin2 server files\mainline\kraizy updated edition\source\metin2client\eterimagelib\debug\dxtcimage.sbr
d:\metin2 server files\mainline\kraizy updated edition\source\metin2client\eterimagelib\debug\dxtcimage.obj
d:\metin2 server files\mainline\kraizy updated edition\source\metin2client\eterimagelib\debug\tgaimage.sbr
d:\metin2 server files\mainline\kraizy updated edition\source\metin2client\eterimagelib\debug\tgaimage.obj
d:\metin2 server files\mainline\kraizy updated edition\source\metin2client\eterimagelib\debug\eterimagelib.lib
d:\metin2 server files\mainline\kraizy updated edition\source\metin2client\eterimagelib\debug\eterimagelib.tlog\bscmake.command.1.tlog
d:\metin2 server files\mainline\kraizy updated edition\source\metin2client\eterimagelib\debug\eterimagelib.tlog\bscmake.read.1.tlog
d:\metin2 server files\mainline\kraizy updated edition\source\metin2client\eterimagelib\debug\eterimagelib.tlog\bscmake.write.1.tlog
d:\metin2 server files\mainline\kraizy updated edition\source\metin2client\eterimagelib\debug\eterimagelib.tlog\cl.command.1.tlog
d:\metin2 server files\mainline\kraizy updated edition\source\metin2client\eterimagelib\debug\eterimagelib.tlog\cl.read.1.tlog
d:\metin2 server files\mainline\kraizy updated edition\source\metin2client\eterimagelib\debug\eterimagelib.tlog\cl.write.1.tlog
d:\metin2 server files\mainline\kraizy updated edition\source\metin2client\eterimagelib\debug\eterimagelib.tlog\lib-link.read.1.tlog
d:\metin2 server files\mainline\kraizy updated edition\source\metin2client\eterimagelib\debug\eterimagelib.tlog\lib-link.write.1.tlog
d:\metin2 server files\mainline\kraizy updated edition\source\metin2client\eterimagelib\debug\eterimagelib.tlog\lib.command.1.tlog
