d:\metin2 server files\mainline\kraizy updated edition\source\m2output\debugmetin2projectclientfiles.bsc
d:\metin2 server files\mainline\kraizy updated edition\source\metin2client\userinterface\debug\userinterface.pch
d:\metin2 server files\mainline\kraizy updated edition\source\metin2client\userinterface\debug\vc142.pdb
d:\metin2 server files\mainline\kraizy updated edition\source\metin2client\userinterface\debug\stdafx.sbr
d:\metin2 server files\mainline\kraizy updated edition\source\metin2client\userinterface\debug\stdafx.obj
d:\metin2 server files\mainline\kraizy updated edition\source\metin2client\userinterface\debug\affectflagcontainer.sbr
d:\metin2 server files\mainline\kraizy updated edition\source\metin2client\userinterface\debug\affectflagcontainer.obj
d:\metin2 server files\mainline\kraizy updated edition\source\metin2client\userinterface\debug\cameraprocedure.sbr
d:\metin2 server files\mainline\kraizy updated edition\source\metin2client\userinterface\debug\cameraprocedure.obj
d:\metin2 server files\mainline\kraizy updated edition\source\metin2client\userinterface\debug\pythonbackground.sbr
d:\metin2 server files\mainline\kraizy updated edition\source\metin2client\userinterface\debug\pythonbackground.obj
d:\metin2 server files\mainline\kraizy updated edition\source\metin2client\userinterface\debug\pythonplayerinput.sbr
d:\metin2 server files\mainline\kraizy updated edition\source\metin2client\userinterface\debug\pythonplayerinput.obj
d:\metin2 server files\mainline\kraizy updated edition\source\metin2client\userinterface\debug\pythonminimap.sbr
d:\metin2 server files\mainline\kraizy updated edition\source\metin2client\userinterface\debug\pythonminimap.obj
d:\metin2 server files\mainline\kraizy updated edition\source\metin2client\userinterface\debug\pythonapplicationwebpage.sbr
d:\metin2 server files\mainline\kraizy updated edition\source\metin2client\userinterface\debug\pythonapplicationwebpage.obj
d:\metin2 server files\mainline\kraizy updated edition\source\metin2client\userinterface\debug\networkactormanager.sbr
d:\metin2 server files\mainline\kraizy updated edition\source\metin2client\userinterface\debug\networkactormanager.obj
d:\metin2 server files\mainline\kraizy updated edition\source\metin2client\userinterface\debug\pythonnetworkstreamphasegame.sbr
d:\metin2 server files\mainline\kraizy updated edition\source\metin2client\userinterface\debug\pythonnetworkstreamphasegame.obj
d:\metin2 server files\mainline\kraizy updated edition\source\metin2client\userinterface\debug\instancebaseeffect.sbr
d:\metin2 server files\mainline\kraizy updated edition\source\metin2client\userinterface\debug\instancebaseeffect.obj
d:\metin2 server files\mainline\kraizy updated edition\source\metin2client\userinterface\debug\pythoncharactermanagermodule.sbr
d:\metin2 server files\mainline\kraizy updated edition\source\metin2client\userinterface\debug\pythoncharactermanagermodule.obj
d:\metin2 server files\mainline\kraizy updated edition\source\metin2client\userinterface\debug\pythonnonplayermodule.sbr
d:\metin2 server files\mainline\kraizy updated edition\source\metin2client\userinterface\debug\pythonnonplayermodule.obj
d:\metin2 server files\mainline\kraizy updated edition\source\metin2client\userinterface\debug\pythonplayermodule.sbr
d:\metin2 server files\mainline\kraizy updated edition\source\metin2client\userinterface\debug\pythonplayermodule.obj
d:\metin2 server files\mainline\kraizy updated edition\source\metin2client\userinterface\debug\processscanner.sbr
d:\metin2 server files\mainline\kraizy updated edition\source\metin2client\userinterface\debug\processscanner.obj
d:\metin2 server files\mainline\kraizy updated edition\source\metin2client\userinterface\debug\pythonapplication.sbr
d:\metin2 server files\mainline\kraizy updated edition\source\metin2client\userinterface\debug\pythonapplication.obj
d:\metin2 server files\mainline\kraizy updated edition\source\metin2client\userinterface\debug\pythonprofilermodule.sbr
d:\metin2 server files\mainline\kraizy updated edition\source\metin2client\userinterface\debug\pythonprofilermodule.obj
d:\metin2 server files\mainline\kraizy updated edition\source\metin2client\userinterface\debug\pythonsystem.sbr
d:\metin2 server files\mainline\kraizy updated edition\source\metin2client\userinterface\debug\pythonsystem.obj
d:\metin2 server files\mainline\kraizy updated edition\source\metin2client\userinterface\debug\pythonnetworkstreamphasegameitem.sbr
d:\metin2 server files\mainline\kraizy updated edition\source\metin2client\userinterface\debug\pythonnetworkstreamphasegameitem.obj
d:\metin2 server files\mainline\kraizy updated edition\source\metin2client\userinterface\debug\instancebasemotion.sbr
d:\metin2 server files\mainline\kraizy updated edition\source\metin2client\userinterface\debug\instancebasemotion.obj
d:\metin2 server files\mainline\kraizy updated edition\source\metin2client\userinterface\debug\pythoncharactermanager.sbr
d:\metin2 server files\mainline\kraizy updated edition\source\metin2client\userinterface\debug\pythoncharactermanager.obj
d:\metin2 server files\mainline\kraizy updated edition\source\metin2client\userinterface\debug\pythonplayereventhandler.sbr
d:\metin2 server files\mainline\kraizy updated edition\source\metin2client\userinterface\debug\pythonplayereventhandler.obj
d:\metin2 server files\mainline\kraizy updated edition\source\metin2client\userinterface\debug\pythonchat.sbr
d:\metin2 server files\mainline\kraizy updated edition\source\metin2client\userinterface\debug\pythonchat.obj
d:\metin2 server files\mainline\kraizy updated edition\source\metin2client\userinterface\debug\pythontexttail.sbr
d:\metin2 server files\mainline\kraizy updated edition\source\metin2client\userinterface\debug\pythontexttail.obj
d:\metin2 server files\mainline\kraizy updated edition\source\metin2client\userinterface\debug\pythonapplicationprocedure.sbr
d:\metin2 server files\mainline\kraizy updated edition\source\metin2client\userinterface\debug\pythonapplicationprocedure.obj
d:\metin2 server files\mainline\kraizy updated edition\source\metin2client\userinterface\debug\accountconnector.sbr
d:\metin2 server files\mainline\kraizy updated edition\source\metin2client\userinterface\debug\accountconnector.obj
d:\metin2 server files\mainline\kraizy updated edition\source\metin2client\userinterface\debug\pythonnetworkstreammodule.sbr
d:\metin2 server files\mainline\kraizy updated edition\source\metin2client\userinterface\debug\pythonnetworkstreammodule.obj
d:\metin2 server files\mainline\kraizy updated edition\source\metin2client\userinterface\debug\pythonnetworkstreamphaseloading.sbr
d:\metin2 server files\mainline\kraizy updated edition\source\metin2client\userinterface\debug\pythonnetworkstreamphaseloading.obj
d:\metin2 server files\mainline\kraizy updated edition\source\metin2client\userinterface\debug\instancebase.sbr
d:\metin2 server files\mainline\kraizy updated edition\source\metin2client\userinterface\debug\instancebase.obj
d:\metin2 server files\mainline\kraizy updated edition\source\metin2client\userinterface\debug\pythoneffectmodule.sbr
d:\metin2 server files\mainline\kraizy updated edition\source\metin2client\userinterface\debug\pythoneffectmodule.obj
d:\metin2 server files\mainline\kraizy updated edition\source\metin2client\userinterface\debug\pythonitem.sbr
d:\metin2 server files\mainline\kraizy updated edition\source\metin2client\userinterface\debug\pythonitem.obj
d:\metin2 server files\mainline\kraizy updated edition\source\metin2client\userinterface\debug\pythonplayerskill.sbr
d:\metin2 server files\mainline\kraizy updated edition\source\metin2client\userinterface\debug\pythonplayerskill.obj
d:\metin2 server files\mainline\kraizy updated edition\source\metin2client\userinterface\debug\pythonmessenger.sbr
d:\metin2 server files\mainline\kraizy updated edition\source\metin2client\userinterface\debug\pythonmessenger.obj
d:\metin2 server files\mainline\kraizy updated edition\source\metin2client\userinterface\debug\pythonsafebox.sbr
d:\metin2 server files\mainline\kraizy updated edition\source\metin2client\userinterface\debug\pythonsafebox.obj
d:\metin2 server files\mainline\kraizy updated edition\source\metin2client\userinterface\debug\pythontexttailmodule.sbr
d:\metin2 server files\mainline\kraizy updated edition\source\metin2client\userinterface\debug\pythontexttailmodule.obj
d:\metin2 server files\mainline\kraizy updated edition\source\metin2client\userinterface\debug\pythonapplicationmodule.sbr
d:\metin2 server files\mainline\kraizy updated edition\source\metin2client\userinterface\debug\pythonapplicationmodule.obj
d:\metin2 server files\mainline\kraizy updated edition\source\metin2client\userinterface\debug\pythonsystemmodule.sbr
d:\metin2 server files\mainline\kraizy updated edition\source\metin2client\userinterface\debug\pythonsystemmodule.obj
d:\metin2 server files\mainline\kraizy updated edition\source\metin2client\userinterface\debug\guildmarkuploader.sbr
d:\metin2 server files\mainline\kraizy updated edition\source\metin2client\userinterface\debug\guildmarkuploader.obj
d:\metin2 server files\mainline\kraizy updated edition\source\metin2client\userinterface\debug\markmanager.sbr
d:\metin2 server files\mainline\kraizy updated edition\source\metin2client\userinterface\debug\markmanager.obj
d:\metin2 server files\mainline\kraizy updated edition\source\metin2client\userinterface\debug\insultchecker.sbr
d:\metin2 server files\mainline\kraizy updated edition\source\metin2client\userinterface\debug\insultchecker.obj
d:\metin2 server files\mainline\kraizy updated edition\source\metin2client\userinterface\debug\processcrc.sbr
d:\metin2 server files\mainline\kraizy updated edition\source\metin2client\userinterface\debug\processcrc.obj
d:\metin2 server files\mainline\kraizy updated edition\source\metin2client\userinterface\debug\pythonexceptionsender.sbr
d:\metin2 server files\mainline\kraizy updated edition\source\metin2client\userinterface\debug\pythonexceptionsender.obj
d:\metin2 server files\mainline\kraizy updated edition\source\metin2client\userinterface\debug\pythonnetworkdatagrammodule.sbr
d:\metin2 server files\mainline\kraizy updated edition\source\metin2client\userinterface\debug\pythonnetworkdatagrammodule.obj
d:\metin2 server files\mainline\kraizy updated edition\source\metin2client\userinterface\debug\pythonnetworkstreamcommand.sbr
d:\metin2 server files\mainline\kraizy updated edition\source\metin2client\userinterface\debug\pythonnetworkstreamcommand.obj
d:\metin2 server files\mainline\kraizy updated edition\source\metin2client\userinterface\debug\pythonnetworkstreamphaselogin.sbr
d:\metin2 server files\mainline\kraizy updated edition\source\metin2client\userinterface\debug\pythonnetworkstreamphaselogin.obj
d:\metin2 server files\mainline\kraizy updated edition\source\metin2client\userinterface\debug\serverstatecheckermodule.sbr
d:\metin2 server files\mainline\kraizy updated edition\source\metin2client\userinterface\debug\serverstatecheckermodule.obj
d:\metin2 server files\mainline\kraizy updated edition\source\metin2client\userinterface\debug\checklatestfiles.sbr
d:\metin2 server files\mainline\kraizy updated edition\source\metin2client\userinterface\debug\checklatestfiles.obj
d:\metin2 server files\mainline\kraizy updated edition\source\metin2client\userinterface\debug\hackshield.sbr
d:\metin2 server files\mainline\kraizy updated edition\source\metin2client\userinterface\debug\hackshield.obj
d:\metin2 server files\mainline\kraizy updated edition\source\metin2client\userinterface\debug\nprotectgameguard.sbr
d:\metin2 server files\mainline\kraizy updated edition\source\metin2client\userinterface\debug\nprotectgameguard.obj
d:\metin2 server files\mainline\kraizy updated edition\source\metin2client\userinterface\debug\gametype.sbr
d:\metin2 server files\mainline\kraizy updated edition\source\metin2client\userinterface\debug\gametype.obj
d:\metin2 server files\mainline\kraizy updated edition\source\metin2client\userinterface\debug\userinterface.sbr
d:\metin2 server files\mainline\kraizy updated edition\source\metin2client\userinterface\debug\userinterface.obj
d:\metin2 server files\mainline\kraizy updated edition\source\metin2client\userinterface\debug\instancebasebattle.sbr
d:\metin2 server files\mainline\kraizy updated edition\source\metin2client\userinterface\debug\instancebasebattle.obj
d:\metin2 server files\mainline\kraizy updated edition\source\metin2client\userinterface\debug\pythoneventmanagermoudle.sbr
d:\metin2 server files\mainline\kraizy updated edition\source\metin2client\userinterface\debug\pythoneventmanagermoudle.obj
d:\metin2 server files\mainline\kraizy updated edition\source\metin2client\userinterface\debug\pythonitemmodule.sbr
d:\metin2 server files\mainline\kraizy updated edition\source\metin2client\userinterface\debug\pythonitemmodule.obj
d:\metin2 server files\mainline\kraizy updated edition\source\metin2client\userinterface\debug\pythonplayerinputkeyboard.sbr
d:\metin2 server files\mainline\kraizy updated edition\source\metin2client\userinterface\debug\pythonplayerinputkeyboard.obj
d:\metin2 server files\mainline\kraizy updated edition\source\metin2client\userinterface\debug\pythonskill.sbr
d:\metin2 server files\mainline\kraizy updated edition\source\metin2client\userinterface\debug\pythonskill.obj
d:\metin2 server files\mainline\kraizy updated edition\source\metin2client\userinterface\debug\pythonapplicationcursor.sbr
d:\metin2 server files\mainline\kraizy updated edition\source\metin2client\userinterface\debug\pythonapplicationcursor.obj
d:\metin2 server files\mainline\kraizy updated edition\source\metin2client\userinterface\debug\pythonime.sbr
d:\metin2 server files\mainline\kraizy updated edition\source\metin2client\userinterface\debug\pythonime.obj
d:\metin2 server files\mainline\kraizy updated edition\source\metin2client\userinterface\debug\pythonimemodule.sbr
d:\metin2 server files\mainline\kraizy updated edition\source\metin2client\userinterface\debug\pythonimemodule.obj
d:\metin2 server files\mainline\kraizy updated edition\source\metin2client\userinterface\debug\pythonnetworkstreamevent.sbr
d:\metin2 server files\mainline\kraizy updated edition\source\metin2client\userinterface\debug\pythonnetworkstreamevent.obj
d:\metin2 server files\mainline\kraizy updated edition\source\metin2client\userinterface\debug\pythonnetworkstreamphasegameactor.sbr
d:\metin2 server files\mainline\kraizy updated edition\source\metin2client\userinterface\debug\pythonnetworkstreamphasegameactor.obj
d:\metin2 server files\mainline\kraizy updated edition\source\metin2client\userinterface\debug\instancebasemovement.sbr
d:\metin2 server files\mainline\kraizy updated edition\source\metin2client\userinterface\debug\instancebasemovement.obj
d:\metin2 server files\mainline\kraizy updated edition\source\metin2client\userinterface\debug\pythongameeventmanagermodule.sbr
d:\metin2 server files\mainline\kraizy updated edition\source\metin2client\userinterface\debug\pythongameeventmanagermodule.obj
d:\metin2 server files\mainline\kraizy updated edition\source\metin2client\userinterface\debug\pythonplayer.sbr
d:\metin2 server files\mainline\kraizy updated edition\source\metin2client\userinterface\debug\pythonplayer.obj
d:\metin2 server files\mainline\kraizy updated edition\source\metin2client\userinterface\debug\pythonminimapmodule.sbr
d:\metin2 server files\mainline\kraizy updated edition\source\metin2client\userinterface\debug\pythonminimapmodule.obj
d:\metin2 server files\mainline\kraizy updated edition\source\metin2client\userinterface\debug\pythonapplicationcamera.sbr
d:\metin2 server files\mainline\kraizy updated edition\source\metin2client\userinterface\debug\pythonapplicationcamera.obj
d:\metin2 server files\mainline\kraizy updated edition\source\metin2client\userinterface\debug\pythonsoundmanagermodule.sbr
d:\metin2 server files\mainline\kraizy updated edition\source\metin2client\userinterface\debug\pythonsoundmanagermodule.obj
d:\metin2 server files\mainline\kraizy updated edition\source\metin2client\userinterface\debug\pythonnetworkstreamphasehandshake.sbr
d:\metin2 server files\mainline\kraizy updated edition\source\metin2client\userinterface\debug\pythonnetworkstreamphasehandshake.obj
d:\metin2 server files\mainline\kraizy updated edition\source\metin2client\userinterface\debug\instancebaseevent.sbr
d:\metin2 server files\mainline\kraizy updated edition\source\metin2client\userinterface\debug\instancebaseevent.obj
d:\metin2 server files\mainline\kraizy updated edition\source\metin2client\userinterface\debug\pythonbackgroundmodule.sbr
d:\metin2 server files\mainline\kraizy updated edition\source\metin2client\userinterface\debug\pythonbackgroundmodule.obj
d:\metin2 server files\mainline\kraizy updated edition\source\metin2client\userinterface\debug\pythoneventmanager.sbr
d:\metin2 server files\mainline\kraizy updated edition\source\metin2client\userinterface\debug\pythoneventmanager.obj
d:\metin2 server files\mainline\kraizy updated edition\source\metin2client\userinterface\debug\pythonplayerinputmouse.sbr
d:\metin2 server files\mainline\kraizy updated edition\source\metin2client\userinterface\debug\pythonplayerinputmouse.obj
d:\metin2 server files\mainline\kraizy updated edition\source\metin2client\userinterface\debug\pythonshop.sbr
d:\metin2 server files\mainline\kraizy updated edition\source\metin2client\userinterface\debug\pythonshop.obj
d:\metin2 server files\mainline\kraizy updated edition\source\metin2client\userinterface\debug\pythonapplicationevent.sbr
d:\metin2 server files\mainline\kraizy updated edition\source\metin2client\userinterface\debug\pythonapplicationevent.obj
d:\metin2 server files\mainline\kraizy updated edition\source\metin2client\userinterface\debug\guildmarkdownloader.sbr
d:\metin2 server files\mainline\kraizy updated edition\source\metin2client\userinterface\debug\guildmarkdownloader.obj
d:\metin2 server files\mainline\kraizy updated edition\source\metin2client\userinterface\debug\pythonnetworkdatagram.sbr
d:\metin2 server files\mainline\kraizy updated edition\source\metin2client\userinterface\debug\pythonnetworkdatagram.obj
d:\metin2 server files\mainline\kraizy updated edition\source\metin2client\userinterface\debug\pythonnetworkstream.sbr
d:\metin2 server files\mainline\kraizy updated edition\source\metin2client\userinterface\debug\pythonnetworkstream.obj
d:\metin2 server files\mainline\kraizy updated edition\source\metin2client\userinterface\debug\pythonnetworkstreamphaseselect.sbr
d:\metin2 server files\mainline\kraizy updated edition\source\metin2client\userinterface\debug\pythonnetworkstreamphaseselect.obj
d:\metin2 server files\mainline\kraizy updated edition\source\metin2client\userinterface\debug\serverstatechecker.sbr
d:\metin2 server files\mainline\kraizy updated edition\source\metin2client\userinterface\debug\serverstatechecker.obj
d:\metin2 server files\mainline\kraizy updated edition\source\metin2client\userinterface\debug\wiselogicxtrap.sbr
d:\metin2 server files\mainline\kraizy updated edition\source\metin2client\userinterface\debug\wiselogicxtrap.obj
d:\metin2 server files\mainline\kraizy updated edition\source\metin2client\userinterface\debug\movieman.sbr
d:\metin2 server files\mainline\kraizy updated edition\source\metin2client\userinterface\debug\movieman.obj
d:\metin2 server files\mainline\kraizy updated edition\source\metin2client\userinterface\debug\instancebasetransform.sbr
d:\metin2 server files\mainline\kraizy updated edition\source\metin2client\userinterface\debug\instancebasetransform.obj
d:\metin2 server files\mainline\kraizy updated edition\source\metin2client\userinterface\debug\pythoncharactermodule.sbr
d:\metin2 server files\mainline\kraizy updated edition\source\metin2client\userinterface\debug\pythoncharactermodule.obj
d:\metin2 server files\mainline\kraizy updated edition\source\metin2client\userinterface\debug\pythonnonplayer.sbr
d:\metin2 server files\mainline\kraizy updated edition\source\metin2client\userinterface\debug\pythonnonplayer.obj
d:\metin2 server files\mainline\kraizy updated edition\source\metin2client\userinterface\debug\pythonquest.sbr
d:\metin2 server files\mainline\kraizy updated edition\source\metin2client\userinterface\debug\pythonquest.obj
d:\metin2 server files\mainline\kraizy updated edition\source\metin2client\userinterface\debug\pythonchatmodule.sbr
d:\metin2 server files\mainline\kraizy updated edition\source\metin2client\userinterface\debug\pythonchatmodule.obj
d:\metin2 server files\mainline\kraizy updated edition\source\metin2client\userinterface\debug\pythonexchange.sbr
d:\metin2 server files\mainline\kraizy updated edition\source\metin2client\userinterface\debug\pythonexchange.obj
d:\metin2 server files\mainline\kraizy updated edition\source\metin2client\userinterface\debug\pythonexchangemodule.sbr
d:\metin2 server files\mainline\kraizy updated edition\source\metin2client\userinterface\debug\pythonexchangemodule.obj
d:\metin2 server files\mainline\kraizy updated edition\source\metin2client\userinterface\debug\pythonflymodule.sbr
d:\metin2 server files\mainline\kraizy updated edition\source\metin2client\userinterface\debug\pythonflymodule.obj
d:\metin2 server files\mainline\kraizy updated edition\source\metin2client\userinterface\debug\pythonguild.sbr
d:\metin2 server files\mainline\kraizy updated edition\source\metin2client\userinterface\debug\pythonguild.obj
d:\metin2 server files\mainline\kraizy updated edition\source\metin2client\userinterface\debug\pythonpackmodule.sbr
d:\metin2 server files\mainline\kraizy updated edition\source\metin2client\userinterface\debug\pythonpackmodule.obj
d:\metin2 server files\mainline\kraizy updated edition\source\metin2client\userinterface\debug\pythonapplicationlogo.sbr
d:\metin2 server files\mainline\kraizy updated edition\source\metin2client\userinterface\debug\pythonapplicationlogo.obj
d:\metin2 server files\mainline\kraizy updated edition\source\metin2client\userinterface\debug\markimage.sbr
d:\metin2 server files\mainline\kraizy updated edition\source\metin2client\userinterface\debug\markimage.obj
d:\metin2 server files\mainline\kraizy updated edition\source\metin2client\userinterface\debug\locale.sbr
d:\metin2 server files\mainline\kraizy updated edition\source\metin2client\userinterface\debug\locale.obj
d:\metin2 server files\mainline\kraizy updated edition\source\metin2client\userinterface\debug\pythonnetworkstreamphaseoffline.sbr
d:\metin2 server files\mainline\kraizy updated edition\source\metin2client\userinterface\debug\pythonnetworkstreamphaseoffline.obj
d:\metin2 server files\mainline\kraizy updated edition\source\m2output\debugmetin2projectclientfiles.ilk
d:\metin2 server files\mainline\kraizy updated edition\source\m2output\debugmetin2projectclientfiles.exe
d:\metin2 server files\mainline\kraizy updated edition\source\metin2client\userinterface\debug\debug.pdb
d:\metin2 server files\mainline\kraizy updated edition\source\metin2client\userinterface\debug\userinterface.res
d:\metin2 server files\mainline\kraizy updated edition\source\metin2client\userinterface\debug\userinterface.tlog\bscmake.command.1.tlog
d:\metin2 server files\mainline\kraizy updated edition\source\metin2client\userinterface\debug\userinterface.tlog\bscmake.read.1.tlog
d:\metin2 server files\mainline\kraizy updated edition\source\metin2client\userinterface\debug\userinterface.tlog\bscmake.write.1.tlog
d:\metin2 server files\mainline\kraizy updated edition\source\metin2client\userinterface\debug\userinterface.tlog\cl.command.1.tlog
d:\metin2 server files\mainline\kraizy updated edition\source\metin2client\userinterface\debug\userinterface.tlog\cl.read.1.tlog
d:\metin2 server files\mainline\kraizy updated edition\source\metin2client\userinterface\debug\userinterface.tlog\cl.write.1.tlog
d:\metin2 server files\mainline\kraizy updated edition\source\metin2client\userinterface\debug\userinterface.tlog\link.command.1.tlog
d:\metin2 server files\mainline\kraizy updated edition\source\metin2client\userinterface\debug\userinterface.tlog\link.read.1.tlog
d:\metin2 server files\mainline\kraizy updated edition\source\metin2client\userinterface\debug\userinterface.tlog\link.write.1.tlog
d:\metin2 server files\mainline\kraizy updated edition\source\metin2client\userinterface\debug\userinterface.tlog\rc.command.1.tlog
d:\metin2 server files\mainline\kraizy updated edition\source\metin2client\userinterface\debug\userinterface.tlog\rc.read.1.tlog
d:\metin2 server files\mainline\kraizy updated edition\source\metin2client\userinterface\debug\userinterface.tlog\rc.write.1.tlog
