d:\metin2 server files\mainline\src_2014\metin2client\scriptlib\distribute\scriptlib.pch
d:\metin2 server files\mainline\src_2014\metin2client\scriptlib\distribute\scriptlib.pdb
d:\metin2 server files\mainline\src_2014\metin2client\scriptlib\distribute\stdafx.obj
d:\metin2 server files\mainline\src_2014\metin2client\scriptlib\distribute\stdafx.cod
d:\metin2 server files\mainline\src_2014\metin2client\scriptlib\distribute\resource.obj
d:\metin2 server files\mainline\src_2014\metin2client\scriptlib\distribute\resource.cod
d:\metin2 server files\mainline\src_2014\metin2client\scriptlib\distribute\pythonutils.obj
d:\metin2 server files\mainline\src_2014\metin2client\scriptlib\distribute\pythonutils.cod
d:\metin2 server files\mainline\src_2014\metin2client\scriptlib\distribute\pythonmarshal.obj
d:\metin2 server files\mainline\src_2014\metin2client\scriptlib\distribute\pythonmarshal.cod
d:\metin2 server files\mainline\src_2014\metin2client\scriptlib\distribute\pythonlauncher.obj
d:\metin2 server files\mainline\src_2014\metin2client\scriptlib\distribute\pythonlauncher.cod
d:\metin2 server files\mainline\src_2014\metin2client\scriptlib\distribute\pythondebugmodule.obj
d:\metin2 server files\mainline\src_2014\metin2client\scriptlib\distribute\pythondebugmodule.cod
d:\metin2 server files\mainline\src_2014\metin2client\scriptlib\distribute\scriptlib.lib
d:\metin2 server files\mainline\kraizy updated edition\source\metin2client\scriptlib\distribute\pythondebugmodule.obj
d:\metin2 server files\mainline\kraizy updated edition\source\metin2client\scriptlib\distribute\pythonlauncher.obj
d:\metin2 server files\mainline\kraizy updated edition\source\metin2client\scriptlib\distribute\pythonmarshal.obj
d:\metin2 server files\mainline\kraizy updated edition\source\metin2client\scriptlib\distribute\pythonutils.obj
d:\metin2 server files\mainline\kraizy updated edition\source\metin2client\scriptlib\distribute\resource.obj
d:\metin2 server files\mainline\kraizy updated edition\source\metin2client\scriptlib\distribute\stdafx.obj
d:\metin2 server files\mainline\kraizy updated edition\source\metin2client\scriptlib\distribute\scriptlib.pch
d:\metin2 server files\mainline\kraizy updated edition\source\metin2client\scriptlib\distribute\scriptlib.pdb
d:\metin2 server files\mainline\kraizy updated edition\source\metin2client\scriptlib\distribute\scriptlib.lib
d:\metin2 server files\mainline\kraizy updated edition\source\metin2client\scriptlib\distribute\scriptlib.tlog\cl.command.1.tlog
d:\metin2 server files\mainline\kraizy updated edition\source\metin2client\scriptlib\distribute\scriptlib.tlog\cl.read.1.tlog
d:\metin2 server files\mainline\kraizy updated edition\source\metin2client\scriptlib\distribute\scriptlib.tlog\cl.write.1.tlog
d:\metin2 server files\mainline\kraizy updated edition\source\metin2client\scriptlib\distribute\scriptlib.tlog\lib-link.read.1.tlog
d:\metin2 server files\mainline\kraizy updated edition\source\metin2client\scriptlib\distribute\scriptlib.tlog\lib-link.write.1.tlog
d:\metin2 server files\mainline\kraizy updated edition\source\metin2client\scriptlib\distribute\scriptlib.tlog\lib.command.1.tlog
