d:\metin2 server files\mainline\src_2014\metin2client\mileslib\vtune\mileslib.pch
d:\metin2 server files\mainline\src_2014\metin2client\mileslib\vtune\mileslib.pdb
d:\metin2 server files\mainline\src_2014\metin2client\mileslib\vtune\stdafx.obj
d:\metin2 server files\mainline\src_2014\metin2client\mileslib\vtune\stdafx.cod
d:\metin2 server files\mainline\src_2014\metin2client\mileslib\vtune\type.obj
d:\metin2 server files\mainline\src_2014\metin2client\mileslib\vtune\type.cod
d:\metin2 server files\mainline\src_2014\metin2client\mileslib\vtune\soundmanagerstream.obj
d:\metin2 server files\mainline\src_2014\metin2client\mileslib\vtune\soundmanagerstream.cod
d:\metin2 server files\mainline\src_2014\metin2client\mileslib\vtune\soundmanager3d.obj
d:\metin2 server files\mainline\src_2014\metin2client\mileslib\vtune\soundmanager3d.cod
d:\metin2 server files\mainline\src_2014\metin2client\mileslib\vtune\soundmanager2d.obj
d:\metin2 server files\mainline\src_2014\metin2client\mileslib\vtune\soundmanager2d.cod
d:\metin2 server files\mainline\src_2014\metin2client\mileslib\vtune\soundmanager.obj
d:\metin2 server files\mainline\src_2014\metin2client\mileslib\vtune\soundmanager.cod
d:\metin2 server files\mainline\src_2014\metin2client\mileslib\vtune\soundinstancestream.obj
d:\metin2 server files\mainline\src_2014\metin2client\mileslib\vtune\soundinstancestream.cod
d:\metin2 server files\mainline\src_2014\metin2client\mileslib\vtune\soundinstance3d.obj
d:\metin2 server files\mainline\src_2014\metin2client\mileslib\vtune\soundinstance3d.cod
d:\metin2 server files\mainline\src_2014\metin2client\mileslib\vtune\soundinstance2d.obj
d:\metin2 server files\mainline\src_2014\metin2client\mileslib\vtune\soundinstance2d.cod
d:\metin2 server files\mainline\src_2014\metin2client\mileslib\vtune\sounddata.obj
d:\metin2 server files\mainline\src_2014\metin2client\mileslib\vtune\sounddata.cod
d:\metin2 server files\mainline\src_2014\metin2client\mileslib\vtune\soundbase.obj
d:\metin2 server files\mainline\src_2014\metin2client\mileslib\vtune\soundbase.cod
d:\metin2 server files\mainline\src_2014\metin2client\mileslib\vtune\mileslib.lib
d:\metin2 server files\mainline\kraizy updated edition\source\metin2client\mileslib\vtune\soundbase.obj
d:\metin2 server files\mainline\kraizy updated edition\source\metin2client\mileslib\vtune\sounddata.obj
d:\metin2 server files\mainline\kraizy updated edition\source\metin2client\mileslib\vtune\soundinstance2d.obj
d:\metin2 server files\mainline\kraizy updated edition\source\metin2client\mileslib\vtune\soundinstance3d.obj
d:\metin2 server files\mainline\kraizy updated edition\source\metin2client\mileslib\vtune\soundinstancestream.obj
d:\metin2 server files\mainline\kraizy updated edition\source\metin2client\mileslib\vtune\soundmanager.obj
d:\metin2 server files\mainline\kraizy updated edition\source\metin2client\mileslib\vtune\soundmanager2d.obj
d:\metin2 server files\mainline\kraizy updated edition\source\metin2client\mileslib\vtune\soundmanager3d.obj
d:\metin2 server files\mainline\kraizy updated edition\source\metin2client\mileslib\vtune\soundmanagerstream.obj
d:\metin2 server files\mainline\kraizy updated edition\source\metin2client\mileslib\vtune\stdafx.obj
d:\metin2 server files\mainline\kraizy updated edition\source\metin2client\mileslib\vtune\type.obj
d:\metin2 server files\mainline\kraizy updated edition\source\metin2client\mileslib\vtune\mileslib.pch
d:\metin2 server files\mainline\kraizy updated edition\source\metin2client\mileslib\vtune\mileslib.pdb
d:\metin2 server files\mainline\kraizy updated edition\source\metin2client\mileslib\vtune\mileslib.lib
d:\metin2 server files\mainline\kraizy updated edition\source\metin2client\mileslib\vtune\mileslib.tlog\cl.command.1.tlog
d:\metin2 server files\mainline\kraizy updated edition\source\metin2client\mileslib\vtune\mileslib.tlog\cl.read.1.tlog
d:\metin2 server files\mainline\kraizy updated edition\source\metin2client\mileslib\vtune\mileslib.tlog\cl.write.1.tlog
d:\metin2 server files\mainline\kraizy updated edition\source\metin2client\mileslib\vtune\mileslib.tlog\lib-link.read.1.tlog
d:\metin2 server files\mainline\kraizy updated edition\source\metin2client\mileslib\vtune\mileslib.tlog\lib-link.write.1.tlog
d:\metin2 server files\mainline\kraizy updated edition\source\metin2client\mileslib\vtune\mileslib.tlog\lib.command.1.tlog
