d:\metin2 server files\mainline\kraizy updated edition\source\metin2client\eterlib\debug\eterlib.pch
d:\metin2 server files\mainline\kraizy updated edition\source\metin2client\eterlib\debug\eterlib.pdb
d:\metin2 server files\mainline\kraizy updated edition\source\metin2client\eterlib\debug\stdafx.obj
d:\metin2 server files\mainline\kraizy updated edition\source\metin2client\eterlib\debug\collisiondata.obj
d:\metin2 server files\mainline\kraizy updated edition\source\metin2client\eterlib\debug\grpobjectinstance.obj
d:\metin2 server files\mainline\kraizy updated edition\source\metin2client\eterlib\debug\input.obj
d:\metin2 server files\mainline\kraizy updated edition\source\metin2client\eterlib\debug\mswindow.obj
d:\metin2 server files\mainline\kraizy updated edition\source\metin2client\eterlib\debug\grpscreen.obj
d:\metin2 server files\mainline\kraizy updated edition\source\metin2client\eterlib\debug\grpimageinstance.obj
d:\metin2 server files\mainline\kraizy updated edition\source\metin2client\eterlib\debug\netaddress.obj
d:\metin2 server files\mainline\kraizy updated edition\source\metin2client\eterlib\debug\netdatagramreceiver.obj
d:\metin2 server files\mainline\kraizy updated edition\source\metin2client\eterlib\debug\grpfonttexture.obj
d:\metin2 server files\mainline\kraizy updated edition\source\metin2client\eterlib\debug\camera.obj
d:\metin2 server files\mainline\kraizy updated edition\source\metin2client\eterlib\debug\grpdib.obj
d:\metin2 server files\mainline\kraizy updated edition\source\metin2client\eterlib\debug\grpratioinstance.obj
d:\metin2 server files\mainline\kraizy updated edition\source\metin2client\eterlib\debug\grpvertexbufferstatic.obj
d:\metin2 server files\mainline\kraizy updated edition\source\metin2client\eterlib\debug\msapplication.obj
d:\metin2 server files\mainline\kraizy updated edition\source\metin2client\eterlib\debug\grpbase.obj
d:\metin2 server files\mainline\kraizy updated edition\source\metin2client\eterlib\debug\statemanager.obj
d:\metin2 server files\mainline\kraizy updated edition\source\metin2client\eterlib\debug\grpimagetexture.obj
d:\metin2 server files\mainline\kraizy updated edition\source\metin2client\eterlib\debug\textbar.obj
d:\metin2 server files\mainline\kraizy updated edition\source\metin2client\eterlib\debug\attributeinstance.obj
d:\metin2 server files\mainline\kraizy updated edition\source\metin2client\eterlib\debug\grpindexbuffer.obj
d:\metin2 server files\mainline\kraizy updated edition\source\metin2client\eterlib\debug\lensflare.obj
d:\metin2 server files\mainline\kraizy updated edition\source\metin2client\eterlib\debug\thread.obj
d:\metin2 server files\mainline\kraizy updated edition\source\metin2client\eterlib\debug\cullingmanager.obj
d:\metin2 server files\mainline\kraizy updated edition\source\metin2client\eterlib\debug\jpegfile.obj
d:\metin2 server files\mainline\kraizy updated edition\source\metin2client\eterlib\debug\grpimage.obj
d:\metin2 server files\mainline\kraizy updated edition\source\metin2client\eterlib\debug\grpmarkinstance.obj
d:\metin2 server files\mainline\kraizy updated edition\source\metin2client\eterlib\debug\netdatagram.obj
d:\metin2 server files\mainline\kraizy updated edition\source\metin2client\eterlib\debug\netpacketheadermap.obj
d:\metin2 server files\mainline\kraizy updated edition\source\metin2client\eterlib\debug\blocktexture.obj
d:\metin2 server files\mainline\kraizy updated edition\source\metin2client\eterlib\debug\fileloaderthread.obj
d:\metin2 server files\mainline\kraizy updated edition\source\metin2client\eterlib\debug\grpmath.obj
d:\metin2 server files\mainline\kraizy updated edition\source\metin2client\eterlib\debug\resource.obj
d:\metin2 server files\mainline\kraizy updated edition\source\metin2client\eterlib\debug\netdevice.obj
d:\metin2 server files\mainline\kraizy updated edition\source\metin2client\eterlib\debug\grptext.obj
d:\metin2 server files\mainline\kraizy updated edition\source\metin2client\eterlib\debug\dibbar.obj
d:\metin2 server files\mainline\kraizy updated edition\source\metin2client\eterlib\debug\colortransitionhelper.obj
d:\metin2 server files\mainline\kraizy updated edition\source\metin2client\eterlib\debug\grpcollisionobject.obj
d:\metin2 server files\mainline\kraizy updated edition\source\metin2client\eterlib\debug\grppixelshader.obj
d:\metin2 server files\mainline\kraizy updated edition\source\metin2client\eterlib\debug\grpvertexbufferdynamic.obj
d:\metin2 server files\mainline\kraizy updated edition\source\metin2client\eterlib\debug\lineintersect_utils.obj
d:\metin2 server files\mainline\kraizy updated edition\source\metin2client\eterlib\debug\pathstack.obj
d:\metin2 server files\mainline\kraizy updated edition\source\metin2client\eterlib\debug\grpdetector.obj
d:\metin2 server files\mainline\kraizy updated edition\source\metin2client\eterlib\debug\grpexpandedimageinstance.obj
d:\metin2 server files\mainline\kraizy updated edition\source\metin2client\eterlib\debug\grptexture.obj
d:\metin2 server files\mainline\kraizy updated edition\source\metin2client\eterlib\debug\grptextinstance.obj
d:\metin2 server files\mainline\kraizy updated edition\source\metin2client\eterlib\debug\attributedata.obj
d:\metin2 server files\mainline\kraizy updated edition\source\metin2client\eterlib\debug\grpcolor.obj
d:\metin2 server files\mainline\kraizy updated edition\source\metin2client\eterlib\debug\grplightmanager.obj
d:\metin2 server files\mainline\kraizy updated edition\source\metin2client\eterlib\debug\referenceobject.obj
d:\metin2 server files\mainline\kraizy updated edition\source\metin2client\eterlib\debug\skybox.obj
d:\metin2 server files\mainline\kraizy updated edition\source\metin2client\eterlib\debug\resourcemanager.obj
d:\metin2 server files\mainline\kraizy updated edition\source\metin2client\eterlib\debug\decal.obj
d:\metin2 server files\mainline\kraizy updated edition\source\metin2client\eterlib\debug\grpd3dxbuffer.obj
d:\metin2 server files\mainline\kraizy updated edition\source\metin2client\eterlib\debug\grpvertexshader.obj
d:\metin2 server files\mainline\kraizy updated edition\source\metin2client\eterlib\debug\mutex.obj
d:\metin2 server files\mainline\kraizy updated edition\source\metin2client\eterlib\debug\screenfilter.obj
d:\metin2 server files\mainline\kraizy updated edition\source\metin2client\eterlib\debug\targaresource.obj
d:\metin2 server files\mainline\kraizy updated edition\source\metin2client\eterlib\debug\grpdevice.obj
d:\metin2 server files\mainline\kraizy updated edition\source\metin2client\eterlib\debug\grpsubimage.obj
d:\metin2 server files\mainline\kraizy updated edition\source\metin2client\eterlib\debug\texttag.obj
d:\metin2 server files\mainline\kraizy updated edition\source\metin2client\eterlib\debug\ime.obj
d:\metin2 server files\mainline\kraizy updated edition\source\metin2client\eterlib\debug\environmentmap.obj
d:\metin2 server files\mainline\kraizy updated edition\source\metin2client\eterlib\debug\grpcolorinstance.obj
d:\metin2 server files\mainline\kraizy updated edition\source\metin2client\eterlib\debug\grpshadowtexture.obj
d:\metin2 server files\mainline\kraizy updated edition\source\metin2client\eterlib\debug\grpvertexbuffer.obj
d:\metin2 server files\mainline\kraizy updated edition\source\metin2client\eterlib\debug\parser.obj
d:\metin2 server files\mainline\kraizy updated edition\source\metin2client\eterlib\debug\util.obj
d:\metin2 server files\mainline\kraizy updated edition\source\metin2client\eterlib\debug\netdatagramsender.obj
d:\metin2 server files\mainline\kraizy updated edition\source\metin2client\eterlib\debug\netstream.obj
d:\metin2 server files\mainline\kraizy updated edition\source\metin2client\eterlib\debug\textfileloader.obj
d:\metin2 server files\mainline\kraizy updated edition\source\metin2client\eterlib\debug\eterlib.lib
d:\metin2 server files\mainline\kraizy updated edition\source\metin2client\eterlib\debug\eterlib.tlog\cl.command.1.tlog
d:\metin2 server files\mainline\kraizy updated edition\source\metin2client\eterlib\debug\eterlib.tlog\cl.read.1.tlog
d:\metin2 server files\mainline\kraizy updated edition\source\metin2client\eterlib\debug\eterlib.tlog\cl.write.1.tlog
d:\metin2 server files\mainline\kraizy updated edition\source\metin2client\eterlib\debug\eterlib.tlog\lib-link.read.1.tlog
d:\metin2 server files\mainline\kraizy updated edition\source\metin2client\eterlib\debug\eterlib.tlog\lib-link.write.1.tlog
d:\metin2 server files\mainline\kraizy updated edition\source\metin2client\eterlib\debug\eterlib.tlog\lib.command.1.tlog
