d:\metin2 server files\mainline\src_2014\metin2dumpproto\dump_proto\release\vc142.pdb
d:\metin2 server files\mainline\src_2014\metin2dumpproto\dump_proto\release\tea.obj
d:\metin2 server files\mainline\src_2014\metin2dumpproto\dump_proto\release\lzo.obj
d:\metin2 server files\mainline\src_2014\metin2dumpproto\dump_proto\release\itemcsvreader.obj
d:\metin2 server files\mainline\src_2014\metin2dumpproto\dump_proto\release\dump_proto.obj
d:\metin2 server files\mainline\src_2014\metin2dumpproto\dump_proto\release\csvfile.obj
d:\metin2 server files\mainline\src_2014\m2output\releasedumpproto.ipdb
d:\metin2 server files\mainline\src_2014\m2output\releasedumpproto.iobj
d:\metin2 server files\mainline\src_2014\m2output\releasedumpproto.exe
d:\metin2 server files\mainline\src_2014\m2output\releasedumpproto.pdb
d:\metin2 server files\mainline\kraizy updated edition\source\metin2dumpproto\dump_proto\release\csvfile.obj
d:\metin2 server files\mainline\kraizy updated edition\source\metin2dumpproto\dump_proto\release\dump_proto.obj
d:\metin2 server files\mainline\kraizy updated edition\source\metin2dumpproto\dump_proto\release\itemcsvreader.obj
d:\metin2 server files\mainline\kraizy updated edition\source\metin2dumpproto\dump_proto\release\lzo.obj
d:\metin2 server files\mainline\kraizy updated edition\source\metin2dumpproto\dump_proto\release\tea.obj
d:\metin2 server files\mainline\kraizy updated edition\source\metin2dumpproto\dump_proto\release\vc142.pdb
d:\metin2 server files\mainline\kraizy updated edition\source\metin2dumpproto\dump_proto\release\dump_proto.tlog\cl.command.1.tlog
d:\metin2 server files\mainline\kraizy updated edition\source\metin2dumpproto\dump_proto\release\dump_proto.tlog\cl.read.1.tlog
d:\metin2 server files\mainline\kraizy updated edition\source\metin2dumpproto\dump_proto\release\dump_proto.tlog\cl.write.1.tlog
d:\metin2 server files\mainline\kraizy updated edition\source\metin2dumpproto\dump_proto\release\dump_proto.tlog\dump_proto.write.1u.tlog
d:\metin2 server files\mainline\kraizy updated edition\source\metin2dumpproto\dump_proto\release\dump_proto.tlog\link.command.1.tlog
d:\metin2 server files\mainline\kraizy updated edition\source\metin2dumpproto\dump_proto\release\dump_proto.tlog\link.read.1.tlog
d:\metin2 server files\mainline\kraizy updated edition\source\metin2dumpproto\dump_proto\release\dump_proto.tlog\link.write.1.tlog
