d:\metin2 server files\mainline\kraizy updated edition\source\metin2client\speedtreelib\debug\speedtreelib.bsc
d:\metin2 server files\mainline\kraizy updated edition\source\metin2client\speedtreelib\debug\speedgrasswrapper.sbr
d:\metin2 server files\mainline\kraizy updated edition\source\metin2client\speedtreelib\debug\speedgrasswrapper.obj
d:\metin2 server files\mainline\kraizy updated edition\source\metin2client\speedtreelib\debug\speedtreeforestdirectx8.sbr
d:\metin2 server files\mainline\kraizy updated edition\source\metin2client\speedtreelib\debug\speedtreeforestdirectx8.obj
d:\metin2 server files\mainline\kraizy updated edition\source\metin2client\speedtreelib\debug\speedgrassrt.sbr
d:\metin2 server files\mainline\kraizy updated edition\source\metin2client\speedtreelib\debug\speedgrassrt.obj
d:\metin2 server files\mainline\kraizy updated edition\source\metin2client\speedtreelib\debug\stdafx.sbr
d:\metin2 server files\mainline\kraizy updated edition\source\metin2client\speedtreelib\debug\stdafx.obj
d:\metin2 server files\mainline\kraizy updated edition\source\metin2client\speedtreelib\debug\speedtreewrapper.sbr
d:\metin2 server files\mainline\kraizy updated edition\source\metin2client\speedtreelib\debug\speedtreewrapper.obj
d:\metin2 server files\mainline\kraizy updated edition\source\metin2client\speedtreelib\debug\boundaryshapemanager.sbr
d:\metin2 server files\mainline\kraizy updated edition\source\metin2client\speedtreelib\debug\boundaryshapemanager.obj
d:\metin2 server files\mainline\kraizy updated edition\source\metin2client\speedtreelib\debug\speedtreeforest.sbr
d:\metin2 server files\mainline\kraizy updated edition\source\metin2client\speedtreelib\debug\speedtreeforest.obj
d:\metin2 server files\mainline\kraizy updated edition\source\metin2client\speedtreelib\debug\speedtreelib.pdb
d:\metin2 server files\mainline\kraizy updated edition\source\metin2client\speedtreelib\debug\speedtreelib.lib
d:\metin2 server files\mainline\kraizy updated edition\source\metin2client\speedtreelib\debug\speedtreelib.tlog\bscmake.command.1.tlog
d:\metin2 server files\mainline\kraizy updated edition\source\metin2client\speedtreelib\debug\speedtreelib.tlog\bscmake.read.1.tlog
d:\metin2 server files\mainline\kraizy updated edition\source\metin2client\speedtreelib\debug\speedtreelib.tlog\bscmake.write.1.tlog
d:\metin2 server files\mainline\kraizy updated edition\source\metin2client\speedtreelib\debug\speedtreelib.tlog\cl.13328.write.1.tlog
d:\metin2 server files\mainline\kraizy updated edition\source\metin2client\speedtreelib\debug\speedtreelib.tlog\cl.command.1.tlog
d:\metin2 server files\mainline\kraizy updated edition\source\metin2client\speedtreelib\debug\speedtreelib.tlog\cl.read.1.tlog
d:\metin2 server files\mainline\kraizy updated edition\source\metin2client\speedtreelib\debug\speedtreelib.tlog\lib-link.read.1.tlog
d:\metin2 server files\mainline\kraizy updated edition\source\metin2client\speedtreelib\debug\speedtreelib.tlog\lib-link.write.1.tlog
d:\metin2 server files\mainline\kraizy updated edition\source\metin2client\speedtreelib\debug\speedtreelib.tlog\lib.command.1.tlog
