d:\metin2 server files\mainline\src_2014\metin2client\eterlib\distribute\eterlib.pch
d:\metin2 server files\mainline\src_2014\metin2client\eterlib\distribute\eterlib.pdb
d:\metin2 server files\mainline\src_2014\metin2client\eterlib\distribute\stdafx.obj
d:\metin2 server files\mainline\src_2014\metin2client\eterlib\distribute\stdafx.cod
d:\metin2 server files\mainline\src_2014\metin2client\eterlib\distribute\grpvertexbuffer.obj
d:\metin2 server files\mainline\src_2014\metin2client\eterlib\distribute\grpvertexbuffer.cod
d:\metin2 server files\mainline\src_2014\metin2client\eterlib\distribute\grpshadowtexture.obj
d:\metin2 server files\mainline\src_2014\metin2client\eterlib\distribute\grpshadowtexture.cod
d:\metin2 server files\mainline\src_2014\metin2client\eterlib\distribute\grpratioinstance.obj
d:\metin2 server files\mainline\src_2014\metin2client\eterlib\distribute\grpratioinstance.cod
d:\metin2 server files\mainline\src_2014\metin2client\eterlib\distribute\grppixelshader.obj
d:\metin2 server files\mainline\src_2014\metin2client\eterlib\distribute\grppixelshader.cod
d:\metin2 server files\mainline\src_2014\metin2client\eterlib\distribute\grpobjectinstance.obj
d:\metin2 server files\mainline\src_2014\metin2client\eterlib\distribute\grpobjectinstance.cod
d:\metin2 server files\mainline\src_2014\metin2client\eterlib\distribute\grplightmanager.obj
d:\metin2 server files\mainline\src_2014\metin2client\eterlib\distribute\grplightmanager.cod
d:\metin2 server files\mainline\src_2014\metin2client\eterlib\distribute\grpindexbuffer.obj
d:\metin2 server files\mainline\src_2014\metin2client\eterlib\distribute\grpindexbuffer.cod
d:\metin2 server files\mainline\src_2014\metin2client\eterlib\distribute\grpdib.obj
d:\metin2 server files\mainline\src_2014\metin2client\eterlib\distribute\grpdib.cod
d:\metin2 server files\mainline\src_2014\metin2client\eterlib\distribute\grpd3dxbuffer.obj
d:\metin2 server files\mainline\src_2014\metin2client\eterlib\distribute\grpd3dxbuffer.cod
d:\metin2 server files\mainline\src_2014\metin2client\eterlib\distribute\grpcolorinstance.obj
d:\metin2 server files\mainline\src_2014\metin2client\eterlib\distribute\grpcolorinstance.cod
d:\metin2 server files\mainline\src_2014\metin2client\eterlib\distribute\grpcolor.obj
d:\metin2 server files\mainline\src_2014\metin2client\eterlib\distribute\grpcolor.cod
d:\metin2 server files\mainline\src_2014\metin2client\eterlib\distribute\grpcollisionobject.obj
d:\metin2 server files\mainline\src_2014\metin2client\eterlib\distribute\grpcollisionobject.cod
d:\metin2 server files\mainline\src_2014\metin2client\eterlib\distribute\fileloaderthread.obj
d:\metin2 server files\mainline\src_2014\metin2client\eterlib\distribute\fileloaderthread.cod
d:\metin2 server files\mainline\src_2014\metin2client\eterlib\distribute\environmentmap.obj
d:\metin2 server files\mainline\src_2014\metin2client\eterlib\distribute\environmentmap.cod
d:\metin2 server files\mainline\src_2014\metin2client\eterlib\distribute\decal.obj
d:\metin2 server files\mainline\src_2014\metin2client\eterlib\distribute\decal.cod
d:\metin2 server files\mainline\src_2014\metin2client\eterlib\distribute\colortransitionhelper.obj
d:\metin2 server files\mainline\src_2014\metin2client\eterlib\distribute\colortransitionhelper.cod
d:\metin2 server files\mainline\src_2014\metin2client\eterlib\distribute\collisiondata.obj
d:\metin2 server files\mainline\src_2014\metin2client\eterlib\distribute\collisiondata.cod
d:\metin2 server files\mainline\src_2014\metin2client\eterlib\distribute\camera.obj
d:\metin2 server files\mainline\src_2014\metin2client\eterlib\distribute\camera.cod
d:\metin2 server files\mainline\src_2014\metin2client\eterlib\distribute\attributeinstance.obj
d:\metin2 server files\mainline\src_2014\metin2client\eterlib\distribute\attributeinstance.cod
d:\metin2 server files\mainline\src_2014\metin2client\eterlib\distribute\attributedata.obj
d:\metin2 server files\mainline\src_2014\metin2client\eterlib\distribute\attributedata.cod
d:\metin2 server files\mainline\src_2014\metin2client\eterlib\distribute\grpdetector.obj
d:\metin2 server files\mainline\src_2014\metin2client\eterlib\distribute\grpdetector.cod
d:\metin2 server files\mainline\src_2014\metin2client\eterlib\distribute\grpbase.obj
d:\metin2 server files\mainline\src_2014\metin2client\eterlib\distribute\grpbase.cod
d:\metin2 server files\mainline\src_2014\metin2client\eterlib\distribute\cullingmanager.obj
d:\metin2 server files\mainline\src_2014\metin2client\eterlib\distribute\cullingmanager.cod
d:\metin2 server files\mainline\src_2014\metin2client\eterlib\distribute\util.obj
d:\metin2 server files\mainline\src_2014\metin2client\eterlib\distribute\util.cod
d:\metin2 server files\mainline\src_2014\metin2client\eterlib\distribute\thread.obj
d:\metin2 server files\mainline\src_2014\metin2client\eterlib\distribute\thread.cod
d:\metin2 server files\mainline\src_2014\metin2client\eterlib\distribute\targaresource.obj
d:\metin2 server files\mainline\src_2014\metin2client\eterlib\distribute\targaresource.cod
d:\metin2 server files\mainline\src_2014\metin2client\eterlib\distribute\skybox.obj
d:\metin2 server files\mainline\src_2014\metin2client\eterlib\distribute\skybox.cod
d:\metin2 server files\mainline\src_2014\metin2client\eterlib\distribute\screenfilter.obj
d:\metin2 server files\mainline\src_2014\metin2client\eterlib\distribute\screenfilter.cod
d:\metin2 server files\mainline\src_2014\metin2client\eterlib\distribute\referenceobject.obj
d:\metin2 server files\mainline\src_2014\metin2client\eterlib\distribute\referenceobject.cod
d:\metin2 server files\mainline\src_2014\metin2client\eterlib\distribute\pathstack.obj
d:\metin2 server files\mainline\src_2014\metin2client\eterlib\distribute\pathstack.cod
d:\metin2 server files\mainline\src_2014\metin2client\eterlib\distribute\parser.obj
d:\metin2 server files\mainline\src_2014\metin2client\eterlib\distribute\parser.cod
d:\metin2 server files\mainline\src_2014\metin2client\eterlib\distribute\mutex.obj
d:\metin2 server files\mainline\src_2014\metin2client\eterlib\distribute\mutex.cod
d:\metin2 server files\mainline\src_2014\metin2client\eterlib\distribute\mswindow.obj
d:\metin2 server files\mainline\src_2014\metin2client\eterlib\distribute\mswindow.cod
d:\metin2 server files\mainline\src_2014\metin2client\eterlib\distribute\msapplication.obj
d:\metin2 server files\mainline\src_2014\metin2client\eterlib\distribute\msapplication.cod
d:\metin2 server files\mainline\src_2014\metin2client\eterlib\distribute\lineintersect_utils.obj
d:\metin2 server files\mainline\src_2014\metin2client\eterlib\distribute\lineintersect_utils.cod
d:\metin2 server files\mainline\src_2014\metin2client\eterlib\distribute\lensflare.obj
d:\metin2 server files\mainline\src_2014\metin2client\eterlib\distribute\lensflare.cod
d:\metin2 server files\mainline\src_2014\metin2client\eterlib\distribute\input.obj
d:\metin2 server files\mainline\src_2014\metin2client\eterlib\distribute\input.cod
d:\metin2 server files\mainline\src_2014\metin2client\eterlib\distribute\grpvertexshader.obj
d:\metin2 server files\mainline\src_2014\metin2client\eterlib\distribute\grpvertexshader.cod
d:\metin2 server files\mainline\src_2014\metin2client\eterlib\distribute\grpvertexbufferstatic.obj
d:\metin2 server files\mainline\src_2014\metin2client\eterlib\distribute\grpvertexbufferstatic.cod
d:\metin2 server files\mainline\src_2014\metin2client\eterlib\distribute\grpvertexbufferdynamic.obj
d:\metin2 server files\mainline\src_2014\metin2client\eterlib\distribute\grpvertexbufferdynamic.cod
d:\metin2 server files\mainline\src_2014\metin2client\eterlib\distribute\netpacketheadermap.obj
d:\metin2 server files\mainline\src_2014\metin2client\eterlib\distribute\netpacketheadermap.cod
d:\metin2 server files\mainline\src_2014\metin2client\eterlib\distribute\netdevice.obj
d:\metin2 server files\mainline\src_2014\metin2client\eterlib\distribute\netdevice.cod
d:\metin2 server files\mainline\src_2014\metin2client\eterlib\distribute\netdatagramsender.obj
d:\metin2 server files\mainline\src_2014\metin2client\eterlib\distribute\netdatagramsender.cod
d:\metin2 server files\mainline\src_2014\metin2client\eterlib\distribute\netdatagramreceiver.obj
d:\metin2 server files\mainline\src_2014\metin2client\eterlib\distribute\netdatagramreceiver.cod
d:\metin2 server files\mainline\src_2014\metin2client\eterlib\distribute\netdatagram.obj
d:\metin2 server files\mainline\src_2014\metin2client\eterlib\distribute\netdatagram.cod
d:\metin2 server files\mainline\src_2014\metin2client\eterlib\distribute\netaddress.obj
d:\metin2 server files\mainline\src_2014\metin2client\eterlib\distribute\netaddress.cod
d:\metin2 server files\mainline\src_2014\metin2client\eterlib\distribute\grptexture.obj
d:\metin2 server files\mainline\src_2014\metin2client\eterlib\distribute\grptexture.cod
d:\metin2 server files\mainline\src_2014\metin2client\eterlib\distribute\grpsubimage.obj
d:\metin2 server files\mainline\src_2014\metin2client\eterlib\distribute\grpsubimage.cod
d:\metin2 server files\mainline\src_2014\metin2client\eterlib\distribute\grpmarkinstance.obj
d:\metin2 server files\mainline\src_2014\metin2client\eterlib\distribute\grpmarkinstance.cod
d:\metin2 server files\mainline\src_2014\metin2client\eterlib\distribute\grpimagetexture.obj
d:\metin2 server files\mainline\src_2014\metin2client\eterlib\distribute\grpimagetexture.cod
d:\metin2 server files\mainline\src_2014\metin2client\eterlib\distribute\grpimageinstance.obj
d:\metin2 server files\mainline\src_2014\metin2client\eterlib\distribute\grpimageinstance.cod
d:\metin2 server files\mainline\src_2014\metin2client\eterlib\distribute\grpimage.obj
d:\metin2 server files\mainline\src_2014\metin2client\eterlib\distribute\grpimage.cod
d:\metin2 server files\mainline\src_2014\metin2client\eterlib\distribute\grpexpandedimageinstance.obj
d:\metin2 server files\mainline\src_2014\metin2client\eterlib\distribute\grpexpandedimageinstance.cod
d:\metin2 server files\mainline\src_2014\metin2client\eterlib\distribute\resourcemanager.obj
d:\metin2 server files\mainline\src_2014\metin2client\eterlib\distribute\resourcemanager.cod
d:\metin2 server files\mainline\src_2014\metin2client\eterlib\distribute\resource.obj
d:\metin2 server files\mainline\src_2014\metin2client\eterlib\distribute\resource.cod
d:\metin2 server files\mainline\src_2014\metin2client\eterlib\distribute\statemanager.obj
d:\metin2 server files\mainline\src_2014\metin2client\eterlib\distribute\statemanager.cod
d:\metin2 server files\mainline\src_2014\metin2client\eterlib\distribute\jpegfile.obj
d:\metin2 server files\mainline\src_2014\metin2client\eterlib\distribute\jpegfile.cod
d:\metin2 server files\mainline\src_2014\metin2client\eterlib\distribute\grpscreen.obj
d:\metin2 server files\mainline\src_2014\metin2client\eterlib\distribute\grpscreen.cod
d:\metin2 server files\mainline\src_2014\metin2client\eterlib\distribute\grpmath.obj
d:\metin2 server files\mainline\src_2014\metin2client\eterlib\distribute\grpmath.cod
d:\metin2 server files\mainline\src_2014\metin2client\eterlib\distribute\grpdevice.obj
d:\metin2 server files\mainline\src_2014\metin2client\eterlib\distribute\grpdevice.cod
d:\metin2 server files\mainline\src_2014\metin2client\eterlib\distribute\textfileloader.obj
d:\metin2 server files\mainline\src_2014\metin2client\eterlib\distribute\textfileloader.cod
d:\metin2 server files\mainline\src_2014\metin2client\eterlib\distribute\ime.obj
d:\metin2 server files\mainline\src_2014\metin2client\eterlib\distribute\ime.cod
d:\metin2 server files\mainline\src_2014\metin2client\eterlib\distribute\textbar.obj
d:\metin2 server files\mainline\src_2014\metin2client\eterlib\distribute\textbar.cod
d:\metin2 server files\mainline\src_2014\metin2client\eterlib\distribute\dibbar.obj
d:\metin2 server files\mainline\src_2014\metin2client\eterlib\distribute\dibbar.cod
d:\metin2 server files\mainline\src_2014\metin2client\eterlib\distribute\blocktexture.obj
d:\metin2 server files\mainline\src_2014\metin2client\eterlib\distribute\blocktexture.cod
d:\metin2 server files\mainline\src_2014\metin2client\eterlib\distribute\texttag.obj
d:\metin2 server files\mainline\src_2014\metin2client\eterlib\distribute\texttag.cod
d:\metin2 server files\mainline\src_2014\metin2client\eterlib\distribute\grptextinstance.obj
d:\metin2 server files\mainline\src_2014\metin2client\eterlib\distribute\grptextinstance.cod
d:\metin2 server files\mainline\src_2014\metin2client\eterlib\distribute\grptext.obj
d:\metin2 server files\mainline\src_2014\metin2client\eterlib\distribute\grptext.cod
d:\metin2 server files\mainline\src_2014\metin2client\eterlib\distribute\grpfonttexture.obj
d:\metin2 server files\mainline\src_2014\metin2client\eterlib\distribute\grpfonttexture.cod
d:\metin2 server files\mainline\src_2014\metin2client\eterlib\distribute\netstream.obj
d:\metin2 server files\mainline\src_2014\metin2client\eterlib\distribute\netstream.cod
d:\metin2 server files\mainline\src_2014\metin2client\eterlib\distribute\eterlib.lib
d:\metin2 server files\mainline\kraizy updated edition\source\metin2client\eterlib\distribute\attributedata.obj
d:\metin2 server files\mainline\kraizy updated edition\source\metin2client\eterlib\distribute\attributeinstance.obj
d:\metin2 server files\mainline\kraizy updated edition\source\metin2client\eterlib\distribute\blocktexture.obj
d:\metin2 server files\mainline\kraizy updated edition\source\metin2client\eterlib\distribute\camera.obj
d:\metin2 server files\mainline\kraizy updated edition\source\metin2client\eterlib\distribute\collisiondata.obj
d:\metin2 server files\mainline\kraizy updated edition\source\metin2client\eterlib\distribute\colortransitionhelper.obj
d:\metin2 server files\mainline\kraizy updated edition\source\metin2client\eterlib\distribute\cullingmanager.obj
d:\metin2 server files\mainline\kraizy updated edition\source\metin2client\eterlib\distribute\decal.obj
d:\metin2 server files\mainline\kraizy updated edition\source\metin2client\eterlib\distribute\dibbar.obj
d:\metin2 server files\mainline\kraizy updated edition\source\metin2client\eterlib\distribute\environmentmap.obj
d:\metin2 server files\mainline\kraizy updated edition\source\metin2client\eterlib\distribute\fileloaderthread.obj
d:\metin2 server files\mainline\kraizy updated edition\source\metin2client\eterlib\distribute\grpbase.obj
d:\metin2 server files\mainline\kraizy updated edition\source\metin2client\eterlib\distribute\grpcollisionobject.obj
d:\metin2 server files\mainline\kraizy updated edition\source\metin2client\eterlib\distribute\grpcolor.obj
d:\metin2 server files\mainline\kraizy updated edition\source\metin2client\eterlib\distribute\grpcolorinstance.obj
d:\metin2 server files\mainline\kraizy updated edition\source\metin2client\eterlib\distribute\grpd3dxbuffer.obj
d:\metin2 server files\mainline\kraizy updated edition\source\metin2client\eterlib\distribute\grpdetector.obj
d:\metin2 server files\mainline\kraizy updated edition\source\metin2client\eterlib\distribute\grpdevice.obj
d:\metin2 server files\mainline\kraizy updated edition\source\metin2client\eterlib\distribute\grpdib.obj
d:\metin2 server files\mainline\kraizy updated edition\source\metin2client\eterlib\distribute\grpexpandedimageinstance.obj
d:\metin2 server files\mainline\kraizy updated edition\source\metin2client\eterlib\distribute\grpfonttexture.obj
d:\metin2 server files\mainline\kraizy updated edition\source\metin2client\eterlib\distribute\grpimage.obj
d:\metin2 server files\mainline\kraizy updated edition\source\metin2client\eterlib\distribute\grpimageinstance.obj
d:\metin2 server files\mainline\kraizy updated edition\source\metin2client\eterlib\distribute\grpimagetexture.obj
d:\metin2 server files\mainline\kraizy updated edition\source\metin2client\eterlib\distribute\grpindexbuffer.obj
d:\metin2 server files\mainline\kraizy updated edition\source\metin2client\eterlib\distribute\grplightmanager.obj
d:\metin2 server files\mainline\kraizy updated edition\source\metin2client\eterlib\distribute\grpmarkinstance.obj
d:\metin2 server files\mainline\kraizy updated edition\source\metin2client\eterlib\distribute\grpmath.obj
d:\metin2 server files\mainline\kraizy updated edition\source\metin2client\eterlib\distribute\grpobjectinstance.obj
d:\metin2 server files\mainline\kraizy updated edition\source\metin2client\eterlib\distribute\grppixelshader.obj
d:\metin2 server files\mainline\kraizy updated edition\source\metin2client\eterlib\distribute\grpratioinstance.obj
d:\metin2 server files\mainline\kraizy updated edition\source\metin2client\eterlib\distribute\grpscreen.obj
d:\metin2 server files\mainline\kraizy updated edition\source\metin2client\eterlib\distribute\grpshadowtexture.obj
d:\metin2 server files\mainline\kraizy updated edition\source\metin2client\eterlib\distribute\grpsubimage.obj
d:\metin2 server files\mainline\kraizy updated edition\source\metin2client\eterlib\distribute\grptext.obj
d:\metin2 server files\mainline\kraizy updated edition\source\metin2client\eterlib\distribute\grptextinstance.obj
d:\metin2 server files\mainline\kraizy updated edition\source\metin2client\eterlib\distribute\grptexture.obj
d:\metin2 server files\mainline\kraizy updated edition\source\metin2client\eterlib\distribute\grpvertexbuffer.obj
d:\metin2 server files\mainline\kraizy updated edition\source\metin2client\eterlib\distribute\grpvertexbufferdynamic.obj
d:\metin2 server files\mainline\kraizy updated edition\source\metin2client\eterlib\distribute\grpvertexbufferstatic.obj
d:\metin2 server files\mainline\kraizy updated edition\source\metin2client\eterlib\distribute\grpvertexshader.obj
d:\metin2 server files\mainline\kraizy updated edition\source\metin2client\eterlib\distribute\ime.obj
d:\metin2 server files\mainline\kraizy updated edition\source\metin2client\eterlib\distribute\input.obj
d:\metin2 server files\mainline\kraizy updated edition\source\metin2client\eterlib\distribute\jpegfile.obj
d:\metin2 server files\mainline\kraizy updated edition\source\metin2client\eterlib\distribute\lensflare.obj
d:\metin2 server files\mainline\kraizy updated edition\source\metin2client\eterlib\distribute\lineintersect_utils.obj
d:\metin2 server files\mainline\kraizy updated edition\source\metin2client\eterlib\distribute\msapplication.obj
d:\metin2 server files\mainline\kraizy updated edition\source\metin2client\eterlib\distribute\mswindow.obj
d:\metin2 server files\mainline\kraizy updated edition\source\metin2client\eterlib\distribute\mutex.obj
d:\metin2 server files\mainline\kraizy updated edition\source\metin2client\eterlib\distribute\netaddress.obj
d:\metin2 server files\mainline\kraizy updated edition\source\metin2client\eterlib\distribute\netdatagram.obj
d:\metin2 server files\mainline\kraizy updated edition\source\metin2client\eterlib\distribute\netdatagramreceiver.obj
d:\metin2 server files\mainline\kraizy updated edition\source\metin2client\eterlib\distribute\netdatagramsender.obj
d:\metin2 server files\mainline\kraizy updated edition\source\metin2client\eterlib\distribute\netdevice.obj
d:\metin2 server files\mainline\kraizy updated edition\source\metin2client\eterlib\distribute\netpacketheadermap.obj
d:\metin2 server files\mainline\kraizy updated edition\source\metin2client\eterlib\distribute\netstream.obj
d:\metin2 server files\mainline\kraizy updated edition\source\metin2client\eterlib\distribute\parser.obj
d:\metin2 server files\mainline\kraizy updated edition\source\metin2client\eterlib\distribute\pathstack.obj
d:\metin2 server files\mainline\kraizy updated edition\source\metin2client\eterlib\distribute\referenceobject.obj
d:\metin2 server files\mainline\kraizy updated edition\source\metin2client\eterlib\distribute\resource.obj
d:\metin2 server files\mainline\kraizy updated edition\source\metin2client\eterlib\distribute\resourcemanager.obj
d:\metin2 server files\mainline\kraizy updated edition\source\metin2client\eterlib\distribute\screenfilter.obj
d:\metin2 server files\mainline\kraizy updated edition\source\metin2client\eterlib\distribute\skybox.obj
d:\metin2 server files\mainline\kraizy updated edition\source\metin2client\eterlib\distribute\statemanager.obj
d:\metin2 server files\mainline\kraizy updated edition\source\metin2client\eterlib\distribute\stdafx.obj
d:\metin2 server files\mainline\kraizy updated edition\source\metin2client\eterlib\distribute\targaresource.obj
d:\metin2 server files\mainline\kraizy updated edition\source\metin2client\eterlib\distribute\textbar.obj
d:\metin2 server files\mainline\kraizy updated edition\source\metin2client\eterlib\distribute\textfileloader.obj
d:\metin2 server files\mainline\kraizy updated edition\source\metin2client\eterlib\distribute\texttag.obj
d:\metin2 server files\mainline\kraizy updated edition\source\metin2client\eterlib\distribute\thread.obj
d:\metin2 server files\mainline\kraizy updated edition\source\metin2client\eterlib\distribute\util.obj
d:\metin2 server files\mainline\kraizy updated edition\source\metin2client\eterlib\distribute\eterlib.pch
d:\metin2 server files\mainline\kraizy updated edition\source\metin2client\eterlib\distribute\eterlib.pdb
d:\metin2 server files\mainline\kraizy updated edition\source\metin2client\eterlib\distribute\eterlib.lib
d:\metin2 server files\mainline\kraizy updated edition\source\metin2client\eterlib\distribute\eterlib.tlog\cl.command.1.tlog
d:\metin2 server files\mainline\kraizy updated edition\source\metin2client\eterlib\distribute\eterlib.tlog\cl.read.1.tlog
d:\metin2 server files\mainline\kraizy updated edition\source\metin2client\eterlib\distribute\eterlib.tlog\cl.write.1.tlog
d:\metin2 server files\mainline\kraizy updated edition\source\metin2client\eterlib\distribute\eterlib.tlog\lib-link.read.1.tlog
d:\metin2 server files\mainline\kraizy updated edition\source\metin2client\eterlib\distribute\eterlib.tlog\lib-link.write.1.tlog
d:\metin2 server files\mainline\kraizy updated edition\source\metin2client\eterlib\distribute\eterlib.tlog\lib.command.1.tlog
