d:\metin2 server files\mainline\src_2014\metin2client\eterpythonlib\vtune\eterpythonlib.pch
d:\metin2 server files\mainline\src_2014\metin2client\eterpythonlib\vtune\eterpythonlib.pdb
d:\metin2 server files\mainline\src_2014\metin2client\eterpythonlib\vtune\stdafx.obj
d:\metin2 server files\mainline\src_2014\metin2client\eterpythonlib\vtune\stdafx.cod
d:\metin2 server files\mainline\src_2014\metin2client\eterpythonlib\vtune\pythongraphicthingmodule.obj
d:\metin2 server files\mainline\src_2014\metin2client\eterpythonlib\vtune\pythongraphicthingmodule.cod
d:\metin2 server files\mainline\src_2014\metin2client\eterpythonlib\vtune\pythongraphictextmodule.obj
d:\metin2 server files\mainline\src_2014\metin2client\eterpythonlib\vtune\pythongraphictextmodule.cod
d:\metin2 server files\mainline\src_2014\metin2client\eterpythonlib\vtune\pythongraphicmodule.obj
d:\metin2 server files\mainline\src_2014\metin2client\eterpythonlib\vtune\pythongraphicmodule.cod
d:\metin2 server files\mainline\src_2014\metin2client\eterpythonlib\vtune\pythongraphicimagemodule.obj
d:\metin2 server files\mainline\src_2014\metin2client\eterpythonlib\vtune\pythongraphicimagemodule.cod
d:\metin2 server files\mainline\src_2014\metin2client\eterpythonlib\vtune\pythongraphic.obj
d:\metin2 server files\mainline\src_2014\metin2client\eterpythonlib\vtune\pythongraphic.cod
d:\metin2 server files\mainline\src_2014\metin2client\eterpythonlib\vtune\pythonwindowmanagermodule.obj
d:\metin2 server files\mainline\src_2014\metin2client\eterpythonlib\vtune\pythonwindowmanagermodule.cod
d:\metin2 server files\mainline\src_2014\metin2client\eterpythonlib\vtune\pythonwindowmanager.obj
d:\metin2 server files\mainline\src_2014\metin2client\eterpythonlib\vtune\pythonwindowmanager.cod
d:\metin2 server files\mainline\src_2014\metin2client\eterpythonlib\vtune\pythonwindow.obj
d:\metin2 server files\mainline\src_2014\metin2client\eterpythonlib\vtune\pythonwindow.cod
d:\metin2 server files\mainline\src_2014\metin2client\eterpythonlib\vtune\pythonslotwindow.obj
d:\metin2 server files\mainline\src_2014\metin2client\eterpythonlib\vtune\pythonslotwindow.cod
d:\metin2 server files\mainline\src_2014\metin2client\eterpythonlib\vtune\pythongridslotwindow.obj
d:\metin2 server files\mainline\src_2014\metin2client\eterpythonlib\vtune\pythongridslotwindow.cod
d:\metin2 server files\mainline\src_2014\metin2client\eterpythonlib\vtune\eterpythonlib.lib
d:\metin2 server files\mainline\kraizy updated edition\source\metin2client\eterpythonlib\vtune\pythongraphic.obj
d:\metin2 server files\mainline\kraizy updated edition\source\metin2client\eterpythonlib\vtune\pythongraphicimagemodule.obj
d:\metin2 server files\mainline\kraizy updated edition\source\metin2client\eterpythonlib\vtune\pythongraphicmodule.obj
d:\metin2 server files\mainline\kraizy updated edition\source\metin2client\eterpythonlib\vtune\pythongraphictextmodule.obj
d:\metin2 server files\mainline\kraizy updated edition\source\metin2client\eterpythonlib\vtune\pythongraphicthingmodule.obj
d:\metin2 server files\mainline\kraizy updated edition\source\metin2client\eterpythonlib\vtune\pythongridslotwindow.obj
d:\metin2 server files\mainline\kraizy updated edition\source\metin2client\eterpythonlib\vtune\pythonslotwindow.obj
d:\metin2 server files\mainline\kraizy updated edition\source\metin2client\eterpythonlib\vtune\pythonwindow.obj
d:\metin2 server files\mainline\kraizy updated edition\source\metin2client\eterpythonlib\vtune\pythonwindowmanager.obj
d:\metin2 server files\mainline\kraizy updated edition\source\metin2client\eterpythonlib\vtune\pythonwindowmanagermodule.obj
d:\metin2 server files\mainline\kraizy updated edition\source\metin2client\eterpythonlib\vtune\stdafx.obj
d:\metin2 server files\mainline\kraizy updated edition\source\metin2client\eterpythonlib\vtune\eterpythonlib.pch
d:\metin2 server files\mainline\kraizy updated edition\source\metin2client\eterpythonlib\vtune\eterpythonlib.pdb
d:\metin2 server files\mainline\kraizy updated edition\source\metin2client\eterpythonlib\vtune\eterpythonlib.lib
d:\metin2 server files\mainline\kraizy updated edition\source\metin2client\eterpythonlib\vtune\eterpythonlib.tlog\cl.command.1.tlog
d:\metin2 server files\mainline\kraizy updated edition\source\metin2client\eterpythonlib\vtune\eterpythonlib.tlog\cl.read.1.tlog
d:\metin2 server files\mainline\kraizy updated edition\source\metin2client\eterpythonlib\vtune\eterpythonlib.tlog\cl.write.1.tlog
d:\metin2 server files\mainline\kraizy updated edition\source\metin2client\eterpythonlib\vtune\eterpythonlib.tlog\lib-link.read.1.tlog
d:\metin2 server files\mainline\kraizy updated edition\source\metin2client\eterpythonlib\vtune\eterpythonlib.tlog\lib-link.write.1.tlog
d:\metin2 server files\mainline\kraizy updated edition\source\metin2client\eterpythonlib\vtune\eterpythonlib.tlog\lib.command.1.tlog
