d:\metin2 server files\mainline\kraizy updated edition\source\metin2client\gamelib\debug\gamelib.bsc
d:\metin2 server files\mainline\kraizy updated edition\source\metin2client\gamelib\debug\gamelib.pch
d:\metin2 server files\mainline\kraizy updated edition\source\metin2client\gamelib\debug\gamelib.pdb
d:\metin2 server files\mainline\kraizy updated edition\source\metin2client\gamelib\debug\stdafx.sbr
d:\metin2 server files\mainline\kraizy updated edition\source\metin2client\gamelib\debug\stdafx.obj
d:\metin2 server files\mainline\kraizy updated edition\source\metin2client\gamelib\debug\actorinstanceblend.sbr
d:\metin2 server files\mainline\kraizy updated edition\source\metin2client\gamelib\debug\actorinstanceblend.obj
d:\metin2 server files\mainline\kraizy updated edition\source\metin2client\gamelib\debug\actorinstancemotion.sbr
d:\metin2 server files\mainline\kraizy updated edition\source\metin2client\gamelib\debug\actorinstancemotion.obj
d:\metin2 server files\mainline\kraizy updated edition\source\metin2client\gamelib\debug\racedatafile.sbr
d:\metin2 server files\mainline\kraizy updated edition\source\metin2client\gamelib\debug\racedatafile.obj
d:\metin2 server files\mainline\kraizy updated edition\source\metin2client\gamelib\debug\mapoutdoorindexbuffer.sbr
d:\metin2 server files\mainline\kraizy updated edition\source\metin2client\gamelib\debug\mapoutdoorindexbuffer.obj
d:\metin2 server files\mainline\kraizy updated edition\source\metin2client\gamelib\debug\mapoutdoorrenderstp.sbr
d:\metin2 server files\mainline\kraizy updated edition\source\metin2client\gamelib\debug\mapoutdoorrenderstp.obj
d:\metin2 server files\mainline\kraizy updated edition\source\metin2client\gamelib\debug\property.sbr
d:\metin2 server files\mainline\kraizy updated edition\source\metin2client\gamelib\debug\property.obj
d:\metin2 server files\mainline\kraizy updated edition\source\metin2client\gamelib\debug\gameutil.sbr
d:\metin2 server files\mainline\kraizy updated edition\source\metin2client\gamelib\debug\gameutil.obj
d:\metin2 server files\mainline\kraizy updated edition\source\metin2client\gamelib\debug\flyingdata.sbr
d:\metin2 server files\mainline\kraizy updated edition\source\metin2client\gamelib\debug\flyingdata.obj
d:\metin2 server files\mainline\kraizy updated edition\source\metin2client\gamelib\debug\actorinstanceattach.sbr
d:\metin2 server files\mainline\kraizy updated edition\source\metin2client\gamelib\debug\actorinstanceattach.obj
d:\metin2 server files\mainline\kraizy updated edition\source\metin2client\gamelib\debug\actorinstancesync.sbr
d:\metin2 server files\mainline\kraizy updated edition\source\metin2client\gamelib\debug\actorinstancesync.obj
d:\metin2 server files\mainline\kraizy updated edition\source\metin2client\gamelib\debug\racemanager.sbr
d:\metin2 server files\mainline\kraizy updated edition\source\metin2client\gamelib\debug\racemanager.obj
d:\metin2 server files\mainline\kraizy updated edition\source\metin2client\gamelib\debug\mapoutdoorquadtree.sbr
d:\metin2 server files\mainline\kraizy updated edition\source\metin2client\gamelib\debug\mapoutdoorquadtree.obj
d:\metin2 server files\mainline\kraizy updated edition\source\metin2client\gamelib\debug\mapoutdoorupdate.sbr
d:\metin2 server files\mainline\kraizy updated edition\source\metin2client\gamelib\debug\mapoutdoorupdate.obj
d:\metin2 server files\mainline\kraizy updated edition\source\metin2client\gamelib\debug\flytrace.sbr
d:\metin2 server files\mainline\kraizy updated edition\source\metin2client\gamelib\debug\flytrace.obj
d:\metin2 server files\mainline\kraizy updated edition\source\metin2client\gamelib\debug\actorinstancecollisiondetection.sbr
d:\metin2 server files\mainline\kraizy updated edition\source\metin2client\gamelib\debug\actorinstancecollisiondetection.obj
d:\metin2 server files\mainline\kraizy updated edition\source\metin2client\gamelib\debug\actorinstanceposition.sbr
d:\metin2 server files\mainline\kraizy updated edition\source\metin2client\gamelib\debug\actorinstanceposition.obj
d:\metin2 server files\mainline\kraizy updated edition\source\metin2client\gamelib\debug\weapontrace.sbr
d:\metin2 server files\mainline\kraizy updated edition\source\metin2client\gamelib\debug\weapontrace.obj
d:\metin2 server files\mainline\kraizy updated edition\source\metin2client\gamelib\debug\mapbase.sbr
d:\metin2 server files\mainline\kraizy updated edition\source\metin2client\gamelib\debug\mapbase.obj
d:\metin2 server files\mainline\kraizy updated edition\source\metin2client\gamelib\debug\mapoutdoorcharactershadow.sbr
d:\metin2 server files\mainline\kraizy updated edition\source\metin2client\gamelib\debug\mapoutdoorcharactershadow.obj
d:\metin2 server files\mainline\kraizy updated edition\source\metin2client\gamelib\debug\mapoutdoorrender.sbr
d:\metin2 server files\mainline\kraizy updated edition\source\metin2client\gamelib\debug\mapoutdoorrender.obj
d:\metin2 server files\mainline\kraizy updated edition\source\metin2client\gamelib\debug\monsterareainfo.sbr
d:\metin2 server files\mainline\kraizy updated edition\source\metin2client\gamelib\debug\monsterareainfo.obj
d:\metin2 server files\mainline\kraizy updated edition\source\metin2client\gamelib\debug\snowparticle.sbr
d:\metin2 server files\mainline\kraizy updated edition\source\metin2client\gamelib\debug\snowparticle.obj
d:\metin2 server files\mainline\kraizy updated edition\source\metin2client\gamelib\debug\terrainpatch.sbr
d:\metin2 server files\mainline\kraizy updated edition\source\metin2client\gamelib\debug\terrainpatch.obj
d:\metin2 server files\mainline\kraizy updated edition\source\metin2client\gamelib\debug\itemmanager.sbr
d:\metin2 server files\mainline\kraizy updated edition\source\metin2client\gamelib\debug\itemmanager.obj
d:\metin2 server files\mainline\kraizy updated edition\source\metin2client\gamelib\debug\actorinstanceevent.sbr
d:\metin2 server files\mainline\kraizy updated edition\source\metin2client\gamelib\debug\actorinstanceevent.obj
d:\metin2 server files\mainline\kraizy updated edition\source\metin2client\gamelib\debug\actorinstancerotation.sbr
d:\metin2 server files\mainline\kraizy updated edition\source\metin2client\gamelib\debug\actorinstancerotation.obj
d:\metin2 server files\mainline\kraizy updated edition\source\metin2client\gamelib\debug\physicsobject.sbr
d:\metin2 server files\mainline\kraizy updated edition\source\metin2client\gamelib\debug\physicsobject.obj
d:\metin2 server files\mainline\kraizy updated edition\source\metin2client\gamelib\debug\racedata.sbr
d:\metin2 server files\mainline\kraizy updated edition\source\metin2client\gamelib\debug\racedata.obj
d:\metin2 server files\mainline\kraizy updated edition\source\metin2client\gamelib\debug\mapmanager.sbr
d:\metin2 server files\mainline\kraizy updated edition\source\metin2client\gamelib\debug\mapmanager.obj
d:\metin2 server files\mainline\kraizy updated edition\source\metin2client\gamelib\debug\maptype.sbr
d:\metin2 server files\mainline\kraizy updated edition\source\metin2client\gamelib\debug\maptype.obj
d:\metin2 server files\mainline\kraizy updated edition\source\metin2client\gamelib\debug\propertyloader.sbr
d:\metin2 server files\mainline\kraizy updated edition\source\metin2client\gamelib\debug\propertyloader.obj
d:\metin2 server files\mainline\kraizy updated edition\source\metin2client\gamelib\debug\gametype.sbr
d:\metin2 server files\mainline\kraizy updated edition\source\metin2client\gamelib\debug\gametype.obj
d:\metin2 server files\mainline\kraizy updated edition\source\metin2client\gamelib\debug\actorinstancebattle.sbr
d:\metin2 server files\mainline\kraizy updated edition\source\metin2client\gamelib\debug\actorinstancebattle.obj
d:\metin2 server files\mainline\kraizy updated edition\source\metin2client\gamelib\debug\actorinstancemotionevent.sbr
d:\metin2 server files\mainline\kraizy updated edition\source\metin2client\gamelib\debug\actorinstancemotionevent.obj
d:\metin2 server files\mainline\kraizy updated edition\source\metin2client\gamelib\debug\areaterrain.sbr
d:\metin2 server files\mainline\kraizy updated edition\source\metin2client\gamelib\debug\areaterrain.obj
d:\metin2 server files\mainline\kraizy updated edition\source\metin2client\gamelib\debug\mapoutdoorrenderhtp.sbr
d:\metin2 server files\mainline\kraizy updated edition\source\metin2client\gamelib\debug\mapoutdoorrenderhtp.obj
d:\metin2 server files\mainline\kraizy updated edition\source\metin2client\gamelib\debug\mapoutdoorwater.sbr
d:\metin2 server files\mainline\kraizy updated edition\source\metin2client\gamelib\debug\mapoutdoorwater.obj
d:\metin2 server files\mainline\kraizy updated edition\source\metin2client\gamelib\debug\terraindecal.sbr
d:\metin2 server files\mainline\kraizy updated edition\source\metin2client\gamelib\debug\terraindecal.obj
d:\metin2 server files\mainline\kraizy updated edition\source\metin2client\gamelib\debug\flyingobjectmanager.sbr
d:\metin2 server files\mainline\kraizy updated edition\source\metin2client\gamelib\debug\flyingobjectmanager.obj
d:\metin2 server files\mainline\kraizy updated edition\source\metin2client\gamelib\debug\actorinstancefly.sbr
d:\metin2 server files\mainline\kraizy updated edition\source\metin2client\gamelib\debug\actorinstancefly.obj
d:\metin2 server files\mainline\kraizy updated edition\source\metin2client\gamelib\debug\actorinstancerender.sbr
d:\metin2 server files\mainline\kraizy updated edition\source\metin2client\gamelib\debug\actorinstancerender.obj
d:\metin2 server files\mainline\kraizy updated edition\source\metin2client\gamelib\debug\racemotiondata.sbr
d:\metin2 server files\mainline\kraizy updated edition\source\metin2client\gamelib\debug\racemotiondata.obj
d:\metin2 server files\mainline\kraizy updated edition\source\metin2client\gamelib\debug\mapoutdoor.sbr
d:\metin2 server files\mainline\kraizy updated edition\source\metin2client\gamelib\debug\mapoutdoor.obj
d:\metin2 server files\mainline\kraizy updated edition\source\metin2client\gamelib\debug\maputil.sbr
d:\metin2 server files\mainline\kraizy updated edition\source\metin2client\gamelib\debug\maputil.obj
d:\metin2 server files\mainline\kraizy updated edition\source\metin2client\gamelib\debug\snowenvironment.sbr
d:\metin2 server files\mainline\kraizy updated edition\source\metin2client\gamelib\debug\snowenvironment.obj
d:\metin2 server files\mainline\kraizy updated edition\source\metin2client\gamelib\debug\itemdata.sbr
d:\metin2 server files\mainline\kraizy updated edition\source\metin2client\gamelib\debug\itemdata.obj
d:\metin2 server files\mainline\kraizy updated edition\source\metin2client\gamelib\debug\flytarget.sbr
d:\metin2 server files\mainline\kraizy updated edition\source\metin2client\gamelib\debug\flytarget.obj
d:\metin2 server files\mainline\kraizy updated edition\source\metin2client\gamelib\debug\actorinstancedata.sbr
d:\metin2 server files\mainline\kraizy updated edition\source\metin2client\gamelib\debug\actorinstancedata.obj
d:\metin2 server files\mainline\kraizy updated edition\source\metin2client\gamelib\debug\dungeonblock.sbr
d:\metin2 server files\mainline\kraizy updated edition\source\metin2client\gamelib\debug\dungeonblock.obj
d:\metin2 server files\mainline\kraizy updated edition\source\metin2client\gamelib\debug\area.sbr
d:\metin2 server files\mainline\kraizy updated edition\source\metin2client\gamelib\debug\area.obj
d:\metin2 server files\mainline\kraizy updated edition\source\metin2client\gamelib\debug\terrainquadtree.sbr
d:\metin2 server files\mainline\kraizy updated edition\source\metin2client\gamelib\debug\terrainquadtree.obj
d:\metin2 server files\mainline\kraizy updated edition\source\metin2client\gamelib\debug\gameeventmanager.sbr
d:\metin2 server files\mainline\kraizy updated edition\source\metin2client\gamelib\debug\gameeventmanager.obj
d:\metin2 server files\mainline\kraizy updated edition\source\metin2client\gamelib\debug\actorinstance.sbr
d:\metin2 server files\mainline\kraizy updated edition\source\metin2client\gamelib\debug\actorinstance.obj
d:\metin2 server files\mainline\kraizy updated edition\source\metin2client\gamelib\debug\actorinstanceweapontrace.sbr
d:\metin2 server files\mainline\kraizy updated edition\source\metin2client\gamelib\debug\actorinstanceweapontrace.obj
d:\metin2 server files\mainline\kraizy updated edition\source\metin2client\gamelib\debug\arealoaderthread.sbr
d:\metin2 server files\mainline\kraizy updated edition\source\metin2client\gamelib\debug\arealoaderthread.obj
d:\metin2 server files\mainline\kraizy updated edition\source\metin2client\gamelib\debug\mapoutdoorload.sbr
d:\metin2 server files\mainline\kraizy updated edition\source\metin2client\gamelib\debug\mapoutdoorload.obj
d:\metin2 server files\mainline\kraizy updated edition\source\metin2client\gamelib\debug\propertymanager.sbr
d:\metin2 server files\mainline\kraizy updated edition\source\metin2client\gamelib\debug\propertymanager.obj
d:\metin2 server files\mainline\kraizy updated edition\source\metin2client\gamelib\debug\flyinginstance.sbr
d:\metin2 server files\mainline\kraizy updated edition\source\metin2client\gamelib\debug\flyinginstance.obj
d:\metin2 server files\mainline\kraizy updated edition\source\metin2client\gamelib\debug\gamelib.lib
d:\metin2 server files\mainline\kraizy updated edition\source\metin2client\gamelib\debug\gamelib.tlog\bscmake.command.1.tlog
d:\metin2 server files\mainline\kraizy updated edition\source\metin2client\gamelib\debug\gamelib.tlog\bscmake.read.1.tlog
d:\metin2 server files\mainline\kraizy updated edition\source\metin2client\gamelib\debug\gamelib.tlog\bscmake.write.1.tlog
d:\metin2 server files\mainline\kraizy updated edition\source\metin2client\gamelib\debug\gamelib.tlog\cl.command.1.tlog
d:\metin2 server files\mainline\kraizy updated edition\source\metin2client\gamelib\debug\gamelib.tlog\cl.read.1.tlog
d:\metin2 server files\mainline\kraizy updated edition\source\metin2client\gamelib\debug\gamelib.tlog\cl.write.1.tlog
d:\metin2 server files\mainline\kraizy updated edition\source\metin2client\gamelib\debug\gamelib.tlog\lib-link.read.1.tlog
d:\metin2 server files\mainline\kraizy updated edition\source\metin2client\gamelib\debug\gamelib.tlog\lib-link.write.1.tlog
d:\metin2 server files\mainline\kraizy updated edition\source\metin2client\gamelib\debug\gamelib.tlog\lib.command.1.tlog
