d:\metin2 server files\mainline\src_2014\metin2client\etergrnlib\distribute\etergrnlib.pch
d:\metin2 server files\mainline\src_2014\metin2client\etergrnlib\distribute\etergrnlib.pdb
d:\metin2 server files\mainline\src_2014\metin2client\etergrnlib\distribute\stdafx.obj
d:\metin2 server files\mainline\src_2014\metin2client\etergrnlib\distribute\stdafx.cod
d:\metin2 server files\mainline\src_2014\metin2client\etergrnlib\distribute\util.obj
d:\metin2 server files\mainline\src_2014\metin2client\etergrnlib\distribute\util.cod
d:\metin2 server files\mainline\src_2014\metin2client\etergrnlib\distribute\thinginstance.obj
d:\metin2 server files\mainline\src_2014\metin2client\etergrnlib\distribute\thinginstance.cod
d:\metin2 server files\mainline\src_2014\metin2client\etergrnlib\distribute\thing.obj
d:\metin2 server files\mainline\src_2014\metin2client\etergrnlib\distribute\thing.cod
d:\metin2 server files\mainline\src_2014\metin2client\etergrnlib\distribute\motion.obj
d:\metin2 server files\mainline\src_2014\metin2client\etergrnlib\distribute\motion.cod
d:\metin2 server files\mainline\src_2014\metin2client\etergrnlib\distribute\modelinstanceupdate.obj
d:\metin2 server files\mainline\src_2014\metin2client\etergrnlib\distribute\modelinstanceupdate.cod
d:\metin2 server files\mainline\src_2014\metin2client\etergrnlib\distribute\modelinstancerender.obj
d:\metin2 server files\mainline\src_2014\metin2client\etergrnlib\distribute\modelinstancerender.cod
d:\metin2 server files\mainline\src_2014\metin2client\etergrnlib\distribute\modelinstancemotion.obj
d:\metin2 server files\mainline\src_2014\metin2client\etergrnlib\distribute\modelinstancemotion.cod
d:\metin2 server files\mainline\src_2014\metin2client\etergrnlib\distribute\modelinstancemodel.obj
d:\metin2 server files\mainline\src_2014\metin2client\etergrnlib\distribute\modelinstancemodel.cod
d:\metin2 server files\mainline\src_2014\metin2client\etergrnlib\distribute\modelinstancecollisiondetection.obj
d:\metin2 server files\mainline\src_2014\metin2client\etergrnlib\distribute\modelinstancecollisiondetection.cod
d:\metin2 server files\mainline\src_2014\metin2client\etergrnlib\distribute\modelinstance.obj
d:\metin2 server files\mainline\src_2014\metin2client\etergrnlib\distribute\modelinstance.cod
d:\metin2 server files\mainline\src_2014\metin2client\etergrnlib\distribute\model.obj
d:\metin2 server files\mainline\src_2014\metin2client\etergrnlib\distribute\model.cod
d:\metin2 server files\mainline\src_2014\metin2client\etergrnlib\distribute\mesh.obj
d:\metin2 server files\mainline\src_2014\metin2client\etergrnlib\distribute\mesh.cod
d:\metin2 server files\mainline\src_2014\metin2client\etergrnlib\distribute\material.obj
d:\metin2 server files\mainline\src_2014\metin2client\etergrnlib\distribute\material.cod
d:\metin2 server files\mainline\src_2014\metin2client\etergrnlib\distribute\lodcontroller.obj
d:\metin2 server files\mainline\src_2014\metin2client\etergrnlib\distribute\lodcontroller.cod
d:\metin2 server files\mainline\src_2014\metin2client\etergrnlib\distribute\etergrnlib.lib
d:\metin2 server files\mainline\kraizy updated edition\source\metin2client\etergrnlib\distribute\lodcontroller.obj
d:\metin2 server files\mainline\kraizy updated edition\source\metin2client\etergrnlib\distribute\material.obj
d:\metin2 server files\mainline\kraizy updated edition\source\metin2client\etergrnlib\distribute\mesh.obj
d:\metin2 server files\mainline\kraizy updated edition\source\metin2client\etergrnlib\distribute\model.obj
d:\metin2 server files\mainline\kraizy updated edition\source\metin2client\etergrnlib\distribute\modelinstance.obj
d:\metin2 server files\mainline\kraizy updated edition\source\metin2client\etergrnlib\distribute\modelinstancecollisiondetection.obj
d:\metin2 server files\mainline\kraizy updated edition\source\metin2client\etergrnlib\distribute\modelinstancemodel.obj
d:\metin2 server files\mainline\kraizy updated edition\source\metin2client\etergrnlib\distribute\modelinstancemotion.obj
d:\metin2 server files\mainline\kraizy updated edition\source\metin2client\etergrnlib\distribute\modelinstancerender.obj
d:\metin2 server files\mainline\kraizy updated edition\source\metin2client\etergrnlib\distribute\modelinstanceupdate.obj
d:\metin2 server files\mainline\kraizy updated edition\source\metin2client\etergrnlib\distribute\motion.obj
d:\metin2 server files\mainline\kraizy updated edition\source\metin2client\etergrnlib\distribute\stdafx.obj
d:\metin2 server files\mainline\kraizy updated edition\source\metin2client\etergrnlib\distribute\thing.obj
d:\metin2 server files\mainline\kraizy updated edition\source\metin2client\etergrnlib\distribute\thinginstance.obj
d:\metin2 server files\mainline\kraizy updated edition\source\metin2client\etergrnlib\distribute\util.obj
d:\metin2 server files\mainline\kraizy updated edition\source\metin2client\etergrnlib\distribute\etergrnlib.pch
d:\metin2 server files\mainline\kraizy updated edition\source\metin2client\etergrnlib\distribute\etergrnlib.pdb
d:\metin2 server files\mainline\kraizy updated edition\source\metin2client\etergrnlib\distribute\etergrnlib.lib
d:\metin2 server files\mainline\kraizy updated edition\source\metin2client\etergrnlib\distribute\etergrnlib.tlog\cl.command.1.tlog
d:\metin2 server files\mainline\kraizy updated edition\source\metin2client\etergrnlib\distribute\etergrnlib.tlog\cl.read.1.tlog
d:\metin2 server files\mainline\kraizy updated edition\source\metin2client\etergrnlib\distribute\etergrnlib.tlog\cl.write.1.tlog
d:\metin2 server files\mainline\kraizy updated edition\source\metin2client\etergrnlib\distribute\etergrnlib.tlog\lib-link.read.1.tlog
d:\metin2 server files\mainline\kraizy updated edition\source\metin2client\etergrnlib\distribute\etergrnlib.tlog\lib-link.write.1.tlog
d:\metin2 server files\mainline\kraizy updated edition\source\metin2client\etergrnlib\distribute\etergrnlib.tlog\lib.command.1.tlog
