d:\metin2 server files\mainline\kraizy updated edition\source\metin2client\eterpythonlib\debug\eterpythonlib.bsc
d:\metin2 server files\mainline\kraizy updated edition\source\metin2client\eterpythonlib\debug\eterpythonlib.pch
d:\metin2 server files\mainline\kraizy updated edition\source\metin2client\eterpythonlib\debug\eterpythonlib.pdb
d:\metin2 server files\mainline\kraizy updated edition\source\metin2client\eterpythonlib\debug\stdafx.sbr
d:\metin2 server files\mainline\kraizy updated edition\source\metin2client\eterpythonlib\debug\stdafx.obj
d:\metin2 server files\mainline\kraizy updated edition\source\metin2client\eterpythonlib\debug\pythongraphicimagemodule.sbr
d:\metin2 server files\mainline\kraizy updated edition\source\metin2client\eterpythonlib\debug\pythongraphicimagemodule.obj
d:\metin2 server files\mainline\kraizy updated edition\source\metin2client\eterpythonlib\debug\pythongraphicthingmodule.sbr
d:\metin2 server files\mainline\kraizy updated edition\source\metin2client\eterpythonlib\debug\pythongraphicthingmodule.obj
d:\metin2 server files\mainline\kraizy updated edition\source\metin2client\eterpythonlib\debug\pythongraphicmodule.sbr
d:\metin2 server files\mainline\kraizy updated edition\source\metin2client\eterpythonlib\debug\pythongraphicmodule.obj
d:\metin2 server files\mainline\kraizy updated edition\source\metin2client\eterpythonlib\debug\pythongridslotwindow.sbr
d:\metin2 server files\mainline\kraizy updated edition\source\metin2client\eterpythonlib\debug\pythongridslotwindow.obj
d:\metin2 server files\mainline\kraizy updated edition\source\metin2client\eterpythonlib\debug\pythongraphictextmodule.sbr
d:\metin2 server files\mainline\kraizy updated edition\source\metin2client\eterpythonlib\debug\pythongraphictextmodule.obj
d:\metin2 server files\mainline\kraizy updated edition\source\metin2client\eterpythonlib\debug\pythonwindow.sbr
d:\metin2 server files\mainline\kraizy updated edition\source\metin2client\eterpythonlib\debug\pythonwindow.obj
d:\metin2 server files\mainline\kraizy updated edition\source\metin2client\eterpythonlib\debug\pythonwindowmanager.sbr
d:\metin2 server files\mainline\kraizy updated edition\source\metin2client\eterpythonlib\debug\pythonwindowmanager.obj
d:\metin2 server files\mainline\kraizy updated edition\source\metin2client\eterpythonlib\debug\pythonwindowmanagermodule.sbr
d:\metin2 server files\mainline\kraizy updated edition\source\metin2client\eterpythonlib\debug\pythonwindowmanagermodule.obj
d:\metin2 server files\mainline\kraizy updated edition\source\metin2client\eterpythonlib\debug\pythonslotwindow.sbr
d:\metin2 server files\mainline\kraizy updated edition\source\metin2client\eterpythonlib\debug\pythonslotwindow.obj
d:\metin2 server files\mainline\kraizy updated edition\source\metin2client\eterpythonlib\debug\pythongraphic.sbr
d:\metin2 server files\mainline\kraizy updated edition\source\metin2client\eterpythonlib\debug\pythongraphic.obj
d:\metin2 server files\mainline\kraizy updated edition\source\metin2client\eterpythonlib\debug\eterpythonlib.lib
d:\metin2 server files\mainline\kraizy updated edition\source\metin2client\eterpythonlib\debug\eterpythonlib.tlog\bscmake.command.1.tlog
d:\metin2 server files\mainline\kraizy updated edition\source\metin2client\eterpythonlib\debug\eterpythonlib.tlog\bscmake.read.1.tlog
d:\metin2 server files\mainline\kraizy updated edition\source\metin2client\eterpythonlib\debug\eterpythonlib.tlog\bscmake.write.1.tlog
d:\metin2 server files\mainline\kraizy updated edition\source\metin2client\eterpythonlib\debug\eterpythonlib.tlog\cl.command.1.tlog
d:\metin2 server files\mainline\kraizy updated edition\source\metin2client\eterpythonlib\debug\eterpythonlib.tlog\cl.read.1.tlog
d:\metin2 server files\mainline\kraizy updated edition\source\metin2client\eterpythonlib\debug\eterpythonlib.tlog\cl.write.1.tlog
d:\metin2 server files\mainline\kraizy updated edition\source\metin2client\eterpythonlib\debug\eterpythonlib.tlog\lib-link.read.1.tlog
d:\metin2 server files\mainline\kraizy updated edition\source\metin2client\eterpythonlib\debug\eterpythonlib.tlog\lib-link.write.1.tlog
d:\metin2 server files\mainline\kraizy updated edition\source\metin2client\eterpythonlib\debug\eterpythonlib.tlog\lib.command.1.tlog
