d:\metin2 server files\mainline\kraizy updated edition\client\source\metin2client\eterbase\release\poly.obj
d:\metin2 server files\mainline\kraizy updated edition\client\source\metin2client\eterbase\release\random.obj
d:\metin2 server files\mainline\kraizy updated edition\client\source\metin2client\eterbase\release\timer.obj
d:\metin2 server files\mainline\kraizy updated edition\client\source\metin2client\eterbase\release\cpostit.obj
d:\metin2 server files\mainline\kraizy updated edition\client\source\metin2client\eterbase\release\filebase.obj
d:\metin2 server files\mainline\kraizy updated edition\client\source\metin2client\eterbase\release\stdafx.obj
d:\metin2 server files\mainline\kraizy updated edition\client\source\metin2client\eterbase\release\debug.obj
d:\metin2 server files\mainline\kraizy updated edition\client\source\metin2client\eterbase\release\mappedfile.obj
d:\metin2 server files\mainline\kraizy updated edition\client\source\metin2client\eterbase\release\symbol.obj
d:\metin2 server files\mainline\kraizy updated edition\client\source\metin2client\eterbase\release\filedir.obj
d:\metin2 server files\mainline\kraizy updated edition\client\source\metin2client\eterbase\release\utils.obj
d:\metin2 server files\mainline\kraizy updated edition\client\source\metin2client\eterbase\release\symtable.obj
d:\metin2 server files\mainline\kraizy updated edition\client\source\metin2client\eterbase\release\lzo.obj
d:\metin2 server files\mainline\kraizy updated edition\client\source\metin2client\eterbase\release\tempfile.obj
d:\metin2 server files\mainline\kraizy updated edition\client\source\metin2client\eterbase\release\base.obj
d:\metin2 server files\mainline\kraizy updated edition\client\source\metin2client\eterbase\release\error.obj
d:\metin2 server files\mainline\kraizy updated edition\client\source\metin2client\eterbase\release\stl.obj
d:\metin2 server files\mainline\kraizy updated edition\client\source\metin2client\eterbase\release\cipher.obj
d:\metin2 server files\mainline\kraizy updated edition\client\source\metin2client\eterbase\release\tea.obj
d:\metin2 server files\mainline\kraizy updated edition\client\source\metin2client\eterbase\release\crc32.obj
d:\metin2 server files\mainline\kraizy updated edition\client\source\metin2client\eterbase\release\fileloader.obj
d:\metin2 server files\mainline\kraizy updated edition\client\source\metin2client\eterbase\release\eterbase.pdb
d:\metin2 server files\mainline\kraizy updated edition\client\source\metin2client\eterbase\release\eterbase.lib
d:\metin2 server files\mainline\kraizy updated edition\client\source\metin2client\eterbase\release\eterbase.tlog\cl.19904.write.1.tlog
d:\metin2 server files\mainline\kraizy updated edition\client\source\metin2client\eterbase\release\eterbase.tlog\cl.command.1.tlog
d:\metin2 server files\mainline\kraizy updated edition\client\source\metin2client\eterbase\release\eterbase.tlog\cl.read.1.tlog
d:\metin2 server files\mainline\kraizy updated edition\client\source\metin2client\eterbase\release\eterbase.tlog\lib-link.read.1.tlog
d:\metin2 server files\mainline\kraizy updated edition\client\source\metin2client\eterbase\release\eterbase.tlog\lib-link.write.1.tlog
d:\metin2 server files\mainline\kraizy updated edition\client\source\metin2client\eterbase\release\eterbase.tlog\lib.command.1.tlog
