d:\metin2 server files\mainline\src_2014\metin2client\eterlocale\distribute\eterlocale.pch
d:\metin2 server files\mainline\src_2014\metin2client\eterlocale\distribute\eterlocale.pdb
d:\metin2 server files\mainline\src_2014\metin2client\eterlocale\distribute\stdafx.obj
d:\metin2 server files\mainline\src_2014\metin2client\eterlocale\distribute\stdafx.cod
d:\metin2 server files\mainline\src_2014\metin2client\eterlocale\distribute\stringcodec_vietnamese.obj
d:\metin2 server files\mainline\src_2014\metin2client\eterlocale\distribute\stringcodec_vietnamese.cod
d:\metin2 server files\mainline\src_2014\metin2client\eterlocale\distribute\stringcodec.obj
d:\metin2 server files\mainline\src_2014\metin2client\eterlocale\distribute\stringcodec.cod
d:\metin2 server files\mainline\src_2014\metin2client\eterlocale\distribute\japanese.obj
d:\metin2 server files\mainline\src_2014\metin2client\eterlocale\distribute\japanese.cod
d:\metin2 server files\mainline\src_2014\metin2client\eterlocale\distribute\arabic.obj
d:\metin2 server files\mainline\src_2014\metin2client\eterlocale\distribute\arabic.cod
d:\metin2 server files\mainline\src_2014\metin2client\eterlocale\distribute\eterlocale.lib
d:\metin2 server files\mainline\kraizy updated edition\source\metin2client\eterlocale\distribute\arabic.obj
d:\metin2 server files\mainline\kraizy updated edition\source\metin2client\eterlocale\distribute\japanese.obj
d:\metin2 server files\mainline\kraizy updated edition\source\metin2client\eterlocale\distribute\stdafx.obj
d:\metin2 server files\mainline\kraizy updated edition\source\metin2client\eterlocale\distribute\stringcodec.obj
d:\metin2 server files\mainline\kraizy updated edition\source\metin2client\eterlocale\distribute\stringcodec_vietnamese.obj
d:\metin2 server files\mainline\kraizy updated edition\source\metin2client\eterlocale\distribute\eterlocale.pch
d:\metin2 server files\mainline\kraizy updated edition\source\metin2client\eterlocale\distribute\eterlocale.pdb
d:\metin2 server files\mainline\kraizy updated edition\source\metin2client\eterlocale\distribute\eterlocale.lib
d:\metin2 server files\mainline\kraizy updated edition\source\metin2client\eterlocale\distribute\eterlocale.tlog\cl.command.1.tlog
d:\metin2 server files\mainline\kraizy updated edition\source\metin2client\eterlocale\distribute\eterlocale.tlog\cl.read.1.tlog
d:\metin2 server files\mainline\kraizy updated edition\source\metin2client\eterlocale\distribute\eterlocale.tlog\cl.write.1.tlog
d:\metin2 server files\mainline\kraizy updated edition\source\metin2client\eterlocale\distribute\eterlocale.tlog\lib-link.read.1.tlog
d:\metin2 server files\mainline\kraizy updated edition\source\metin2client\eterlocale\distribute\eterlocale.tlog\lib-link.write.1.tlog
d:\metin2 server files\mainline\kraizy updated edition\source\metin2client\eterlocale\distribute\eterlocale.tlog\lib.command.1.tlog
