d:\metin2 server files\mainline\src_2014\metin2client\speedtreelib\vtune\speedtreelib.pdb
d:\metin2 server files\mainline\src_2014\metin2client\speedtreelib\vtune\stdafx.obj
d:\metin2 server files\mainline\src_2014\metin2client\speedtreelib\vtune\stdafx.cod
d:\metin2 server files\mainline\src_2014\metin2client\speedtreelib\vtune\speedtreewrapper.obj
d:\metin2 server files\mainline\src_2014\metin2client\speedtreelib\vtune\speedtreewrapper.cod
d:\metin2 server files\mainline\src_2014\metin2client\speedtreelib\vtune\speedtreeforestdirectx8.obj
d:\metin2 server files\mainline\src_2014\metin2client\speedtreelib\vtune\speedtreeforestdirectx8.cod
d:\metin2 server files\mainline\src_2014\metin2client\speedtreelib\vtune\speedtreeforest.obj
d:\metin2 server files\mainline\src_2014\metin2client\speedtreelib\vtune\speedtreeforest.cod
d:\metin2 server files\mainline\src_2014\metin2client\speedtreelib\vtune\speedgrasswrapper.obj
d:\metin2 server files\mainline\src_2014\metin2client\speedtreelib\vtune\speedgrasswrapper.cod
d:\metin2 server files\mainline\src_2014\metin2client\speedtreelib\vtune\speedgrassrt.obj
d:\metin2 server files\mainline\src_2014\metin2client\speedtreelib\vtune\speedgrassrt.cod
d:\metin2 server files\mainline\src_2014\metin2client\speedtreelib\vtune\boundaryshapemanager.obj
d:\metin2 server files\mainline\src_2014\metin2client\speedtreelib\vtune\boundaryshapemanager.cod
d:\metin2 server files\mainline\src_2014\metin2client\speedtreelib\vtune\speedtreelib.lib
d:\metin2 server files\mainline\kraizy updated edition\source\metin2client\speedtreelib\vtune\boundaryshapemanager.obj
d:\metin2 server files\mainline\kraizy updated edition\source\metin2client\speedtreelib\vtune\speedgrassrt.obj
d:\metin2 server files\mainline\kraizy updated edition\source\metin2client\speedtreelib\vtune\speedgrasswrapper.obj
d:\metin2 server files\mainline\kraizy updated edition\source\metin2client\speedtreelib\vtune\speedtreeforest.obj
d:\metin2 server files\mainline\kraizy updated edition\source\metin2client\speedtreelib\vtune\speedtreeforestdirectx8.obj
d:\metin2 server files\mainline\kraizy updated edition\source\metin2client\speedtreelib\vtune\speedtreewrapper.obj
d:\metin2 server files\mainline\kraizy updated edition\source\metin2client\speedtreelib\vtune\stdafx.obj
d:\metin2 server files\mainline\kraizy updated edition\source\metin2client\speedtreelib\vtune\speedtreelib.pdb
d:\metin2 server files\mainline\kraizy updated edition\source\metin2client\speedtreelib\vtune\speedtreelib.lib
d:\metin2 server files\mainline\kraizy updated edition\source\metin2client\speedtreelib\vtune\speedtreelib.tlog\cl.command.1.tlog
d:\metin2 server files\mainline\kraizy updated edition\source\metin2client\speedtreelib\vtune\speedtreelib.tlog\cl.read.1.tlog
d:\metin2 server files\mainline\kraizy updated edition\source\metin2client\speedtreelib\vtune\speedtreelib.tlog\cl.write.1.tlog
d:\metin2 server files\mainline\kraizy updated edition\source\metin2client\speedtreelib\vtune\speedtreelib.tlog\lib-link.read.1.tlog
d:\metin2 server files\mainline\kraizy updated edition\source\metin2client\speedtreelib\vtune\speedtreelib.tlog\lib-link.write.1.tlog
d:\metin2 server files\mainline\kraizy updated edition\source\metin2client\speedtreelib\vtune\speedtreelib.tlog\lib.command.1.tlog
