d:\metin2 server files\mainline\kraizy updated edition\client\source\metin2client\effectlib\release\effectlib.pch
d:\metin2 server files\mainline\kraizy updated edition\client\source\metin2client\effectlib\release\effectlib.pdb
d:\metin2 server files\mainline\kraizy updated edition\client\source\metin2client\effectlib\release\stdafx.obj
d:\metin2 server files\mainline\kraizy updated edition\client\source\metin2client\effectlib\release\effectinstance.obj
d:\metin2 server files\mainline\kraizy updated edition\client\source\metin2client\effectlib\release\simplelightinstance.obj
d:\metin2 server files\mainline\kraizy updated edition\client\source\metin2client\effectlib\release\effectmanager.obj
d:\metin2 server files\mainline\kraizy updated edition\client\source\metin2client\effectlib\release\framecontroller.obj
d:\metin2 server files\mainline\kraizy updated edition\client\source\metin2client\effectlib\release\particleproperty.obj
d:\metin2 server files\mainline\kraizy updated edition\client\source\metin2client\effectlib\release\effectmeshinstance.obj
d:\metin2 server files\mainline\kraizy updated edition\client\source\metin2client\effectlib\release\simplelightdata.obj
d:\metin2 server files\mainline\kraizy updated edition\client\source\metin2client\effectlib\release\effectdata.obj
d:\metin2 server files\mainline\kraizy updated edition\client\source\metin2client\effectlib\release\particlesystemdata.obj
d:\metin2 server files\mainline\kraizy updated edition\client\source\metin2client\effectlib\release\effectelementbase.obj
d:\metin2 server files\mainline\kraizy updated edition\client\source\metin2client\effectlib\release\emitterproperty.obj
d:\metin2 server files\mainline\kraizy updated edition\client\source\metin2client\effectlib\release\particleinstance.obj
d:\metin2 server files\mainline\kraizy updated edition\client\source\metin2client\effectlib\release\type.obj
d:\metin2 server files\mainline\kraizy updated edition\client\source\metin2client\effectlib\release\effectupdatedecorator.obj
d:\metin2 server files\mainline\kraizy updated edition\client\source\metin2client\effectlib\release\particlesysteminstance.obj
d:\metin2 server files\mainline\kraizy updated edition\client\source\metin2client\effectlib\release\effectelementbaseinstance.obj
d:\metin2 server files\mainline\kraizy updated edition\client\source\metin2client\effectlib\release\effectmesh.obj
d:\metin2 server files\mainline\kraizy updated edition\client\source\metin2client\effectlib\release\effectlib.lib
d:\metin2 server files\mainline\kraizy updated edition\client\source\metin2client\effectlib\release\effectlib.tlog\cl.command.1.tlog
d:\metin2 server files\mainline\kraizy updated edition\client\source\metin2client\effectlib\release\effectlib.tlog\cl.read.1.tlog
d:\metin2 server files\mainline\kraizy updated edition\client\source\metin2client\effectlib\release\effectlib.tlog\cl.write.1.tlog
d:\metin2 server files\mainline\kraizy updated edition\client\source\metin2client\effectlib\release\effectlib.tlog\lib-link.read.1.tlog
d:\metin2 server files\mainline\kraizy updated edition\client\source\metin2client\effectlib\release\effectlib.tlog\lib-link.write.1.tlog
d:\metin2 server files\mainline\kraizy updated edition\client\source\metin2client\effectlib\release\effectlib.tlog\lib.command.1.tlog
