d:\metin2 server files\mainline\kraizy updated edition\source\metin2client\spherelib\debug\spherelib.bsc
d:\metin2 server files\mainline\kraizy updated edition\source\metin2client\spherelib\debug\spherelib.pch
d:\metin2 server files\mainline\kraizy updated edition\source\metin2client\spherelib\debug\spherelib.pdb
d:\metin2 server files\mainline\kraizy updated edition\source\metin2client\spherelib\debug\stdafx.sbr
d:\metin2 server files\mainline\kraizy updated edition\source\metin2client\spherelib\debug\stdafx.obj
d:\metin2 server files\mainline\kraizy updated edition\source\metin2client\spherelib\debug\frustum.sbr
d:\metin2 server files\mainline\kraizy updated edition\source\metin2client\spherelib\debug\frustum.obj
d:\metin2 server files\mainline\kraizy updated edition\source\metin2client\spherelib\debug\sphere.sbr
d:\metin2 server files\mainline\kraizy updated edition\source\metin2client\spherelib\debug\sphere.obj
d:\metin2 server files\mainline\kraizy updated edition\source\metin2client\spherelib\debug\spherepack.sbr
d:\metin2 server files\mainline\kraizy updated edition\source\metin2client\spherelib\debug\spherepack.obj
d:\metin2 server files\mainline\kraizy updated edition\source\metin2client\spherelib\debug\spherelib.lib
d:\metin2 server files\mainline\kraizy updated edition\source\metin2client\spherelib\debug\spherelib.tlog\bscmake.command.1.tlog
d:\metin2 server files\mainline\kraizy updated edition\source\metin2client\spherelib\debug\spherelib.tlog\bscmake.read.1.tlog
d:\metin2 server files\mainline\kraizy updated edition\source\metin2client\spherelib\debug\spherelib.tlog\bscmake.write.1.tlog
d:\metin2 server files\mainline\kraizy updated edition\source\metin2client\spherelib\debug\spherelib.tlog\cl.command.1.tlog
d:\metin2 server files\mainline\kraizy updated edition\source\metin2client\spherelib\debug\spherelib.tlog\cl.read.1.tlog
d:\metin2 server files\mainline\kraizy updated edition\source\metin2client\spherelib\debug\spherelib.tlog\cl.write.1.tlog
d:\metin2 server files\mainline\kraizy updated edition\source\metin2client\spherelib\debug\spherelib.tlog\lib-link.read.1.tlog
d:\metin2 server files\mainline\kraizy updated edition\source\metin2client\spherelib\debug\spherelib.tlog\lib-link.write.1.tlog
d:\metin2 server files\mainline\kraizy updated edition\source\metin2client\spherelib\debug\spherelib.tlog\lib.command.1.tlog
