d:\metin2 server files\mainline\src_2014\metin2client\speedtreelib\distribute\speedtreelib.pch
d:\metin2 server files\mainline\src_2014\metin2client\speedtreelib\distribute\speedtreelib.pdb
d:\metin2 server files\mainline\src_2014\metin2client\speedtreelib\distribute\stdafx.obj
d:\metin2 server files\mainline\src_2014\metin2client\speedtreelib\distribute\stdafx.cod
d:\metin2 server files\mainline\src_2014\metin2client\speedtreelib\distribute\boundaryshapemanager.obj
d:\metin2 server files\mainline\src_2014\metin2client\speedtreelib\distribute\boundaryshapemanager.cod
d:\metin2 server files\mainline\src_2014\metin2client\speedtreelib\distribute\speedtreeforest.obj
d:\metin2 server files\mainline\src_2014\metin2client\speedtreelib\distribute\speedtreeforest.cod
d:\metin2 server files\mainline\src_2014\metin2client\speedtreelib\distribute\speedtreewrapper.obj
d:\metin2 server files\mainline\src_2014\metin2client\speedtreelib\distribute\speedtreewrapper.cod
d:\metin2 server files\mainline\src_2014\metin2client\speedtreelib\distribute\speedgrassrt.obj
d:\metin2 server files\mainline\src_2014\metin2client\speedtreelib\distribute\speedgrassrt.cod
d:\metin2 server files\mainline\src_2014\metin2client\speedtreelib\distribute\speedtreeforestdirectx8.obj
d:\metin2 server files\mainline\src_2014\metin2client\speedtreelib\distribute\speedtreeforestdirectx8.cod
d:\metin2 server files\mainline\src_2014\metin2client\speedtreelib\distribute\speedgrasswrapper.obj
d:\metin2 server files\mainline\src_2014\metin2client\speedtreelib\distribute\speedgrasswrapper.cod
d:\metin2 server files\mainline\src_2014\metin2client\speedtreelib\distribute\speedtreelib.lib
d:\metin2 server files\mainline\kraizy updated edition\source\metin2client\speedtreelib\distribute\boundaryshapemanager.obj
d:\metin2 server files\mainline\kraizy updated edition\source\metin2client\speedtreelib\distribute\speedgrassrt.obj
d:\metin2 server files\mainline\kraizy updated edition\source\metin2client\speedtreelib\distribute\speedgrasswrapper.obj
d:\metin2 server files\mainline\kraizy updated edition\source\metin2client\speedtreelib\distribute\speedtreeforest.obj
d:\metin2 server files\mainline\kraizy updated edition\source\metin2client\speedtreelib\distribute\speedtreeforestdirectx8.obj
d:\metin2 server files\mainline\kraizy updated edition\source\metin2client\speedtreelib\distribute\speedtreewrapper.obj
d:\metin2 server files\mainline\kraizy updated edition\source\metin2client\speedtreelib\distribute\stdafx.obj
d:\metin2 server files\mainline\kraizy updated edition\source\metin2client\speedtreelib\distribute\speedtreelib.pch
d:\metin2 server files\mainline\kraizy updated edition\source\metin2client\speedtreelib\distribute\speedtreelib.pdb
d:\metin2 server files\mainline\kraizy updated edition\source\metin2client\speedtreelib\distribute\speedtreelib.lib
d:\metin2 server files\mainline\kraizy updated edition\source\metin2client\speedtreelib\distribute\speedtreelib.tlog\cl.command.1.tlog
d:\metin2 server files\mainline\kraizy updated edition\source\metin2client\speedtreelib\distribute\speedtreelib.tlog\cl.read.1.tlog
d:\metin2 server files\mainline\kraizy updated edition\source\metin2client\speedtreelib\distribute\speedtreelib.tlog\cl.write.1.tlog
d:\metin2 server files\mainline\kraizy updated edition\source\metin2client\speedtreelib\distribute\speedtreelib.tlog\lib-link.read.1.tlog
d:\metin2 server files\mainline\kraizy updated edition\source\metin2client\speedtreelib\distribute\speedtreelib.tlog\lib-link.write.1.tlog
d:\metin2 server files\mainline\kraizy updated edition\source\metin2client\speedtreelib\distribute\speedtreelib.tlog\lib.command.1.tlog
