d:\metin2 server files\mainline\src_2014\metin2client\eterbase\distribute\eterbase.pdb
d:\metin2 server files\mainline\src_2014\metin2client\eterbase\distribute\timer.obj
d:\metin2 server files\mainline\src_2014\metin2client\eterbase\distribute\timer.cod
d:\metin2 server files\mainline\src_2014\metin2client\eterbase\distribute\tempfile.obj
d:\metin2 server files\mainline\src_2014\metin2client\eterbase\distribute\tempfile.cod
d:\metin2 server files\mainline\src_2014\metin2client\eterbase\distribute\tea.obj
d:\metin2 server files\mainline\src_2014\metin2client\eterbase\distribute\tea.cod
d:\metin2 server files\mainline\src_2014\metin2client\eterbase\distribute\stl.obj
d:\metin2 server files\mainline\src_2014\metin2client\eterbase\distribute\stl.cod
d:\metin2 server files\mainline\src_2014\metin2client\eterbase\distribute\stdafx.obj
d:\metin2 server files\mainline\src_2014\metin2client\eterbase\distribute\stdafx.cod
d:\metin2 server files\mainline\src_2014\metin2client\eterbase\distribute\random.obj
d:\metin2 server files\mainline\src_2014\metin2client\eterbase\distribute\random.cod
d:\metin2 server files\mainline\src_2014\metin2client\eterbase\distribute\mappedfile.obj
d:\metin2 server files\mainline\src_2014\metin2client\eterbase\distribute\mappedfile.cod
d:\metin2 server files\mainline\src_2014\metin2client\eterbase\distribute\lzo.obj
d:\metin2 server files\mainline\src_2014\metin2client\eterbase\distribute\lzo.cod
d:\metin2 server files\mainline\src_2014\metin2client\eterbase\distribute\fileloader.obj
d:\metin2 server files\mainline\src_2014\metin2client\eterbase\distribute\fileloader.cod
d:\metin2 server files\mainline\src_2014\metin2client\eterbase\distribute\filedir.obj
d:\metin2 server files\mainline\src_2014\metin2client\eterbase\distribute\filedir.cod
d:\metin2 server files\mainline\src_2014\metin2client\eterbase\distribute\filebase.obj
d:\metin2 server files\mainline\src_2014\metin2client\eterbase\distribute\filebase.cod
d:\metin2 server files\mainline\src_2014\metin2client\eterbase\distribute\error.obj
d:\metin2 server files\mainline\src_2014\metin2client\eterbase\distribute\error.cod
d:\metin2 server files\mainline\src_2014\metin2client\eterbase\distribute\debug.obj
d:\metin2 server files\mainline\src_2014\metin2client\eterbase\distribute\debug.cod
d:\metin2 server files\mainline\src_2014\metin2client\eterbase\distribute\crc32.obj
d:\metin2 server files\mainline\src_2014\metin2client\eterbase\distribute\crc32.cod
d:\metin2 server files\mainline\src_2014\metin2client\eterbase\distribute\cpostit.obj
d:\metin2 server files\mainline\src_2014\metin2client\eterbase\distribute\cpostit.cod
d:\metin2 server files\mainline\src_2014\metin2client\eterbase\distribute\cipher.obj
d:\metin2 server files\mainline\src_2014\metin2client\eterbase\distribute\cipher.cod
d:\metin2 server files\mainline\src_2014\metin2client\eterbase\distribute\symtable.obj
d:\metin2 server files\mainline\src_2014\metin2client\eterbase\distribute\symtable.cod
d:\metin2 server files\mainline\src_2014\metin2client\eterbase\distribute\symbol.obj
d:\metin2 server files\mainline\src_2014\metin2client\eterbase\distribute\symbol.cod
d:\metin2 server files\mainline\src_2014\metin2client\eterbase\distribute\poly.obj
d:\metin2 server files\mainline\src_2014\metin2client\eterbase\distribute\poly.cod
d:\metin2 server files\mainline\src_2014\metin2client\eterbase\distribute\base.obj
d:\metin2 server files\mainline\src_2014\metin2client\eterbase\distribute\base.cod
d:\metin2 server files\mainline\src_2014\metin2client\eterbase\distribute\utils.obj
d:\metin2 server files\mainline\src_2014\metin2client\eterbase\distribute\utils.cod
d:\metin2 server files\mainline\src_2014\metin2client\eterbase\distribute\eterbase.lib
d:\metin2 server files\mainline\kraizy updated edition\source\metin2client\eterbase\distribute\base.obj
d:\metin2 server files\mainline\kraizy updated edition\source\metin2client\eterbase\distribute\cipher.obj
d:\metin2 server files\mainline\kraizy updated edition\source\metin2client\eterbase\distribute\cpostit.obj
d:\metin2 server files\mainline\kraizy updated edition\source\metin2client\eterbase\distribute\crc32.obj
d:\metin2 server files\mainline\kraizy updated edition\source\metin2client\eterbase\distribute\debug.obj
d:\metin2 server files\mainline\kraizy updated edition\source\metin2client\eterbase\distribute\error.obj
d:\metin2 server files\mainline\kraizy updated edition\source\metin2client\eterbase\distribute\filebase.obj
d:\metin2 server files\mainline\kraizy updated edition\source\metin2client\eterbase\distribute\filedir.obj
d:\metin2 server files\mainline\kraizy updated edition\source\metin2client\eterbase\distribute\fileloader.obj
d:\metin2 server files\mainline\kraizy updated edition\source\metin2client\eterbase\distribute\lzo.obj
d:\metin2 server files\mainline\kraizy updated edition\source\metin2client\eterbase\distribute\mappedfile.obj
d:\metin2 server files\mainline\kraizy updated edition\source\metin2client\eterbase\distribute\poly.obj
d:\metin2 server files\mainline\kraizy updated edition\source\metin2client\eterbase\distribute\random.obj
d:\metin2 server files\mainline\kraizy updated edition\source\metin2client\eterbase\distribute\stdafx.obj
d:\metin2 server files\mainline\kraizy updated edition\source\metin2client\eterbase\distribute\stl.obj
d:\metin2 server files\mainline\kraizy updated edition\source\metin2client\eterbase\distribute\symbol.obj
d:\metin2 server files\mainline\kraizy updated edition\source\metin2client\eterbase\distribute\symtable.obj
d:\metin2 server files\mainline\kraizy updated edition\source\metin2client\eterbase\distribute\tea.obj
d:\metin2 server files\mainline\kraizy updated edition\source\metin2client\eterbase\distribute\tempfile.obj
d:\metin2 server files\mainline\kraizy updated edition\source\metin2client\eterbase\distribute\timer.obj
d:\metin2 server files\mainline\kraizy updated edition\source\metin2client\eterbase\distribute\utils.obj
d:\metin2 server files\mainline\kraizy updated edition\source\metin2client\eterbase\distribute\eterbase.pdb
d:\metin2 server files\mainline\kraizy updated edition\source\metin2client\eterbase\distribute\eterbase.lib
d:\metin2 server files\mainline\kraizy updated edition\source\metin2client\eterbase\distribute\eterbase.tlog\cl.command.1.tlog
d:\metin2 server files\mainline\kraizy updated edition\source\metin2client\eterbase\distribute\eterbase.tlog\cl.read.1.tlog
d:\metin2 server files\mainline\kraizy updated edition\source\metin2client\eterbase\distribute\eterbase.tlog\cl.write.1.tlog
d:\metin2 server files\mainline\kraizy updated edition\source\metin2client\eterbase\distribute\eterbase.tlog\lib-link.read.1.tlog
d:\metin2 server files\mainline\kraizy updated edition\source\metin2client\eterbase\distribute\eterbase.tlog\lib-link.write.1.tlog
d:\metin2 server files\mainline\kraizy updated edition\source\metin2client\eterbase\distribute\eterbase.tlog\lib.command.1.tlog
