d:\metin2 server files\mainline\src_2014\metin2client\userinterface\distribute\userinterface.pch
d:\metin2 server files\mainline\src_2014\metin2client\userinterface\distribute\vc142.pdb
d:\metin2 server files\mainline\src_2014\metin2client\userinterface\distribute\stdafx.obj
d:\metin2 server files\mainline\src_2014\metin2client\userinterface\distribute\stdafx.cod
d:\metin2 server files\mainline\src_2014\metin2client\userinterface\distribute\guildmarkdownloader.obj
d:\metin2 server files\mainline\src_2014\metin2client\userinterface\distribute\guildmarkdownloader.cod
d:\metin2 server files\mainline\src_2014\metin2client\userinterface\distribute\locale.obj
d:\metin2 server files\mainline\src_2014\metin2client\userinterface\distribute\locale.cod
d:\metin2 server files\mainline\src_2014\metin2client\userinterface\distribute\pythonapplicationprocedure.obj
d:\metin2 server files\mainline\src_2014\metin2client\userinterface\distribute\pythonapplicationprocedure.cod
d:\metin2 server files\mainline\src_2014\metin2client\userinterface\distribute\pythoneffectmodule.obj
d:\metin2 server files\mainline\src_2014\metin2client\userinterface\distribute\pythoneffectmodule.cod
d:\metin2 server files\mainline\src_2014\metin2client\userinterface\distribute\pythonguild.obj
d:\metin2 server files\mainline\src_2014\metin2client\userinterface\distribute\pythonguild.cod
d:\metin2 server files\mainline\src_2014\metin2client\userinterface\distribute\pythonnetworkstreammodule.obj
d:\metin2 server files\mainline\src_2014\metin2client\userinterface\distribute\pythonnetworkstreammodule.cod
d:\metin2 server files\mainline\src_2014\metin2client\userinterface\distribute\pythonnetworkstreamphaseloading.obj
d:\metin2 server files\mainline\src_2014\metin2client\userinterface\distribute\pythonnetworkstreamphaseloading.cod
d:\metin2 server files\mainline\src_2014\metin2client\userinterface\distribute\pythonplayerinputkeyboard.obj
d:\metin2 server files\mainline\src_2014\metin2client\userinterface\distribute\pythonplayerinputkeyboard.cod
d:\metin2 server files\mainline\src_2014\metin2client\userinterface\distribute\pythonprofilermodule.obj
d:\metin2 server files\mainline\src_2014\metin2client\userinterface\distribute\pythonprofilermodule.cod
d:\metin2 server files\mainline\src_2014\metin2client\userinterface\distribute\pythonquest.obj
d:\metin2 server files\mainline\src_2014\metin2client\userinterface\distribute\pythonquest.cod
d:\metin2 server files\mainline\src_2014\metin2client\userinterface\distribute\pythonsoundmanagermodule.obj
d:\metin2 server files\mainline\src_2014\metin2client\userinterface\distribute\pythonsoundmanagermodule.cod
d:\metin2 server files\mainline\src_2014\metin2client\userinterface\distribute\affectflagcontainer.obj
d:\metin2 server files\mainline\src_2014\metin2client\userinterface\distribute\affectflagcontainer.cod
d:\metin2 server files\mainline\src_2014\metin2client\userinterface\distribute\instancebaseeffect.obj
d:\metin2 server files\mainline\src_2014\metin2client\userinterface\distribute\instancebaseeffect.cod
d:\metin2 server files\mainline\src_2014\metin2client\userinterface\distribute\movieman.obj
d:\metin2 server files\mainline\src_2014\metin2client\userinterface\distribute\movieman.cod
d:\metin2 server files\mainline\src_2014\metin2client\userinterface\distribute\pythonapplicationwebpage.obj
d:\metin2 server files\mainline\src_2014\metin2client\userinterface\distribute\pythonapplicationwebpage.cod
d:\metin2 server files\mainline\src_2014\metin2client\userinterface\distribute\pythoneventmanager.obj
d:\metin2 server files\mainline\src_2014\metin2client\userinterface\distribute\pythoneventmanager.cod
d:\metin2 server files\mainline\src_2014\metin2client\userinterface\distribute\pythonnetworkstreamcommand.obj
d:\metin2 server files\mainline\src_2014\metin2client\userinterface\distribute\pythonnetworkstreamcommand.cod
d:\metin2 server files\mainline\src_2014\metin2client\userinterface\distribute\pythonnetworkstreamphaseoffline.obj
d:\metin2 server files\mainline\src_2014\metin2client\userinterface\distribute\pythonnetworkstreamphaseoffline.cod
d:\metin2 server files\mainline\src_2014\metin2client\userinterface\distribute\pythonshop.obj
d:\metin2 server files\mainline\src_2014\metin2client\userinterface\distribute\pythonshop.cod
d:\metin2 server files\mainline\src_2014\metin2client\userinterface\distribute\pythonsystemmodule.obj
d:\metin2 server files\mainline\src_2014\metin2client\userinterface\distribute\pythonsystemmodule.cod
d:\metin2 server files\mainline\src_2014\metin2client\userinterface\distribute\pythontexttailmodule.obj
d:\metin2 server files\mainline\src_2014\metin2client\userinterface\distribute\pythontexttailmodule.cod
d:\metin2 server files\mainline\src_2014\metin2client\userinterface\distribute\checklatestfiles.obj
d:\metin2 server files\mainline\src_2014\metin2client\userinterface\distribute\checklatestfiles.cod
d:\metin2 server files\mainline\src_2014\metin2client\userinterface\distribute\instancebase.obj
d:\metin2 server files\mainline\src_2014\metin2client\userinterface\distribute\instancebase.cod
d:\metin2 server files\mainline\src_2014\metin2client\userinterface\distribute\processscanner.obj
d:\metin2 server files\mainline\src_2014\metin2client\userinterface\distribute\processscanner.cod
d:\metin2 server files\mainline\src_2014\metin2client\userinterface\distribute\pythonapplicationlogo.obj
d:\metin2 server files\mainline\src_2014\metin2client\userinterface\distribute\pythonapplicationlogo.cod
d:\metin2 server files\mainline\src_2014\metin2client\userinterface\distribute\pythoncharactermodule.obj
d:\metin2 server files\mainline\src_2014\metin2client\userinterface\distribute\pythoncharactermodule.cod
d:\metin2 server files\mainline\src_2014\metin2client\userinterface\distribute\pythoneventmanagermoudle.obj
d:\metin2 server files\mainline\src_2014\metin2client\userinterface\distribute\pythoneventmanagermoudle.cod
d:\metin2 server files\mainline\src_2014\metin2client\userinterface\distribute\pythonflymodule.obj
d:\metin2 server files\mainline\src_2014\metin2client\userinterface\distribute\pythonflymodule.cod
d:\metin2 server files\mainline\src_2014\metin2client\userinterface\distribute\pythonime.obj
d:\metin2 server files\mainline\src_2014\metin2client\userinterface\distribute\pythonime.cod
d:\metin2 server files\mainline\src_2014\metin2client\userinterface\distribute\pythonmessenger.obj
d:\metin2 server files\mainline\src_2014\metin2client\userinterface\distribute\pythonmessenger.cod
d:\metin2 server files\mainline\src_2014\metin2client\userinterface\distribute\pythonminimapmodule.obj
d:\metin2 server files\mainline\src_2014\metin2client\userinterface\distribute\pythonminimapmodule.cod
d:\metin2 server files\mainline\src_2014\metin2client\userinterface\distribute\pythonnetworkstreamphasegameactor.obj
d:\metin2 server files\mainline\src_2014\metin2client\userinterface\distribute\pythonnetworkstreamphasegameactor.cod
d:\metin2 server files\mainline\src_2014\metin2client\userinterface\distribute\pythonplayer.obj
d:\metin2 server files\mainline\src_2014\metin2client\userinterface\distribute\pythonplayer.cod
d:\metin2 server files\mainline\src_2014\metin2client\userinterface\distribute\userinterface.obj
d:\metin2 server files\mainline\src_2014\metin2client\userinterface\distribute\userinterface.cod
d:\metin2 server files\mainline\src_2014\metin2client\userinterface\distribute\accountconnector.obj
d:\metin2 server files\mainline\src_2014\metin2client\userinterface\distribute\accountconnector.cod
d:\metin2 server files\mainline\src_2014\metin2client\userinterface\distribute\instancebasetransform.obj
d:\metin2 server files\mainline\src_2014\metin2client\userinterface\distribute\instancebasetransform.cod
d:\metin2 server files\mainline\src_2014\metin2client\userinterface\distribute\pythonapplicationcamera.obj
d:\metin2 server files\mainline\src_2014\metin2client\userinterface\distribute\pythonapplicationcamera.cod
d:\metin2 server files\mainline\src_2014\metin2client\userinterface\distribute\pythoncharactermanager.obj
d:\metin2 server files\mainline\src_2014\metin2client\userinterface\distribute\pythoncharactermanager.cod
d:\metin2 server files\mainline\src_2014\metin2client\userinterface\distribute\pythonimemodule.obj
d:\metin2 server files\mainline\src_2014\metin2client\userinterface\distribute\pythonimemodule.cod
d:\metin2 server files\mainline\src_2014\metin2client\userinterface\distribute\pythonnetworkstreamphasegameitem.obj
d:\metin2 server files\mainline\src_2014\metin2client\userinterface\distribute\pythonnetworkstreamphasegameitem.cod
d:\metin2 server files\mainline\src_2014\metin2client\userinterface\distribute\pythonnonplayermodule.obj
d:\metin2 server files\mainline\src_2014\metin2client\userinterface\distribute\pythonnonplayermodule.cod
d:\metin2 server files\mainline\src_2014\metin2client\userinterface\distribute\pythonplayereventhandler.obj
d:\metin2 server files\mainline\src_2014\metin2client\userinterface\distribute\pythonplayereventhandler.cod
d:\metin2 server files\mainline\src_2014\metin2client\userinterface\distribute\pythonsafebox.obj
d:\metin2 server files\mainline\src_2014\metin2client\userinterface\distribute\pythonsafebox.cod
d:\metin2 server files\mainline\src_2014\metin2client\userinterface\distribute\pythonskill.obj
d:\metin2 server files\mainline\src_2014\metin2client\userinterface\distribute\pythonskill.cod
d:\metin2 server files\mainline\src_2014\metin2client\userinterface\distribute\gametype.obj
d:\metin2 server files\mainline\src_2014\metin2client\userinterface\distribute\gametype.cod
d:\metin2 server files\mainline\src_2014\metin2client\userinterface\distribute\instancebaseevent.obj
d:\metin2 server files\mainline\src_2014\metin2client\userinterface\distribute\instancebaseevent.cod
d:\metin2 server files\mainline\src_2014\metin2client\userinterface\distribute\insultchecker.obj
d:\metin2 server files\mainline\src_2014\metin2client\userinterface\distribute\insultchecker.cod
d:\metin2 server files\mainline\src_2014\metin2client\userinterface\distribute\markmanager.obj
d:\metin2 server files\mainline\src_2014\metin2client\userinterface\distribute\markmanager.cod
d:\metin2 server files\mainline\src_2014\metin2client\userinterface\distribute\pythonapplicationcursor.obj
d:\metin2 server files\mainline\src_2014\metin2client\userinterface\distribute\pythonapplicationcursor.cod
d:\metin2 server files\mainline\src_2014\metin2client\userinterface\distribute\pythonbackgroundmodule.obj
d:\metin2 server files\mainline\src_2014\metin2client\userinterface\distribute\pythonbackgroundmodule.cod
d:\metin2 server files\mainline\src_2014\metin2client\userinterface\distribute\pythonchatmodule.obj
d:\metin2 server files\mainline\src_2014\metin2client\userinterface\distribute\pythonchatmodule.cod
d:\metin2 server files\mainline\src_2014\metin2client\userinterface\distribute\pythonexceptionsender.obj
d:\metin2 server files\mainline\src_2014\metin2client\userinterface\distribute\pythonexceptionsender.cod
d:\metin2 server files\mainline\src_2014\metin2client\userinterface\distribute\pythonexchangemodule.obj
d:\metin2 server files\mainline\src_2014\metin2client\userinterface\distribute\pythonexchangemodule.cod
d:\metin2 server files\mainline\src_2014\metin2client\userinterface\distribute\pythonitem.obj
d:\metin2 server files\mainline\src_2014\metin2client\userinterface\distribute\pythonitem.cod
d:\metin2 server files\mainline\src_2014\metin2client\userinterface\distribute\pythonnetworkstreamphasehandshake.obj
d:\metin2 server files\mainline\src_2014\metin2client\userinterface\distribute\pythonnetworkstreamphasehandshake.cod
d:\metin2 server files\mainline\src_2014\metin2client\userinterface\distribute\pythonplayerskill.obj
d:\metin2 server files\mainline\src_2014\metin2client\userinterface\distribute\pythonplayerskill.cod
d:\metin2 server files\mainline\src_2014\metin2client\userinterface\distribute\pythontexttail.obj
d:\metin2 server files\mainline\src_2014\metin2client\userinterface\distribute\pythontexttail.cod
d:\metin2 server files\mainline\src_2014\metin2client\userinterface\distribute\hackshield.obj
d:\metin2 server files\mainline\src_2014\metin2client\userinterface\distribute\hackshield.cod
d:\metin2 server files\mainline\src_2014\metin2client\userinterface\distribute\instancebasebattle.obj
d:\metin2 server files\mainline\src_2014\metin2client\userinterface\distribute\instancebasebattle.cod
d:\metin2 server files\mainline\src_2014\metin2client\userinterface\distribute\processcrc.obj
d:\metin2 server files\mainline\src_2014\metin2client\userinterface\distribute\processcrc.cod
d:\metin2 server files\mainline\src_2014\metin2client\userinterface\distribute\pythonapplication.obj
d:\metin2 server files\mainline\src_2014\metin2client\userinterface\distribute\pythonapplication.cod
d:\metin2 server files\mainline\src_2014\metin2client\userinterface\distribute\pythonbackground.obj
d:\metin2 server files\mainline\src_2014\metin2client\userinterface\distribute\pythonbackground.cod
d:\metin2 server files\mainline\src_2014\metin2client\userinterface\distribute\pythonitemmodule.obj
d:\metin2 server files\mainline\src_2014\metin2client\userinterface\distribute\pythonitemmodule.cod
d:\metin2 server files\mainline\src_2014\metin2client\userinterface\distribute\pythonnetworkstreamevent.obj
d:\metin2 server files\mainline\src_2014\metin2client\userinterface\distribute\pythonnetworkstreamevent.cod
d:\metin2 server files\mainline\src_2014\metin2client\userinterface\distribute\pythonnetworkstreamphasegame.obj
d:\metin2 server files\mainline\src_2014\metin2client\userinterface\distribute\pythonnetworkstreamphasegame.cod
d:\metin2 server files\mainline\src_2014\metin2client\userinterface\distribute\pythonplayerinputmouse.obj
d:\metin2 server files\mainline\src_2014\metin2client\userinterface\distribute\pythonplayerinputmouse.cod
d:\metin2 server files\mainline\src_2014\metin2client\userinterface\distribute\serverstatechecker.obj
d:\metin2 server files\mainline\src_2014\metin2client\userinterface\distribute\serverstatechecker.cod
d:\metin2 server files\mainline\src_2014\metin2client\userinterface\distribute\serverstatecheckermodule.obj
d:\metin2 server files\mainline\src_2014\metin2client\userinterface\distribute\serverstatecheckermodule.cod
d:\metin2 server files\mainline\src_2014\metin2client\userinterface\distribute\guildmarkuploader.obj
d:\metin2 server files\mainline\src_2014\metin2client\userinterface\distribute\guildmarkuploader.cod
d:\metin2 server files\mainline\src_2014\metin2client\userinterface\distribute\instancebasemotion.obj
d:\metin2 server files\mainline\src_2014\metin2client\userinterface\distribute\instancebasemotion.cod
d:\metin2 server files\mainline\src_2014\metin2client\userinterface\distribute\markimage.obj
d:\metin2 server files\mainline\src_2014\metin2client\userinterface\distribute\markimage.cod
d:\metin2 server files\mainline\src_2014\metin2client\userinterface\distribute\nprotectgameguard.obj
d:\metin2 server files\mainline\src_2014\metin2client\userinterface\distribute\nprotectgameguard.cod
d:\metin2 server files\mainline\src_2014\metin2client\userinterface\distribute\networkactormanager.obj
d:\metin2 server files\mainline\src_2014\metin2client\userinterface\distribute\networkactormanager.cod
d:\metin2 server files\mainline\src_2014\metin2client\userinterface\distribute\pythonapplicationmodule.obj
d:\metin2 server files\mainline\src_2014\metin2client\userinterface\distribute\pythonapplicationmodule.cod
d:\metin2 server files\mainline\src_2014\metin2client\userinterface\distribute\pythonchat.obj
d:\metin2 server files\mainline\src_2014\metin2client\userinterface\distribute\pythonchat.cod
d:\metin2 server files\mainline\src_2014\metin2client\userinterface\distribute\pythonminimap.obj
d:\metin2 server files\mainline\src_2014\metin2client\userinterface\distribute\pythonminimap.cod
d:\metin2 server files\mainline\src_2014\metin2client\userinterface\distribute\pythonnetworkstreamphaseselect.obj
d:\metin2 server files\mainline\src_2014\metin2client\userinterface\distribute\pythonnetworkstreamphaseselect.cod
d:\metin2 server files\mainline\src_2014\metin2client\userinterface\distribute\pythonpackmodule.obj
d:\metin2 server files\mainline\src_2014\metin2client\userinterface\distribute\pythonpackmodule.cod
d:\metin2 server files\mainline\src_2014\metin2client\userinterface\distribute\pythonplayerinput.obj
d:\metin2 server files\mainline\src_2014\metin2client\userinterface\distribute\pythonplayerinput.cod
d:\metin2 server files\mainline\src_2014\metin2client\userinterface\distribute\pythonsystem.obj
d:\metin2 server files\mainline\src_2014\metin2client\userinterface\distribute\pythonsystem.cod
d:\metin2 server files\mainline\src_2014\metin2client\userinterface\distribute\cameraprocedure.obj
d:\metin2 server files\mainline\src_2014\metin2client\userinterface\distribute\cameraprocedure.cod
d:\metin2 server files\mainline\src_2014\metin2client\userinterface\distribute\instancebasemovement.obj
d:\metin2 server files\mainline\src_2014\metin2client\userinterface\distribute\instancebasemovement.cod
d:\metin2 server files\mainline\src_2014\metin2client\userinterface\distribute\pythonapplicationevent.obj
d:\metin2 server files\mainline\src_2014\metin2client\userinterface\distribute\pythonapplicationevent.cod
d:\metin2 server files\mainline\src_2014\metin2client\userinterface\distribute\pythoncharactermanagermodule.obj
d:\metin2 server files\mainline\src_2014\metin2client\userinterface\distribute\pythoncharactermanagermodule.cod
d:\metin2 server files\mainline\src_2014\metin2client\userinterface\distribute\pythonexchange.obj
d:\metin2 server files\mainline\src_2014\metin2client\userinterface\distribute\pythonexchange.cod
d:\metin2 server files\mainline\src_2014\metin2client\userinterface\distribute\pythongameeventmanagermodule.obj
d:\metin2 server files\mainline\src_2014\metin2client\userinterface\distribute\pythongameeventmanagermodule.cod
d:\metin2 server files\mainline\src_2014\metin2client\userinterface\distribute\pythonnetworkdatagram.obj
d:\metin2 server files\mainline\src_2014\metin2client\userinterface\distribute\pythonnetworkdatagram.cod
d:\metin2 server files\mainline\src_2014\metin2client\userinterface\distribute\pythonnetworkdatagrammodule.obj
d:\metin2 server files\mainline\src_2014\metin2client\userinterface\distribute\pythonnetworkdatagrammodule.cod
d:\metin2 server files\mainline\src_2014\metin2client\userinterface\distribute\pythonnetworkstream.obj
d:\metin2 server files\mainline\src_2014\metin2client\userinterface\distribute\pythonnetworkstream.cod
d:\metin2 server files\mainline\src_2014\metin2client\userinterface\distribute\pythonnetworkstreamphaselogin.obj
d:\metin2 server files\mainline\src_2014\metin2client\userinterface\distribute\pythonnetworkstreamphaselogin.cod
d:\metin2 server files\mainline\src_2014\metin2client\userinterface\distribute\pythonnonplayer.obj
d:\metin2 server files\mainline\src_2014\metin2client\userinterface\distribute\pythonnonplayer.cod
d:\metin2 server files\mainline\src_2014\metin2client\userinterface\distribute\pythonplayermodule.obj
d:\metin2 server files\mainline\src_2014\metin2client\userinterface\distribute\pythonplayermodule.cod
d:\metin2 server files\mainline\src_2014\metin2client\userinterface\distribute\wiselogicxtrap.obj
d:\metin2 server files\mainline\src_2014\metin2client\userinterface\distribute\wiselogicxtrap.cod
d:\metin2 server files\mainline\src_2014\m2output\distributemetin2projectclientfiles.exe
d:\metin2 server files\mainline\src_2014\metin2client\userinterface\distribute\metin2client.map
d:\metin2 server files\mainline\src_2014\metin2client\userinterface\distribute\metin2client.pdb
d:\metin2 server files\mainline\src_2014\metin2client\userinterface\distribute\userinterface.res
d:\metin2 server files\mainline\kraizy updated edition\source\metin2client\userinterface\distribute\accountconnector.obj
d:\metin2 server files\mainline\kraizy updated edition\source\metin2client\userinterface\distribute\affectflagcontainer.obj
d:\metin2 server files\mainline\kraizy updated edition\source\metin2client\userinterface\distribute\cameraprocedure.obj
d:\metin2 server files\mainline\kraizy updated edition\source\metin2client\userinterface\distribute\checklatestfiles.obj
d:\metin2 server files\mainline\kraizy updated edition\source\metin2client\userinterface\distribute\gametype.obj
d:\metin2 server files\mainline\kraizy updated edition\source\metin2client\userinterface\distribute\guildmarkdownloader.obj
d:\metin2 server files\mainline\kraizy updated edition\source\metin2client\userinterface\distribute\guildmarkuploader.obj
d:\metin2 server files\mainline\kraizy updated edition\source\metin2client\userinterface\distribute\hackshield.obj
d:\metin2 server files\mainline\kraizy updated edition\source\metin2client\userinterface\distribute\instancebase.obj
d:\metin2 server files\mainline\kraizy updated edition\source\metin2client\userinterface\distribute\instancebasebattle.obj
d:\metin2 server files\mainline\kraizy updated edition\source\metin2client\userinterface\distribute\instancebaseeffect.obj
d:\metin2 server files\mainline\kraizy updated edition\source\metin2client\userinterface\distribute\instancebaseevent.obj
d:\metin2 server files\mainline\kraizy updated edition\source\metin2client\userinterface\distribute\instancebasemotion.obj
d:\metin2 server files\mainline\kraizy updated edition\source\metin2client\userinterface\distribute\instancebasemovement.obj
d:\metin2 server files\mainline\kraizy updated edition\source\metin2client\userinterface\distribute\instancebasetransform.obj
d:\metin2 server files\mainline\kraizy updated edition\source\metin2client\userinterface\distribute\insultchecker.obj
d:\metin2 server files\mainline\kraizy updated edition\source\metin2client\userinterface\distribute\locale.obj
d:\metin2 server files\mainline\kraizy updated edition\source\metin2client\userinterface\distribute\markimage.obj
d:\metin2 server files\mainline\kraizy updated edition\source\metin2client\userinterface\distribute\markmanager.obj
d:\metin2 server files\mainline\kraizy updated edition\source\metin2client\userinterface\distribute\movieman.obj
d:\metin2 server files\mainline\kraizy updated edition\source\metin2client\userinterface\distribute\networkactormanager.obj
d:\metin2 server files\mainline\kraizy updated edition\source\metin2client\userinterface\distribute\nprotectgameguard.obj
d:\metin2 server files\mainline\kraizy updated edition\source\metin2client\userinterface\distribute\processcrc.obj
d:\metin2 server files\mainline\kraizy updated edition\source\metin2client\userinterface\distribute\processscanner.obj
d:\metin2 server files\mainline\kraizy updated edition\source\metin2client\userinterface\distribute\pythonapplication.obj
d:\metin2 server files\mainline\kraizy updated edition\source\metin2client\userinterface\distribute\pythonapplicationcamera.obj
d:\metin2 server files\mainline\kraizy updated edition\source\metin2client\userinterface\distribute\pythonapplicationcursor.obj
d:\metin2 server files\mainline\kraizy updated edition\source\metin2client\userinterface\distribute\pythonapplicationevent.obj
d:\metin2 server files\mainline\kraizy updated edition\source\metin2client\userinterface\distribute\pythonapplicationlogo.obj
d:\metin2 server files\mainline\kraizy updated edition\source\metin2client\userinterface\distribute\pythonapplicationmodule.obj
d:\metin2 server files\mainline\kraizy updated edition\source\metin2client\userinterface\distribute\pythonapplicationprocedure.obj
d:\metin2 server files\mainline\kraizy updated edition\source\metin2client\userinterface\distribute\pythonapplicationwebpage.obj
d:\metin2 server files\mainline\kraizy updated edition\source\metin2client\userinterface\distribute\pythonbackground.obj
d:\metin2 server files\mainline\kraizy updated edition\source\metin2client\userinterface\distribute\pythonbackgroundmodule.obj
d:\metin2 server files\mainline\kraizy updated edition\source\metin2client\userinterface\distribute\pythoncharactermanager.obj
d:\metin2 server files\mainline\kraizy updated edition\source\metin2client\userinterface\distribute\pythoncharactermanagermodule.obj
d:\metin2 server files\mainline\kraizy updated edition\source\metin2client\userinterface\distribute\pythoncharactermodule.obj
d:\metin2 server files\mainline\kraizy updated edition\source\metin2client\userinterface\distribute\pythonchat.obj
d:\metin2 server files\mainline\kraizy updated edition\source\metin2client\userinterface\distribute\pythonchatmodule.obj
d:\metin2 server files\mainline\kraizy updated edition\source\metin2client\userinterface\distribute\pythoneffectmodule.obj
d:\metin2 server files\mainline\kraizy updated edition\source\metin2client\userinterface\distribute\pythoneventmanager.obj
d:\metin2 server files\mainline\kraizy updated edition\source\metin2client\userinterface\distribute\pythoneventmanagermoudle.obj
d:\metin2 server files\mainline\kraizy updated edition\source\metin2client\userinterface\distribute\pythonexceptionsender.obj
d:\metin2 server files\mainline\kraizy updated edition\source\metin2client\userinterface\distribute\pythonexchange.obj
d:\metin2 server files\mainline\kraizy updated edition\source\metin2client\userinterface\distribute\pythonexchangemodule.obj
d:\metin2 server files\mainline\kraizy updated edition\source\metin2client\userinterface\distribute\pythonflymodule.obj
d:\metin2 server files\mainline\kraizy updated edition\source\metin2client\userinterface\distribute\pythongameeventmanagermodule.obj
d:\metin2 server files\mainline\kraizy updated edition\source\metin2client\userinterface\distribute\pythonguild.obj
d:\metin2 server files\mainline\kraizy updated edition\source\metin2client\userinterface\distribute\pythonime.obj
d:\metin2 server files\mainline\kraizy updated edition\source\metin2client\userinterface\distribute\pythonimemodule.obj
d:\metin2 server files\mainline\kraizy updated edition\source\metin2client\userinterface\distribute\pythonitem.obj
d:\metin2 server files\mainline\kraizy updated edition\source\metin2client\userinterface\distribute\pythonitemmodule.obj
d:\metin2 server files\mainline\kraizy updated edition\source\metin2client\userinterface\distribute\pythonmessenger.obj
d:\metin2 server files\mainline\kraizy updated edition\source\metin2client\userinterface\distribute\pythonminimap.obj
d:\metin2 server files\mainline\kraizy updated edition\source\metin2client\userinterface\distribute\pythonminimapmodule.obj
d:\metin2 server files\mainline\kraizy updated edition\source\metin2client\userinterface\distribute\pythonnetworkdatagram.obj
d:\metin2 server files\mainline\kraizy updated edition\source\metin2client\userinterface\distribute\pythonnetworkdatagrammodule.obj
d:\metin2 server files\mainline\kraizy updated edition\source\metin2client\userinterface\distribute\pythonnetworkstream.obj
d:\metin2 server files\mainline\kraizy updated edition\source\metin2client\userinterface\distribute\pythonnetworkstreamcommand.obj
d:\metin2 server files\mainline\kraizy updated edition\source\metin2client\userinterface\distribute\pythonnetworkstreamevent.obj
d:\metin2 server files\mainline\kraizy updated edition\source\metin2client\userinterface\distribute\pythonnetworkstreammodule.obj
d:\metin2 server files\mainline\kraizy updated edition\source\metin2client\userinterface\distribute\pythonnetworkstreamphasegame.obj
d:\metin2 server files\mainline\kraizy updated edition\source\metin2client\userinterface\distribute\pythonnetworkstreamphasegameactor.obj
d:\metin2 server files\mainline\kraizy updated edition\source\metin2client\userinterface\distribute\pythonnetworkstreamphasegameitem.obj
d:\metin2 server files\mainline\kraizy updated edition\source\metin2client\userinterface\distribute\pythonnetworkstreamphasehandshake.obj
d:\metin2 server files\mainline\kraizy updated edition\source\metin2client\userinterface\distribute\pythonnetworkstreamphaseloading.obj
d:\metin2 server files\mainline\kraizy updated edition\source\metin2client\userinterface\distribute\pythonnetworkstreamphaselogin.obj
d:\metin2 server files\mainline\kraizy updated edition\source\metin2client\userinterface\distribute\pythonnetworkstreamphaseoffline.obj
d:\metin2 server files\mainline\kraizy updated edition\source\metin2client\userinterface\distribute\pythonnetworkstreamphaseselect.obj
d:\metin2 server files\mainline\kraizy updated edition\source\metin2client\userinterface\distribute\pythonnonplayer.obj
d:\metin2 server files\mainline\kraizy updated edition\source\metin2client\userinterface\distribute\pythonnonplayermodule.obj
d:\metin2 server files\mainline\kraizy updated edition\source\metin2client\userinterface\distribute\pythonpackmodule.obj
d:\metin2 server files\mainline\kraizy updated edition\source\metin2client\userinterface\distribute\pythonplayer.obj
d:\metin2 server files\mainline\kraizy updated edition\source\metin2client\userinterface\distribute\pythonplayereventhandler.obj
d:\metin2 server files\mainline\kraizy updated edition\source\metin2client\userinterface\distribute\pythonplayerinput.obj
d:\metin2 server files\mainline\kraizy updated edition\source\metin2client\userinterface\distribute\pythonplayerinputkeyboard.obj
d:\metin2 server files\mainline\kraizy updated edition\source\metin2client\userinterface\distribute\pythonplayerinputmouse.obj
d:\metin2 server files\mainline\kraizy updated edition\source\metin2client\userinterface\distribute\pythonplayermodule.obj
d:\metin2 server files\mainline\kraizy updated edition\source\metin2client\userinterface\distribute\pythonplayerskill.obj
d:\metin2 server files\mainline\kraizy updated edition\source\metin2client\userinterface\distribute\pythonprofilermodule.obj
d:\metin2 server files\mainline\kraizy updated edition\source\metin2client\userinterface\distribute\pythonquest.obj
d:\metin2 server files\mainline\kraizy updated edition\source\metin2client\userinterface\distribute\pythonsafebox.obj
d:\metin2 server files\mainline\kraizy updated edition\source\metin2client\userinterface\distribute\pythonshop.obj
d:\metin2 server files\mainline\kraizy updated edition\source\metin2client\userinterface\distribute\pythonskill.obj
d:\metin2 server files\mainline\kraizy updated edition\source\metin2client\userinterface\distribute\pythonsoundmanagermodule.obj
d:\metin2 server files\mainline\kraizy updated edition\source\metin2client\userinterface\distribute\pythonsystem.obj
d:\metin2 server files\mainline\kraizy updated edition\source\metin2client\userinterface\distribute\pythonsystemmodule.obj
d:\metin2 server files\mainline\kraizy updated edition\source\metin2client\userinterface\distribute\pythontexttail.obj
d:\metin2 server files\mainline\kraizy updated edition\source\metin2client\userinterface\distribute\pythontexttailmodule.obj
d:\metin2 server files\mainline\kraizy updated edition\source\metin2client\userinterface\distribute\serverstatechecker.obj
d:\metin2 server files\mainline\kraizy updated edition\source\metin2client\userinterface\distribute\serverstatecheckermodule.obj
d:\metin2 server files\mainline\kraizy updated edition\source\metin2client\userinterface\distribute\stdafx.obj
d:\metin2 server files\mainline\kraizy updated edition\source\metin2client\userinterface\distribute\userinterface.obj
d:\metin2 server files\mainline\kraizy updated edition\source\metin2client\userinterface\distribute\wiselogicxtrap.obj
d:\metin2 server files\mainline\kraizy updated edition\source\metin2client\userinterface\distribute\userinterface.res
d:\metin2 server files\mainline\kraizy updated edition\source\metin2client\userinterface\distribute\userinterface.pch
d:\metin2 server files\mainline\kraizy updated edition\source\metin2client\userinterface\distribute\metin2client.pdb
d:\metin2 server files\mainline\kraizy updated edition\source\metin2client\userinterface\distribute\vc142.pdb
d:\metin2 server files\mainline\kraizy updated edition\source\metin2client\userinterface\distribute\userinterface.tlog\cl.command.1.tlog
d:\metin2 server files\mainline\kraizy updated edition\source\metin2client\userinterface\distribute\userinterface.tlog\cl.read.1.tlog
d:\metin2 server files\mainline\kraizy updated edition\source\metin2client\userinterface\distribute\userinterface.tlog\cl.write.1.tlog
d:\metin2 server files\mainline\kraizy updated edition\source\metin2client\userinterface\distribute\userinterface.tlog\link.command.1.tlog
d:\metin2 server files\mainline\kraizy updated edition\source\metin2client\userinterface\distribute\userinterface.tlog\link.read.1.tlog
d:\metin2 server files\mainline\kraizy updated edition\source\metin2client\userinterface\distribute\userinterface.tlog\link.write.1.tlog
d:\metin2 server files\mainline\kraizy updated edition\source\metin2client\userinterface\distribute\userinterface.tlog\rc.command.1.tlog
d:\metin2 server files\mainline\kraizy updated edition\source\metin2client\userinterface\distribute\userinterface.tlog\rc.read.1.tlog
d:\metin2 server files\mainline\kraizy updated edition\source\metin2client\userinterface\distribute\userinterface.tlog\rc.write.1.tlog
