d:\metin2 server files\mainline\src_2014\metin2dumpproto\dump_proto\debug\vc142.pdb
d:\metin2 server files\mainline\src_2014\metin2dumpproto\dump_proto\debug\vc142.idb
d:\metin2 server files\mainline\src_2014\metin2dumpproto\dump_proto\debug\csvfile.obj
d:\metin2 server files\mainline\src_2014\metin2dumpproto\dump_proto\debug\dump_proto.obj
d:\metin2 server files\mainline\src_2014\metin2dumpproto\dump_proto\debug\itemcsvreader.obj
d:\metin2 server files\mainline\src_2014\metin2dumpproto\dump_proto\debug\lzo.obj
d:\metin2 server files\mainline\src_2014\metin2dumpproto\dump_proto\debug\tea.obj
d:\metin2 server files\mainline\src_2014\m2output\debugdumpproto.ilk
d:\metin2 server files\mainline\src_2014\m2output\debugdumpproto.exe
d:\metin2 server files\mainline\src_2014\m2output\debugdumpproto.pdb
d:\metin2 server files\mainline\kraizy updated edition\source\metin2dumpproto\dump_proto\debug\csvfile.obj
d:\metin2 server files\mainline\kraizy updated edition\source\metin2dumpproto\dump_proto\debug\dump_proto.obj
d:\metin2 server files\mainline\kraizy updated edition\source\metin2dumpproto\dump_proto\debug\itemcsvreader.obj
d:\metin2 server files\mainline\kraizy updated edition\source\metin2dumpproto\dump_proto\debug\lzo.obj
d:\metin2 server files\mainline\kraizy updated edition\source\metin2dumpproto\dump_proto\debug\tea.obj
d:\metin2 server files\mainline\kraizy updated edition\source\metin2dumpproto\dump_proto\debug\vc142.idb
d:\metin2 server files\mainline\kraizy updated edition\source\metin2dumpproto\dump_proto\debug\vc142.pdb
d:\metin2 server files\mainline\kraizy updated edition\source\metin2dumpproto\dump_proto\debug\dump_proto.tlog\cl.command.1.tlog
d:\metin2 server files\mainline\kraizy updated edition\source\metin2dumpproto\dump_proto\debug\dump_proto.tlog\cl.read.1.tlog
d:\metin2 server files\mainline\kraizy updated edition\source\metin2dumpproto\dump_proto\debug\dump_proto.tlog\cl.write.1.tlog
d:\metin2 server files\mainline\kraizy updated edition\source\metin2dumpproto\dump_proto\debug\dump_proto.tlog\link.command.1.tlog
d:\metin2 server files\mainline\kraizy updated edition\source\metin2dumpproto\dump_proto\debug\dump_proto.tlog\link.read.1.tlog
d:\metin2 server files\mainline\kraizy updated edition\source\metin2dumpproto\dump_proto\debug\dump_proto.tlog\link.write.1.tlog
