d:\metin2 server files\mainline\kraizy updated edition\client\source\metin2client\eterpythonlib\release\eterpythonlib.pch
d:\metin2 server files\mainline\kraizy updated edition\client\source\metin2client\eterpythonlib\release\eterpythonlib.pdb
d:\metin2 server files\mainline\kraizy updated edition\client\source\metin2client\eterpythonlib\release\stdafx.obj
d:\metin2 server files\mainline\kraizy updated edition\client\source\metin2client\eterpythonlib\release\pythonslotwindow.obj
d:\metin2 server files\mainline\kraizy updated edition\client\source\metin2client\eterpythonlib\release\pythonwindow.obj
d:\metin2 server files\mainline\kraizy updated edition\client\source\metin2client\eterpythonlib\release\pythongridslotwindow.obj
d:\metin2 server files\mainline\kraizy updated edition\client\source\metin2client\eterpythonlib\release\pythongraphictextmodule.obj
d:\metin2 server files\mainline\kraizy updated edition\client\source\metin2client\eterpythonlib\release\pythonwindowmanagermodule.obj
d:\metin2 server files\mainline\kraizy updated edition\client\source\metin2client\eterpythonlib\release\pythonwindowmanager.obj
d:\metin2 server files\mainline\kraizy updated edition\client\source\metin2client\eterpythonlib\release\pythongraphic.obj
d:\metin2 server files\mainline\kraizy updated edition\client\source\metin2client\eterpythonlib\release\pythongraphicimagemodule.obj
d:\metin2 server files\mainline\kraizy updated edition\client\source\metin2client\eterpythonlib\release\pythongraphicthingmodule.obj
d:\metin2 server files\mainline\kraizy updated edition\client\source\metin2client\eterpythonlib\release\pythongraphicmodule.obj
d:\metin2 server files\mainline\kraizy updated edition\client\source\metin2client\eterpythonlib\release\eterpythonlib.lib
d:\metin2 server files\mainline\kraizy updated edition\client\source\metin2client\eterpythonlib\release\eterpythonlib.tlog\cl.command.1.tlog
d:\metin2 server files\mainline\kraizy updated edition\client\source\metin2client\eterpythonlib\release\eterpythonlib.tlog\cl.read.1.tlog
d:\metin2 server files\mainline\kraizy updated edition\client\source\metin2client\eterpythonlib\release\eterpythonlib.tlog\cl.write.1.tlog
d:\metin2 server files\mainline\kraizy updated edition\client\source\metin2client\eterpythonlib\release\eterpythonlib.tlog\lib-link.read.1.tlog
d:\metin2 server files\mainline\kraizy updated edition\client\source\metin2client\eterpythonlib\release\eterpythonlib.tlog\lib-link.write.1.tlog
d:\metin2 server files\mainline\kraizy updated edition\client\source\metin2client\eterpythonlib\release\eterpythonlib.tlog\lib.command.1.tlog
