d:\metin2 server files\mainline\src_2014\metin2client\gamelib\distribute\gamelib.pch
d:\metin2 server files\mainline\src_2014\metin2client\gamelib\distribute\gamelib.pdb
d:\metin2 server files\mainline\src_2014\metin2client\gamelib\distribute\stdafx.obj
d:\metin2 server files\mainline\src_2014\metin2client\gamelib\distribute\stdafx.cod
d:\metin2 server files\mainline\src_2014\metin2client\gamelib\distribute\racemanager.obj
d:\metin2 server files\mainline\src_2014\metin2client\gamelib\distribute\racemanager.cod
d:\metin2 server files\mainline\src_2014\metin2client\gamelib\distribute\racedatafile.obj
d:\metin2 server files\mainline\src_2014\metin2client\gamelib\distribute\racedatafile.cod
d:\metin2 server files\mainline\src_2014\metin2client\gamelib\distribute\racedata.obj
d:\metin2 server files\mainline\src_2014\metin2client\gamelib\distribute\racedata.cod
d:\metin2 server files\mainline\src_2014\metin2client\gamelib\distribute\physicsobject.obj
d:\metin2 server files\mainline\src_2014\metin2client\gamelib\distribute\physicsobject.cod
d:\metin2 server files\mainline\src_2014\metin2client\gamelib\distribute\dungeonblock.obj
d:\metin2 server files\mainline\src_2014\metin2client\gamelib\distribute\dungeonblock.cod
d:\metin2 server files\mainline\src_2014\metin2client\gamelib\distribute\actorinstanceweapontrace.obj
d:\metin2 server files\mainline\src_2014\metin2client\gamelib\distribute\actorinstanceweapontrace.cod
d:\metin2 server files\mainline\src_2014\metin2client\gamelib\distribute\actorinstancesync.obj
d:\metin2 server files\mainline\src_2014\metin2client\gamelib\distribute\actorinstancesync.cod
d:\metin2 server files\mainline\src_2014\metin2client\gamelib\distribute\actorinstancerotation.obj
d:\metin2 server files\mainline\src_2014\metin2client\gamelib\distribute\actorinstancerotation.cod
d:\metin2 server files\mainline\src_2014\metin2client\gamelib\distribute\actorinstancerender.obj
d:\metin2 server files\mainline\src_2014\metin2client\gamelib\distribute\actorinstancerender.cod
d:\metin2 server files\mainline\src_2014\metin2client\gamelib\distribute\actorinstanceposition.obj
d:\metin2 server files\mainline\src_2014\metin2client\gamelib\distribute\actorinstanceposition.cod
d:\metin2 server files\mainline\src_2014\metin2client\gamelib\distribute\actorinstancemotionevent.obj
d:\metin2 server files\mainline\src_2014\metin2client\gamelib\distribute\actorinstancemotionevent.cod
d:\metin2 server files\mainline\src_2014\metin2client\gamelib\distribute\actorinstancemotion.obj
d:\metin2 server files\mainline\src_2014\metin2client\gamelib\distribute\actorinstancemotion.cod
d:\metin2 server files\mainline\src_2014\metin2client\gamelib\distribute\actorinstancefly.obj
d:\metin2 server files\mainline\src_2014\metin2client\gamelib\distribute\actorinstancefly.cod
d:\metin2 server files\mainline\src_2014\metin2client\gamelib\distribute\actorinstanceevent.obj
d:\metin2 server files\mainline\src_2014\metin2client\gamelib\distribute\actorinstanceevent.cod
d:\metin2 server files\mainline\src_2014\metin2client\gamelib\distribute\actorinstancedata.obj
d:\metin2 server files\mainline\src_2014\metin2client\gamelib\distribute\actorinstancedata.cod
d:\metin2 server files\mainline\src_2014\metin2client\gamelib\distribute\actorinstancecollisiondetection.obj
d:\metin2 server files\mainline\src_2014\metin2client\gamelib\distribute\actorinstancecollisiondetection.cod
d:\metin2 server files\mainline\src_2014\metin2client\gamelib\distribute\actorinstanceblend.obj
d:\metin2 server files\mainline\src_2014\metin2client\gamelib\distribute\actorinstanceblend.cod
d:\metin2 server files\mainline\src_2014\metin2client\gamelib\distribute\actorinstancebattle.obj
d:\metin2 server files\mainline\src_2014\metin2client\gamelib\distribute\actorinstancebattle.cod
d:\metin2 server files\mainline\src_2014\metin2client\gamelib\distribute\actorinstanceattach.obj
d:\metin2 server files\mainline\src_2014\metin2client\gamelib\distribute\actorinstanceattach.cod
d:\metin2 server files\mainline\src_2014\metin2client\gamelib\distribute\actorinstance.obj
d:\metin2 server files\mainline\src_2014\metin2client\gamelib\distribute\actorinstance.cod
d:\metin2 server files\mainline\src_2014\metin2client\gamelib\distribute\monsterareainfo.obj
d:\metin2 server files\mainline\src_2014\metin2client\gamelib\distribute\monsterareainfo.cod
d:\metin2 server files\mainline\src_2014\metin2client\gamelib\distribute\maputil.obj
d:\metin2 server files\mainline\src_2014\metin2client\gamelib\distribute\maputil.cod
d:\metin2 server files\mainline\src_2014\metin2client\gamelib\distribute\maptype.obj
d:\metin2 server files\mainline\src_2014\metin2client\gamelib\distribute\maptype.cod
d:\metin2 server files\mainline\src_2014\metin2client\gamelib\distribute\mapoutdoorwater.obj
d:\metin2 server files\mainline\src_2014\metin2client\gamelib\distribute\mapoutdoorwater.cod
d:\metin2 server files\mainline\src_2014\metin2client\gamelib\distribute\mapoutdoorupdate.obj
d:\metin2 server files\mainline\src_2014\metin2client\gamelib\distribute\mapoutdoorupdate.cod
d:\metin2 server files\mainline\src_2014\metin2client\gamelib\distribute\mapoutdoorrenderstp.obj
d:\metin2 server files\mainline\src_2014\metin2client\gamelib\distribute\mapoutdoorrenderstp.cod
d:\metin2 server files\mainline\src_2014\metin2client\gamelib\distribute\mapoutdoorrenderhtp.obj
d:\metin2 server files\mainline\src_2014\metin2client\gamelib\distribute\mapoutdoorrenderhtp.cod
d:\metin2 server files\mainline\src_2014\metin2client\gamelib\distribute\mapoutdoorrender.obj
d:\metin2 server files\mainline\src_2014\metin2client\gamelib\distribute\mapoutdoorrender.cod
d:\metin2 server files\mainline\src_2014\metin2client\gamelib\distribute\mapoutdoorquadtree.obj
d:\metin2 server files\mainline\src_2014\metin2client\gamelib\distribute\mapoutdoorquadtree.cod
d:\metin2 server files\mainline\src_2014\metin2client\gamelib\distribute\mapoutdoorload.obj
d:\metin2 server files\mainline\src_2014\metin2client\gamelib\distribute\mapoutdoorload.cod
d:\metin2 server files\mainline\src_2014\metin2client\gamelib\distribute\mapoutdoorindexbuffer.obj
d:\metin2 server files\mainline\src_2014\metin2client\gamelib\distribute\mapoutdoorindexbuffer.cod
d:\metin2 server files\mainline\src_2014\metin2client\gamelib\distribute\mapoutdoorcharactershadow.obj
d:\metin2 server files\mainline\src_2014\metin2client\gamelib\distribute\mapoutdoorcharactershadow.cod
d:\metin2 server files\mainline\src_2014\metin2client\gamelib\distribute\mapoutdoor.obj
d:\metin2 server files\mainline\src_2014\metin2client\gamelib\distribute\mapoutdoor.cod
d:\metin2 server files\mainline\src_2014\metin2client\gamelib\distribute\mapmanager.obj
d:\metin2 server files\mainline\src_2014\metin2client\gamelib\distribute\mapmanager.cod
d:\metin2 server files\mainline\src_2014\metin2client\gamelib\distribute\mapbase.obj
d:\metin2 server files\mainline\src_2014\metin2client\gamelib\distribute\mapbase.cod
d:\metin2 server files\mainline\src_2014\metin2client\gamelib\distribute\areaterrain.obj
d:\metin2 server files\mainline\src_2014\metin2client\gamelib\distribute\areaterrain.cod
d:\metin2 server files\mainline\src_2014\metin2client\gamelib\distribute\arealoaderthread.obj
d:\metin2 server files\mainline\src_2014\metin2client\gamelib\distribute\arealoaderthread.cod
d:\metin2 server files\mainline\src_2014\metin2client\gamelib\distribute\area.obj
d:\metin2 server files\mainline\src_2014\metin2client\gamelib\distribute\area.cod
d:\metin2 server files\mainline\src_2014\metin2client\gamelib\distribute\weapontrace.obj
d:\metin2 server files\mainline\src_2014\metin2client\gamelib\distribute\weapontrace.cod
d:\metin2 server files\mainline\src_2014\metin2client\gamelib\distribute\racemotiondata.obj
d:\metin2 server files\mainline\src_2014\metin2client\gamelib\distribute\racemotiondata.cod
d:\metin2 server files\mainline\src_2014\metin2client\gamelib\distribute\flytrace.obj
d:\metin2 server files\mainline\src_2014\metin2client\gamelib\distribute\flytrace.cod
d:\metin2 server files\mainline\src_2014\metin2client\gamelib\distribute\flytarget.obj
d:\metin2 server files\mainline\src_2014\metin2client\gamelib\distribute\flytarget.cod
d:\metin2 server files\mainline\src_2014\metin2client\gamelib\distribute\flyingobjectmanager.obj
d:\metin2 server files\mainline\src_2014\metin2client\gamelib\distribute\flyingobjectmanager.cod
d:\metin2 server files\mainline\src_2014\metin2client\gamelib\distribute\flyinginstance.obj
d:\metin2 server files\mainline\src_2014\metin2client\gamelib\distribute\flyinginstance.cod
d:\metin2 server files\mainline\src_2014\metin2client\gamelib\distribute\flyingdata.obj
d:\metin2 server files\mainline\src_2014\metin2client\gamelib\distribute\flyingdata.cod
d:\metin2 server files\mainline\src_2014\metin2client\gamelib\distribute\itemmanager.obj
d:\metin2 server files\mainline\src_2014\metin2client\gamelib\distribute\itemmanager.cod
d:\metin2 server files\mainline\src_2014\metin2client\gamelib\distribute\itemdata.obj
d:\metin2 server files\mainline\src_2014\metin2client\gamelib\distribute\itemdata.cod
d:\metin2 server files\mainline\src_2014\metin2client\gamelib\distribute\gameutil.obj
d:\metin2 server files\mainline\src_2014\metin2client\gamelib\distribute\gameutil.cod
d:\metin2 server files\mainline\src_2014\metin2client\gamelib\distribute\gametype.obj
d:\metin2 server files\mainline\src_2014\metin2client\gamelib\distribute\gametype.cod
d:\metin2 server files\mainline\src_2014\metin2client\gamelib\distribute\gameeventmanager.obj
d:\metin2 server files\mainline\src_2014\metin2client\gamelib\distribute\gameeventmanager.cod
d:\metin2 server files\mainline\src_2014\metin2client\gamelib\distribute\terrainquadtree.obj
d:\metin2 server files\mainline\src_2014\metin2client\gamelib\distribute\terrainquadtree.cod
d:\metin2 server files\mainline\src_2014\metin2client\gamelib\distribute\terrainpatch.obj
d:\metin2 server files\mainline\src_2014\metin2client\gamelib\distribute\terrainpatch.cod
d:\metin2 server files\mainline\src_2014\metin2client\gamelib\distribute\terraindecal.obj
d:\metin2 server files\mainline\src_2014\metin2client\gamelib\distribute\terraindecal.cod
d:\metin2 server files\mainline\src_2014\metin2client\gamelib\distribute\snowparticle.obj
d:\metin2 server files\mainline\src_2014\metin2client\gamelib\distribute\snowparticle.cod
d:\metin2 server files\mainline\src_2014\metin2client\gamelib\distribute\snowenvironment.obj
d:\metin2 server files\mainline\src_2014\metin2client\gamelib\distribute\snowenvironment.cod
d:\metin2 server files\mainline\src_2014\metin2client\gamelib\distribute\propertymanager.obj
d:\metin2 server files\mainline\src_2014\metin2client\gamelib\distribute\propertymanager.cod
d:\metin2 server files\mainline\src_2014\metin2client\gamelib\distribute\propertyloader.obj
d:\metin2 server files\mainline\src_2014\metin2client\gamelib\distribute\propertyloader.cod
d:\metin2 server files\mainline\src_2014\metin2client\gamelib\distribute\property.obj
d:\metin2 server files\mainline\src_2014\metin2client\gamelib\distribute\property.cod
d:\metin2 server files\mainline\src_2014\metin2client\gamelib\distribute\gamelib.lib
d:\metin2 server files\mainline\kraizy updated edition\source\metin2client\gamelib\distribute\actorinstance.obj
d:\metin2 server files\mainline\kraizy updated edition\source\metin2client\gamelib\distribute\actorinstanceattach.obj
d:\metin2 server files\mainline\kraizy updated edition\source\metin2client\gamelib\distribute\actorinstancebattle.obj
d:\metin2 server files\mainline\kraizy updated edition\source\metin2client\gamelib\distribute\actorinstanceblend.obj
d:\metin2 server files\mainline\kraizy updated edition\source\metin2client\gamelib\distribute\actorinstancecollisiondetection.obj
d:\metin2 server files\mainline\kraizy updated edition\source\metin2client\gamelib\distribute\actorinstancedata.obj
d:\metin2 server files\mainline\kraizy updated edition\source\metin2client\gamelib\distribute\actorinstanceevent.obj
d:\metin2 server files\mainline\kraizy updated edition\source\metin2client\gamelib\distribute\actorinstancefly.obj
d:\metin2 server files\mainline\kraizy updated edition\source\metin2client\gamelib\distribute\actorinstancemotion.obj
d:\metin2 server files\mainline\kraizy updated edition\source\metin2client\gamelib\distribute\actorinstancemotionevent.obj
d:\metin2 server files\mainline\kraizy updated edition\source\metin2client\gamelib\distribute\actorinstanceposition.obj
d:\metin2 server files\mainline\kraizy updated edition\source\metin2client\gamelib\distribute\actorinstancerender.obj
d:\metin2 server files\mainline\kraizy updated edition\source\metin2client\gamelib\distribute\actorinstancerotation.obj
d:\metin2 server files\mainline\kraizy updated edition\source\metin2client\gamelib\distribute\actorinstancesync.obj
d:\metin2 server files\mainline\kraizy updated edition\source\metin2client\gamelib\distribute\actorinstanceweapontrace.obj
d:\metin2 server files\mainline\kraizy updated edition\source\metin2client\gamelib\distribute\area.obj
d:\metin2 server files\mainline\kraizy updated edition\source\metin2client\gamelib\distribute\arealoaderthread.obj
d:\metin2 server files\mainline\kraizy updated edition\source\metin2client\gamelib\distribute\areaterrain.obj
d:\metin2 server files\mainline\kraizy updated edition\source\metin2client\gamelib\distribute\dungeonblock.obj
d:\metin2 server files\mainline\kraizy updated edition\source\metin2client\gamelib\distribute\flyingdata.obj
d:\metin2 server files\mainline\kraizy updated edition\source\metin2client\gamelib\distribute\flyinginstance.obj
d:\metin2 server files\mainline\kraizy updated edition\source\metin2client\gamelib\distribute\flyingobjectmanager.obj
d:\metin2 server files\mainline\kraizy updated edition\source\metin2client\gamelib\distribute\flytarget.obj
d:\metin2 server files\mainline\kraizy updated edition\source\metin2client\gamelib\distribute\flytrace.obj
d:\metin2 server files\mainline\kraizy updated edition\source\metin2client\gamelib\distribute\gameeventmanager.obj
d:\metin2 server files\mainline\kraizy updated edition\source\metin2client\gamelib\distribute\gametype.obj
d:\metin2 server files\mainline\kraizy updated edition\source\metin2client\gamelib\distribute\gameutil.obj
d:\metin2 server files\mainline\kraizy updated edition\source\metin2client\gamelib\distribute\itemdata.obj
d:\metin2 server files\mainline\kraizy updated edition\source\metin2client\gamelib\distribute\itemmanager.obj
d:\metin2 server files\mainline\kraizy updated edition\source\metin2client\gamelib\distribute\mapbase.obj
d:\metin2 server files\mainline\kraizy updated edition\source\metin2client\gamelib\distribute\mapmanager.obj
d:\metin2 server files\mainline\kraizy updated edition\source\metin2client\gamelib\distribute\mapoutdoor.obj
d:\metin2 server files\mainline\kraizy updated edition\source\metin2client\gamelib\distribute\mapoutdoorcharactershadow.obj
d:\metin2 server files\mainline\kraizy updated edition\source\metin2client\gamelib\distribute\mapoutdoorindexbuffer.obj
d:\metin2 server files\mainline\kraizy updated edition\source\metin2client\gamelib\distribute\mapoutdoorload.obj
d:\metin2 server files\mainline\kraizy updated edition\source\metin2client\gamelib\distribute\mapoutdoorquadtree.obj
d:\metin2 server files\mainline\kraizy updated edition\source\metin2client\gamelib\distribute\mapoutdoorrender.obj
d:\metin2 server files\mainline\kraizy updated edition\source\metin2client\gamelib\distribute\mapoutdoorrenderhtp.obj
d:\metin2 server files\mainline\kraizy updated edition\source\metin2client\gamelib\distribute\mapoutdoorrenderstp.obj
d:\metin2 server files\mainline\kraizy updated edition\source\metin2client\gamelib\distribute\mapoutdoorupdate.obj
d:\metin2 server files\mainline\kraizy updated edition\source\metin2client\gamelib\distribute\mapoutdoorwater.obj
d:\metin2 server files\mainline\kraizy updated edition\source\metin2client\gamelib\distribute\maptype.obj
d:\metin2 server files\mainline\kraizy updated edition\source\metin2client\gamelib\distribute\maputil.obj
d:\metin2 server files\mainline\kraizy updated edition\source\metin2client\gamelib\distribute\monsterareainfo.obj
d:\metin2 server files\mainline\kraizy updated edition\source\metin2client\gamelib\distribute\physicsobject.obj
d:\metin2 server files\mainline\kraizy updated edition\source\metin2client\gamelib\distribute\property.obj
d:\metin2 server files\mainline\kraizy updated edition\source\metin2client\gamelib\distribute\propertyloader.obj
d:\metin2 server files\mainline\kraizy updated edition\source\metin2client\gamelib\distribute\propertymanager.obj
d:\metin2 server files\mainline\kraizy updated edition\source\metin2client\gamelib\distribute\racedata.obj
d:\metin2 server files\mainline\kraizy updated edition\source\metin2client\gamelib\distribute\racedatafile.obj
d:\metin2 server files\mainline\kraizy updated edition\source\metin2client\gamelib\distribute\racemanager.obj
d:\metin2 server files\mainline\kraizy updated edition\source\metin2client\gamelib\distribute\racemotiondata.obj
d:\metin2 server files\mainline\kraizy updated edition\source\metin2client\gamelib\distribute\snowenvironment.obj
d:\metin2 server files\mainline\kraizy updated edition\source\metin2client\gamelib\distribute\snowparticle.obj
d:\metin2 server files\mainline\kraizy updated edition\source\metin2client\gamelib\distribute\stdafx.obj
d:\metin2 server files\mainline\kraizy updated edition\source\metin2client\gamelib\distribute\terraindecal.obj
d:\metin2 server files\mainline\kraizy updated edition\source\metin2client\gamelib\distribute\terrainpatch.obj
d:\metin2 server files\mainline\kraizy updated edition\source\metin2client\gamelib\distribute\terrainquadtree.obj
d:\metin2 server files\mainline\kraizy updated edition\source\metin2client\gamelib\distribute\weapontrace.obj
d:\metin2 server files\mainline\kraizy updated edition\source\metin2client\gamelib\distribute\gamelib.pch
d:\metin2 server files\mainline\kraizy updated edition\source\metin2client\gamelib\distribute\gamelib.pdb
d:\metin2 server files\mainline\kraizy updated edition\source\metin2client\gamelib\distribute\gamelib.lib
d:\metin2 server files\mainline\kraizy updated edition\source\metin2client\gamelib\distribute\gamelib.tlog\cl.command.1.tlog
d:\metin2 server files\mainline\kraizy updated edition\source\metin2client\gamelib\distribute\gamelib.tlog\cl.read.1.tlog
d:\metin2 server files\mainline\kraizy updated edition\source\metin2client\gamelib\distribute\gamelib.tlog\cl.write.1.tlog
d:\metin2 server files\mainline\kraizy updated edition\source\metin2client\gamelib\distribute\gamelib.tlog\lib-link.read.1.tlog
d:\metin2 server files\mainline\kraizy updated edition\source\metin2client\gamelib\distribute\gamelib.tlog\lib-link.write.1.tlog
d:\metin2 server files\mainline\kraizy updated edition\source\metin2client\gamelib\distribute\gamelib.tlog\lib.command.1.tlog
