d:\metin2 server files\mainline\src_2014\metin2client\eterlocale\vtune\eterlocale.pch
d:\metin2 server files\mainline\src_2014\metin2client\eterlocale\vtune\eterlocale.pdb
d:\metin2 server files\mainline\src_2014\metin2client\eterlocale\vtune\stdafx.obj
d:\metin2 server files\mainline\src_2014\metin2client\eterlocale\vtune\stdafx.cod
d:\metin2 server files\mainline\src_2014\metin2client\eterlocale\vtune\stringcodec_vietnamese.obj
d:\metin2 server files\mainline\src_2014\metin2client\eterlocale\vtune\stringcodec_vietnamese.cod
d:\metin2 server files\mainline\src_2014\metin2client\eterlocale\vtune\stringcodec.obj
d:\metin2 server files\mainline\src_2014\metin2client\eterlocale\vtune\stringcodec.cod
d:\metin2 server files\mainline\src_2014\metin2client\eterlocale\vtune\japanese.obj
d:\metin2 server files\mainline\src_2014\metin2client\eterlocale\vtune\japanese.cod
d:\metin2 server files\mainline\src_2014\metin2client\eterlocale\vtune\arabic.obj
d:\metin2 server files\mainline\src_2014\metin2client\eterlocale\vtune\arabic.cod
d:\metin2 server files\mainline\src_2014\metin2client\eterlocale\vtune\eterlocale.lib
d:\metin2 server files\mainline\kraizy updated edition\source\metin2client\eterlocale\vtune\arabic.obj
d:\metin2 server files\mainline\kraizy updated edition\source\metin2client\eterlocale\vtune\japanese.obj
d:\metin2 server files\mainline\kraizy updated edition\source\metin2client\eterlocale\vtune\stdafx.obj
d:\metin2 server files\mainline\kraizy updated edition\source\metin2client\eterlocale\vtune\stringcodec.obj
d:\metin2 server files\mainline\kraizy updated edition\source\metin2client\eterlocale\vtune\stringcodec_vietnamese.obj
d:\metin2 server files\mainline\kraizy updated edition\source\metin2client\eterlocale\vtune\eterlocale.pch
d:\metin2 server files\mainline\kraizy updated edition\source\metin2client\eterlocale\vtune\eterlocale.pdb
d:\metin2 server files\mainline\kraizy updated edition\source\metin2client\eterlocale\vtune\eterlocale.lib
d:\metin2 server files\mainline\kraizy updated edition\source\metin2client\eterlocale\vtune\eterlocale.tlog\cl.command.1.tlog
d:\metin2 server files\mainline\kraizy updated edition\source\metin2client\eterlocale\vtune\eterlocale.tlog\cl.read.1.tlog
d:\metin2 server files\mainline\kraizy updated edition\source\metin2client\eterlocale\vtune\eterlocale.tlog\cl.write.1.tlog
d:\metin2 server files\mainline\kraizy updated edition\source\metin2client\eterlocale\vtune\eterlocale.tlog\lib-link.read.1.tlog
d:\metin2 server files\mainline\kraizy updated edition\source\metin2client\eterlocale\vtune\eterlocale.tlog\lib-link.write.1.tlog
d:\metin2 server files\mainline\kraizy updated edition\source\metin2client\eterlocale\vtune\eterlocale.tlog\lib.command.1.tlog
