d:\metin2 server files\mainline\src_2014\metin2client\eterpack\vtune\eterpack.pdb
d:\metin2 server files\mainline\src_2014\metin2client\eterpack\vtune\stdafx.obj
d:\metin2 server files\mainline\src_2014\metin2client\eterpack\vtune\stdafx.cod
d:\metin2 server files\mainline\src_2014\metin2client\eterpack\vtune\eterpackpolicy_cshybridcrypt.obj
d:\metin2 server files\mainline\src_2014\metin2client\eterpack\vtune\eterpackpolicy_cshybridcrypt.cod
d:\metin2 server files\mainline\src_2014\metin2client\eterpack\vtune\eterpackmanager.obj
d:\metin2 server files\mainline\src_2014\metin2client\eterpack\vtune\eterpackmanager.cod
d:\metin2 server files\mainline\src_2014\metin2client\eterpack\vtune\eterpackcursor.obj
d:\metin2 server files\mainline\src_2014\metin2client\eterpack\vtune\eterpackcursor.cod
d:\metin2 server files\mainline\src_2014\metin2client\eterpack\vtune\eterpack.obj
d:\metin2 server files\mainline\src_2014\metin2client\eterpack\vtune\eterpack.cod
d:\metin2 server files\mainline\src_2014\metin2client\eterpack\vtune\md5.obj
d:\metin2 server files\mainline\src_2014\metin2client\eterpack\vtune\md5.cod
d:\metin2 server files\mainline\src_2014\metin2client\eterpack\vtune\eterpack.lib
d:\metin2 server files\mainline\kraizy updated edition\source\metin2client\eterpack\vtune\eterpack.obj
d:\metin2 server files\mainline\kraizy updated edition\source\metin2client\eterpack\vtune\eterpackcursor.obj
d:\metin2 server files\mainline\kraizy updated edition\source\metin2client\eterpack\vtune\eterpackmanager.obj
d:\metin2 server files\mainline\kraizy updated edition\source\metin2client\eterpack\vtune\eterpackpolicy_cshybridcrypt.obj
d:\metin2 server files\mainline\kraizy updated edition\source\metin2client\eterpack\vtune\md5.obj
d:\metin2 server files\mainline\kraizy updated edition\source\metin2client\eterpack\vtune\stdafx.obj
d:\metin2 server files\mainline\kraizy updated edition\source\metin2client\eterpack\vtune\eterpack.pdb
d:\metin2 server files\mainline\kraizy updated edition\source\metin2client\eterpack\vtune\eterpack.lib
d:\metin2 server files\mainline\kraizy updated edition\source\metin2client\eterpack\vtune\eterpack.tlog\cl.command.1.tlog
d:\metin2 server files\mainline\kraizy updated edition\source\metin2client\eterpack\vtune\eterpack.tlog\cl.read.1.tlog
d:\metin2 server files\mainline\kraizy updated edition\source\metin2client\eterpack\vtune\eterpack.tlog\cl.write.1.tlog
d:\metin2 server files\mainline\kraizy updated edition\source\metin2client\eterpack\vtune\eterpack.tlog\lib-link.read.1.tlog
d:\metin2 server files\mainline\kraizy updated edition\source\metin2client\eterpack\vtune\eterpack.tlog\lib-link.write.1.tlog
d:\metin2 server files\mainline\kraizy updated edition\source\metin2client\eterpack\vtune\eterpack.tlog\lib.command.1.tlog
