d:\metin2 server files\mainline\src_2014\metin2client\spherelib\vtune\spherelib.pch
d:\metin2 server files\mainline\src_2014\metin2client\spherelib\vtune\spherelib.pdb
d:\metin2 server files\mainline\src_2014\metin2client\spherelib\vtune\stdafx.obj
d:\metin2 server files\mainline\src_2014\metin2client\spherelib\vtune\stdafx.cod
d:\metin2 server files\mainline\src_2014\metin2client\spherelib\vtune\spherepack.obj
d:\metin2 server files\mainline\src_2014\metin2client\spherelib\vtune\spherepack.cod
d:\metin2 server files\mainline\src_2014\metin2client\spherelib\vtune\sphere.obj
d:\metin2 server files\mainline\src_2014\metin2client\spherelib\vtune\sphere.cod
d:\metin2 server files\mainline\src_2014\metin2client\spherelib\vtune\frustum.obj
d:\metin2 server files\mainline\src_2014\metin2client\spherelib\vtune\frustum.cod
d:\metin2 server files\mainline\src_2014\metin2client\spherelib\vtune\spherelib.lib
d:\metin2 server files\mainline\kraizy updated edition\source\metin2client\spherelib\vtune\frustum.obj
d:\metin2 server files\mainline\kraizy updated edition\source\metin2client\spherelib\vtune\sphere.obj
d:\metin2 server files\mainline\kraizy updated edition\source\metin2client\spherelib\vtune\spherepack.obj
d:\metin2 server files\mainline\kraizy updated edition\source\metin2client\spherelib\vtune\stdafx.obj
d:\metin2 server files\mainline\kraizy updated edition\source\metin2client\spherelib\vtune\spherelib.pch
d:\metin2 server files\mainline\kraizy updated edition\source\metin2client\spherelib\vtune\spherelib.pdb
d:\metin2 server files\mainline\kraizy updated edition\source\metin2client\spherelib\vtune\spherelib.lib
d:\metin2 server files\mainline\kraizy updated edition\source\metin2client\spherelib\vtune\spherelib.tlog\cl.command.1.tlog
d:\metin2 server files\mainline\kraizy updated edition\source\metin2client\spherelib\vtune\spherelib.tlog\cl.read.1.tlog
d:\metin2 server files\mainline\kraizy updated edition\source\metin2client\spherelib\vtune\spherelib.tlog\cl.write.1.tlog
d:\metin2 server files\mainline\kraizy updated edition\source\metin2client\spherelib\vtune\spherelib.tlog\lib-link.read.1.tlog
d:\metin2 server files\mainline\kraizy updated edition\source\metin2client\spherelib\vtune\spherelib.tlog\lib-link.write.1.tlog
d:\metin2 server files\mainline\kraizy updated edition\source\metin2client\spherelib\vtune\spherelib.tlog\lib.command.1.tlog
