d:\metin2 server files\mainline\src_2014\metin2client\prterrainlib\distribute\prterrainlib.pch
d:\metin2 server files\mainline\src_2014\metin2client\prterrainlib\distribute\prterrainlib.pdb
d:\metin2 server files\mainline\src_2014\metin2client\prterrainlib\distribute\stdafx.obj
d:\metin2 server files\mainline\src_2014\metin2client\prterrainlib\distribute\stdafx.cod
d:\metin2 server files\mainline\src_2014\metin2client\prterrainlib\distribute\textureset.obj
d:\metin2 server files\mainline\src_2014\metin2client\prterrainlib\distribute\textureset.cod
d:\metin2 server files\mainline\src_2014\metin2client\prterrainlib\distribute\terrain.obj
d:\metin2 server files\mainline\src_2014\metin2client\prterrainlib\distribute\terrain.cod
d:\metin2 server files\mainline\src_2014\metin2client\prterrainlib\distribute\prterrainlib.lib
d:\metin2 server files\mainline\kraizy updated edition\source\metin2client\prterrainlib\distribute\stdafx.obj
d:\metin2 server files\mainline\kraizy updated edition\source\metin2client\prterrainlib\distribute\terrain.obj
d:\metin2 server files\mainline\kraizy updated edition\source\metin2client\prterrainlib\distribute\textureset.obj
d:\metin2 server files\mainline\kraizy updated edition\source\metin2client\prterrainlib\distribute\prterrainlib.pch
d:\metin2 server files\mainline\kraizy updated edition\source\metin2client\prterrainlib\distribute\prterrainlib.pdb
d:\metin2 server files\mainline\kraizy updated edition\source\metin2client\prterrainlib\distribute\prterrainlib.lib
d:\metin2 server files\mainline\kraizy updated edition\source\metin2client\prterrainlib\distribute\prterrainlib.tlog\cl.command.1.tlog
d:\metin2 server files\mainline\kraizy updated edition\source\metin2client\prterrainlib\distribute\prterrainlib.tlog\cl.read.1.tlog
d:\metin2 server files\mainline\kraizy updated edition\source\metin2client\prterrainlib\distribute\prterrainlib.tlog\cl.write.1.tlog
d:\metin2 server files\mainline\kraizy updated edition\source\metin2client\prterrainlib\distribute\prterrainlib.tlog\lib-link.read.1.tlog
d:\metin2 server files\mainline\kraizy updated edition\source\metin2client\prterrainlib\distribute\prterrainlib.tlog\lib-link.write.1.tlog
d:\metin2 server files\mainline\kraizy updated edition\source\metin2client\prterrainlib\distribute\prterrainlib.tlog\lib.command.1.tlog
