d:\metin2 server files\mainline\src_2014\metin2client\eterimagelib\vtune\eterimagelib.pch
d:\metin2 server files\mainline\src_2014\metin2client\eterimagelib\vtune\eterimagelib.pdb
d:\metin2 server files\mainline\src_2014\metin2client\eterimagelib\vtune\stdafx.obj
d:\metin2 server files\mainline\src_2014\metin2client\eterimagelib\vtune\stdafx.cod
d:\metin2 server files\mainline\src_2014\metin2client\eterimagelib\vtune\tgaimage.obj
d:\metin2 server files\mainline\src_2014\metin2client\eterimagelib\vtune\tgaimage.cod
d:\metin2 server files\mainline\src_2014\metin2client\eterimagelib\vtune\image.obj
d:\metin2 server files\mainline\src_2014\metin2client\eterimagelib\vtune\image.cod
d:\metin2 server files\mainline\src_2014\metin2client\eterimagelib\vtune\dxtcimage.obj
d:\metin2 server files\mainline\src_2014\metin2client\eterimagelib\vtune\dxtcimage.cod
d:\metin2 server files\mainline\src_2014\metin2client\eterimagelib\vtune\eterimagelib.lib
d:\metin2 server files\mainline\kraizy updated edition\source\metin2client\eterimagelib\vtune\dxtcimage.obj
d:\metin2 server files\mainline\kraizy updated edition\source\metin2client\eterimagelib\vtune\image.obj
d:\metin2 server files\mainline\kraizy updated edition\source\metin2client\eterimagelib\vtune\stdafx.obj
d:\metin2 server files\mainline\kraizy updated edition\source\metin2client\eterimagelib\vtune\tgaimage.obj
d:\metin2 server files\mainline\kraizy updated edition\source\metin2client\eterimagelib\vtune\eterimagelib.pch
d:\metin2 server files\mainline\kraizy updated edition\source\metin2client\eterimagelib\vtune\eterimagelib.pdb
d:\metin2 server files\mainline\kraizy updated edition\source\metin2client\eterimagelib\vtune\eterimagelib.lib
d:\metin2 server files\mainline\kraizy updated edition\source\metin2client\eterimagelib\vtune\eterimagelib.tlog\cl.command.1.tlog
d:\metin2 server files\mainline\kraizy updated edition\source\metin2client\eterimagelib\vtune\eterimagelib.tlog\cl.read.1.tlog
d:\metin2 server files\mainline\kraizy updated edition\source\metin2client\eterimagelib\vtune\eterimagelib.tlog\cl.write.1.tlog
d:\metin2 server files\mainline\kraizy updated edition\source\metin2client\eterimagelib\vtune\eterimagelib.tlog\lib-link.read.1.tlog
d:\metin2 server files\mainline\kraizy updated edition\source\metin2client\eterimagelib\vtune\eterimagelib.tlog\lib-link.write.1.tlog
d:\metin2 server files\mainline\kraizy updated edition\source\metin2client\eterimagelib\vtune\eterimagelib.tlog\lib.command.1.tlog
