d:\metin2 server files\mainline\src_2014\metin2client\eterbase\vtune\eterbase.pdb
d:\metin2 server files\mainline\src_2014\metin2client\eterbase\vtune\timer.obj
d:\metin2 server files\mainline\src_2014\metin2client\eterbase\vtune\timer.cod
d:\metin2 server files\mainline\src_2014\metin2client\eterbase\vtune\tempfile.obj
d:\metin2 server files\mainline\src_2014\metin2client\eterbase\vtune\tempfile.cod
d:\metin2 server files\mainline\src_2014\metin2client\eterbase\vtune\tea.obj
d:\metin2 server files\mainline\src_2014\metin2client\eterbase\vtune\tea.cod
d:\metin2 server files\mainline\src_2014\metin2client\eterbase\vtune\stl.obj
d:\metin2 server files\mainline\src_2014\metin2client\eterbase\vtune\stl.cod
d:\metin2 server files\mainline\src_2014\metin2client\eterbase\vtune\stdafx.obj
d:\metin2 server files\mainline\src_2014\metin2client\eterbase\vtune\stdafx.cod
d:\metin2 server files\mainline\src_2014\metin2client\eterbase\vtune\random.obj
d:\metin2 server files\mainline\src_2014\metin2client\eterbase\vtune\random.cod
d:\metin2 server files\mainline\src_2014\metin2client\eterbase\vtune\mappedfile.obj
d:\metin2 server files\mainline\src_2014\metin2client\eterbase\vtune\mappedfile.cod
d:\metin2 server files\mainline\src_2014\metin2client\eterbase\vtune\lzo.obj
d:\metin2 server files\mainline\src_2014\metin2client\eterbase\vtune\lzo.cod
d:\metin2 server files\mainline\src_2014\metin2client\eterbase\vtune\fileloader.obj
d:\metin2 server files\mainline\src_2014\metin2client\eterbase\vtune\fileloader.cod
d:\metin2 server files\mainline\src_2014\metin2client\eterbase\vtune\filedir.obj
d:\metin2 server files\mainline\src_2014\metin2client\eterbase\vtune\filedir.cod
d:\metin2 server files\mainline\src_2014\metin2client\eterbase\vtune\filebase.obj
d:\metin2 server files\mainline\src_2014\metin2client\eterbase\vtune\filebase.cod
d:\metin2 server files\mainline\src_2014\metin2client\eterbase\vtune\error.obj
d:\metin2 server files\mainline\src_2014\metin2client\eterbase\vtune\error.cod
d:\metin2 server files\mainline\src_2014\metin2client\eterbase\vtune\debug.obj
d:\metin2 server files\mainline\src_2014\metin2client\eterbase\vtune\debug.cod
d:\metin2 server files\mainline\src_2014\metin2client\eterbase\vtune\crc32.obj
d:\metin2 server files\mainline\src_2014\metin2client\eterbase\vtune\crc32.cod
d:\metin2 server files\mainline\src_2014\metin2client\eterbase\vtune\cpostit.obj
d:\metin2 server files\mainline\src_2014\metin2client\eterbase\vtune\cpostit.cod
d:\metin2 server files\mainline\src_2014\metin2client\eterbase\vtune\cipher.obj
d:\metin2 server files\mainline\src_2014\metin2client\eterbase\vtune\cipher.cod
d:\metin2 server files\mainline\src_2014\metin2client\eterbase\vtune\symtable.obj
d:\metin2 server files\mainline\src_2014\metin2client\eterbase\vtune\symtable.cod
d:\metin2 server files\mainline\src_2014\metin2client\eterbase\vtune\symbol.obj
d:\metin2 server files\mainline\src_2014\metin2client\eterbase\vtune\symbol.cod
d:\metin2 server files\mainline\src_2014\metin2client\eterbase\vtune\poly.obj
d:\metin2 server files\mainline\src_2014\metin2client\eterbase\vtune\poly.cod
d:\metin2 server files\mainline\src_2014\metin2client\eterbase\vtune\base.obj
d:\metin2 server files\mainline\src_2014\metin2client\eterbase\vtune\base.cod
d:\metin2 server files\mainline\src_2014\metin2client\eterbase\vtune\utils.obj
d:\metin2 server files\mainline\src_2014\metin2client\eterbase\vtune\utils.cod
d:\metin2 server files\mainline\src_2014\metin2client\eterbase\vtune\eterbase.lib
d:\metin2 server files\mainline\kraizy updated edition\source\metin2client\eterbase\vtune\base.obj
d:\metin2 server files\mainline\kraizy updated edition\source\metin2client\eterbase\vtune\cipher.obj
d:\metin2 server files\mainline\kraizy updated edition\source\metin2client\eterbase\vtune\cpostit.obj
d:\metin2 server files\mainline\kraizy updated edition\source\metin2client\eterbase\vtune\crc32.obj
d:\metin2 server files\mainline\kraizy updated edition\source\metin2client\eterbase\vtune\debug.obj
d:\metin2 server files\mainline\kraizy updated edition\source\metin2client\eterbase\vtune\error.obj
d:\metin2 server files\mainline\kraizy updated edition\source\metin2client\eterbase\vtune\filebase.obj
d:\metin2 server files\mainline\kraizy updated edition\source\metin2client\eterbase\vtune\filedir.obj
d:\metin2 server files\mainline\kraizy updated edition\source\metin2client\eterbase\vtune\fileloader.obj
d:\metin2 server files\mainline\kraizy updated edition\source\metin2client\eterbase\vtune\lzo.obj
d:\metin2 server files\mainline\kraizy updated edition\source\metin2client\eterbase\vtune\mappedfile.obj
d:\metin2 server files\mainline\kraizy updated edition\source\metin2client\eterbase\vtune\poly.obj
d:\metin2 server files\mainline\kraizy updated edition\source\metin2client\eterbase\vtune\random.obj
d:\metin2 server files\mainline\kraizy updated edition\source\metin2client\eterbase\vtune\stdafx.obj
d:\metin2 server files\mainline\kraizy updated edition\source\metin2client\eterbase\vtune\stl.obj
d:\metin2 server files\mainline\kraizy updated edition\source\metin2client\eterbase\vtune\symbol.obj
d:\metin2 server files\mainline\kraizy updated edition\source\metin2client\eterbase\vtune\symtable.obj
d:\metin2 server files\mainline\kraizy updated edition\source\metin2client\eterbase\vtune\tea.obj
d:\metin2 server files\mainline\kraizy updated edition\source\metin2client\eterbase\vtune\tempfile.obj
d:\metin2 server files\mainline\kraizy updated edition\source\metin2client\eterbase\vtune\timer.obj
d:\metin2 server files\mainline\kraizy updated edition\source\metin2client\eterbase\vtune\utils.obj
d:\metin2 server files\mainline\kraizy updated edition\source\metin2client\eterbase\vtune\eterbase.pdb
d:\metin2 server files\mainline\kraizy updated edition\source\metin2client\eterbase\vtune\eterbase.lib
d:\metin2 server files\mainline\kraizy updated edition\source\metin2client\eterbase\vtune\eterbase.tlog\cl.command.1.tlog
d:\metin2 server files\mainline\kraizy updated edition\source\metin2client\eterbase\vtune\eterbase.tlog\cl.read.1.tlog
d:\metin2 server files\mainline\kraizy updated edition\source\metin2client\eterbase\vtune\eterbase.tlog\cl.write.1.tlog
d:\metin2 server files\mainline\kraizy updated edition\source\metin2client\eterbase\vtune\eterbase.tlog\lib-link.read.1.tlog
d:\metin2 server files\mainline\kraizy updated edition\source\metin2client\eterbase\vtune\eterbase.tlog\lib-link.write.1.tlog
d:\metin2 server files\mainline\kraizy updated edition\source\metin2client\eterbase\vtune\eterbase.tlog\lib.command.1.tlog
