d:\metin2 server files\mainline\kraizy updated edition\source\metin2client\etergrnlib\debug\etergrnlib.bsc
d:\metin2 server files\mainline\kraizy updated edition\source\metin2client\etergrnlib\debug\etergrnlib.pch
d:\metin2 server files\mainline\kraizy updated edition\source\metin2client\etergrnlib\debug\etergrnlib.pdb
d:\metin2 server files\mainline\kraizy updated edition\source\metin2client\etergrnlib\debug\stdafx.sbr
d:\metin2 server files\mainline\kraizy updated edition\source\metin2client\etergrnlib\debug\stdafx.obj
d:\metin2 server files\mainline\kraizy updated edition\source\metin2client\etergrnlib\debug\material.sbr
d:\metin2 server files\mainline\kraizy updated edition\source\metin2client\etergrnlib\debug\material.obj
d:\metin2 server files\mainline\kraizy updated edition\source\metin2client\etergrnlib\debug\modelinstancemotion.sbr
d:\metin2 server files\mainline\kraizy updated edition\source\metin2client\etergrnlib\debug\modelinstancemotion.obj
d:\metin2 server files\mainline\kraizy updated edition\source\metin2client\etergrnlib\debug\thinginstance.sbr
d:\metin2 server files\mainline\kraizy updated edition\source\metin2client\etergrnlib\debug\thinginstance.obj
d:\metin2 server files\mainline\kraizy updated edition\source\metin2client\etergrnlib\debug\modelinstance.sbr
d:\metin2 server files\mainline\kraizy updated edition\source\metin2client\etergrnlib\debug\modelinstance.obj
d:\metin2 server files\mainline\kraizy updated edition\source\metin2client\etergrnlib\debug\lodcontroller.sbr
d:\metin2 server files\mainline\kraizy updated edition\source\metin2client\etergrnlib\debug\lodcontroller.obj
d:\metin2 server files\mainline\kraizy updated edition\source\metin2client\etergrnlib\debug\modelinstancerender.sbr
d:\metin2 server files\mainline\kraizy updated edition\source\metin2client\etergrnlib\debug\modelinstancerender.obj
d:\metin2 server files\mainline\kraizy updated edition\source\metin2client\etergrnlib\debug\modelinstanceupdate.sbr
d:\metin2 server files\mainline\kraizy updated edition\source\metin2client\etergrnlib\debug\modelinstanceupdate.obj
d:\metin2 server files\mainline\kraizy updated edition\source\metin2client\etergrnlib\debug\modelinstancecollisiondetection.sbr
d:\metin2 server files\mainline\kraizy updated edition\source\metin2client\etergrnlib\debug\modelinstancecollisiondetection.obj
d:\metin2 server files\mainline\kraizy updated edition\source\metin2client\etergrnlib\debug\util.sbr
d:\metin2 server files\mainline\kraizy updated edition\source\metin2client\etergrnlib\debug\util.obj
d:\metin2 server files\mainline\kraizy updated edition\source\metin2client\etergrnlib\debug\modelinstancemodel.sbr
d:\metin2 server files\mainline\kraizy updated edition\source\metin2client\etergrnlib\debug\modelinstancemodel.obj
d:\metin2 server files\mainline\kraizy updated edition\source\metin2client\etergrnlib\debug\mesh.sbr
d:\metin2 server files\mainline\kraizy updated edition\source\metin2client\etergrnlib\debug\mesh.obj
d:\metin2 server files\mainline\kraizy updated edition\source\metin2client\etergrnlib\debug\motion.sbr
d:\metin2 server files\mainline\kraizy updated edition\source\metin2client\etergrnlib\debug\motion.obj
d:\metin2 server files\mainline\kraizy updated edition\source\metin2client\etergrnlib\debug\model.sbr
d:\metin2 server files\mainline\kraizy updated edition\source\metin2client\etergrnlib\debug\model.obj
d:\metin2 server files\mainline\kraizy updated edition\source\metin2client\etergrnlib\debug\thing.sbr
d:\metin2 server files\mainline\kraizy updated edition\source\metin2client\etergrnlib\debug\thing.obj
d:\metin2 server files\mainline\kraizy updated edition\source\metin2client\etergrnlib\debug\etergrnlib.lib
d:\metin2 server files\mainline\kraizy updated edition\source\metin2client\etergrnlib\debug\etergrnlib.tlog\bscmake.command.1.tlog
d:\metin2 server files\mainline\kraizy updated edition\source\metin2client\etergrnlib\debug\etergrnlib.tlog\bscmake.read.1.tlog
d:\metin2 server files\mainline\kraizy updated edition\source\metin2client\etergrnlib\debug\etergrnlib.tlog\bscmake.write.1.tlog
d:\metin2 server files\mainline\kraizy updated edition\source\metin2client\etergrnlib\debug\etergrnlib.tlog\cl.command.1.tlog
d:\metin2 server files\mainline\kraizy updated edition\source\metin2client\etergrnlib\debug\etergrnlib.tlog\cl.read.1.tlog
d:\metin2 server files\mainline\kraizy updated edition\source\metin2client\etergrnlib\debug\etergrnlib.tlog\cl.write.1.tlog
d:\metin2 server files\mainline\kraizy updated edition\source\metin2client\etergrnlib\debug\etergrnlib.tlog\lib-link.read.1.tlog
d:\metin2 server files\mainline\kraizy updated edition\source\metin2client\etergrnlib\debug\etergrnlib.tlog\lib-link.write.1.tlog
d:\metin2 server files\mainline\kraizy updated edition\source\metin2client\etergrnlib\debug\etergrnlib.tlog\lib.command.1.tlog
