d:\metin2 server files\mainline\kraizy updated edition\source\metin2client\mileslib\debug\mileslib.bsc
d:\metin2 server files\mainline\kraizy updated edition\source\metin2client\mileslib\debug\mileslib.pch
d:\metin2 server files\mainline\kraizy updated edition\source\metin2client\mileslib\debug\mileslib.pdb
d:\metin2 server files\mainline\kraizy updated edition\source\metin2client\mileslib\debug\stdafx.sbr
d:\metin2 server files\mainline\kraizy updated edition\source\metin2client\mileslib\debug\stdafx.obj
d:\metin2 server files\mainline\kraizy updated edition\source\metin2client\mileslib\debug\soundmanager3d.sbr
d:\metin2 server files\mainline\kraizy updated edition\source\metin2client\mileslib\debug\soundmanager3d.obj
d:\metin2 server files\mainline\kraizy updated edition\source\metin2client\mileslib\debug\soundinstancestream.sbr
d:\metin2 server files\mainline\kraizy updated edition\source\metin2client\mileslib\debug\soundinstancestream.obj
d:\metin2 server files\mainline\kraizy updated edition\source\metin2client\mileslib\debug\type.sbr
d:\metin2 server files\mainline\kraizy updated edition\source\metin2client\mileslib\debug\type.obj
d:\metin2 server files\mainline\kraizy updated edition\source\metin2client\mileslib\debug\soundinstance2d.sbr
d:\metin2 server files\mainline\kraizy updated edition\source\metin2client\mileslib\debug\soundinstance2d.obj
d:\metin2 server files\mainline\kraizy updated edition\source\metin2client\mileslib\debug\soundinstance3d.sbr
d:\metin2 server files\mainline\kraizy updated edition\source\metin2client\mileslib\debug\soundinstance3d.obj
d:\metin2 server files\mainline\kraizy updated edition\source\metin2client\mileslib\debug\sounddata.sbr
d:\metin2 server files\mainline\kraizy updated edition\source\metin2client\mileslib\debug\sounddata.obj
d:\metin2 server files\mainline\kraizy updated edition\source\metin2client\mileslib\debug\soundbase.sbr
d:\metin2 server files\mainline\kraizy updated edition\source\metin2client\mileslib\debug\soundbase.obj
d:\metin2 server files\mainline\kraizy updated edition\source\metin2client\mileslib\debug\soundmanagerstream.sbr
d:\metin2 server files\mainline\kraizy updated edition\source\metin2client\mileslib\debug\soundmanagerstream.obj
d:\metin2 server files\mainline\kraizy updated edition\source\metin2client\mileslib\debug\soundmanager.sbr
d:\metin2 server files\mainline\kraizy updated edition\source\metin2client\mileslib\debug\soundmanager.obj
d:\metin2 server files\mainline\kraizy updated edition\source\metin2client\mileslib\debug\soundmanager2d.sbr
d:\metin2 server files\mainline\kraizy updated edition\source\metin2client\mileslib\debug\soundmanager2d.obj
d:\metin2 server files\mainline\kraizy updated edition\source\metin2client\mileslib\debug\mileslib.lib
d:\metin2 server files\mainline\kraizy updated edition\source\metin2client\mileslib\debug\mileslib.tlog\bscmake.command.1.tlog
d:\metin2 server files\mainline\kraizy updated edition\source\metin2client\mileslib\debug\mileslib.tlog\bscmake.read.1.tlog
d:\metin2 server files\mainline\kraizy updated edition\source\metin2client\mileslib\debug\mileslib.tlog\bscmake.write.1.tlog
d:\metin2 server files\mainline\kraizy updated edition\source\metin2client\mileslib\debug\mileslib.tlog\cl.command.1.tlog
d:\metin2 server files\mainline\kraizy updated edition\source\metin2client\mileslib\debug\mileslib.tlog\cl.read.1.tlog
d:\metin2 server files\mainline\kraizy updated edition\source\metin2client\mileslib\debug\mileslib.tlog\cl.write.1.tlog
d:\metin2 server files\mainline\kraizy updated edition\source\metin2client\mileslib\debug\mileslib.tlog\lib-link.read.1.tlog
d:\metin2 server files\mainline\kraizy updated edition\source\metin2client\mileslib\debug\mileslib.tlog\lib-link.write.1.tlog
d:\metin2 server files\mainline\kraizy updated edition\source\metin2client\mileslib\debug\mileslib.tlog\lib.command.1.tlog
