d:\metin2 server files\mainline\src_2014\metin2client\mileslib\distribute\mileslib.pch
d:\metin2 server files\mainline\src_2014\metin2client\mileslib\distribute\mileslib.pdb
d:\metin2 server files\mainline\src_2014\metin2client\mileslib\distribute\stdafx.obj
d:\metin2 server files\mainline\src_2014\metin2client\mileslib\distribute\stdafx.cod
d:\metin2 server files\mainline\src_2014\metin2client\mileslib\distribute\type.obj
d:\metin2 server files\mainline\src_2014\metin2client\mileslib\distribute\type.cod
d:\metin2 server files\mainline\src_2014\metin2client\mileslib\distribute\soundmanagerstream.obj
d:\metin2 server files\mainline\src_2014\metin2client\mileslib\distribute\soundmanagerstream.cod
d:\metin2 server files\mainline\src_2014\metin2client\mileslib\distribute\soundmanager3d.obj
d:\metin2 server files\mainline\src_2014\metin2client\mileslib\distribute\soundmanager3d.cod
d:\metin2 server files\mainline\src_2014\metin2client\mileslib\distribute\soundmanager2d.obj
d:\metin2 server files\mainline\src_2014\metin2client\mileslib\distribute\soundmanager2d.cod
d:\metin2 server files\mainline\src_2014\metin2client\mileslib\distribute\soundmanager.obj
d:\metin2 server files\mainline\src_2014\metin2client\mileslib\distribute\soundmanager.cod
d:\metin2 server files\mainline\src_2014\metin2client\mileslib\distribute\soundinstancestream.obj
d:\metin2 server files\mainline\src_2014\metin2client\mileslib\distribute\soundinstancestream.cod
d:\metin2 server files\mainline\src_2014\metin2client\mileslib\distribute\soundinstance3d.obj
d:\metin2 server files\mainline\src_2014\metin2client\mileslib\distribute\soundinstance3d.cod
d:\metin2 server files\mainline\src_2014\metin2client\mileslib\distribute\soundinstance2d.obj
d:\metin2 server files\mainline\src_2014\metin2client\mileslib\distribute\soundinstance2d.cod
d:\metin2 server files\mainline\src_2014\metin2client\mileslib\distribute\sounddata.obj
d:\metin2 server files\mainline\src_2014\metin2client\mileslib\distribute\sounddata.cod
d:\metin2 server files\mainline\src_2014\metin2client\mileslib\distribute\soundbase.obj
d:\metin2 server files\mainline\src_2014\metin2client\mileslib\distribute\soundbase.cod
d:\metin2 server files\mainline\src_2014\metin2client\mileslib\distribute\mileslib.lib
d:\metin2 server files\mainline\kraizy updated edition\source\metin2client\mileslib\distribute\soundbase.obj
d:\metin2 server files\mainline\kraizy updated edition\source\metin2client\mileslib\distribute\sounddata.obj
d:\metin2 server files\mainline\kraizy updated edition\source\metin2client\mileslib\distribute\soundinstance2d.obj
d:\metin2 server files\mainline\kraizy updated edition\source\metin2client\mileslib\distribute\soundinstance3d.obj
d:\metin2 server files\mainline\kraizy updated edition\source\metin2client\mileslib\distribute\soundinstancestream.obj
d:\metin2 server files\mainline\kraizy updated edition\source\metin2client\mileslib\distribute\soundmanager.obj
d:\metin2 server files\mainline\kraizy updated edition\source\metin2client\mileslib\distribute\soundmanager2d.obj
d:\metin2 server files\mainline\kraizy updated edition\source\metin2client\mileslib\distribute\soundmanager3d.obj
d:\metin2 server files\mainline\kraizy updated edition\source\metin2client\mileslib\distribute\soundmanagerstream.obj
d:\metin2 server files\mainline\kraizy updated edition\source\metin2client\mileslib\distribute\stdafx.obj
d:\metin2 server files\mainline\kraizy updated edition\source\metin2client\mileslib\distribute\type.obj
d:\metin2 server files\mainline\kraizy updated edition\source\metin2client\mileslib\distribute\mileslib.pch
d:\metin2 server files\mainline\kraizy updated edition\source\metin2client\mileslib\distribute\mileslib.pdb
d:\metin2 server files\mainline\kraizy updated edition\source\metin2client\mileslib\distribute\mileslib.lib
d:\metin2 server files\mainline\kraizy updated edition\source\metin2client\mileslib\distribute\mileslib.tlog\cl.command.1.tlog
d:\metin2 server files\mainline\kraizy updated edition\source\metin2client\mileslib\distribute\mileslib.tlog\cl.read.1.tlog
d:\metin2 server files\mainline\kraizy updated edition\source\metin2client\mileslib\distribute\mileslib.tlog\cl.write.1.tlog
d:\metin2 server files\mainline\kraizy updated edition\source\metin2client\mileslib\distribute\mileslib.tlog\lib-link.read.1.tlog
d:\metin2 server files\mainline\kraizy updated edition\source\metin2client\mileslib\distribute\mileslib.tlog\lib-link.write.1.tlog
d:\metin2 server files\mainline\kraizy updated edition\source\metin2client\mileslib\distribute\mileslib.tlog\lib.command.1.tlog
