d:\metin2 server files\mainline\src_2014\metin2client\spherelib\distribute\spherelib.pch
d:\metin2 server files\mainline\src_2014\metin2client\spherelib\distribute\spherelib.pdb
d:\metin2 server files\mainline\src_2014\metin2client\spherelib\distribute\stdafx.obj
d:\metin2 server files\mainline\src_2014\metin2client\spherelib\distribute\stdafx.cod
d:\metin2 server files\mainline\src_2014\metin2client\spherelib\distribute\spherepack.obj
d:\metin2 server files\mainline\src_2014\metin2client\spherelib\distribute\spherepack.cod
d:\metin2 server files\mainline\src_2014\metin2client\spherelib\distribute\sphere.obj
d:\metin2 server files\mainline\src_2014\metin2client\spherelib\distribute\sphere.cod
d:\metin2 server files\mainline\src_2014\metin2client\spherelib\distribute\frustum.obj
d:\metin2 server files\mainline\src_2014\metin2client\spherelib\distribute\frustum.cod
d:\metin2 server files\mainline\src_2014\metin2client\spherelib\distribute\spherelib.lib
d:\metin2 server files\mainline\kraizy updated edition\source\metin2client\spherelib\distribute\frustum.obj
d:\metin2 server files\mainline\kraizy updated edition\source\metin2client\spherelib\distribute\sphere.obj
d:\metin2 server files\mainline\kraizy updated edition\source\metin2client\spherelib\distribute\spherepack.obj
d:\metin2 server files\mainline\kraizy updated edition\source\metin2client\spherelib\distribute\stdafx.obj
d:\metin2 server files\mainline\kraizy updated edition\source\metin2client\spherelib\distribute\spherelib.pch
d:\metin2 server files\mainline\kraizy updated edition\source\metin2client\spherelib\distribute\spherelib.pdb
d:\metin2 server files\mainline\kraizy updated edition\source\metin2client\spherelib\distribute\spherelib.lib
d:\metin2 server files\mainline\kraizy updated edition\source\metin2client\spherelib\distribute\spherelib.tlog\cl.command.1.tlog
d:\metin2 server files\mainline\kraizy updated edition\source\metin2client\spherelib\distribute\spherelib.tlog\cl.read.1.tlog
d:\metin2 server files\mainline\kraizy updated edition\source\metin2client\spherelib\distribute\spherelib.tlog\cl.write.1.tlog
d:\metin2 server files\mainline\kraizy updated edition\source\metin2client\spherelib\distribute\spherelib.tlog\lib-link.read.1.tlog
d:\metin2 server files\mainline\kraizy updated edition\source\metin2client\spherelib\distribute\spherelib.tlog\lib-link.write.1.tlog
d:\metin2 server files\mainline\kraizy updated edition\source\metin2client\spherelib\distribute\spherelib.tlog\lib.command.1.tlog
