d:\metin2 server files\mainline\src_2014\metin2client\scriptlib\vtune\scriptlib.pch
d:\metin2 server files\mainline\src_2014\metin2client\scriptlib\vtune\scriptlib.pdb
d:\metin2 server files\mainline\src_2014\metin2client\scriptlib\vtune\stdafx.obj
d:\metin2 server files\mainline\src_2014\metin2client\scriptlib\vtune\stdafx.cod
d:\metin2 server files\mainline\src_2014\metin2client\scriptlib\vtune\resource.obj
d:\metin2 server files\mainline\src_2014\metin2client\scriptlib\vtune\resource.cod
d:\metin2 server files\mainline\src_2014\metin2client\scriptlib\vtune\pythonutils.obj
d:\metin2 server files\mainline\src_2014\metin2client\scriptlib\vtune\pythonutils.cod
d:\metin2 server files\mainline\src_2014\metin2client\scriptlib\vtune\pythonmarshal.obj
d:\metin2 server files\mainline\src_2014\metin2client\scriptlib\vtune\pythonmarshal.cod
d:\metin2 server files\mainline\src_2014\metin2client\scriptlib\vtune\pythonlauncher.obj
d:\metin2 server files\mainline\src_2014\metin2client\scriptlib\vtune\pythonlauncher.cod
d:\metin2 server files\mainline\src_2014\metin2client\scriptlib\vtune\pythondebugmodule.obj
d:\metin2 server files\mainline\src_2014\metin2client\scriptlib\vtune\pythondebugmodule.cod
d:\metin2 server files\mainline\src_2014\metin2client\scriptlib\vtune\scriptlib.lib
d:\metin2 server files\mainline\kraizy updated edition\source\metin2client\scriptlib\vtune\pythondebugmodule.obj
d:\metin2 server files\mainline\kraizy updated edition\source\metin2client\scriptlib\vtune\pythonlauncher.obj
d:\metin2 server files\mainline\kraizy updated edition\source\metin2client\scriptlib\vtune\pythonmarshal.obj
d:\metin2 server files\mainline\kraizy updated edition\source\metin2client\scriptlib\vtune\pythonutils.obj
d:\metin2 server files\mainline\kraizy updated edition\source\metin2client\scriptlib\vtune\resource.obj
d:\metin2 server files\mainline\kraizy updated edition\source\metin2client\scriptlib\vtune\stdafx.obj
d:\metin2 server files\mainline\kraizy updated edition\source\metin2client\scriptlib\vtune\scriptlib.pch
d:\metin2 server files\mainline\kraizy updated edition\source\metin2client\scriptlib\vtune\scriptlib.pdb
d:\metin2 server files\mainline\kraizy updated edition\source\metin2client\scriptlib\vtune\scriptlib.lib
d:\metin2 server files\mainline\kraizy updated edition\source\metin2client\scriptlib\vtune\scriptlib.tlog\cl.command.1.tlog
d:\metin2 server files\mainline\kraizy updated edition\source\metin2client\scriptlib\vtune\scriptlib.tlog\cl.read.1.tlog
d:\metin2 server files\mainline\kraizy updated edition\source\metin2client\scriptlib\vtune\scriptlib.tlog\cl.write.1.tlog
d:\metin2 server files\mainline\kraizy updated edition\source\metin2client\scriptlib\vtune\scriptlib.tlog\lib-link.read.1.tlog
d:\metin2 server files\mainline\kraizy updated edition\source\metin2client\scriptlib\vtune\scriptlib.tlog\lib-link.write.1.tlog
d:\metin2 server files\mainline\kraizy updated edition\source\metin2client\scriptlib\vtune\scriptlib.tlog\lib.command.1.tlog
